2023-11-04 15:09:17,706 - utils - INFO - Getting Keys. Current Working Directory: /__w/data_engineering_learning/data_engineering_learning
2023-11-04 15:09:17,706 - utils - INFO - Google Application Credentials Set
2023-11-04 15:09:17,706 - utils - INFO - /__w/data_engineering_learning/data_engineering_learning/secrets/headers.json
2023-11-04 15:09:17,706 - utils - INFO - MAL Headers Loaded
2023-11-04 15:09:17,706 - utils - INFO - Getting Keys. Current Working Directory: /__w/data_engineering_learning/data_engineering_learning
2023-11-04 15:09:17,706 - utils - INFO - Google Application Credentials Set
2023-11-04 15:09:17,706 - utils - INFO - /__w/data_engineering_learning/data_engineering_learning/secrets/headers.json
2023-11-04 15:09:17,707 - utils - INFO - MAL Headers Loaded
2023-11-04 15:09:17,711 - utils - INFO - 
        SELECT date_pulled
        FROM `mal-data-engineering.my_anime_list.top_airing_anime`
        WHERE DATE(date_pulled) = CURRENT_DATE('Asia/Tokyo')
        
2023-11-04 15:09:19,199 - utils - INFO - Top Airing Anime not yet updated. Pulling from API
2023-11-04 15:09:21,484 - utils - INFO - Getting Keys. Current Working Directory: /__w/data_engineering_learning/data_engineering_learning
2023-11-04 15:09:21,484 - utils - INFO - Google Application Credentials Set
2023-11-04 15:09:21,484 - utils - INFO - /__w/data_engineering_learning/data_engineering_learning/secrets/headers.json
2023-11-04 15:09:21,484 - utils - INFO - MAL Headers Loaded
2023-11-04 15:09:21,495 - utils - INFO - Getting Keys. Current Working Directory: /__w/data_engineering_learning/data_engineering_learning
2023-11-04 15:09:21,495 - utils - INFO - Google Application Credentials Set
2023-11-04 15:09:21,495 - utils - INFO - /__w/data_engineering_learning/data_engineering_learning/secrets/headers.json
2023-11-04 15:09:21,495 - utils - INFO - MAL Headers Loaded
2023-11-04 15:09:21,498 - utils - INFO - 
        SELECT date_pulled
        FROM `mal-data-engineering.my_anime_list.top_airing_anime`
        WHERE DATE(date_pulled) = DATE('2023-11-05')
        
2023-11-04 15:09:23,113 - utils - INFO - Table exists
2023-11-04 15:09:26,339 - utils - INFO - Top Airing Anime updated
