2023-11-12 15:09:17,178 - utils - INFO - Getting Keys. Current Working Directory: /__w/data_engineering_learning/data_engineering_learning
2023-11-12 15:09:17,178 - utils - INFO - Google Application Credentials Set
2023-11-12 15:09:17,178 - utils - INFO - /__w/data_engineering_learning/data_engineering_learning/secrets/headers.json
2023-11-12 15:09:17,179 - utils - INFO - MAL Headers Loaded
2023-11-12 15:09:17,179 - utils - INFO - Getting Keys. Current Working Directory: /__w/data_engineering_learning/data_engineering_learning
2023-11-12 15:09:17,179 - utils - INFO - Google Application Credentials Set
2023-11-12 15:09:17,179 - utils - INFO - /__w/data_engineering_learning/data_engineering_learning/secrets/headers.json
2023-11-12 15:09:17,179 - utils - INFO - MAL Headers Loaded
2023-11-12 15:09:17,183 - utils - INFO - 
        SELECT date_pulled
        FROM `mal-data-engineering.my_anime_list.top_airing_anime`
        WHERE DATE(date_pulled) = CURRENT_DATE('Asia/Tokyo')
        
2023-11-12 15:09:18,753 - utils - INFO - Top Airing Anime not yet updated. Pulling from API
2023-11-12 15:09:21,319 - utils - INFO - Getting Keys. Current Working Directory: /__w/data_engineering_learning/data_engineering_learning
2023-11-12 15:09:21,319 - utils - INFO - Google Application Credentials Set
2023-11-12 15:09:21,319 - utils - INFO - /__w/data_engineering_learning/data_engineering_learning/secrets/headers.json
2023-11-12 15:09:21,319 - utils - INFO - MAL Headers Loaded
2023-11-12 15:09:21,332 - utils - INFO - Getting Keys. Current Working Directory: /__w/data_engineering_learning/data_engineering_learning
2023-11-12 15:09:21,332 - utils - INFO - Google Application Credentials Set
2023-11-12 15:09:21,332 - utils - INFO - /__w/data_engineering_learning/data_engineering_learning/secrets/headers.json
2023-11-12 15:09:21,332 - utils - INFO - MAL Headers Loaded
2023-11-12 15:09:21,335 - utils - INFO - 
        SELECT date_pulled
        FROM `mal-data-engineering.my_anime_list.top_airing_anime`
        WHERE DATE(date_pulled) = DATE('2023-11-13')
        
2023-11-12 15:09:23,006 - utils - INFO - Table exists
2023-11-12 15:09:28,039 - utils - INFO - Top Airing Anime updated
2023-11-12 15:22:27,625 - utils - INFO - Getting Keys. Current Working Directory: /__w/data_engineering_learning/data_engineering_learning
2023-11-12 15:22:27,625 - utils - INFO - Google Application Credentials Set
2023-11-12 15:22:27,625 - utils - INFO - /__w/data_engineering_learning/data_engineering_learning/secrets/headers.json
2023-11-12 15:22:27,625 - utils - INFO - MAL Headers Loaded
2023-11-12 15:22:27,625 - utils - INFO - Getting Keys. Current Working Directory: /__w/data_engineering_learning/data_engineering_learning
2023-11-12 15:22:27,625 - utils - INFO - Google Application Credentials Set
2023-11-12 15:22:27,625 - utils - INFO - /__w/data_engineering_learning/data_engineering_learning/secrets/headers.json
2023-11-12 15:22:27,625 - utils - INFO - MAL Headers Loaded
2023-11-12 15:22:27,630 - utils - INFO - 
        SELECT date_pulled
        FROM `mal-data-engineering.my_anime_list.weekly_top_10`
        WHERE DATE(date_pulled) = CURRENT_DATE('Asia/Tokyo')
        
2023-11-12 15:22:29,108 - utils - INFO - 
        WITH ranked_anime AS (
            SELECT
                tw.date_pulled,
                tw.myanimelist_id,
                tw.title,
                tw.rank,
                tw.score,
                (tw.rank - lw.rank) as rank_change,
                (tw.score - lw.score) as score_change,
                ROW_NUMBER() OVER (PARTITION BY tw.date_pulled ORDER BY tw.rank) AS rank_within_date
            FROM
                (SELECT * FROM `mal-data-engineering.my_anime_list.top_airing_anime`
                  WHERE DATE(date_pulled) = CURRENT_DATE('Asia/Tokyo')
                ) AS tw
            LEFT JOIN
                (SELECT * FROM `mal-data-engineering.my_anime_list.top_airing_anime`
                  WHERE DATE(date_pulled) = DATE_ADD(CURRENT_DATE('Asia/Tokyo'), INTERVAL -7 DAY)
                ) AS lw
            ON
                tw.myanimelist_id = lw.myanimelist_id
            )

            SELECT
            date_pulled,
            myanimelist_id,
            title,
            rank,
            score,
            rank_change,
            score_change
            FROM
            ranked_anime
            WHERE
            rank_within_date <= 10
            ORDER BY
            rank_within_date,
            date_pulled DESC
            ;
        
2023-11-12 15:22:31,956 - utils - INFO - Table exists
2023-11-12 15:22:35,591 - utils - INFO - Weekly Top 10 table updated
2023-11-12 15:36:05,575 - utils - INFO - Getting Keys. Current Working Directory: /__w/data_engineering_learning/data_engineering_learning
2023-11-12 15:36:05,575 - utils - INFO - Google Application Credentials Set
2023-11-12 15:36:05,575 - utils - INFO - /__w/data_engineering_learning/data_engineering_learning/secrets/headers.json
2023-11-12 15:36:05,576 - utils - INFO - MAL Headers Loaded
2023-11-12 15:36:05,576 - utils - INFO - Getting Keys. Current Working Directory: /__w/data_engineering_learning/data_engineering_learning
2023-11-12 15:36:05,576 - utils - INFO - Google Application Credentials Set
2023-11-12 15:36:05,576 - utils - INFO - /__w/data_engineering_learning/data_engineering_learning/secrets/headers.json
2023-11-12 15:36:05,576 - utils - INFO - MAL Headers Loaded
2023-11-12 15:36:05,581 - utils - INFO - 
        SELECT DISTINCT(taa.myanimelist_id)
        FROM `mal-data-engineering.my_anime_list.top_airing_anime` AS taa
        LEFT JOIN `mal-data-engineering.my_anime_list.anime_info` AS ai
        ON taa.myanimelist_id = ai.myanimelist_id
        WHERE DATE(taa.date_pulled) = CURRENT_DATE()
        AND ai.myanimelist_id IS NULL
        
2023-11-12 15:36:07,242 - utils - INFO - Anime ids not in table yet: 16
2023-11-12 15:36:27,720 - utils - INFO - Getting Keys. Current Working Directory: /__w/data_engineering_learning/data_engineering_learning
2023-11-12 15:36:27,721 - utils - INFO - Google Application Credentials Set
2023-11-12 15:36:27,721 - utils - INFO - /__w/data_engineering_learning/data_engineering_learning/secrets/headers.json
2023-11-12 15:36:27,721 - utils - INFO - MAL Headers Loaded
2023-11-12 15:36:27,721 - utils - INFO - Getting Keys. Current Working Directory: /__w/data_engineering_learning/data_engineering_learning
2023-11-12 15:36:27,721 - utils - INFO - Google Application Credentials Set
2023-11-12 15:36:27,721 - utils - INFO - /__w/data_engineering_learning/data_engineering_learning/secrets/headers.json
2023-11-12 15:36:27,721 - utils - INFO - MAL Headers Loaded
2023-11-12 15:36:27,724 - utils - INFO - 
        SELECT DISTINCT(taa.myanimelist_id)
        FROM `mal-data-engineering.my_anime_list.top_airing_anime` AS taa
        LEFT JOIN `mal-data-engineering.my_anime_list.anime_info` AS ai
        ON taa.myanimelist_id = ai.myanimelist_id
        WHERE DATE(taa.date_pulled) = CURRENT_DATE()
        AND ai.myanimelist_id IS NULL
        
2023-11-12 15:36:29,068 - utils - INFO - Anime ids not in table yet: 16
2023-11-12 15:36:29,088 - utils - INFO - Anime Info rows to upload:4
2023-11-12 15:36:29,534 - utils - INFO - Table exists
