2023-12-24 15:09:33,773 - utils - INFO - Getting Keys. Current Working Directory: /__w/data_engineering_learning/data_engineering_learning
2023-12-24 15:09:33,773 - utils - INFO - Google Application Credentials Set
2023-12-24 15:09:33,773 - utils - INFO - /__w/data_engineering_learning/data_engineering_learning/secrets/headers.json
2023-12-24 15:09:33,773 - utils - INFO - MAL Headers Loaded
2023-12-24 15:09:33,773 - utils - INFO - Getting Keys. Current Working Directory: /__w/data_engineering_learning/data_engineering_learning
2023-12-24 15:09:33,773 - utils - INFO - Google Application Credentials Set
2023-12-24 15:09:33,774 - utils - INFO - /__w/data_engineering_learning/data_engineering_learning/secrets/headers.json
2023-12-24 15:09:33,774 - utils - INFO - MAL Headers Loaded
2023-12-24 15:09:33,777 - utils - INFO - 
        SELECT date_pulled
        FROM `mal-data-engineering.my_anime_list.top_airing_anime`
        WHERE DATE(date_pulled) = CURRENT_DATE('Asia/Tokyo')
        
2023-12-24 15:09:35,568 - utils - INFO - Top Airing Anime not yet updated. Pulling from API
2023-12-24 15:09:38,294 - utils - INFO - Getting Keys. Current Working Directory: /__w/data_engineering_learning/data_engineering_learning
2023-12-24 15:09:38,294 - utils - INFO - Google Application Credentials Set
2023-12-24 15:09:38,294 - utils - INFO - /__w/data_engineering_learning/data_engineering_learning/secrets/headers.json
2023-12-24 15:09:38,295 - utils - INFO - MAL Headers Loaded
2023-12-24 15:09:38,304 - utils - INFO - Getting Keys. Current Working Directory: /__w/data_engineering_learning/data_engineering_learning
2023-12-24 15:09:38,304 - utils - INFO - Google Application Credentials Set
2023-12-24 15:09:38,304 - utils - INFO - /__w/data_engineering_learning/data_engineering_learning/secrets/headers.json
2023-12-24 15:09:38,305 - utils - INFO - MAL Headers Loaded
2023-12-24 15:09:38,307 - utils - INFO - 
        SELECT date_pulled
        FROM `mal-data-engineering.my_anime_list.top_airing_anime`
        WHERE DATE(date_pulled) = DATE('2023-12-25')
        
2023-12-24 15:09:40,043 - utils - INFO - Table exists
2023-12-24 15:09:43,503 - utils - INFO - Top Airing Anime updated
2023-12-24 15:23:06,378 - utils - INFO - Getting Keys. Current Working Directory: /__w/data_engineering_learning/data_engineering_learning
2023-12-24 15:23:06,378 - utils - INFO - Google Application Credentials Set
2023-12-24 15:23:06,378 - utils - INFO - /__w/data_engineering_learning/data_engineering_learning/secrets/headers.json
2023-12-24 15:23:06,378 - utils - INFO - MAL Headers Loaded
2023-12-24 15:23:06,378 - utils - INFO - Getting Keys. Current Working Directory: /__w/data_engineering_learning/data_engineering_learning
2023-12-24 15:23:06,378 - utils - INFO - Google Application Credentials Set
2023-12-24 15:23:06,378 - utils - INFO - /__w/data_engineering_learning/data_engineering_learning/secrets/headers.json
2023-12-24 15:23:06,378 - utils - INFO - MAL Headers Loaded
2023-12-24 15:23:06,382 - utils - INFO - 
        SELECT date_pulled
        FROM `mal-data-engineering.my_anime_list.weekly_top_10`
        WHERE DATE(date_pulled) = CURRENT_DATE('Asia/Tokyo')
        
2023-12-24 15:23:07,711 - utils - INFO - 
        WITH ranked_anime AS (
            SELECT
                tw.date_pulled,
                tw.myanimelist_id,
                tw.title,
                tw.rank,
                tw.score,
                (tw.rank - lw.rank) as rank_change,
                (tw.score - lw.score) as score_change,
                ROW_NUMBER() OVER (PARTITION BY tw.date_pulled ORDER BY tw.rank) AS rank_within_date
            FROM
                (SELECT * FROM `mal-data-engineering.my_anime_list.top_airing_anime`
                  WHERE DATE(date_pulled) = CURRENT_DATE('Asia/Tokyo')
                ) AS tw
            LEFT JOIN
                (SELECT * FROM `mal-data-engineering.my_anime_list.top_airing_anime`
                  WHERE DATE(date_pulled) = DATE_ADD(CURRENT_DATE('Asia/Tokyo'), INTERVAL -7 DAY)
                ) AS lw
            ON
                tw.myanimelist_id = lw.myanimelist_id
            )

            SELECT
            date_pulled,
            myanimelist_id,
            title,
            rank,
            score,
            rank_change,
            score_change
            FROM
            ranked_anime
            WHERE
            rank_within_date <= 10
            ORDER BY
            rank_within_date,
            date_pulled DESC
            ;
        
2023-12-24 15:23:10,193 - utils - INFO - Table exists
2023-12-24 15:23:13,901 - utils - INFO - Weekly Top 10 table updated
2023-12-24 15:35:49,847 - utils - INFO - Getting Keys. Current Working Directory: /__w/data_engineering_learning/data_engineering_learning
2023-12-24 15:35:49,847 - utils - INFO - Google Application Credentials Set
2023-12-24 15:35:49,847 - utils - INFO - /__w/data_engineering_learning/data_engineering_learning/secrets/headers.json
2023-12-24 15:35:49,847 - utils - INFO - MAL Headers Loaded
2023-12-24 15:35:49,847 - utils - INFO - Getting Keys. Current Working Directory: /__w/data_engineering_learning/data_engineering_learning
2023-12-24 15:35:49,847 - utils - INFO - Google Application Credentials Set
2023-12-24 15:35:49,847 - utils - INFO - /__w/data_engineering_learning/data_engineering_learning/secrets/headers.json
2023-12-24 15:35:49,847 - utils - INFO - MAL Headers Loaded
2023-12-24 15:35:49,850 - utils - INFO - 
        SELECT DISTINCT(taa.myanimelist_id)
        FROM `mal-data-engineering.my_anime_list.top_airing_anime` AS taa
        LEFT JOIN `mal-data-engineering.my_anime_list.anime_info` AS ai
        ON taa.myanimelist_id = ai.myanimelist_id
        WHERE DATE(taa.date_pulled) = CURRENT_DATE()
        AND ai.myanimelist_id IS NULL
        
2023-12-24 15:35:51,117 - utils - INFO - Anime ids not in table yet: 22
2023-12-24 15:36:09,272 - utils - INFO - Getting Keys. Current Working Directory: /__w/data_engineering_learning/data_engineering_learning
2023-12-24 15:36:09,272 - utils - INFO - Google Application Credentials Set
2023-12-24 15:36:09,272 - utils - INFO - /__w/data_engineering_learning/data_engineering_learning/secrets/headers.json
2023-12-24 15:36:09,273 - utils - INFO - MAL Headers Loaded
2023-12-24 15:36:09,273 - utils - INFO - Getting Keys. Current Working Directory: /__w/data_engineering_learning/data_engineering_learning
2023-12-24 15:36:09,273 - utils - INFO - Google Application Credentials Set
2023-12-24 15:36:09,273 - utils - INFO - /__w/data_engineering_learning/data_engineering_learning/secrets/headers.json
2023-12-24 15:36:09,273 - utils - INFO - MAL Headers Loaded
2023-12-24 15:36:09,275 - utils - INFO - 
        SELECT DISTINCT(taa.myanimelist_id)
        FROM `mal-data-engineering.my_anime_list.top_airing_anime` AS taa
        LEFT JOIN `mal-data-engineering.my_anime_list.anime_info` AS ai
        ON taa.myanimelist_id = ai.myanimelist_id
        WHERE DATE(taa.date_pulled) = CURRENT_DATE()
        AND ai.myanimelist_id IS NULL
        
2023-12-24 15:36:10,366 - utils - INFO - Anime ids not in table yet: 22
2023-12-24 15:36:10,381 - utils - INFO - Anime Info rows to upload:4
2023-12-24 15:36:10,688 - utils - INFO - Table exists
