2023-11-14 15:11:03,286 - utils - INFO - Getting Keys. Current Working Directory: /__w/data_engineering_learning/data_engineering_learning
2023-11-14 15:11:03,286 - utils - INFO - Google Application Credentials Set
2023-11-14 15:11:03,286 - utils - INFO - /__w/data_engineering_learning/data_engineering_learning/secrets/headers.json
2023-11-14 15:11:03,286 - utils - INFO - MAL Headers Loaded
2023-11-14 15:11:03,287 - utils - INFO - Getting Keys. Current Working Directory: /__w/data_engineering_learning/data_engineering_learning
2023-11-14 15:11:03,287 - utils - INFO - Google Application Credentials Set
2023-11-14 15:11:03,287 - utils - INFO - /__w/data_engineering_learning/data_engineering_learning/secrets/headers.json
2023-11-14 15:11:03,287 - utils - INFO - MAL Headers Loaded
2023-11-14 15:11:03,290 - utils - INFO - 
        SELECT date_pulled
        FROM `mal-data-engineering.my_anime_list.top_airing_anime`
        WHERE DATE(date_pulled) = CURRENT_DATE('Asia/Tokyo')
        
2023-11-14 15:11:04,830 - utils - INFO - Top Airing Anime not yet updated. Pulling from API
2023-11-14 15:11:07,118 - utils - INFO - Getting Keys. Current Working Directory: /__w/data_engineering_learning/data_engineering_learning
2023-11-14 15:11:07,119 - utils - INFO - Google Application Credentials Set
2023-11-14 15:11:07,119 - utils - INFO - /__w/data_engineering_learning/data_engineering_learning/secrets/headers.json
2023-11-14 15:11:07,119 - utils - INFO - MAL Headers Loaded
2023-11-14 15:11:07,129 - utils - INFO - Getting Keys. Current Working Directory: /__w/data_engineering_learning/data_engineering_learning
2023-11-14 15:11:07,129 - utils - INFO - Google Application Credentials Set
2023-11-14 15:11:07,129 - utils - INFO - /__w/data_engineering_learning/data_engineering_learning/secrets/headers.json
2023-11-14 15:11:07,129 - utils - INFO - MAL Headers Loaded
2023-11-14 15:11:07,131 - utils - INFO - 
        SELECT date_pulled
        FROM `mal-data-engineering.my_anime_list.top_airing_anime`
        WHERE DATE(date_pulled) = DATE('2023-11-15')
        
2023-11-14 15:11:08,762 - utils - INFO - Table exists
2023-11-14 15:11:12,295 - utils - INFO - Top Airing Anime updated
