2023-10-31 15:11:01,748 - utils - INFO - Getting Keys. Current Working Directory: /__w/data_engineering_learning/data_engineering_learning
2023-10-31 15:11:01,748 - utils - INFO - Google Application Credentials Set
2023-10-31 15:11:01,748 - utils - INFO - /__w/data_engineering_learning/data_engineering_learning/secrets/headers.json
2023-10-31 15:11:01,748 - utils - INFO - MAL Headers Loaded
2023-10-31 15:11:01,748 - utils - INFO - Getting Keys. Current Working Directory: /__w/data_engineering_learning/data_engineering_learning
2023-10-31 15:11:01,748 - utils - INFO - Google Application Credentials Set
2023-10-31 15:11:01,748 - utils - INFO - /__w/data_engineering_learning/data_engineering_learning/secrets/headers.json
2023-10-31 15:11:01,748 - utils - INFO - MAL Headers Loaded
2023-10-31 15:11:01,753 - utils - INFO - 
        SELECT date_pulled
        FROM `mal-data-engineering.my_anime_list.top_airing_anime`
        WHERE DATE(date_pulled) = CURRENT_DATE('Asia/Tokyo')
        
2023-10-31 15:11:03,477 - utils - INFO - Top Airing Anime not yet updated. Pulling from API
2023-10-31 15:11:06,295 - utils - INFO - Getting Keys. Current Working Directory: /__w/data_engineering_learning/data_engineering_learning
2023-10-31 15:11:06,295 - utils - INFO - Google Application Credentials Set
2023-10-31 15:11:06,295 - utils - INFO - /__w/data_engineering_learning/data_engineering_learning/secrets/headers.json
2023-10-31 15:11:06,295 - utils - INFO - MAL Headers Loaded
2023-10-31 15:11:06,311 - utils - INFO - Getting Keys. Current Working Directory: /__w/data_engineering_learning/data_engineering_learning
2023-10-31 15:11:06,311 - utils - INFO - Google Application Credentials Set
2023-10-31 15:11:06,311 - utils - INFO - /__w/data_engineering_learning/data_engineering_learning/secrets/headers.json
2023-10-31 15:11:06,311 - utils - INFO - MAL Headers Loaded
2023-10-31 15:11:06,314 - utils - INFO - 
        SELECT date_pulled
        FROM `mal-data-engineering.my_anime_list.top_airing_anime`
        WHERE DATE(date_pulled) = DATE('2023-11-01')
        
2023-10-31 15:11:08,217 - utils - INFO - Table exists
2023-10-31 15:11:13,924 - utils - INFO - Top Airing Anime updated
