2023-12-27 15:10:22,711 - utils - INFO - Getting Keys. Current Working Directory: /__w/data_engineering_learning/data_engineering_learning
2023-12-27 15:10:22,711 - utils - INFO - Google Application Credentials Set
2023-12-27 15:10:22,712 - utils - INFO - /__w/data_engineering_learning/data_engineering_learning/secrets/headers.json
2023-12-27 15:10:22,712 - utils - INFO - MAL Headers Loaded
2023-12-27 15:10:22,712 - utils - INFO - Getting Keys. Current Working Directory: /__w/data_engineering_learning/data_engineering_learning
2023-12-27 15:10:22,712 - utils - INFO - Google Application Credentials Set
2023-12-27 15:10:22,712 - utils - INFO - /__w/data_engineering_learning/data_engineering_learning/secrets/headers.json
2023-12-27 15:10:22,712 - utils - INFO - MAL Headers Loaded
2023-12-27 15:10:22,715 - utils - INFO - 
        SELECT date_pulled
        FROM `mal-data-engineering.my_anime_list.top_airing_anime`
        WHERE DATE(date_pulled) = CURRENT_DATE('Asia/Tokyo')
        
2023-12-27 15:10:24,378 - utils - INFO - Top Airing Anime not yet updated. Pulling from API
2023-12-27 15:10:25,376 - utils - INFO - Getting Keys. Current Working Directory: /__w/data_engineering_learning/data_engineering_learning
2023-12-27 15:10:25,376 - utils - INFO - Google Application Credentials Set
2023-12-27 15:10:25,376 - utils - INFO - /__w/data_engineering_learning/data_engineering_learning/secrets/headers.json
2023-12-27 15:10:25,376 - utils - INFO - MAL Headers Loaded
2023-12-27 15:10:25,386 - utils - INFO - Getting Keys. Current Working Directory: /__w/data_engineering_learning/data_engineering_learning
2023-12-27 15:10:25,386 - utils - INFO - Google Application Credentials Set
2023-12-27 15:10:25,386 - utils - INFO - /__w/data_engineering_learning/data_engineering_learning/secrets/headers.json
2023-12-27 15:10:25,387 - utils - INFO - MAL Headers Loaded
2023-12-27 15:10:25,389 - utils - INFO - 
        SELECT date_pulled
        FROM `mal-data-engineering.my_anime_list.top_airing_anime`
        WHERE DATE(date_pulled) = DATE('2023-12-28')
        
2023-12-27 15:10:27,260 - utils - INFO - Table exists
2023-12-27 15:10:30,303 - utils - INFO - Top Airing Anime updated
