2023-11-09 15:10:31,274 - utils - INFO - Getting Keys. Current Working Directory: /__w/data_engineering_learning/data_engineering_learning
2023-11-09 15:10:31,274 - utils - INFO - Google Application Credentials Set
2023-11-09 15:10:31,274 - utils - INFO - /__w/data_engineering_learning/data_engineering_learning/secrets/headers.json
2023-11-09 15:10:31,274 - utils - INFO - MAL Headers Loaded
2023-11-09 15:10:31,274 - utils - INFO - Getting Keys. Current Working Directory: /__w/data_engineering_learning/data_engineering_learning
2023-11-09 15:10:31,274 - utils - INFO - Google Application Credentials Set
2023-11-09 15:10:31,274 - utils - INFO - /__w/data_engineering_learning/data_engineering_learning/secrets/headers.json
2023-11-09 15:10:31,274 - utils - INFO - MAL Headers Loaded
2023-11-09 15:10:31,277 - utils - INFO - 
        SELECT date_pulled
        FROM `mal-data-engineering.my_anime_list.top_airing_anime`
        WHERE DATE(date_pulled) = CURRENT_DATE('Asia/Tokyo')
        
2023-11-09 15:10:32,809 - utils - INFO - Top Airing Anime not yet updated. Pulling from API
2023-11-09 15:10:35,535 - utils - INFO - Getting Keys. Current Working Directory: /__w/data_engineering_learning/data_engineering_learning
2023-11-09 15:10:35,535 - utils - INFO - Google Application Credentials Set
2023-11-09 15:10:35,535 - utils - INFO - /__w/data_engineering_learning/data_engineering_learning/secrets/headers.json
2023-11-09 15:10:35,535 - utils - INFO - MAL Headers Loaded
2023-11-09 15:10:35,545 - utils - INFO - Getting Keys. Current Working Directory: /__w/data_engineering_learning/data_engineering_learning
2023-11-09 15:10:35,545 - utils - INFO - Google Application Credentials Set
2023-11-09 15:10:35,545 - utils - INFO - /__w/data_engineering_learning/data_engineering_learning/secrets/headers.json
2023-11-09 15:10:35,545 - utils - INFO - MAL Headers Loaded
2023-11-09 15:10:35,547 - utils - INFO - 
        SELECT date_pulled
        FROM `mal-data-engineering.my_anime_list.top_airing_anime`
        WHERE DATE(date_pulled) = DATE('2023-11-10')
        
2023-11-09 15:10:37,429 - utils - INFO - Table exists
2023-11-09 15:10:41,331 - utils - INFO - Top Airing Anime updated
