2023-12-20 15:08:55,146 - utils - INFO - Getting Keys. Current Working Directory: /__w/data_engineering_learning/data_engineering_learning
2023-12-20 15:08:55,146 - utils - INFO - Google Application Credentials Set
2023-12-20 15:08:55,146 - utils - INFO - /__w/data_engineering_learning/data_engineering_learning/secrets/headers.json
2023-12-20 15:08:55,146 - utils - INFO - MAL Headers Loaded
2023-12-20 15:08:55,146 - utils - INFO - Getting Keys. Current Working Directory: /__w/data_engineering_learning/data_engineering_learning
2023-12-20 15:08:55,146 - utils - INFO - Google Application Credentials Set
2023-12-20 15:08:55,147 - utils - INFO - /__w/data_engineering_learning/data_engineering_learning/secrets/headers.json
2023-12-20 15:08:55,147 - utils - INFO - MAL Headers Loaded
2023-12-20 15:08:55,150 - utils - INFO - 
        SELECT date_pulled
        FROM `mal-data-engineering.my_anime_list.top_airing_anime`
        WHERE DATE(date_pulled) = CURRENT_DATE('Asia/Tokyo')
        
2023-12-20 15:08:56,799 - utils - INFO - Top Airing Anime not yet updated. Pulling from API
2023-12-20 15:08:57,970 - utils - INFO - Getting Keys. Current Working Directory: /__w/data_engineering_learning/data_engineering_learning
2023-12-20 15:08:57,970 - utils - INFO - Google Application Credentials Set
2023-12-20 15:08:57,970 - utils - INFO - /__w/data_engineering_learning/data_engineering_learning/secrets/headers.json
2023-12-20 15:08:57,970 - utils - INFO - MAL Headers Loaded
2023-12-20 15:08:57,980 - utils - INFO - Getting Keys. Current Working Directory: /__w/data_engineering_learning/data_engineering_learning
2023-12-20 15:08:57,980 - utils - INFO - Google Application Credentials Set
2023-12-20 15:08:57,980 - utils - INFO - /__w/data_engineering_learning/data_engineering_learning/secrets/headers.json
2023-12-20 15:08:57,980 - utils - INFO - MAL Headers Loaded
2023-12-20 15:08:57,982 - utils - INFO - 
        SELECT date_pulled
        FROM `mal-data-engineering.my_anime_list.top_airing_anime`
        WHERE DATE(date_pulled) = DATE('2023-12-21')
        
2023-12-20 15:08:59,816 - utils - INFO - Table exists
2023-12-20 15:09:03,571 - utils - INFO - Top Airing Anime updated
