2023-12-26 15:10:16,100 - utils - INFO - Getting Keys. Current Working Directory: /__w/data_engineering_learning/data_engineering_learning
2023-12-26 15:10:16,100 - utils - INFO - Google Application Credentials Set
2023-12-26 15:10:16,100 - utils - INFO - /__w/data_engineering_learning/data_engineering_learning/secrets/headers.json
2023-12-26 15:10:16,100 - utils - INFO - MAL Headers Loaded
2023-12-26 15:10:16,100 - utils - INFO - Getting Keys. Current Working Directory: /__w/data_engineering_learning/data_engineering_learning
2023-12-26 15:10:16,100 - utils - INFO - Google Application Credentials Set
2023-12-26 15:10:16,100 - utils - INFO - /__w/data_engineering_learning/data_engineering_learning/secrets/headers.json
2023-12-26 15:10:16,101 - utils - INFO - MAL Headers Loaded
2023-12-26 15:10:16,104 - utils - INFO - 
        SELECT date_pulled
        FROM `mal-data-engineering.my_anime_list.top_airing_anime`
        WHERE DATE(date_pulled) = CURRENT_DATE('Asia/Tokyo')
        
2023-12-26 15:10:17,736 - utils - INFO - Top Airing Anime not yet updated. Pulling from API
2023-12-26 15:10:20,018 - utils - INFO - Getting Keys. Current Working Directory: /__w/data_engineering_learning/data_engineering_learning
2023-12-26 15:10:20,018 - utils - INFO - Google Application Credentials Set
2023-12-26 15:10:20,018 - utils - INFO - /__w/data_engineering_learning/data_engineering_learning/secrets/headers.json
2023-12-26 15:10:20,018 - utils - INFO - MAL Headers Loaded
2023-12-26 15:10:20,028 - utils - INFO - Getting Keys. Current Working Directory: /__w/data_engineering_learning/data_engineering_learning
2023-12-26 15:10:20,028 - utils - INFO - Google Application Credentials Set
2023-12-26 15:10:20,028 - utils - INFO - /__w/data_engineering_learning/data_engineering_learning/secrets/headers.json
2023-12-26 15:10:20,028 - utils - INFO - MAL Headers Loaded
2023-12-26 15:10:20,030 - utils - INFO - 
        SELECT date_pulled
        FROM `mal-data-engineering.my_anime_list.top_airing_anime`
        WHERE DATE(date_pulled) = DATE('2023-12-27')
        
2023-12-26 15:10:21,748 - utils - INFO - Table exists
2023-12-26 15:10:25,656 - utils - INFO - Top Airing Anime updated
