2023-11-17 15:10:34,746 - utils - INFO - Getting Keys. Current Working Directory: /__w/data_engineering_learning/data_engineering_learning
2023-11-17 15:10:34,746 - utils - INFO - Google Application Credentials Set
2023-11-17 15:10:34,746 - utils - INFO - /__w/data_engineering_learning/data_engineering_learning/secrets/headers.json
2023-11-17 15:10:34,746 - utils - INFO - MAL Headers Loaded
2023-11-17 15:10:34,746 - utils - INFO - Getting Keys. Current Working Directory: /__w/data_engineering_learning/data_engineering_learning
2023-11-17 15:10:34,746 - utils - INFO - Google Application Credentials Set
2023-11-17 15:10:34,747 - utils - INFO - /__w/data_engineering_learning/data_engineering_learning/secrets/headers.json
2023-11-17 15:10:34,747 - utils - INFO - MAL Headers Loaded
2023-11-17 15:10:34,750 - utils - INFO - 
        SELECT date_pulled
        FROM `mal-data-engineering.my_anime_list.top_airing_anime`
        WHERE DATE(date_pulled) = CURRENT_DATE('Asia/Tokyo')
        
2023-11-17 15:10:36,408 - utils - INFO - Top Airing Anime not yet updated. Pulling from API
2023-11-17 15:10:37,258 - utils - INFO - Getting Keys. Current Working Directory: /__w/data_engineering_learning/data_engineering_learning
2023-11-17 15:10:37,258 - utils - INFO - Google Application Credentials Set
2023-11-17 15:10:37,258 - utils - INFO - /__w/data_engineering_learning/data_engineering_learning/secrets/headers.json
2023-11-17 15:10:37,258 - utils - INFO - MAL Headers Loaded
2023-11-17 15:10:37,267 - utils - INFO - Getting Keys. Current Working Directory: /__w/data_engineering_learning/data_engineering_learning
2023-11-17 15:10:37,268 - utils - INFO - Google Application Credentials Set
2023-11-17 15:10:37,268 - utils - INFO - /__w/data_engineering_learning/data_engineering_learning/secrets/headers.json
2023-11-17 15:10:37,268 - utils - INFO - MAL Headers Loaded
2023-11-17 15:10:37,270 - utils - INFO - 
        SELECT date_pulled
        FROM `mal-data-engineering.my_anime_list.top_airing_anime`
        WHERE DATE(date_pulled) = DATE('2023-11-18')
        
2023-11-17 15:10:38,959 - utils - INFO - Table exists
2023-11-17 15:10:42,595 - utils - INFO - Top Airing Anime updated
