2023-12-19 15:10:56,994 - utils - INFO - Getting Keys. Current Working Directory: /__w/data_engineering_learning/data_engineering_learning
2023-12-19 15:10:56,994 - utils - INFO - Google Application Credentials Set
2023-12-19 15:10:56,994 - utils - INFO - /__w/data_engineering_learning/data_engineering_learning/secrets/headers.json
2023-12-19 15:10:56,994 - utils - INFO - MAL Headers Loaded
2023-12-19 15:10:56,994 - utils - INFO - Getting Keys. Current Working Directory: /__w/data_engineering_learning/data_engineering_learning
2023-12-19 15:10:56,994 - utils - INFO - Google Application Credentials Set
2023-12-19 15:10:56,994 - utils - INFO - /__w/data_engineering_learning/data_engineering_learning/secrets/headers.json
2023-12-19 15:10:56,994 - utils - INFO - MAL Headers Loaded
2023-12-19 15:10:56,997 - utils - INFO - 
        SELECT date_pulled
        FROM `mal-data-engineering.my_anime_list.top_airing_anime`
        WHERE DATE(date_pulled) = CURRENT_DATE('Asia/Tokyo')
        
2023-12-19 15:10:58,427 - utils - INFO - Top Airing Anime not yet updated. Pulling from API
2023-12-19 15:11:00,822 - utils - INFO - Getting Keys. Current Working Directory: /__w/data_engineering_learning/data_engineering_learning
2023-12-19 15:11:00,822 - utils - INFO - Google Application Credentials Set
2023-12-19 15:11:00,822 - utils - INFO - /__w/data_engineering_learning/data_engineering_learning/secrets/headers.json
2023-12-19 15:11:00,822 - utils - INFO - MAL Headers Loaded
2023-12-19 15:11:00,832 - utils - INFO - Getting Keys. Current Working Directory: /__w/data_engineering_learning/data_engineering_learning
2023-12-19 15:11:00,832 - utils - INFO - Google Application Credentials Set
2023-12-19 15:11:00,832 - utils - INFO - /__w/data_engineering_learning/data_engineering_learning/secrets/headers.json
2023-12-19 15:11:00,832 - utils - INFO - MAL Headers Loaded
2023-12-19 15:11:00,834 - utils - INFO - 
        SELECT date_pulled
        FROM `mal-data-engineering.my_anime_list.top_airing_anime`
        WHERE DATE(date_pulled) = DATE('2023-12-20')
        
2023-12-19 15:11:02,404 - utils - INFO - Table exists
2023-12-19 15:11:06,248 - utils - INFO - Top Airing Anime updated
