2023-12-10 15:09:33,357 - utils - INFO - Getting Keys. Current Working Directory: /__w/data_engineering_learning/data_engineering_learning
2023-12-10 15:09:33,358 - utils - INFO - Google Application Credentials Set
2023-12-10 15:09:33,358 - utils - INFO - /__w/data_engineering_learning/data_engineering_learning/secrets/headers.json
2023-12-10 15:09:33,358 - utils - INFO - MAL Headers Loaded
2023-12-10 15:09:33,358 - utils - INFO - Getting Keys. Current Working Directory: /__w/data_engineering_learning/data_engineering_learning
2023-12-10 15:09:33,358 - utils - INFO - Google Application Credentials Set
2023-12-10 15:09:33,358 - utils - INFO - /__w/data_engineering_learning/data_engineering_learning/secrets/headers.json
2023-12-10 15:09:33,358 - utils - INFO - MAL Headers Loaded
2023-12-10 15:09:33,362 - utils - INFO - 
        SELECT date_pulled
        FROM `mal-data-engineering.my_anime_list.top_airing_anime`
        WHERE DATE(date_pulled) = CURRENT_DATE('Asia/Tokyo')
        
2023-12-10 15:09:35,049 - utils - INFO - Top Airing Anime not yet updated. Pulling from API
2023-12-10 15:09:37,549 - utils - INFO - Getting Keys. Current Working Directory: /__w/data_engineering_learning/data_engineering_learning
2023-12-10 15:09:37,549 - utils - INFO - Google Application Credentials Set
2023-12-10 15:09:37,549 - utils - INFO - /__w/data_engineering_learning/data_engineering_learning/secrets/headers.json
2023-12-10 15:09:37,549 - utils - INFO - MAL Headers Loaded
2023-12-10 15:09:37,559 - utils - INFO - Getting Keys. Current Working Directory: /__w/data_engineering_learning/data_engineering_learning
2023-12-10 15:09:37,559 - utils - INFO - Google Application Credentials Set
2023-12-10 15:09:37,559 - utils - INFO - /__w/data_engineering_learning/data_engineering_learning/secrets/headers.json
2023-12-10 15:09:37,559 - utils - INFO - MAL Headers Loaded
2023-12-10 15:09:37,561 - utils - INFO - 
        SELECT date_pulled
        FROM `mal-data-engineering.my_anime_list.top_airing_anime`
        WHERE DATE(date_pulled) = DATE('2023-12-11')
        
2023-12-10 15:09:39,119 - utils - INFO - Table exists
2023-12-10 15:09:42,239 - utils - INFO - Top Airing Anime updated
