2023-12-05 15:11:54,985 - utils - INFO - Getting Keys. Current Working Directory: /__w/data_engineering_learning/data_engineering_learning
2023-12-05 15:11:54,985 - utils - INFO - Google Application Credentials Set
2023-12-05 15:11:54,985 - utils - INFO - /__w/data_engineering_learning/data_engineering_learning/secrets/headers.json
2023-12-05 15:11:54,985 - utils - INFO - MAL Headers Loaded
2023-12-05 15:11:54,985 - utils - INFO - Getting Keys. Current Working Directory: /__w/data_engineering_learning/data_engineering_learning
2023-12-05 15:11:54,985 - utils - INFO - Google Application Credentials Set
2023-12-05 15:11:54,985 - utils - INFO - /__w/data_engineering_learning/data_engineering_learning/secrets/headers.json
2023-12-05 15:11:54,986 - utils - INFO - MAL Headers Loaded
2023-12-05 15:11:54,989 - utils - INFO - 
        SELECT date_pulled
        FROM `mal-data-engineering.my_anime_list.top_airing_anime`
        WHERE DATE(date_pulled) = CURRENT_DATE('Asia/Tokyo')
        
2023-12-05 15:11:57,078 - utils - INFO - Top Airing Anime not yet updated. Pulling from API
2023-12-05 15:11:59,216 - utils - INFO - Getting Keys. Current Working Directory: /__w/data_engineering_learning/data_engineering_learning
2023-12-05 15:11:59,216 - utils - INFO - Google Application Credentials Set
2023-12-05 15:11:59,216 - utils - INFO - /__w/data_engineering_learning/data_engineering_learning/secrets/headers.json
2023-12-05 15:11:59,216 - utils - INFO - MAL Headers Loaded
2023-12-05 15:11:59,226 - utils - INFO - Getting Keys. Current Working Directory: /__w/data_engineering_learning/data_engineering_learning
2023-12-05 15:11:59,226 - utils - INFO - Google Application Credentials Set
2023-12-05 15:11:59,226 - utils - INFO - /__w/data_engineering_learning/data_engineering_learning/secrets/headers.json
2023-12-05 15:11:59,226 - utils - INFO - MAL Headers Loaded
2023-12-05 15:11:59,228 - utils - INFO - 
        SELECT date_pulled
        FROM `mal-data-engineering.my_anime_list.top_airing_anime`
        WHERE DATE(date_pulled) = DATE('2023-12-06')
        
2023-12-05 15:12:00,835 - utils - INFO - Table exists
2023-12-05 15:12:04,790 - utils - INFO - Top Airing Anime updated
