2023-12-03 15:09:37,251 - utils - INFO - Getting Keys. Current Working Directory: /__w/data_engineering_learning/data_engineering_learning
2023-12-03 15:09:37,251 - utils - INFO - Google Application Credentials Set
2023-12-03 15:09:37,251 - utils - INFO - /__w/data_engineering_learning/data_engineering_learning/secrets/headers.json
2023-12-03 15:09:37,251 - utils - INFO - MAL Headers Loaded
2023-12-03 15:09:37,251 - utils - INFO - Getting Keys. Current Working Directory: /__w/data_engineering_learning/data_engineering_learning
2023-12-03 15:09:37,251 - utils - INFO - Google Application Credentials Set
2023-12-03 15:09:37,251 - utils - INFO - /__w/data_engineering_learning/data_engineering_learning/secrets/headers.json
2023-12-03 15:09:37,251 - utils - INFO - MAL Headers Loaded
2023-12-03 15:09:37,255 - utils - INFO - 
        SELECT date_pulled
        FROM `mal-data-engineering.my_anime_list.top_airing_anime`
        WHERE DATE(date_pulled) = CURRENT_DATE('Asia/Tokyo')
        
2023-12-03 15:09:38,973 - utils - INFO - Top Airing Anime not yet updated. Pulling from API
2023-12-03 15:09:41,125 - utils - INFO - Getting Keys. Current Working Directory: /__w/data_engineering_learning/data_engineering_learning
2023-12-03 15:09:41,125 - utils - INFO - Google Application Credentials Set
2023-12-03 15:09:41,125 - utils - INFO - /__w/data_engineering_learning/data_engineering_learning/secrets/headers.json
2023-12-03 15:09:41,125 - utils - INFO - MAL Headers Loaded
2023-12-03 15:09:41,135 - utils - INFO - Getting Keys. Current Working Directory: /__w/data_engineering_learning/data_engineering_learning
2023-12-03 15:09:41,136 - utils - INFO - Google Application Credentials Set
2023-12-03 15:09:41,136 - utils - INFO - /__w/data_engineering_learning/data_engineering_learning/secrets/headers.json
2023-12-03 15:09:41,136 - utils - INFO - MAL Headers Loaded
2023-12-03 15:09:41,138 - utils - INFO - 
        SELECT date_pulled
        FROM `mal-data-engineering.my_anime_list.top_airing_anime`
        WHERE DATE(date_pulled) = DATE('2023-12-04')
        
2023-12-03 15:09:42,668 - utils - INFO - Table exists
2023-12-03 15:09:47,715 - utils - INFO - Top Airing Anime updated
2023-12-03 15:22:58,436 - utils - INFO - Getting Keys. Current Working Directory: /__w/data_engineering_learning/data_engineering_learning
2023-12-03 15:22:58,436 - utils - INFO - Google Application Credentials Set
2023-12-03 15:22:58,436 - utils - INFO - /__w/data_engineering_learning/data_engineering_learning/secrets/headers.json
2023-12-03 15:22:58,436 - utils - INFO - MAL Headers Loaded
2023-12-03 15:22:58,437 - utils - INFO - Getting Keys. Current Working Directory: /__w/data_engineering_learning/data_engineering_learning
2023-12-03 15:22:58,437 - utils - INFO - Google Application Credentials Set
2023-12-03 15:22:58,437 - utils - INFO - /__w/data_engineering_learning/data_engineering_learning/secrets/headers.json
2023-12-03 15:22:58,437 - utils - INFO - MAL Headers Loaded
2023-12-03 15:22:58,440 - utils - INFO - 
        SELECT date_pulled
        FROM `mal-data-engineering.my_anime_list.weekly_top_10`
        WHERE DATE(date_pulled) = CURRENT_DATE('Asia/Tokyo')
        
2023-12-03 15:22:59,852 - utils - INFO - 
        WITH ranked_anime AS (
            SELECT
                tw.date_pulled,
                tw.myanimelist_id,
                tw.title,
                tw.rank,
                tw.score,
                (tw.rank - lw.rank) as rank_change,
                (tw.score - lw.score) as score_change,
                ROW_NUMBER() OVER (PARTITION BY tw.date_pulled ORDER BY tw.rank) AS rank_within_date
            FROM
                (SELECT * FROM `mal-data-engineering.my_anime_list.top_airing_anime`
                  WHERE DATE(date_pulled) = CURRENT_DATE('Asia/Tokyo')
                ) AS tw
            LEFT JOIN
                (SELECT * FROM `mal-data-engineering.my_anime_list.top_airing_anime`
                  WHERE DATE(date_pulled) = DATE_ADD(CURRENT_DATE('Asia/Tokyo'), INTERVAL -7 DAY)
                ) AS lw
            ON
                tw.myanimelist_id = lw.myanimelist_id
            )

            SELECT
            date_pulled,
            myanimelist_id,
            title,
            rank,
            score,
            rank_change,
            score_change
            FROM
            ranked_anime
            WHERE
            rank_within_date <= 10
            ORDER BY
            rank_within_date,
            date_pulled DESC
            ;
        
2023-12-03 15:23:02,431 - utils - INFO - Table exists
2023-12-03 15:23:06,053 - utils - INFO - Weekly Top 10 table updated
2023-12-03 15:36:06,756 - utils - INFO - Getting Keys. Current Working Directory: /__w/data_engineering_learning/data_engineering_learning
2023-12-03 15:36:06,756 - utils - INFO - Google Application Credentials Set
2023-12-03 15:36:06,756 - utils - INFO - /__w/data_engineering_learning/data_engineering_learning/secrets/headers.json
2023-12-03 15:36:06,756 - utils - INFO - MAL Headers Loaded
2023-12-03 15:36:06,756 - utils - INFO - Getting Keys. Current Working Directory: /__w/data_engineering_learning/data_engineering_learning
2023-12-03 15:36:06,756 - utils - INFO - Google Application Credentials Set
2023-12-03 15:36:06,756 - utils - INFO - /__w/data_engineering_learning/data_engineering_learning/secrets/headers.json
2023-12-03 15:36:06,757 - utils - INFO - MAL Headers Loaded
2023-12-03 15:36:06,760 - utils - INFO - 
        SELECT DISTINCT(taa.myanimelist_id)
        FROM `mal-data-engineering.my_anime_list.top_airing_anime` AS taa
        LEFT JOIN `mal-data-engineering.my_anime_list.anime_info` AS ai
        ON taa.myanimelist_id = ai.myanimelist_id
        WHERE DATE(taa.date_pulled) = CURRENT_DATE()
        AND ai.myanimelist_id IS NULL
        
2023-12-03 15:36:08,249 - utils - INFO - Anime ids not in table yet: 12
2023-12-03 15:36:21,984 - utils - INFO - Getting Keys. Current Working Directory: /__w/data_engineering_learning/data_engineering_learning
2023-12-03 15:36:21,984 - utils - INFO - Google Application Credentials Set
2023-12-03 15:36:21,984 - utils - INFO - /__w/data_engineering_learning/data_engineering_learning/secrets/headers.json
2023-12-03 15:36:21,984 - utils - INFO - MAL Headers Loaded
2023-12-03 15:36:21,984 - utils - INFO - Getting Keys. Current Working Directory: /__w/data_engineering_learning/data_engineering_learning
2023-12-03 15:36:21,984 - utils - INFO - Google Application Credentials Set
2023-12-03 15:36:21,984 - utils - INFO - /__w/data_engineering_learning/data_engineering_learning/secrets/headers.json
2023-12-03 15:36:21,984 - utils - INFO - MAL Headers Loaded
2023-12-03 15:36:21,986 - utils - INFO - 
        SELECT DISTINCT(taa.myanimelist_id)
        FROM `mal-data-engineering.my_anime_list.top_airing_anime` AS taa
        LEFT JOIN `mal-data-engineering.my_anime_list.anime_info` AS ai
        ON taa.myanimelist_id = ai.myanimelist_id
        WHERE DATE(taa.date_pulled) = CURRENT_DATE()
        AND ai.myanimelist_id IS NULL
        
2023-12-03 15:36:23,323 - utils - INFO - Anime ids not in table yet: 12
2023-12-03 15:36:23,336 - utils - INFO - Anime Info already updated
