2023-11-24 15:10:27,805 - utils - INFO - Getting Keys. Current Working Directory: /__w/data_engineering_learning/data_engineering_learning
2023-11-24 15:10:27,805 - utils - INFO - Google Application Credentials Set
2023-11-24 15:10:27,805 - utils - INFO - /__w/data_engineering_learning/data_engineering_learning/secrets/headers.json
2023-11-24 15:10:27,805 - utils - INFO - MAL Headers Loaded
2023-11-24 15:10:27,805 - utils - INFO - Getting Keys. Current Working Directory: /__w/data_engineering_learning/data_engineering_learning
2023-11-24 15:10:27,805 - utils - INFO - Google Application Credentials Set
2023-11-24 15:10:27,805 - utils - INFO - /__w/data_engineering_learning/data_engineering_learning/secrets/headers.json
2023-11-24 15:10:27,805 - utils - INFO - MAL Headers Loaded
2023-11-24 15:10:27,809 - utils - INFO - 
        SELECT date_pulled
        FROM `mal-data-engineering.my_anime_list.top_airing_anime`
        WHERE DATE(date_pulled) = CURRENT_DATE('Asia/Tokyo')
        
2023-11-24 15:10:29,278 - utils - INFO - Top Airing Anime not yet updated. Pulling from API
2023-11-24 15:10:31,594 - utils - INFO - Getting Keys. Current Working Directory: /__w/data_engineering_learning/data_engineering_learning
2023-11-24 15:10:31,594 - utils - INFO - Google Application Credentials Set
2023-11-24 15:10:31,594 - utils - INFO - /__w/data_engineering_learning/data_engineering_learning/secrets/headers.json
2023-11-24 15:10:31,594 - utils - INFO - MAL Headers Loaded
2023-11-24 15:10:31,604 - utils - INFO - Getting Keys. Current Working Directory: /__w/data_engineering_learning/data_engineering_learning
2023-11-24 15:10:31,604 - utils - INFO - Google Application Credentials Set
2023-11-24 15:10:31,604 - utils - INFO - /__w/data_engineering_learning/data_engineering_learning/secrets/headers.json
2023-11-24 15:10:31,604 - utils - INFO - MAL Headers Loaded
2023-11-24 15:10:31,606 - utils - INFO - 
        SELECT date_pulled
        FROM `mal-data-engineering.my_anime_list.top_airing_anime`
        WHERE DATE(date_pulled) = DATE('2023-11-25')
        
2023-11-24 15:10:33,104 - utils - INFO - Table exists
2023-11-24 15:10:36,797 - utils - INFO - Top Airing Anime updated
