2023-10-20 15:09:18,068 - utils - INFO - Getting Keys. Current Working Directory: /__w/data_engineering_learning/data_engineering_learning
2023-10-20 15:09:18,069 - utils - INFO - Google Application Credentials Set
2023-10-20 15:09:18,069 - utils - INFO - /__w/data_engineering_learning/data_engineering_learning/secrets/headers.json
2023-10-20 15:09:18,069 - utils - INFO - MAL Headers Loaded
2023-10-20 15:09:18,069 - utils - INFO - Getting Keys. Current Working Directory: /__w/data_engineering_learning/data_engineering_learning
2023-10-20 15:09:18,069 - utils - INFO - Google Application Credentials Set
2023-10-20 15:09:18,069 - utils - INFO - /__w/data_engineering_learning/data_engineering_learning/secrets/headers.json
2023-10-20 15:09:18,069 - utils - INFO - MAL Headers Loaded
2023-10-20 15:09:18,074 - utils - INFO - 
        SELECT date_pulled
        FROM `mal-data-engineering.my_anime_list.top_airing_anime`
        WHERE DATE(date_pulled) = CURRENT_DATE('Asia/Tokyo')
        
2023-10-20 15:09:19,682 - utils - INFO - Top Airing Anime not yet updated. Pulling from API
2023-10-20 15:09:22,980 - utils - INFO - Getting Keys. Current Working Directory: /__w/data_engineering_learning/data_engineering_learning
2023-10-20 15:09:22,980 - utils - INFO - Google Application Credentials Set
2023-10-20 15:09:22,980 - utils - INFO - /__w/data_engineering_learning/data_engineering_learning/secrets/headers.json
2023-10-20 15:09:22,981 - utils - INFO - MAL Headers Loaded
2023-10-20 15:09:22,995 - utils - INFO - Getting Keys. Current Working Directory: /__w/data_engineering_learning/data_engineering_learning
2023-10-20 15:09:22,995 - utils - INFO - Google Application Credentials Set
2023-10-20 15:09:22,995 - utils - INFO - /__w/data_engineering_learning/data_engineering_learning/secrets/headers.json
2023-10-20 15:09:22,995 - utils - INFO - MAL Headers Loaded
2023-10-20 15:09:22,999 - utils - INFO - 
        SELECT date_pulled
        FROM `mal-data-engineering.my_anime_list.top_airing_anime`
        WHERE DATE(date_pulled) = DATE('2023-10-21')
        
2023-10-20 15:09:24,811 - utils - INFO - Table exists
2023-10-20 15:09:29,660 - utils - INFO - Top Airing Anime updated
2023-10-20 15:21:03,492 - utils - INFO - Getting Keys. Current Working Directory: /__w/data_engineering_learning/data_engineering_learning
2023-10-20 15:21:03,492 - utils - INFO - Google Application Credentials Set
2023-10-20 15:21:03,492 - utils - INFO - /__w/data_engineering_learning/data_engineering_learning/secrets/headers.json
2023-10-20 15:21:03,492 - utils - INFO - MAL Headers Loaded
2023-10-20 15:21:03,492 - utils - INFO - Getting Keys. Current Working Directory: /__w/data_engineering_learning/data_engineering_learning
2023-10-20 15:21:03,492 - utils - INFO - Google Application Credentials Set
2023-10-20 15:21:03,492 - utils - INFO - /__w/data_engineering_learning/data_engineering_learning/secrets/headers.json
2023-10-20 15:21:03,492 - utils - INFO - MAL Headers Loaded
2023-10-20 15:21:03,497 - utils - INFO - 
        SELECT date_pulled
        FROM `mal-data-engineering.my_anime_list.daily_top_10`
        WHERE DATE(date_pulled) = CURRENT_DATE('Asia/Tokyo')
        
2023-10-20 15:21:05,135 - utils - INFO - 
        WITH ranked_anime AS (
            SELECT
                tw.date_pulled,
                tw.myanimelist_id,
                tw.title,
                tw.rank,
                tw.score,
                (tw.rank - lw.rank) as rank_change,
                (tw.score - lw.score) as score_change,
                ROW_NUMBER() OVER (PARTITION BY tw.date_pulled ORDER BY tw.rank) AS rank_within_date
            FROM
                `mal-data-engineering.my_anime_list.top_airing_anime` AS tw
            LEFT JOIN
                `mal-data-engineering.my_anime_list.top_airing_anime` AS lw
            ON
                tw.myanimelist_id = lw.myanimelist_id
            WHERE
                DATE(tw.date_pulled) = CURRENT_DATE('Asia/Tokyo')
                AND
                DATE(lw.date_pulled) = DATE_ADD(DATE(tw.date_pulled), INTERVAL -1 DAY)
            )

            SELECT
            date_pulled,
            myanimelist_id,
            title,
            rank,
            score,
            rank_change,
            score_change
            FROM
            ranked_anime
            WHERE
            rank_within_date <= 10
            ORDER BY
            date_pulled DESC,
            rank_within_date;
        
2023-10-20 15:21:08,274 - utils - INFO - Table exists
2023-10-20 15:21:12,855 - utils - INFO - Daily Top 10 table updated
