2023-11-01 15:10:42,235 - utils - INFO - Getting Keys. Current Working Directory: /__w/data_engineering_learning/data_engineering_learning
2023-11-01 15:10:42,235 - utils - INFO - Google Application Credentials Set
2023-11-01 15:10:42,235 - utils - INFO - /__w/data_engineering_learning/data_engineering_learning/secrets/headers.json
2023-11-01 15:10:42,236 - utils - INFO - MAL Headers Loaded
2023-11-01 15:10:42,236 - utils - INFO - Getting Keys. Current Working Directory: /__w/data_engineering_learning/data_engineering_learning
2023-11-01 15:10:42,236 - utils - INFO - Google Application Credentials Set
2023-11-01 15:10:42,236 - utils - INFO - /__w/data_engineering_learning/data_engineering_learning/secrets/headers.json
2023-11-01 15:10:42,236 - utils - INFO - MAL Headers Loaded
2023-11-01 15:10:42,241 - utils - INFO - 
        SELECT date_pulled
        FROM `mal-data-engineering.my_anime_list.top_airing_anime`
        WHERE DATE(date_pulled) = CURRENT_DATE('Asia/Tokyo')
        
2023-11-01 15:10:44,047 - utils - INFO - Top Airing Anime not yet updated. Pulling from API
2023-11-01 15:10:46,741 - utils - INFO - Getting Keys. Current Working Directory: /__w/data_engineering_learning/data_engineering_learning
2023-11-01 15:10:46,742 - utils - INFO - Google Application Credentials Set
2023-11-01 15:10:46,742 - utils - INFO - /__w/data_engineering_learning/data_engineering_learning/secrets/headers.json
2023-11-01 15:10:46,742 - utils - INFO - MAL Headers Loaded
2023-11-01 15:10:46,757 - utils - INFO - Getting Keys. Current Working Directory: /__w/data_engineering_learning/data_engineering_learning
2023-11-01 15:10:46,757 - utils - INFO - Google Application Credentials Set
2023-11-01 15:10:46,757 - utils - INFO - /__w/data_engineering_learning/data_engineering_learning/secrets/headers.json
2023-11-01 15:10:46,757 - utils - INFO - MAL Headers Loaded
2023-11-01 15:10:46,760 - utils - INFO - 
        SELECT date_pulled
        FROM `mal-data-engineering.my_anime_list.top_airing_anime`
        WHERE DATE(date_pulled) = DATE('2023-11-02')
        
2023-11-01 15:10:48,631 - utils - INFO - Table exists
2023-11-01 15:10:54,446 - utils - INFO - Top Airing Anime updated
