2023-11-07 15:10:47,558 - utils - INFO - Getting Keys. Current Working Directory: /__w/data_engineering_learning/data_engineering_learning
2023-11-07 15:10:47,558 - utils - INFO - Google Application Credentials Set
2023-11-07 15:10:47,558 - utils - INFO - /__w/data_engineering_learning/data_engineering_learning/secrets/headers.json
2023-11-07 15:10:47,558 - utils - INFO - MAL Headers Loaded
2023-11-07 15:10:47,558 - utils - INFO - Getting Keys. Current Working Directory: /__w/data_engineering_learning/data_engineering_learning
2023-11-07 15:10:47,558 - utils - INFO - Google Application Credentials Set
2023-11-07 15:10:47,558 - utils - INFO - /__w/data_engineering_learning/data_engineering_learning/secrets/headers.json
2023-11-07 15:10:47,559 - utils - INFO - MAL Headers Loaded
2023-11-07 15:10:47,562 - utils - INFO - 
        SELECT date_pulled
        FROM `mal-data-engineering.my_anime_list.top_airing_anime`
        WHERE DATE(date_pulled) = CURRENT_DATE('Asia/Tokyo')
        
2023-11-07 15:10:49,177 - utils - INFO - Top Airing Anime not yet updated. Pulling from API
2023-11-07 15:10:51,773 - utils - INFO - Getting Keys. Current Working Directory: /__w/data_engineering_learning/data_engineering_learning
2023-11-07 15:10:51,773 - utils - INFO - Google Application Credentials Set
2023-11-07 15:10:51,773 - utils - INFO - /__w/data_engineering_learning/data_engineering_learning/secrets/headers.json
2023-11-07 15:10:51,773 - utils - INFO - MAL Headers Loaded
2023-11-07 15:10:51,783 - utils - INFO - Getting Keys. Current Working Directory: /__w/data_engineering_learning/data_engineering_learning
2023-11-07 15:10:51,784 - utils - INFO - Google Application Credentials Set
2023-11-07 15:10:51,784 - utils - INFO - /__w/data_engineering_learning/data_engineering_learning/secrets/headers.json
2023-11-07 15:10:51,784 - utils - INFO - MAL Headers Loaded
2023-11-07 15:10:51,786 - utils - INFO - 
        SELECT date_pulled
        FROM `mal-data-engineering.my_anime_list.top_airing_anime`
        WHERE DATE(date_pulled) = DATE('2023-11-08')
        
2023-11-07 15:10:53,397 - utils - INFO - Table exists
2023-11-07 15:10:57,740 - utils - INFO - Top Airing Anime updated
