2023-11-06 15:11:27,170 - utils - INFO - Getting Keys. Current Working Directory: /__w/data_engineering_learning/data_engineering_learning
2023-11-06 15:11:27,170 - utils - INFO - Google Application Credentials Set
2023-11-06 15:11:27,170 - utils - INFO - /__w/data_engineering_learning/data_engineering_learning/secrets/headers.json
2023-11-06 15:11:27,170 - utils - INFO - MAL Headers Loaded
2023-11-06 15:11:27,170 - utils - INFO - Getting Keys. Current Working Directory: /__w/data_engineering_learning/data_engineering_learning
2023-11-06 15:11:27,170 - utils - INFO - Google Application Credentials Set
2023-11-06 15:11:27,170 - utils - INFO - /__w/data_engineering_learning/data_engineering_learning/secrets/headers.json
2023-11-06 15:11:27,170 - utils - INFO - MAL Headers Loaded
2023-11-06 15:11:27,175 - utils - INFO - 
        SELECT date_pulled
        FROM `mal-data-engineering.my_anime_list.top_airing_anime`
        WHERE DATE(date_pulled) = CURRENT_DATE('Asia/Tokyo')
        
2023-11-06 15:11:28,676 - utils - INFO - Top Airing Anime not yet updated. Pulling from API
2023-11-06 15:11:31,364 - utils - INFO - Getting Keys. Current Working Directory: /__w/data_engineering_learning/data_engineering_learning
2023-11-06 15:11:31,364 - utils - INFO - Google Application Credentials Set
2023-11-06 15:11:31,364 - utils - INFO - /__w/data_engineering_learning/data_engineering_learning/secrets/headers.json
2023-11-06 15:11:31,364 - utils - INFO - MAL Headers Loaded
2023-11-06 15:11:31,378 - utils - INFO - Getting Keys. Current Working Directory: /__w/data_engineering_learning/data_engineering_learning
2023-11-06 15:11:31,378 - utils - INFO - Google Application Credentials Set
2023-11-06 15:11:31,379 - utils - INFO - /__w/data_engineering_learning/data_engineering_learning/secrets/headers.json
2023-11-06 15:11:31,379 - utils - INFO - MAL Headers Loaded
2023-11-06 15:11:31,382 - utils - INFO - 
        SELECT date_pulled
        FROM `mal-data-engineering.my_anime_list.top_airing_anime`
        WHERE DATE(date_pulled) = DATE('2023-11-07')
        
2023-11-06 15:11:33,227 - utils - INFO - Table exists
2023-11-06 15:11:37,277 - utils - INFO - Top Airing Anime updated
