2023-12-08 15:11:01,524 - utils - INFO - Getting Keys. Current Working Directory: /__w/data_engineering_learning/data_engineering_learning
2023-12-08 15:11:01,524 - utils - INFO - Google Application Credentials Set
2023-12-08 15:11:01,524 - utils - INFO - /__w/data_engineering_learning/data_engineering_learning/secrets/headers.json
2023-12-08 15:11:01,524 - utils - INFO - MAL Headers Loaded
2023-12-08 15:11:01,524 - utils - INFO - Getting Keys. Current Working Directory: /__w/data_engineering_learning/data_engineering_learning
2023-12-08 15:11:01,524 - utils - INFO - Google Application Credentials Set
2023-12-08 15:11:01,524 - utils - INFO - /__w/data_engineering_learning/data_engineering_learning/secrets/headers.json
2023-12-08 15:11:01,525 - utils - INFO - MAL Headers Loaded
2023-12-08 15:11:01,528 - utils - INFO - 
        SELECT date_pulled
        FROM `mal-data-engineering.my_anime_list.top_airing_anime`
        WHERE DATE(date_pulled) = CURRENT_DATE('Asia/Tokyo')
        
2023-12-08 15:11:03,203 - utils - INFO - Top Airing Anime not yet updated. Pulling from API
2023-12-08 15:11:05,704 - utils - INFO - Getting Keys. Current Working Directory: /__w/data_engineering_learning/data_engineering_learning
2023-12-08 15:11:05,705 - utils - INFO - Google Application Credentials Set
2023-12-08 15:11:05,705 - utils - INFO - /__w/data_engineering_learning/data_engineering_learning/secrets/headers.json
2023-12-08 15:11:05,705 - utils - INFO - MAL Headers Loaded
2023-12-08 15:11:05,715 - utils - INFO - Getting Keys. Current Working Directory: /__w/data_engineering_learning/data_engineering_learning
2023-12-08 15:11:05,715 - utils - INFO - Google Application Credentials Set
2023-12-08 15:11:05,715 - utils - INFO - /__w/data_engineering_learning/data_engineering_learning/secrets/headers.json
2023-12-08 15:11:05,715 - utils - INFO - MAL Headers Loaded
2023-12-08 15:11:05,717 - utils - INFO - 
        SELECT date_pulled
        FROM `mal-data-engineering.my_anime_list.top_airing_anime`
        WHERE DATE(date_pulled) = DATE('2023-12-09')
        
2023-12-08 15:11:07,400 - utils - INFO - Table exists
2023-12-08 15:11:12,369 - utils - INFO - Top Airing Anime updated
