2023-12-21 15:10:46,873 - utils - INFO - Getting Keys. Current Working Directory: /__w/data_engineering_learning/data_engineering_learning
2023-12-21 15:10:46,874 - utils - INFO - Google Application Credentials Set
2023-12-21 15:10:46,874 - utils - INFO - /__w/data_engineering_learning/data_engineering_learning/secrets/headers.json
2023-12-21 15:10:46,874 - utils - INFO - MAL Headers Loaded
2023-12-21 15:10:46,874 - utils - INFO - Getting Keys. Current Working Directory: /__w/data_engineering_learning/data_engineering_learning
2023-12-21 15:10:46,874 - utils - INFO - Google Application Credentials Set
2023-12-21 15:10:46,874 - utils - INFO - /__w/data_engineering_learning/data_engineering_learning/secrets/headers.json
2023-12-21 15:10:46,874 - utils - INFO - MAL Headers Loaded
2023-12-21 15:10:46,877 - utils - INFO - 
        SELECT date_pulled
        FROM `mal-data-engineering.my_anime_list.top_airing_anime`
        WHERE DATE(date_pulled) = CURRENT_DATE('Asia/Tokyo')
        
2023-12-21 15:10:48,514 - utils - INFO - Top Airing Anime not yet updated. Pulling from API
2023-12-21 15:10:51,017 - utils - INFO - Getting Keys. Current Working Directory: /__w/data_engineering_learning/data_engineering_learning
2023-12-21 15:10:51,017 - utils - INFO - Google Application Credentials Set
2023-12-21 15:10:51,017 - utils - INFO - /__w/data_engineering_learning/data_engineering_learning/secrets/headers.json
2023-12-21 15:10:51,017 - utils - INFO - MAL Headers Loaded
2023-12-21 15:10:51,028 - utils - INFO - Getting Keys. Current Working Directory: /__w/data_engineering_learning/data_engineering_learning
2023-12-21 15:10:51,028 - utils - INFO - Google Application Credentials Set
2023-12-21 15:10:51,028 - utils - INFO - /__w/data_engineering_learning/data_engineering_learning/secrets/headers.json
2023-12-21 15:10:51,028 - utils - INFO - MAL Headers Loaded
2023-12-21 15:10:51,030 - utils - INFO - 
        SELECT date_pulled
        FROM `mal-data-engineering.my_anime_list.top_airing_anime`
        WHERE DATE(date_pulled) = DATE('2023-12-22')
        
2023-12-21 15:10:52,727 - utils - INFO - Table exists
2023-12-21 15:10:57,398 - utils - INFO - Top Airing Anime updated
