2023-12-30 15:09:26,919 - utils - INFO - Getting Keys. Current Working Directory: /__w/data_engineering_learning/data_engineering_learning
2023-12-30 15:09:26,919 - utils - INFO - Google Application Credentials Set
2023-12-30 15:09:26,919 - utils - INFO - /__w/data_engineering_learning/data_engineering_learning/secrets/headers.json
2023-12-30 15:09:26,919 - utils - INFO - MAL Headers Loaded
2023-12-30 15:09:26,919 - utils - INFO - Getting Keys. Current Working Directory: /__w/data_engineering_learning/data_engineering_learning
2023-12-30 15:09:26,919 - utils - INFO - Google Application Credentials Set
2023-12-30 15:09:26,919 - utils - INFO - /__w/data_engineering_learning/data_engineering_learning/secrets/headers.json
2023-12-30 15:09:26,919 - utils - INFO - MAL Headers Loaded
2023-12-30 15:09:26,923 - utils - INFO - 
        SELECT date_pulled
        FROM `mal-data-engineering.my_anime_list.top_airing_anime`
        WHERE DATE(date_pulled) = CURRENT_DATE('Asia/Tokyo')
        
2023-12-30 15:09:28,349 - utils - INFO - Top Airing Anime not yet updated. Pulling from API
2023-12-30 15:09:30,857 - utils - INFO - Getting Keys. Current Working Directory: /__w/data_engineering_learning/data_engineering_learning
2023-12-30 15:09:30,857 - utils - INFO - Google Application Credentials Set
2023-12-30 15:09:30,857 - utils - INFO - /__w/data_engineering_learning/data_engineering_learning/secrets/headers.json
2023-12-30 15:09:30,857 - utils - INFO - MAL Headers Loaded
2023-12-30 15:09:30,867 - utils - INFO - Getting Keys. Current Working Directory: /__w/data_engineering_learning/data_engineering_learning
2023-12-30 15:09:30,867 - utils - INFO - Google Application Credentials Set
2023-12-30 15:09:30,867 - utils - INFO - /__w/data_engineering_learning/data_engineering_learning/secrets/headers.json
2023-12-30 15:09:30,867 - utils - INFO - MAL Headers Loaded
2023-12-30 15:09:30,869 - utils - INFO - 
        SELECT date_pulled
        FROM `mal-data-engineering.my_anime_list.top_airing_anime`
        WHERE DATE(date_pulled) = DATE('2023-12-31')
        
2023-12-30 15:09:32,264 - utils - INFO - Table exists
2023-12-30 15:09:35,885 - utils - INFO - Top Airing Anime updated
