2023-11-03 15:11:00,771 - utils - INFO - Getting Keys. Current Working Directory: /__w/data_engineering_learning/data_engineering_learning
2023-11-03 15:11:00,771 - utils - INFO - Google Application Credentials Set
2023-11-03 15:11:00,771 - utils - INFO - /__w/data_engineering_learning/data_engineering_learning/secrets/headers.json
2023-11-03 15:11:00,771 - utils - INFO - MAL Headers Loaded
2023-11-03 15:11:00,771 - utils - INFO - Getting Keys. Current Working Directory: /__w/data_engineering_learning/data_engineering_learning
2023-11-03 15:11:00,771 - utils - INFO - Google Application Credentials Set
2023-11-03 15:11:00,771 - utils - INFO - /__w/data_engineering_learning/data_engineering_learning/secrets/headers.json
2023-11-03 15:11:00,771 - utils - INFO - MAL Headers Loaded
2023-11-03 15:11:00,776 - utils - INFO - 
        SELECT date_pulled
        FROM `mal-data-engineering.my_anime_list.top_airing_anime`
        WHERE DATE(date_pulled) = CURRENT_DATE('Asia/Tokyo')
        
2023-11-03 15:11:02,498 - utils - INFO - Top Airing Anime not yet updated. Pulling from API
2023-11-03 15:11:05,108 - utils - INFO - Getting Keys. Current Working Directory: /__w/data_engineering_learning/data_engineering_learning
2023-11-03 15:11:05,108 - utils - INFO - Google Application Credentials Set
2023-11-03 15:11:05,108 - utils - INFO - /__w/data_engineering_learning/data_engineering_learning/secrets/headers.json
2023-11-03 15:11:05,109 - utils - INFO - MAL Headers Loaded
2023-11-03 15:11:05,121 - utils - INFO - Getting Keys. Current Working Directory: /__w/data_engineering_learning/data_engineering_learning
2023-11-03 15:11:05,121 - utils - INFO - Google Application Credentials Set
2023-11-03 15:11:05,121 - utils - INFO - /__w/data_engineering_learning/data_engineering_learning/secrets/headers.json
2023-11-03 15:11:05,121 - utils - INFO - MAL Headers Loaded
2023-11-03 15:11:05,124 - utils - INFO - 
        SELECT date_pulled
        FROM `mal-data-engineering.my_anime_list.top_airing_anime`
        WHERE DATE(date_pulled) = DATE('2023-11-04')
        
2023-11-03 15:11:06,761 - utils - INFO - Table exists
2023-11-03 15:12:08,168 - utils - INFO - Top Airing Anime updated
