2023-10-27 15:10:26,480 - utils - INFO - Getting Keys. Current Working Directory: /__w/data_engineering_learning/data_engineering_learning
2023-10-27 15:10:26,480 - utils - INFO - Google Application Credentials Set
2023-10-27 15:10:26,481 - utils - INFO - /__w/data_engineering_learning/data_engineering_learning/secrets/headers.json
2023-10-27 15:10:26,481 - utils - INFO - MAL Headers Loaded
2023-10-27 15:10:26,481 - utils - INFO - Getting Keys. Current Working Directory: /__w/data_engineering_learning/data_engineering_learning
2023-10-27 15:10:26,481 - utils - INFO - Google Application Credentials Set
2023-10-27 15:10:26,481 - utils - INFO - /__w/data_engineering_learning/data_engineering_learning/secrets/headers.json
2023-10-27 15:10:26,481 - utils - INFO - MAL Headers Loaded
2023-10-27 15:10:26,485 - utils - INFO - 
        SELECT date_pulled
        FROM `mal-data-engineering.my_anime_list.top_airing_anime`
        WHERE DATE(date_pulled) = CURRENT_DATE('Asia/Tokyo')
        
2023-10-27 15:10:28,189 - utils - INFO - Top Airing Anime not yet updated. Pulling from API
2023-10-27 15:10:30,431 - utils - INFO - Getting Keys. Current Working Directory: /__w/data_engineering_learning/data_engineering_learning
2023-10-27 15:10:30,431 - utils - INFO - Google Application Credentials Set
2023-10-27 15:10:30,432 - utils - INFO - /__w/data_engineering_learning/data_engineering_learning/secrets/headers.json
2023-10-27 15:10:30,432 - utils - INFO - MAL Headers Loaded
2023-10-27 15:10:30,444 - utils - INFO - Getting Keys. Current Working Directory: /__w/data_engineering_learning/data_engineering_learning
2023-10-27 15:10:30,444 - utils - INFO - Google Application Credentials Set
2023-10-27 15:10:30,444 - utils - INFO - /__w/data_engineering_learning/data_engineering_learning/secrets/headers.json
2023-10-27 15:10:30,444 - utils - INFO - MAL Headers Loaded
2023-10-27 15:10:30,447 - utils - INFO - 
        SELECT date_pulled
        FROM `mal-data-engineering.my_anime_list.top_airing_anime`
        WHERE DATE(date_pulled) = DATE('2023-10-28')
        
2023-10-27 15:10:32,076 - utils - INFO - Table exists
2023-10-27 15:10:35,554 - utils - INFO - Top Airing Anime updated
