2023-12-12 15:11:27,525 - utils - INFO - Getting Keys. Current Working Directory: /__w/data_engineering_learning/data_engineering_learning
2023-12-12 15:11:27,525 - utils - INFO - Google Application Credentials Set
2023-12-12 15:11:27,525 - utils - INFO - /__w/data_engineering_learning/data_engineering_learning/secrets/headers.json
2023-12-12 15:11:27,525 - utils - INFO - MAL Headers Loaded
2023-12-12 15:11:27,525 - utils - INFO - Getting Keys. Current Working Directory: /__w/data_engineering_learning/data_engineering_learning
2023-12-12 15:11:27,525 - utils - INFO - Google Application Credentials Set
2023-12-12 15:11:27,525 - utils - INFO - /__w/data_engineering_learning/data_engineering_learning/secrets/headers.json
2023-12-12 15:11:27,525 - utils - INFO - MAL Headers Loaded
2023-12-12 15:11:27,529 - utils - INFO - 
        SELECT date_pulled
        FROM `mal-data-engineering.my_anime_list.top_airing_anime`
        WHERE DATE(date_pulled) = CURRENT_DATE('Asia/Tokyo')
        
2023-12-12 15:11:29,070 - utils - INFO - Top Airing Anime not yet updated. Pulling from API
2023-12-12 15:11:29,727 - utils - INFO - Getting Keys. Current Working Directory: /__w/data_engineering_learning/data_engineering_learning
2023-12-12 15:11:29,727 - utils - INFO - Google Application Credentials Set
2023-12-12 15:11:29,727 - utils - INFO - /__w/data_engineering_learning/data_engineering_learning/secrets/headers.json
2023-12-12 15:11:29,727 - utils - INFO - MAL Headers Loaded
2023-12-12 15:11:29,737 - utils - INFO - Getting Keys. Current Working Directory: /__w/data_engineering_learning/data_engineering_learning
2023-12-12 15:11:29,737 - utils - INFO - Google Application Credentials Set
2023-12-12 15:11:29,737 - utils - INFO - /__w/data_engineering_learning/data_engineering_learning/secrets/headers.json
2023-12-12 15:11:29,737 - utils - INFO - MAL Headers Loaded
2023-12-12 15:11:29,739 - utils - INFO - 
        SELECT date_pulled
        FROM `mal-data-engineering.my_anime_list.top_airing_anime`
        WHERE DATE(date_pulled) = DATE('2023-12-13')
        
2023-12-12 15:11:31,288 - utils - INFO - Table exists
2023-12-12 15:11:34,605 - utils - INFO - Top Airing Anime updated
