2023-12-18 15:11:22,409 - utils - INFO - Getting Keys. Current Working Directory: /__w/data_engineering_learning/data_engineering_learning
2023-12-18 15:11:22,409 - utils - INFO - Google Application Credentials Set
2023-12-18 15:11:22,410 - utils - INFO - /__w/data_engineering_learning/data_engineering_learning/secrets/headers.json
2023-12-18 15:11:22,410 - utils - INFO - MAL Headers Loaded
2023-12-18 15:11:22,410 - utils - INFO - Getting Keys. Current Working Directory: /__w/data_engineering_learning/data_engineering_learning
2023-12-18 15:11:22,410 - utils - INFO - Google Application Credentials Set
2023-12-18 15:11:22,410 - utils - INFO - /__w/data_engineering_learning/data_engineering_learning/secrets/headers.json
2023-12-18 15:11:22,410 - utils - INFO - MAL Headers Loaded
2023-12-18 15:11:22,413 - utils - INFO - 
        SELECT date_pulled
        FROM `mal-data-engineering.my_anime_list.top_airing_anime`
        WHERE DATE(date_pulled) = CURRENT_DATE('Asia/Tokyo')
        
2023-12-18 15:11:24,128 - utils - INFO - Top Airing Anime not yet updated. Pulling from API
2023-12-18 15:11:25,103 - utils - INFO - Getting Keys. Current Working Directory: /__w/data_engineering_learning/data_engineering_learning
2023-12-18 15:11:25,103 - utils - INFO - Google Application Credentials Set
2023-12-18 15:11:25,103 - utils - INFO - /__w/data_engineering_learning/data_engineering_learning/secrets/headers.json
2023-12-18 15:11:25,103 - utils - INFO - MAL Headers Loaded
2023-12-18 15:11:25,113 - utils - INFO - Getting Keys. Current Working Directory: /__w/data_engineering_learning/data_engineering_learning
2023-12-18 15:11:25,114 - utils - INFO - Google Application Credentials Set
2023-12-18 15:11:25,114 - utils - INFO - /__w/data_engineering_learning/data_engineering_learning/secrets/headers.json
2023-12-18 15:11:25,114 - utils - INFO - MAL Headers Loaded
2023-12-18 15:11:25,116 - utils - INFO - 
        SELECT date_pulled
        FROM `mal-data-engineering.my_anime_list.top_airing_anime`
        WHERE DATE(date_pulled) = DATE('2023-12-19')
        
2023-12-18 15:11:26,789 - utils - INFO - Table exists
2023-12-18 15:11:30,571 - utils - INFO - Top Airing Anime updated
