2023-12-17 15:09:47,938 - utils - INFO - Getting Keys. Current Working Directory: /__w/data_engineering_learning/data_engineering_learning
2023-12-17 15:09:47,938 - utils - INFO - Google Application Credentials Set
2023-12-17 15:09:47,938 - utils - INFO - /__w/data_engineering_learning/data_engineering_learning/secrets/headers.json
2023-12-17 15:09:47,939 - utils - INFO - MAL Headers Loaded
2023-12-17 15:09:47,939 - utils - INFO - Getting Keys. Current Working Directory: /__w/data_engineering_learning/data_engineering_learning
2023-12-17 15:09:47,939 - utils - INFO - Google Application Credentials Set
2023-12-17 15:09:47,939 - utils - INFO - /__w/data_engineering_learning/data_engineering_learning/secrets/headers.json
2023-12-17 15:09:47,939 - utils - INFO - MAL Headers Loaded
2023-12-17 15:09:47,943 - utils - INFO - 
        SELECT date_pulled
        FROM `mal-data-engineering.my_anime_list.top_airing_anime`
        WHERE DATE(date_pulled) = CURRENT_DATE('Asia/Tokyo')
        
2023-12-17 15:09:49,631 - utils - INFO - Top Airing Anime not yet updated. Pulling from API
2023-12-17 15:09:52,027 - utils - INFO - Getting Keys. Current Working Directory: /__w/data_engineering_learning/data_engineering_learning
2023-12-17 15:09:52,027 - utils - INFO - Google Application Credentials Set
2023-12-17 15:09:52,027 - utils - INFO - /__w/data_engineering_learning/data_engineering_learning/secrets/headers.json
2023-12-17 15:09:52,027 - utils - INFO - MAL Headers Loaded
2023-12-17 15:09:52,037 - utils - INFO - Getting Keys. Current Working Directory: /__w/data_engineering_learning/data_engineering_learning
2023-12-17 15:09:52,037 - utils - INFO - Google Application Credentials Set
2023-12-17 15:09:52,037 - utils - INFO - /__w/data_engineering_learning/data_engineering_learning/secrets/headers.json
2023-12-17 15:09:52,037 - utils - INFO - MAL Headers Loaded
2023-12-17 15:09:52,040 - utils - INFO - 
        SELECT date_pulled
        FROM `mal-data-engineering.my_anime_list.top_airing_anime`
        WHERE DATE(date_pulled) = DATE('2023-12-18')
        
2023-12-17 15:09:53,835 - utils - INFO - Table exists
2023-12-17 15:09:58,477 - utils - INFO - Top Airing Anime updated
