2023-12-06 15:11:36,059 - utils - INFO - Getting Keys. Current Working Directory: /__w/data_engineering_learning/data_engineering_learning
2023-12-06 15:11:36,059 - utils - INFO - Google Application Credentials Set
2023-12-06 15:11:36,059 - utils - INFO - /__w/data_engineering_learning/data_engineering_learning/secrets/headers.json
2023-12-06 15:11:36,059 - utils - INFO - MAL Headers Loaded
2023-12-06 15:11:36,059 - utils - INFO - Getting Keys. Current Working Directory: /__w/data_engineering_learning/data_engineering_learning
2023-12-06 15:11:36,059 - utils - INFO - Google Application Credentials Set
2023-12-06 15:11:36,059 - utils - INFO - /__w/data_engineering_learning/data_engineering_learning/secrets/headers.json
2023-12-06 15:11:36,059 - utils - INFO - MAL Headers Loaded
2023-12-06 15:11:36,063 - utils - INFO - 
        SELECT date_pulled
        FROM `mal-data-engineering.my_anime_list.top_airing_anime`
        WHERE DATE(date_pulled) = CURRENT_DATE('Asia/Tokyo')
        
2023-12-06 15:11:37,941 - utils - INFO - Top Airing Anime not yet updated. Pulling from API
2023-12-06 15:11:40,191 - utils - INFO - Getting Keys. Current Working Directory: /__w/data_engineering_learning/data_engineering_learning
2023-12-06 15:11:40,191 - utils - INFO - Google Application Credentials Set
2023-12-06 15:11:40,191 - utils - INFO - /__w/data_engineering_learning/data_engineering_learning/secrets/headers.json
2023-12-06 15:11:40,191 - utils - INFO - MAL Headers Loaded
2023-12-06 15:11:40,201 - utils - INFO - Getting Keys. Current Working Directory: /__w/data_engineering_learning/data_engineering_learning
2023-12-06 15:11:40,201 - utils - INFO - Google Application Credentials Set
2023-12-06 15:11:40,201 - utils - INFO - /__w/data_engineering_learning/data_engineering_learning/secrets/headers.json
2023-12-06 15:11:40,201 - utils - INFO - MAL Headers Loaded
2023-12-06 15:11:40,203 - utils - INFO - 
        SELECT date_pulled
        FROM `mal-data-engineering.my_anime_list.top_airing_anime`
        WHERE DATE(date_pulled) = DATE('2023-12-07')
        
2023-12-06 15:11:41,766 - utils - INFO - Table exists
2023-12-06 15:11:45,003 - utils - INFO - Top Airing Anime updated
