2023-11-25 15:09:35,384 - utils - INFO - Getting Keys. Current Working Directory: /__w/data_engineering_learning/data_engineering_learning
2023-11-25 15:09:35,384 - utils - INFO - Google Application Credentials Set
2023-11-25 15:09:35,384 - utils - INFO - /__w/data_engineering_learning/data_engineering_learning/secrets/headers.json
2023-11-25 15:09:35,384 - utils - INFO - MAL Headers Loaded
2023-11-25 15:09:35,384 - utils - INFO - Getting Keys. Current Working Directory: /__w/data_engineering_learning/data_engineering_learning
2023-11-25 15:09:35,384 - utils - INFO - Google Application Credentials Set
2023-11-25 15:09:35,384 - utils - INFO - /__w/data_engineering_learning/data_engineering_learning/secrets/headers.json
2023-11-25 15:09:35,384 - utils - INFO - MAL Headers Loaded
2023-11-25 15:09:35,388 - utils - INFO - 
        SELECT date_pulled
        FROM `mal-data-engineering.my_anime_list.top_airing_anime`
        WHERE DATE(date_pulled) = CURRENT_DATE('Asia/Tokyo')
        
2023-11-25 15:09:36,829 - utils - INFO - Top Airing Anime not yet updated. Pulling from API
2023-11-25 15:09:39,036 - utils - INFO - Getting Keys. Current Working Directory: /__w/data_engineering_learning/data_engineering_learning
2023-11-25 15:09:39,036 - utils - INFO - Google Application Credentials Set
2023-11-25 15:09:39,036 - utils - INFO - /__w/data_engineering_learning/data_engineering_learning/secrets/headers.json
2023-11-25 15:09:39,036 - utils - INFO - MAL Headers Loaded
2023-11-25 15:09:39,045 - utils - INFO - Getting Keys. Current Working Directory: /__w/data_engineering_learning/data_engineering_learning
2023-11-25 15:09:39,046 - utils - INFO - Google Application Credentials Set
2023-11-25 15:09:39,046 - utils - INFO - /__w/data_engineering_learning/data_engineering_learning/secrets/headers.json
2023-11-25 15:09:39,046 - utils - INFO - MAL Headers Loaded
2023-11-25 15:09:39,048 - utils - INFO - 
        SELECT date_pulled
        FROM `mal-data-engineering.my_anime_list.top_airing_anime`
        WHERE DATE(date_pulled) = DATE('2023-11-26')
        
2023-11-25 15:09:40,543 - utils - INFO - Table exists
2023-11-25 15:09:44,813 - utils - INFO - Top Airing Anime updated
