2023-10-21 15:09:14,883 - utils - INFO - Getting Keys. Current Working Directory: /__w/data_engineering_learning/data_engineering_learning
2023-10-21 15:09:14,883 - utils - INFO - Google Application Credentials Set
2023-10-21 15:09:14,884 - utils - INFO - /__w/data_engineering_learning/data_engineering_learning/secrets/headers.json
2023-10-21 15:09:14,884 - utils - INFO - MAL Headers Loaded
2023-10-21 15:09:14,884 - utils - INFO - Getting Keys. Current Working Directory: /__w/data_engineering_learning/data_engineering_learning
2023-10-21 15:09:14,884 - utils - INFO - Google Application Credentials Set
2023-10-21 15:09:14,884 - utils - INFO - /__w/data_engineering_learning/data_engineering_learning/secrets/headers.json
2023-10-21 15:09:14,884 - utils - INFO - MAL Headers Loaded
2023-10-21 15:09:14,890 - utils - INFO - 
        SELECT date_pulled
        FROM `mal-data-engineering.my_anime_list.top_airing_anime`
        WHERE DATE(date_pulled) = CURRENT_DATE('Asia/Tokyo')
        
2023-10-21 15:09:16,413 - utils - INFO - Top Airing Anime not yet updated. Pulling from API
2023-10-21 15:09:18,911 - utils - INFO - Getting Keys. Current Working Directory: /__w/data_engineering_learning/data_engineering_learning
2023-10-21 15:09:18,912 - utils - INFO - Google Application Credentials Set
2023-10-21 15:09:18,912 - utils - INFO - /__w/data_engineering_learning/data_engineering_learning/secrets/headers.json
2023-10-21 15:09:18,912 - utils - INFO - MAL Headers Loaded
2023-10-21 15:09:18,930 - utils - INFO - Getting Keys. Current Working Directory: /__w/data_engineering_learning/data_engineering_learning
2023-10-21 15:09:18,930 - utils - INFO - Google Application Credentials Set
2023-10-21 15:09:18,930 - utils - INFO - /__w/data_engineering_learning/data_engineering_learning/secrets/headers.json
2023-10-21 15:09:18,930 - utils - INFO - MAL Headers Loaded
2023-10-21 15:09:18,934 - utils - INFO - 
        SELECT date_pulled
        FROM `mal-data-engineering.my_anime_list.top_airing_anime`
        WHERE DATE(date_pulled) = DATE('2023-10-22')
        
2023-10-21 15:09:20,960 - utils - INFO - Table exists
2023-10-21 15:09:26,976 - utils - INFO - Top Airing Anime updated
