2023-11-29 15:11:09,555 - utils - INFO - Getting Keys. Current Working Directory: /__w/data_engineering_learning/data_engineering_learning
2023-11-29 15:11:09,556 - utils - INFO - Google Application Credentials Set
2023-11-29 15:11:09,556 - utils - INFO - /__w/data_engineering_learning/data_engineering_learning/secrets/headers.json
2023-11-29 15:11:09,556 - utils - INFO - MAL Headers Loaded
2023-11-29 15:11:09,556 - utils - INFO - Getting Keys. Current Working Directory: /__w/data_engineering_learning/data_engineering_learning
2023-11-29 15:11:09,556 - utils - INFO - Google Application Credentials Set
2023-11-29 15:11:09,556 - utils - INFO - /__w/data_engineering_learning/data_engineering_learning/secrets/headers.json
2023-11-29 15:11:09,556 - utils - INFO - MAL Headers Loaded
2023-11-29 15:11:09,560 - utils - INFO - 
        SELECT date_pulled
        FROM `mal-data-engineering.my_anime_list.top_airing_anime`
        WHERE DATE(date_pulled) = CURRENT_DATE('Asia/Tokyo')
        
2023-11-29 15:11:11,290 - utils - INFO - Top Airing Anime not yet updated. Pulling from API
2023-11-29 15:11:13,828 - utils - INFO - Getting Keys. Current Working Directory: /__w/data_engineering_learning/data_engineering_learning
2023-11-29 15:11:13,828 - utils - INFO - Google Application Credentials Set
2023-11-29 15:11:13,828 - utils - INFO - /__w/data_engineering_learning/data_engineering_learning/secrets/headers.json
2023-11-29 15:11:13,828 - utils - INFO - MAL Headers Loaded
2023-11-29 15:11:13,838 - utils - INFO - Getting Keys. Current Working Directory: /__w/data_engineering_learning/data_engineering_learning
2023-11-29 15:11:13,839 - utils - INFO - Google Application Credentials Set
2023-11-29 15:11:13,839 - utils - INFO - /__w/data_engineering_learning/data_engineering_learning/secrets/headers.json
2023-11-29 15:11:13,839 - utils - INFO - MAL Headers Loaded
2023-11-29 15:11:13,841 - utils - INFO - 
        SELECT date_pulled
        FROM `mal-data-engineering.my_anime_list.top_airing_anime`
        WHERE DATE(date_pulled) = DATE('2023-11-30')
        
2023-11-29 15:11:15,526 - utils - INFO - Table exists
2023-11-29 15:11:19,486 - utils - INFO - Top Airing Anime updated
