2023-11-02 15:10:52,127 - utils - INFO - Getting Keys. Current Working Directory: /__w/data_engineering_learning/data_engineering_learning
2023-11-02 15:10:52,127 - utils - INFO - Google Application Credentials Set
2023-11-02 15:10:52,127 - utils - INFO - /__w/data_engineering_learning/data_engineering_learning/secrets/headers.json
2023-11-02 15:10:52,128 - utils - INFO - MAL Headers Loaded
2023-11-02 15:10:52,128 - utils - INFO - Getting Keys. Current Working Directory: /__w/data_engineering_learning/data_engineering_learning
2023-11-02 15:10:52,128 - utils - INFO - Google Application Credentials Set
2023-11-02 15:10:52,128 - utils - INFO - /__w/data_engineering_learning/data_engineering_learning/secrets/headers.json
2023-11-02 15:10:52,128 - utils - INFO - MAL Headers Loaded
2023-11-02 15:10:52,133 - utils - INFO - 
        SELECT date_pulled
        FROM `mal-data-engineering.my_anime_list.top_airing_anime`
        WHERE DATE(date_pulled) = CURRENT_DATE('Asia/Tokyo')
        
2023-11-02 15:10:53,949 - utils - INFO - Top Airing Anime not yet updated. Pulling from API
2023-11-02 15:10:56,586 - utils - INFO - Getting Keys. Current Working Directory: /__w/data_engineering_learning/data_engineering_learning
2023-11-02 15:10:56,586 - utils - INFO - Google Application Credentials Set
2023-11-02 15:10:56,586 - utils - INFO - /__w/data_engineering_learning/data_engineering_learning/secrets/headers.json
2023-11-02 15:10:56,587 - utils - INFO - MAL Headers Loaded
2023-11-02 15:10:56,602 - utils - INFO - Getting Keys. Current Working Directory: /__w/data_engineering_learning/data_engineering_learning
2023-11-02 15:10:56,602 - utils - INFO - Google Application Credentials Set
2023-11-02 15:10:56,603 - utils - INFO - /__w/data_engineering_learning/data_engineering_learning/secrets/headers.json
2023-11-02 15:10:56,603 - utils - INFO - MAL Headers Loaded
2023-11-02 15:10:56,606 - utils - INFO - 
        SELECT date_pulled
        FROM `mal-data-engineering.my_anime_list.top_airing_anime`
        WHERE DATE(date_pulled) = DATE('2023-11-03')
        
2023-11-02 15:10:58,526 - utils - INFO - Table exists
2023-11-02 15:11:04,421 - utils - INFO - Top Airing Anime updated
