2023-12-11 15:11:39,825 - utils - INFO - Getting Keys. Current Working Directory: /__w/data_engineering_learning/data_engineering_learning
2023-12-11 15:11:39,825 - utils - INFO - Google Application Credentials Set
2023-12-11 15:11:39,825 - utils - INFO - /__w/data_engineering_learning/data_engineering_learning/secrets/headers.json
2023-12-11 15:11:39,825 - utils - INFO - MAL Headers Loaded
2023-12-11 15:11:39,825 - utils - INFO - Getting Keys. Current Working Directory: /__w/data_engineering_learning/data_engineering_learning
2023-12-11 15:11:39,825 - utils - INFO - Google Application Credentials Set
2023-12-11 15:11:39,825 - utils - INFO - /__w/data_engineering_learning/data_engineering_learning/secrets/headers.json
2023-12-11 15:11:39,825 - utils - INFO - MAL Headers Loaded
2023-12-11 15:11:39,829 - utils - INFO - 
        SELECT date_pulled
        FROM `mal-data-engineering.my_anime_list.top_airing_anime`
        WHERE DATE(date_pulled) = CURRENT_DATE('Asia/Tokyo')
        
2023-12-11 15:11:41,396 - utils - INFO - Top Airing Anime not yet updated. Pulling from API
2023-12-11 15:11:43,777 - utils - INFO - Getting Keys. Current Working Directory: /__w/data_engineering_learning/data_engineering_learning
2023-12-11 15:11:43,777 - utils - INFO - Google Application Credentials Set
2023-12-11 15:11:43,777 - utils - INFO - /__w/data_engineering_learning/data_engineering_learning/secrets/headers.json
2023-12-11 15:11:43,777 - utils - INFO - MAL Headers Loaded
2023-12-11 15:11:43,787 - utils - INFO - Getting Keys. Current Working Directory: /__w/data_engineering_learning/data_engineering_learning
2023-12-11 15:11:43,787 - utils - INFO - Google Application Credentials Set
2023-12-11 15:11:43,787 - utils - INFO - /__w/data_engineering_learning/data_engineering_learning/secrets/headers.json
2023-12-11 15:11:43,788 - utils - INFO - MAL Headers Loaded
2023-12-11 15:11:43,790 - utils - INFO - 
        SELECT date_pulled
        FROM `mal-data-engineering.my_anime_list.top_airing_anime`
        WHERE DATE(date_pulled) = DATE('2023-12-12')
        
2023-12-11 15:11:45,337 - utils - INFO - Table exists
2023-12-11 15:11:48,469 - utils - INFO - Top Airing Anime updated
