2023-12-25 15:11:15,532 - utils - INFO - Getting Keys. Current Working Directory: /__w/data_engineering_learning/data_engineering_learning
2023-12-25 15:11:15,532 - utils - INFO - Google Application Credentials Set
2023-12-25 15:11:15,532 - utils - INFO - /__w/data_engineering_learning/data_engineering_learning/secrets/headers.json
2023-12-25 15:11:15,532 - utils - INFO - MAL Headers Loaded
2023-12-25 15:11:15,532 - utils - INFO - Getting Keys. Current Working Directory: /__w/data_engineering_learning/data_engineering_learning
2023-12-25 15:11:15,532 - utils - INFO - Google Application Credentials Set
2023-12-25 15:11:15,532 - utils - INFO - /__w/data_engineering_learning/data_engineering_learning/secrets/headers.json
2023-12-25 15:11:15,532 - utils - INFO - MAL Headers Loaded
2023-12-25 15:11:15,535 - utils - INFO - 
        SELECT date_pulled
        FROM `mal-data-engineering.my_anime_list.top_airing_anime`
        WHERE DATE(date_pulled) = CURRENT_DATE('Asia/Tokyo')
        
2023-12-25 15:11:17,116 - utils - INFO - Top Airing Anime not yet updated. Pulling from API
2023-12-25 15:11:18,191 - utils - INFO - Getting Keys. Current Working Directory: /__w/data_engineering_learning/data_engineering_learning
2023-12-25 15:11:18,191 - utils - INFO - Google Application Credentials Set
2023-12-25 15:11:18,191 - utils - INFO - /__w/data_engineering_learning/data_engineering_learning/secrets/headers.json
2023-12-25 15:11:18,191 - utils - INFO - MAL Headers Loaded
2023-12-25 15:11:18,201 - utils - INFO - Getting Keys. Current Working Directory: /__w/data_engineering_learning/data_engineering_learning
2023-12-25 15:11:18,201 - utils - INFO - Google Application Credentials Set
2023-12-25 15:11:18,201 - utils - INFO - /__w/data_engineering_learning/data_engineering_learning/secrets/headers.json
2023-12-25 15:11:18,201 - utils - INFO - MAL Headers Loaded
2023-12-25 15:11:18,203 - utils - INFO - 
        SELECT date_pulled
        FROM `mal-data-engineering.my_anime_list.top_airing_anime`
        WHERE DATE(date_pulled) = DATE('2023-12-26')
        
2023-12-25 15:11:20,013 - utils - INFO - Table exists
2023-12-25 15:11:24,132 - utils - INFO - Top Airing Anime updated
