2023-11-13 15:10:59,805 - utils - INFO - Getting Keys. Current Working Directory: /__w/data_engineering_learning/data_engineering_learning
2023-11-13 15:10:59,805 - utils - INFO - Google Application Credentials Set
2023-11-13 15:10:59,805 - utils - INFO - /__w/data_engineering_learning/data_engineering_learning/secrets/headers.json
2023-11-13 15:10:59,805 - utils - INFO - MAL Headers Loaded
2023-11-13 15:10:59,805 - utils - INFO - Getting Keys. Current Working Directory: /__w/data_engineering_learning/data_engineering_learning
2023-11-13 15:10:59,805 - utils - INFO - Google Application Credentials Set
2023-11-13 15:10:59,805 - utils - INFO - /__w/data_engineering_learning/data_engineering_learning/secrets/headers.json
2023-11-13 15:10:59,805 - utils - INFO - MAL Headers Loaded
2023-11-13 15:10:59,808 - utils - INFO - 
        SELECT date_pulled
        FROM `mal-data-engineering.my_anime_list.top_airing_anime`
        WHERE DATE(date_pulled) = CURRENT_DATE('Asia/Tokyo')
        
2023-11-13 15:11:01,235 - utils - INFO - Top Airing Anime not yet updated. Pulling from API
2023-11-13 15:11:03,467 - utils - INFO - Getting Keys. Current Working Directory: /__w/data_engineering_learning/data_engineering_learning
2023-11-13 15:11:03,467 - utils - INFO - Google Application Credentials Set
2023-11-13 15:11:03,467 - utils - INFO - /__w/data_engineering_learning/data_engineering_learning/secrets/headers.json
2023-11-13 15:11:03,467 - utils - INFO - MAL Headers Loaded
2023-11-13 15:11:03,477 - utils - INFO - Getting Keys. Current Working Directory: /__w/data_engineering_learning/data_engineering_learning
2023-11-13 15:11:03,477 - utils - INFO - Google Application Credentials Set
2023-11-13 15:11:03,477 - utils - INFO - /__w/data_engineering_learning/data_engineering_learning/secrets/headers.json
2023-11-13 15:11:03,477 - utils - INFO - MAL Headers Loaded
2023-11-13 15:11:03,479 - utils - INFO - 
        SELECT date_pulled
        FROM `mal-data-engineering.my_anime_list.top_airing_anime`
        WHERE DATE(date_pulled) = DATE('2023-11-14')
        
2023-11-13 15:11:05,077 - utils - INFO - Table exists
2023-11-13 15:11:08,348 - utils - INFO - Top Airing Anime updated
