2023-10-23 15:10:55,406 - utils - INFO - Getting Keys. Current Working Directory: /__w/data_engineering_learning/data_engineering_learning
2023-10-23 15:10:55,406 - utils - INFO - Google Application Credentials Set
2023-10-23 15:10:55,406 - utils - INFO - /__w/data_engineering_learning/data_engineering_learning/secrets/headers.json
2023-10-23 15:10:55,406 - utils - INFO - MAL Headers Loaded
2023-10-23 15:10:55,407 - utils - INFO - Getting Keys. Current Working Directory: /__w/data_engineering_learning/data_engineering_learning
2023-10-23 15:10:55,407 - utils - INFO - Google Application Credentials Set
2023-10-23 15:10:55,407 - utils - INFO - /__w/data_engineering_learning/data_engineering_learning/secrets/headers.json
2023-10-23 15:10:55,407 - utils - INFO - MAL Headers Loaded
2023-10-23 15:10:55,411 - utils - INFO - 
        SELECT date_pulled
        FROM `mal-data-engineering.my_anime_list.top_airing_anime`
        WHERE DATE(date_pulled) = CURRENT_DATE('Asia/Tokyo')
        
2023-10-23 15:10:57,064 - utils - INFO - Top Airing Anime not yet updated. Pulling from API
2023-10-23 15:10:59,663 - utils - INFO - Getting Keys. Current Working Directory: /__w/data_engineering_learning/data_engineering_learning
2023-10-23 15:10:59,663 - utils - INFO - Google Application Credentials Set
2023-10-23 15:10:59,663 - utils - INFO - /__w/data_engineering_learning/data_engineering_learning/secrets/headers.json
2023-10-23 15:10:59,664 - utils - INFO - MAL Headers Loaded
2023-10-23 15:10:59,675 - utils - INFO - Getting Keys. Current Working Directory: /__w/data_engineering_learning/data_engineering_learning
2023-10-23 15:10:59,675 - utils - INFO - Google Application Credentials Set
2023-10-23 15:10:59,675 - utils - INFO - /__w/data_engineering_learning/data_engineering_learning/secrets/headers.json
2023-10-23 15:10:59,675 - utils - INFO - MAL Headers Loaded
2023-10-23 15:10:59,678 - utils - INFO - 
        SELECT date_pulled
        FROM `mal-data-engineering.my_anime_list.top_airing_anime`
        WHERE DATE(date_pulled) = DATE('2023-10-24')
        
2023-10-23 15:11:01,515 - utils - INFO - Table exists
2023-10-23 15:11:05,030 - utils - INFO - Top Airing Anime updated
