2023-12-22 15:10:29,704 - utils - INFO - Getting Keys. Current Working Directory: /__w/data_engineering_learning/data_engineering_learning
2023-12-22 15:10:29,704 - utils - INFO - Google Application Credentials Set
2023-12-22 15:10:29,704 - utils - INFO - /__w/data_engineering_learning/data_engineering_learning/secrets/headers.json
2023-12-22 15:10:29,704 - utils - INFO - MAL Headers Loaded
2023-12-22 15:10:29,704 - utils - INFO - Getting Keys. Current Working Directory: /__w/data_engineering_learning/data_engineering_learning
2023-12-22 15:10:29,704 - utils - INFO - Google Application Credentials Set
2023-12-22 15:10:29,704 - utils - INFO - /__w/data_engineering_learning/data_engineering_learning/secrets/headers.json
2023-12-22 15:10:29,704 - utils - INFO - MAL Headers Loaded
2023-12-22 15:10:29,708 - utils - INFO - 
        SELECT date_pulled
        FROM `mal-data-engineering.my_anime_list.top_airing_anime`
        WHERE DATE(date_pulled) = CURRENT_DATE('Asia/Tokyo')
        
2023-12-22 15:10:31,091 - utils - INFO - Top Airing Anime not yet updated. Pulling from API
2023-12-22 15:10:33,333 - utils - INFO - Getting Keys. Current Working Directory: /__w/data_engineering_learning/data_engineering_learning
2023-12-22 15:10:33,333 - utils - INFO - Google Application Credentials Set
2023-12-22 15:10:33,333 - utils - INFO - /__w/data_engineering_learning/data_engineering_learning/secrets/headers.json
2023-12-22 15:10:33,333 - utils - INFO - MAL Headers Loaded
2023-12-22 15:10:33,343 - utils - INFO - Getting Keys. Current Working Directory: /__w/data_engineering_learning/data_engineering_learning
2023-12-22 15:10:33,343 - utils - INFO - Google Application Credentials Set
2023-12-22 15:10:33,343 - utils - INFO - /__w/data_engineering_learning/data_engineering_learning/secrets/headers.json
2023-12-22 15:10:33,343 - utils - INFO - MAL Headers Loaded
2023-12-22 15:10:33,346 - utils - INFO - 
        SELECT date_pulled
        FROM `mal-data-engineering.my_anime_list.top_airing_anime`
        WHERE DATE(date_pulled) = DATE('2023-12-23')
        
2023-12-22 15:10:35,018 - utils - INFO - Table exists
2023-12-22 15:10:38,126 - utils - INFO - Top Airing Anime updated
