2023-10-22 15:09:11,706 - utils - INFO - Getting Keys. Current Working Directory: /__w/data_engineering_learning/data_engineering_learning
2023-10-22 15:09:11,706 - utils - INFO - Google Application Credentials Set
2023-10-22 15:09:11,706 - utils - INFO - /__w/data_engineering_learning/data_engineering_learning/secrets/headers.json
2023-10-22 15:09:11,707 - utils - INFO - MAL Headers Loaded
2023-10-22 15:09:11,707 - utils - INFO - Getting Keys. Current Working Directory: /__w/data_engineering_learning/data_engineering_learning
2023-10-22 15:09:11,707 - utils - INFO - Google Application Credentials Set
2023-10-22 15:09:11,707 - utils - INFO - /__w/data_engineering_learning/data_engineering_learning/secrets/headers.json
2023-10-22 15:09:11,707 - utils - INFO - MAL Headers Loaded
2023-10-22 15:09:11,711 - utils - INFO - 
        SELECT date_pulled
        FROM `mal-data-engineering.my_anime_list.top_airing_anime`
        WHERE DATE(date_pulled) = CURRENT_DATE('Asia/Tokyo')
        
2023-10-22 15:09:13,271 - utils - INFO - Top Airing Anime not yet updated. Pulling from API
2023-10-22 15:09:15,822 - utils - INFO - Getting Keys. Current Working Directory: /__w/data_engineering_learning/data_engineering_learning
2023-10-22 15:09:15,822 - utils - INFO - Google Application Credentials Set
2023-10-22 15:09:15,822 - utils - INFO - /__w/data_engineering_learning/data_engineering_learning/secrets/headers.json
2023-10-22 15:09:15,822 - utils - INFO - MAL Headers Loaded
2023-10-22 15:09:15,835 - utils - INFO - Getting Keys. Current Working Directory: /__w/data_engineering_learning/data_engineering_learning
2023-10-22 15:09:15,836 - utils - INFO - Google Application Credentials Set
2023-10-22 15:09:15,836 - utils - INFO - /__w/data_engineering_learning/data_engineering_learning/secrets/headers.json
2023-10-22 15:09:15,836 - utils - INFO - MAL Headers Loaded
2023-10-22 15:09:15,839 - utils - INFO - 
        SELECT date_pulled
        FROM `mal-data-engineering.my_anime_list.top_airing_anime`
        WHERE DATE(date_pulled) = DATE('2023-10-23')
        
2023-10-22 15:09:17,630 - utils - INFO - Table exists
2023-10-22 15:09:21,474 - utils - INFO - Top Airing Anime updated
