2023-12-16 15:09:31,416 - utils - INFO - Getting Keys. Current Working Directory: /__w/data_engineering_learning/data_engineering_learning
2023-12-16 15:09:31,416 - utils - INFO - Google Application Credentials Set
2023-12-16 15:09:31,416 - utils - INFO - /__w/data_engineering_learning/data_engineering_learning/secrets/headers.json
2023-12-16 15:09:31,417 - utils - INFO - MAL Headers Loaded
2023-12-16 15:09:31,417 - utils - INFO - Getting Keys. Current Working Directory: /__w/data_engineering_learning/data_engineering_learning
2023-12-16 15:09:31,417 - utils - INFO - Google Application Credentials Set
2023-12-16 15:09:31,417 - utils - INFO - /__w/data_engineering_learning/data_engineering_learning/secrets/headers.json
2023-12-16 15:09:31,417 - utils - INFO - MAL Headers Loaded
2023-12-16 15:09:31,420 - utils - INFO - 
        SELECT date_pulled
        FROM `mal-data-engineering.my_anime_list.top_airing_anime`
        WHERE DATE(date_pulled) = CURRENT_DATE('Asia/Tokyo')
        
2023-12-16 15:09:33,176 - utils - INFO - Top Airing Anime not yet updated. Pulling from API
2023-12-16 15:09:35,588 - utils - INFO - Getting Keys. Current Working Directory: /__w/data_engineering_learning/data_engineering_learning
2023-12-16 15:09:35,588 - utils - INFO - Google Application Credentials Set
2023-12-16 15:09:35,588 - utils - INFO - /__w/data_engineering_learning/data_engineering_learning/secrets/headers.json
2023-12-16 15:09:35,588 - utils - INFO - MAL Headers Loaded
2023-12-16 15:09:35,598 - utils - INFO - Getting Keys. Current Working Directory: /__w/data_engineering_learning/data_engineering_learning
2023-12-16 15:09:35,598 - utils - INFO - Google Application Credentials Set
2023-12-16 15:09:35,598 - utils - INFO - /__w/data_engineering_learning/data_engineering_learning/secrets/headers.json
2023-12-16 15:09:35,598 - utils - INFO - MAL Headers Loaded
2023-12-16 15:09:35,600 - utils - INFO - 
        SELECT date_pulled
        FROM `mal-data-engineering.my_anime_list.top_airing_anime`
        WHERE DATE(date_pulled) = DATE('2023-12-17')
        
2023-12-16 15:09:37,104 - utils - INFO - Table exists
2023-12-16 15:09:40,708 - utils - INFO - Top Airing Anime updated
