2024-03-29 15:10:12,306 - utils - INFO - Getting Keys. Current Working Directory: /__w/data_engineering_learning/data_engineering_learning
2024-03-29 15:10:12,306 - utils - INFO - Google Application Credentials Set
2024-03-29 15:10:12,306 - utils - INFO - /__w/data_engineering_learning/data_engineering_learning/secrets/headers.json
2024-03-29 15:10:12,306 - utils - INFO - MAL Headers Loaded
2024-03-29 15:10:12,306 - utils - INFO - Getting Keys. Current Working Directory: /__w/data_engineering_learning/data_engineering_learning
2024-03-29 15:10:12,306 - utils - INFO - Google Application Credentials Set
2024-03-29 15:10:12,306 - utils - INFO - /__w/data_engineering_learning/data_engineering_learning/secrets/headers.json
2024-03-29 15:10:12,307 - utils - INFO - MAL Headers Loaded
2024-03-29 15:10:12,310 - utils - INFO - 
        SELECT date_pulled
        FROM `mal-data-engineering.my_anime_list.top_airing_anime`
        WHERE DATE(date_pulled) = CURRENT_DATE('Asia/Tokyo')
        
2024-03-29 15:10:13,897 - utils - INFO - Top Airing Anime not yet updated. Pulling from API
2024-03-29 15:10:15,928 - utils - INFO - Getting Keys. Current Working Directory: /__w/data_engineering_learning/data_engineering_learning
2024-03-29 15:10:15,928 - utils - INFO - Google Application Credentials Set
2024-03-29 15:10:15,928 - utils - INFO - /__w/data_engineering_learning/data_engineering_learning/secrets/headers.json
2024-03-29 15:10:15,929 - utils - INFO - MAL Headers Loaded
2024-03-29 15:10:15,938 - utils - INFO - Getting Keys. Current Working Directory: /__w/data_engineering_learning/data_engineering_learning
2024-03-29 15:10:15,938 - utils - INFO - Google Application Credentials Set
2024-03-29 15:10:15,938 - utils - INFO - /__w/data_engineering_learning/data_engineering_learning/secrets/headers.json
2024-03-29 15:10:15,938 - utils - INFO - MAL Headers Loaded
2024-03-29 15:10:15,940 - utils - INFO - 
        SELECT date_pulled
        FROM `mal-data-engineering.my_anime_list.top_airing_anime`
        WHERE DATE(date_pulled) = DATE('2024-03-30')
        
2024-03-29 15:10:17,530 - utils - INFO - Table exists
2024-03-29 15:10:21,961 - utils - INFO - Top Airing Anime updated
