2024-09-07 15:12:11,470 - utils - INFO - Getting Keys. Current Working Directory: /__w/data_engineering_learning/data_engineering_learning
2024-09-07 15:12:11,470 - utils - INFO - Google Application Credentials Set
2024-09-07 15:12:11,470 - utils - INFO - /__w/data_engineering_learning/data_engineering_learning/secrets/headers.json
2024-09-07 15:12:11,470 - utils - INFO - MAL Headers Loaded
2024-09-07 15:12:11,470 - utils - INFO - Getting Keys. Current Working Directory: /__w/data_engineering_learning/data_engineering_learning
2024-09-07 15:12:11,470 - utils - INFO - Google Application Credentials Set
2024-09-07 15:12:11,470 - utils - INFO - /__w/data_engineering_learning/data_engineering_learning/secrets/headers.json
2024-09-07 15:12:11,470 - utils - INFO - MAL Headers Loaded
2024-09-07 15:12:11,474 - utils - INFO - 
        SELECT date_pulled
        FROM `mal-data-engineering.my_anime_list.top_airing_anime`
        WHERE DATE(date_pulled) = CURRENT_DATE('Asia/Tokyo')
        
2024-09-07 15:12:12,912 - utils - INFO - Top Airing Anime not yet updated. Pulling from API
2024-09-07 15:12:15,611 - utils - INFO - Getting Keys. Current Working Directory: /__w/data_engineering_learning/data_engineering_learning
2024-09-07 15:12:15,611 - utils - INFO - Google Application Credentials Set
2024-09-07 15:12:15,611 - utils - INFO - /__w/data_engineering_learning/data_engineering_learning/secrets/headers.json
2024-09-07 15:12:15,611 - utils - INFO - MAL Headers Loaded
2024-09-07 15:12:15,621 - utils - INFO - Getting Keys. Current Working Directory: /__w/data_engineering_learning/data_engineering_learning
2024-09-07 15:12:15,621 - utils - INFO - Google Application Credentials Set
2024-09-07 15:12:15,621 - utils - INFO - /__w/data_engineering_learning/data_engineering_learning/secrets/headers.json
2024-09-07 15:12:15,621 - utils - INFO - MAL Headers Loaded
2024-09-07 15:12:15,624 - utils - INFO - 
        SELECT date_pulled
        FROM `mal-data-engineering.my_anime_list.top_airing_anime`
        WHERE DATE(date_pulled) = DATE('2024-09-08')
        
2024-09-07 15:12:16,901 - utils - INFO - Table exists
2024-09-07 15:12:20,393 - utils - INFO - Top Airing Anime updated
