2024-04-18 15:11:23,395 - utils - INFO - Getting Keys. Current Working Directory: /__w/data_engineering_learning/data_engineering_learning
2024-04-18 15:11:23,395 - utils - INFO - Google Application Credentials Set
2024-04-18 15:11:23,395 - utils - INFO - /__w/data_engineering_learning/data_engineering_learning/secrets/headers.json
2024-04-18 15:11:23,396 - utils - INFO - MAL Headers Loaded
2024-04-18 15:11:23,396 - utils - INFO - Getting Keys. Current Working Directory: /__w/data_engineering_learning/data_engineering_learning
2024-04-18 15:11:23,396 - utils - INFO - Google Application Credentials Set
2024-04-18 15:11:23,396 - utils - INFO - /__w/data_engineering_learning/data_engineering_learning/secrets/headers.json
2024-04-18 15:11:23,396 - utils - INFO - MAL Headers Loaded
2024-04-18 15:11:23,399 - utils - INFO - 
        SELECT date_pulled
        FROM `mal-data-engineering.my_anime_list.top_airing_anime`
        WHERE DATE(date_pulled) = CURRENT_DATE('Asia/Tokyo')
        
2024-04-18 15:11:27,668 - utils - INFO - Top Airing Anime not yet updated. Pulling from API
2024-04-18 15:11:30,193 - utils - INFO - Getting Keys. Current Working Directory: /__w/data_engineering_learning/data_engineering_learning
2024-04-18 15:11:30,193 - utils - INFO - Google Application Credentials Set
2024-04-18 15:11:30,193 - utils - INFO - /__w/data_engineering_learning/data_engineering_learning/secrets/headers.json
2024-04-18 15:11:30,193 - utils - INFO - MAL Headers Loaded
2024-04-18 15:11:30,202 - utils - INFO - Getting Keys. Current Working Directory: /__w/data_engineering_learning/data_engineering_learning
2024-04-18 15:11:30,203 - utils - INFO - Google Application Credentials Set
2024-04-18 15:11:30,203 - utils - INFO - /__w/data_engineering_learning/data_engineering_learning/secrets/headers.json
2024-04-18 15:11:30,203 - utils - INFO - MAL Headers Loaded
2024-04-18 15:11:30,205 - utils - INFO - 
        SELECT date_pulled
        FROM `mal-data-engineering.my_anime_list.top_airing_anime`
        WHERE DATE(date_pulled) = DATE('2024-04-19')
        
2024-04-18 15:11:31,784 - utils - INFO - Table exists
2024-04-18 15:11:35,477 - utils - INFO - Top Airing Anime updated
