2024-01-03 15:10:40,045 - utils - INFO - Getting Keys. Current Working Directory: /__w/data_engineering_learning/data_engineering_learning
2024-01-03 15:10:40,045 - utils - INFO - Google Application Credentials Set
2024-01-03 15:10:40,045 - utils - INFO - /__w/data_engineering_learning/data_engineering_learning/secrets/headers.json
2024-01-03 15:10:40,045 - utils - INFO - MAL Headers Loaded
2024-01-03 15:10:40,045 - utils - INFO - Getting Keys. Current Working Directory: /__w/data_engineering_learning/data_engineering_learning
2024-01-03 15:10:40,045 - utils - INFO - Google Application Credentials Set
2024-01-03 15:10:40,045 - utils - INFO - /__w/data_engineering_learning/data_engineering_learning/secrets/headers.json
2024-01-03 15:10:40,045 - utils - INFO - MAL Headers Loaded
2024-01-03 15:10:40,049 - utils - INFO - 
        SELECT date_pulled
        FROM `mal-data-engineering.my_anime_list.top_airing_anime`
        WHERE DATE(date_pulled) = CURRENT_DATE('Asia/Tokyo')
        
2024-01-03 15:10:41,631 - utils - INFO - Top Airing Anime not yet updated. Pulling from API
2024-01-03 15:10:44,238 - utils - INFO - Getting Keys. Current Working Directory: /__w/data_engineering_learning/data_engineering_learning
2024-01-03 15:10:44,238 - utils - INFO - Google Application Credentials Set
2024-01-03 15:10:44,238 - utils - INFO - /__w/data_engineering_learning/data_engineering_learning/secrets/headers.json
2024-01-03 15:10:44,238 - utils - INFO - MAL Headers Loaded
2024-01-03 15:10:44,248 - utils - INFO - Getting Keys. Current Working Directory: /__w/data_engineering_learning/data_engineering_learning
2024-01-03 15:10:44,248 - utils - INFO - Google Application Credentials Set
2024-01-03 15:10:44,248 - utils - INFO - /__w/data_engineering_learning/data_engineering_learning/secrets/headers.json
2024-01-03 15:10:44,248 - utils - INFO - MAL Headers Loaded
2024-01-03 15:10:44,250 - utils - INFO - 
        SELECT date_pulled
        FROM `mal-data-engineering.my_anime_list.top_airing_anime`
        WHERE DATE(date_pulled) = DATE('2024-01-04')
        
2024-01-03 15:10:45,971 - utils - INFO - Table exists
2024-01-03 15:10:50,727 - utils - INFO - Top Airing Anime updated
