2024-02-06 15:10:35,602 - utils - INFO - Getting Keys. Current Working Directory: /__w/data_engineering_learning/data_engineering_learning
2024-02-06 15:10:35,603 - utils - INFO - Google Application Credentials Set
2024-02-06 15:10:35,603 - utils - INFO - /__w/data_engineering_learning/data_engineering_learning/secrets/headers.json
2024-02-06 15:10:35,603 - utils - INFO - MAL Headers Loaded
2024-02-06 15:10:35,603 - utils - INFO - Getting Keys. Current Working Directory: /__w/data_engineering_learning/data_engineering_learning
2024-02-06 15:10:35,603 - utils - INFO - Google Application Credentials Set
2024-02-06 15:10:35,603 - utils - INFO - /__w/data_engineering_learning/data_engineering_learning/secrets/headers.json
2024-02-06 15:10:35,603 - utils - INFO - MAL Headers Loaded
2024-02-06 15:10:35,606 - utils - INFO - 
        SELECT date_pulled
        FROM `mal-data-engineering.my_anime_list.top_airing_anime`
        WHERE DATE(date_pulled) = CURRENT_DATE('Asia/Tokyo')
        
2024-02-06 15:10:37,416 - utils - INFO - Top Airing Anime not yet updated. Pulling from API
2024-02-06 15:10:39,482 - utils - INFO - Getting Keys. Current Working Directory: /__w/data_engineering_learning/data_engineering_learning
2024-02-06 15:10:39,482 - utils - INFO - Google Application Credentials Set
2024-02-06 15:10:39,482 - utils - INFO - /__w/data_engineering_learning/data_engineering_learning/secrets/headers.json
2024-02-06 15:10:39,482 - utils - INFO - MAL Headers Loaded
2024-02-06 15:10:39,492 - utils - INFO - Getting Keys. Current Working Directory: /__w/data_engineering_learning/data_engineering_learning
2024-02-06 15:10:39,492 - utils - INFO - Google Application Credentials Set
2024-02-06 15:10:39,492 - utils - INFO - /__w/data_engineering_learning/data_engineering_learning/secrets/headers.json
2024-02-06 15:10:39,492 - utils - INFO - MAL Headers Loaded
2024-02-06 15:10:39,494 - utils - INFO - 
        SELECT date_pulled
        FROM `mal-data-engineering.my_anime_list.top_airing_anime`
        WHERE DATE(date_pulled) = DATE('2024-02-07')
        
2024-02-06 15:10:41,203 - utils - INFO - Table exists
2024-02-06 15:10:45,535 - utils - INFO - Top Airing Anime updated
