2024-02-01 15:09:36,294 - utils - INFO - Getting Keys. Current Working Directory: /__w/data_engineering_learning/data_engineering_learning
2024-02-01 15:09:36,294 - utils - INFO - Google Application Credentials Set
2024-02-01 15:09:36,294 - utils - INFO - /__w/data_engineering_learning/data_engineering_learning/secrets/headers.json
2024-02-01 15:09:36,294 - utils - INFO - MAL Headers Loaded
2024-02-01 15:09:36,294 - utils - INFO - Getting Keys. Current Working Directory: /__w/data_engineering_learning/data_engineering_learning
2024-02-01 15:09:36,294 - utils - INFO - Google Application Credentials Set
2024-02-01 15:09:36,294 - utils - INFO - /__w/data_engineering_learning/data_engineering_learning/secrets/headers.json
2024-02-01 15:09:36,295 - utils - INFO - MAL Headers Loaded
2024-02-01 15:09:36,298 - utils - INFO - 
        SELECT date_pulled
        FROM `mal-data-engineering.my_anime_list.top_airing_anime`
        WHERE DATE(date_pulled) = CURRENT_DATE('Asia/Tokyo')
        
2024-02-01 15:09:37,763 - utils - INFO - Top Airing Anime not yet updated. Pulling from API
2024-02-01 15:09:40,309 - utils - INFO - Getting Keys. Current Working Directory: /__w/data_engineering_learning/data_engineering_learning
2024-02-01 15:09:40,309 - utils - INFO - Google Application Credentials Set
2024-02-01 15:09:40,309 - utils - INFO - /__w/data_engineering_learning/data_engineering_learning/secrets/headers.json
2024-02-01 15:09:40,309 - utils - INFO - MAL Headers Loaded
2024-02-01 15:09:40,319 - utils - INFO - Getting Keys. Current Working Directory: /__w/data_engineering_learning/data_engineering_learning
2024-02-01 15:09:40,319 - utils - INFO - Google Application Credentials Set
2024-02-01 15:09:40,319 - utils - INFO - /__w/data_engineering_learning/data_engineering_learning/secrets/headers.json
2024-02-01 15:09:40,319 - utils - INFO - MAL Headers Loaded
2024-02-01 15:09:40,321 - utils - INFO - 
        SELECT date_pulled
        FROM `mal-data-engineering.my_anime_list.top_airing_anime`
        WHERE DATE(date_pulled) = DATE('2024-02-02')
        
2024-02-01 15:09:41,905 - utils - INFO - Table exists
2024-02-01 15:09:45,261 - utils - INFO - Top Airing Anime updated
