2024-09-01 15:11:30,939 - utils - INFO - Getting Keys. Current Working Directory: /__w/data_engineering_learning/data_engineering_learning
2024-09-01 15:11:30,939 - utils - INFO - Google Application Credentials Set
2024-09-01 15:11:30,939 - utils - INFO - /__w/data_engineering_learning/data_engineering_learning/secrets/headers.json
2024-09-01 15:11:30,939 - utils - INFO - MAL Headers Loaded
2024-09-01 15:11:30,939 - utils - INFO - Getting Keys. Current Working Directory: /__w/data_engineering_learning/data_engineering_learning
2024-09-01 15:11:30,939 - utils - INFO - Google Application Credentials Set
2024-09-01 15:11:30,939 - utils - INFO - /__w/data_engineering_learning/data_engineering_learning/secrets/headers.json
2024-09-01 15:11:30,939 - utils - INFO - MAL Headers Loaded
2024-09-01 15:11:30,943 - utils - INFO - 
        SELECT date_pulled
        FROM `mal-data-engineering.my_anime_list.top_airing_anime`
        WHERE DATE(date_pulled) = CURRENT_DATE('Asia/Tokyo')
        
2024-09-01 15:11:32,435 - utils - INFO - Top Airing Anime not yet updated. Pulling from API
2024-09-01 15:11:34,908 - utils - INFO - Getting Keys. Current Working Directory: /__w/data_engineering_learning/data_engineering_learning
2024-09-01 15:11:34,908 - utils - INFO - Google Application Credentials Set
2024-09-01 15:11:34,908 - utils - INFO - /__w/data_engineering_learning/data_engineering_learning/secrets/headers.json
2024-09-01 15:11:34,908 - utils - INFO - MAL Headers Loaded
2024-09-01 15:11:34,918 - utils - INFO - Getting Keys. Current Working Directory: /__w/data_engineering_learning/data_engineering_learning
2024-09-01 15:11:34,918 - utils - INFO - Google Application Credentials Set
2024-09-01 15:11:34,918 - utils - INFO - /__w/data_engineering_learning/data_engineering_learning/secrets/headers.json
2024-09-01 15:11:34,918 - utils - INFO - MAL Headers Loaded
2024-09-01 15:11:34,920 - utils - INFO - 
        SELECT date_pulled
        FROM `mal-data-engineering.my_anime_list.top_airing_anime`
        WHERE DATE(date_pulled) = DATE('2024-09-02')
        
2024-09-01 15:11:36,270 - utils - INFO - Table exists
2024-09-01 15:11:40,377 - utils - INFO - Top Airing Anime updated
