2024-02-17 15:10:02,875 - utils - INFO - Getting Keys. Current Working Directory: /__w/data_engineering_learning/data_engineering_learning
2024-02-17 15:10:02,875 - utils - INFO - Google Application Credentials Set
2024-02-17 15:10:02,875 - utils - INFO - /__w/data_engineering_learning/data_engineering_learning/secrets/headers.json
2024-02-17 15:10:02,875 - utils - INFO - MAL Headers Loaded
2024-02-17 15:10:02,875 - utils - INFO - Getting Keys. Current Working Directory: /__w/data_engineering_learning/data_engineering_learning
2024-02-17 15:10:02,876 - utils - INFO - Google Application Credentials Set
2024-02-17 15:10:02,876 - utils - INFO - /__w/data_engineering_learning/data_engineering_learning/secrets/headers.json
2024-02-17 15:10:02,876 - utils - INFO - MAL Headers Loaded
2024-02-17 15:10:02,879 - utils - INFO - 
        SELECT date_pulled
        FROM `mal-data-engineering.my_anime_list.top_airing_anime`
        WHERE DATE(date_pulled) = CURRENT_DATE('Asia/Tokyo')
        
2024-02-17 15:10:04,227 - utils - INFO - Top Airing Anime not yet updated. Pulling from API
2024-02-17 15:10:06,366 - utils - INFO - Getting Keys. Current Working Directory: /__w/data_engineering_learning/data_engineering_learning
2024-02-17 15:10:06,366 - utils - INFO - Google Application Credentials Set
2024-02-17 15:10:06,366 - utils - INFO - /__w/data_engineering_learning/data_engineering_learning/secrets/headers.json
2024-02-17 15:10:06,366 - utils - INFO - MAL Headers Loaded
2024-02-17 15:10:06,376 - utils - INFO - Getting Keys. Current Working Directory: /__w/data_engineering_learning/data_engineering_learning
2024-02-17 15:10:06,376 - utils - INFO - Google Application Credentials Set
2024-02-17 15:10:06,376 - utils - INFO - /__w/data_engineering_learning/data_engineering_learning/secrets/headers.json
2024-02-17 15:10:06,376 - utils - INFO - MAL Headers Loaded
2024-02-17 15:10:06,379 - utils - INFO - 
        SELECT date_pulled
        FROM `mal-data-engineering.my_anime_list.top_airing_anime`
        WHERE DATE(date_pulled) = DATE('2024-02-18')
        
2024-02-17 15:10:07,949 - utils - INFO - Table exists
2024-02-17 15:10:10,866 - utils - INFO - Top Airing Anime updated
