2024-11-13 15:13:32,637 - utils - INFO - Getting Keys. Current Working Directory: /__w/data_engineering_learning/data_engineering_learning
2024-11-13 15:13:32,638 - utils - INFO - Google Application Credentials Set
2024-11-13 15:13:32,638 - utils - INFO - /__w/data_engineering_learning/data_engineering_learning/secrets/headers.json
2024-11-13 15:13:32,638 - utils - INFO - MAL Headers Loaded
2024-11-13 15:13:32,638 - utils - INFO - Getting Keys. Current Working Directory: /__w/data_engineering_learning/data_engineering_learning
2024-11-13 15:13:32,638 - utils - INFO - Google Application Credentials Set
2024-11-13 15:13:32,638 - utils - INFO - /__w/data_engineering_learning/data_engineering_learning/secrets/headers.json
2024-11-13 15:13:32,638 - utils - INFO - MAL Headers Loaded
2024-11-13 15:13:32,642 - utils - INFO - 
        SELECT date_pulled
        FROM `mal-data-engineering.my_anime_list.top_airing_anime`
        WHERE DATE(date_pulled) = CURRENT_DATE('Asia/Tokyo')
        
2024-11-13 15:13:33,788 - utils - INFO - Top Airing Anime not yet updated. Pulling from API
2024-11-13 15:13:36,272 - utils - INFO - Getting Keys. Current Working Directory: /__w/data_engineering_learning/data_engineering_learning
2024-11-13 15:13:36,272 - utils - INFO - Google Application Credentials Set
2024-11-13 15:13:36,272 - utils - INFO - /__w/data_engineering_learning/data_engineering_learning/secrets/headers.json
2024-11-13 15:13:36,272 - utils - INFO - MAL Headers Loaded
2024-11-13 15:13:36,282 - utils - INFO - Getting Keys. Current Working Directory: /__w/data_engineering_learning/data_engineering_learning
2024-11-13 15:13:36,282 - utils - INFO - Google Application Credentials Set
2024-11-13 15:13:36,282 - utils - INFO - /__w/data_engineering_learning/data_engineering_learning/secrets/headers.json
2024-11-13 15:13:36,282 - utils - INFO - MAL Headers Loaded
2024-11-13 15:13:36,285 - utils - INFO - 
        SELECT date_pulled
        FROM `mal-data-engineering.my_anime_list.top_airing_anime`
        WHERE DATE(date_pulled) = DATE('2024-11-14')
        
2024-11-13 15:13:37,583 - utils - INFO - Table exists
2024-11-13 15:13:42,184 - utils - INFO - Top Airing Anime updated
