2024-08-12 15:13:50,917 - utils - INFO - Getting Keys. Current Working Directory: /__w/data_engineering_learning/data_engineering_learning
2024-08-12 15:13:50,917 - utils - INFO - Google Application Credentials Set
2024-08-12 15:13:50,917 - utils - INFO - /__w/data_engineering_learning/data_engineering_learning/secrets/headers.json
2024-08-12 15:13:50,917 - utils - INFO - MAL Headers Loaded
2024-08-12 15:13:50,918 - utils - INFO - Getting Keys. Current Working Directory: /__w/data_engineering_learning/data_engineering_learning
2024-08-12 15:13:50,918 - utils - INFO - Google Application Credentials Set
2024-08-12 15:13:50,918 - utils - INFO - /__w/data_engineering_learning/data_engineering_learning/secrets/headers.json
2024-08-12 15:13:50,918 - utils - INFO - MAL Headers Loaded
2024-08-12 15:13:50,921 - utils - INFO - 
        SELECT date_pulled
        FROM `mal-data-engineering.my_anime_list.top_airing_anime`
        WHERE DATE(date_pulled) = CURRENT_DATE('Asia/Tokyo')
        
2024-08-12 15:13:52,320 - utils - INFO - Top Airing Anime not yet updated. Pulling from API
2024-08-12 15:13:55,056 - utils - INFO - Getting Keys. Current Working Directory: /__w/data_engineering_learning/data_engineering_learning
2024-08-12 15:13:55,056 - utils - INFO - Google Application Credentials Set
2024-08-12 15:13:55,056 - utils - INFO - /__w/data_engineering_learning/data_engineering_learning/secrets/headers.json
2024-08-12 15:13:55,056 - utils - INFO - MAL Headers Loaded
2024-08-12 15:13:55,066 - utils - INFO - Getting Keys. Current Working Directory: /__w/data_engineering_learning/data_engineering_learning
2024-08-12 15:13:55,066 - utils - INFO - Google Application Credentials Set
2024-08-12 15:13:55,066 - utils - INFO - /__w/data_engineering_learning/data_engineering_learning/secrets/headers.json
2024-08-12 15:13:55,066 - utils - INFO - MAL Headers Loaded
2024-08-12 15:13:55,069 - utils - INFO - 
        SELECT date_pulled
        FROM `mal-data-engineering.my_anime_list.top_airing_anime`
        WHERE DATE(date_pulled) = DATE('2024-08-13')
        
2024-08-12 15:13:56,593 - utils - INFO - Table exists
2024-08-12 15:14:01,376 - utils - INFO - Top Airing Anime updated
