2024-02-03 15:09:09,157 - utils - INFO - Getting Keys. Current Working Directory: /__w/data_engineering_learning/data_engineering_learning
2024-02-03 15:09:09,157 - utils - INFO - Google Application Credentials Set
2024-02-03 15:09:09,157 - utils - INFO - /__w/data_engineering_learning/data_engineering_learning/secrets/headers.json
2024-02-03 15:09:09,157 - utils - INFO - MAL Headers Loaded
2024-02-03 15:09:09,157 - utils - INFO - Getting Keys. Current Working Directory: /__w/data_engineering_learning/data_engineering_learning
2024-02-03 15:09:09,157 - utils - INFO - Google Application Credentials Set
2024-02-03 15:09:09,157 - utils - INFO - /__w/data_engineering_learning/data_engineering_learning/secrets/headers.json
2024-02-03 15:09:09,157 - utils - INFO - MAL Headers Loaded
2024-02-03 15:09:09,161 - utils - INFO - 
        SELECT date_pulled
        FROM `mal-data-engineering.my_anime_list.top_airing_anime`
        WHERE DATE(date_pulled) = CURRENT_DATE('Asia/Tokyo')
        
2024-02-03 15:09:10,835 - utils - INFO - Top Airing Anime not yet updated. Pulling from API
2024-02-03 15:09:13,441 - utils - INFO - Getting Keys. Current Working Directory: /__w/data_engineering_learning/data_engineering_learning
2024-02-03 15:09:13,441 - utils - INFO - Google Application Credentials Set
2024-02-03 15:09:13,441 - utils - INFO - /__w/data_engineering_learning/data_engineering_learning/secrets/headers.json
2024-02-03 15:09:13,442 - utils - INFO - MAL Headers Loaded
2024-02-03 15:09:13,452 - utils - INFO - Getting Keys. Current Working Directory: /__w/data_engineering_learning/data_engineering_learning
2024-02-03 15:09:13,452 - utils - INFO - Google Application Credentials Set
2024-02-03 15:09:13,452 - utils - INFO - /__w/data_engineering_learning/data_engineering_learning/secrets/headers.json
2024-02-03 15:09:13,452 - utils - INFO - MAL Headers Loaded
2024-02-03 15:09:13,454 - utils - INFO - 
        SELECT date_pulled
        FROM `mal-data-engineering.my_anime_list.top_airing_anime`
        WHERE DATE(date_pulled) = DATE('2024-02-04')
        
2024-02-03 15:09:15,280 - utils - INFO - Table exists
2024-02-03 15:09:18,502 - utils - INFO - Top Airing Anime updated
