2024-06-09 15:10:49,870 - utils - INFO - Getting Keys. Current Working Directory: /__w/data_engineering_learning/data_engineering_learning
2024-06-09 15:10:49,870 - utils - INFO - Google Application Credentials Set
2024-06-09 15:10:49,870 - utils - INFO - /__w/data_engineering_learning/data_engineering_learning/secrets/headers.json
2024-06-09 15:10:49,871 - utils - INFO - MAL Headers Loaded
2024-06-09 15:10:49,871 - utils - INFO - Getting Keys. Current Working Directory: /__w/data_engineering_learning/data_engineering_learning
2024-06-09 15:10:49,871 - utils - INFO - Google Application Credentials Set
2024-06-09 15:10:49,871 - utils - INFO - /__w/data_engineering_learning/data_engineering_learning/secrets/headers.json
2024-06-09 15:10:49,871 - utils - INFO - MAL Headers Loaded
2024-06-09 15:10:49,874 - utils - INFO - 
        SELECT date_pulled
        FROM `mal-data-engineering.my_anime_list.top_airing_anime`
        WHERE DATE(date_pulled) = CURRENT_DATE('Asia/Tokyo')
        
2024-06-09 15:10:51,167 - utils - INFO - Top Airing Anime not yet updated. Pulling from API
2024-06-09 15:10:53,438 - utils - INFO - Getting Keys. Current Working Directory: /__w/data_engineering_learning/data_engineering_learning
2024-06-09 15:10:53,438 - utils - INFO - Google Application Credentials Set
2024-06-09 15:10:53,438 - utils - INFO - /__w/data_engineering_learning/data_engineering_learning/secrets/headers.json
2024-06-09 15:10:53,438 - utils - INFO - MAL Headers Loaded
2024-06-09 15:10:53,447 - utils - INFO - Getting Keys. Current Working Directory: /__w/data_engineering_learning/data_engineering_learning
2024-06-09 15:10:53,447 - utils - INFO - Google Application Credentials Set
2024-06-09 15:10:53,447 - utils - INFO - /__w/data_engineering_learning/data_engineering_learning/secrets/headers.json
2024-06-09 15:10:53,448 - utils - INFO - MAL Headers Loaded
2024-06-09 15:10:53,450 - utils - INFO - 
        SELECT date_pulled
        FROM `mal-data-engineering.my_anime_list.top_airing_anime`
        WHERE DATE(date_pulled) = DATE('2024-06-10')
        
2024-06-09 15:10:54,831 - utils - INFO - Table exists
2024-06-09 15:11:00,800 - utils - INFO - Top Airing Anime updated
2024-06-09 15:26:33,574 - utils - INFO - Getting Keys. Current Working Directory: /__w/data_engineering_learning/data_engineering_learning
2024-06-09 15:26:33,574 - utils - INFO - Google Application Credentials Set
2024-06-09 15:26:33,574 - utils - INFO - /__w/data_engineering_learning/data_engineering_learning/secrets/headers.json
2024-06-09 15:26:33,574 - utils - INFO - MAL Headers Loaded
2024-06-09 15:26:33,574 - utils - INFO - Getting Keys. Current Working Directory: /__w/data_engineering_learning/data_engineering_learning
2024-06-09 15:26:33,575 - utils - INFO - Google Application Credentials Set
2024-06-09 15:26:33,575 - utils - INFO - /__w/data_engineering_learning/data_engineering_learning/secrets/headers.json
2024-06-09 15:26:33,575 - utils - INFO - MAL Headers Loaded
2024-06-09 15:26:33,578 - utils - INFO - 
        SELECT date_pulled
        FROM `mal-data-engineering.my_anime_list.weekly_top_10`
        WHERE DATE(date_pulled) = CURRENT_DATE('Asia/Tokyo')
        
2024-06-09 15:26:34,707 - utils - INFO - 
        WITH ranked_anime AS (
            SELECT
                tw.date_pulled,
                tw.myanimelist_id,
                tw.title,
                tw.rank,
                tw.score,
                (tw.rank - lw.rank) as rank_change,
                (tw.score - lw.score) as score_change,
                ROW_NUMBER() OVER (PARTITION BY tw.date_pulled ORDER BY tw.rank) AS rank_within_date
            FROM
                (SELECT * FROM `mal-data-engineering.my_anime_list.top_airing_anime`
                  WHERE DATE(date_pulled) = CURRENT_DATE('Asia/Tokyo')
                ) AS tw
            LEFT JOIN
                (SELECT * FROM `mal-data-engineering.my_anime_list.top_airing_anime`
                  WHERE DATE(date_pulled) = DATE_ADD(CURRENT_DATE('Asia/Tokyo'), INTERVAL -7 DAY)
                ) AS lw
            ON
                tw.myanimelist_id = lw.myanimelist_id
            )

            SELECT
            date_pulled,
            myanimelist_id,
            title,
            rank,
            score,
            rank_change,
            score_change
            FROM
            ranked_anime
            WHERE
            rank_within_date <= 10
            ORDER BY
            rank_within_date,
            date_pulled DESC
            ;
        
2024-06-09 15:26:37,237 - utils - INFO - Table exists
2024-06-09 15:26:40,675 - utils - INFO - Weekly Top 10 table updated
2024-06-09 15:36:36,839 - utils - INFO - Getting Keys. Current Working Directory: /__w/data_engineering_learning/data_engineering_learning
2024-06-09 15:36:36,839 - utils - INFO - Google Application Credentials Set
2024-06-09 15:36:36,839 - utils - INFO - /__w/data_engineering_learning/data_engineering_learning/secrets/headers.json
2024-06-09 15:36:36,839 - utils - INFO - MAL Headers Loaded
2024-06-09 15:36:36,839 - utils - INFO - Getting Keys. Current Working Directory: /__w/data_engineering_learning/data_engineering_learning
2024-06-09 15:36:36,839 - utils - INFO - Google Application Credentials Set
2024-06-09 15:36:36,839 - utils - INFO - /__w/data_engineering_learning/data_engineering_learning/secrets/headers.json
2024-06-09 15:36:36,839 - utils - INFO - MAL Headers Loaded
2024-06-09 15:36:36,843 - utils - INFO - 
        SELECT DISTINCT(taa.myanimelist_id)
        FROM `mal-data-engineering.my_anime_list.top_airing_anime` AS taa
        LEFT JOIN `mal-data-engineering.my_anime_list.anime_info` AS ai
        ON taa.myanimelist_id = ai.myanimelist_id
        WHERE DATE(taa.date_pulled) = CURRENT_DATE()
        AND ai.myanimelist_id IS NULL
        
2024-06-09 15:36:38,080 - utils - INFO - Anime ids not in table yet: 4
2024-06-09 15:36:43,021 - utils - INFO - Getting Keys. Current Working Directory: /__w/data_engineering_learning/data_engineering_learning
2024-06-09 15:36:43,021 - utils - INFO - Google Application Credentials Set
2024-06-09 15:36:43,021 - utils - INFO - /__w/data_engineering_learning/data_engineering_learning/secrets/headers.json
2024-06-09 15:36:43,022 - utils - INFO - MAL Headers Loaded
2024-06-09 15:36:43,022 - utils - INFO - Getting Keys. Current Working Directory: /__w/data_engineering_learning/data_engineering_learning
2024-06-09 15:36:43,022 - utils - INFO - Google Application Credentials Set
2024-06-09 15:36:43,022 - utils - INFO - /__w/data_engineering_learning/data_engineering_learning/secrets/headers.json
2024-06-09 15:36:43,022 - utils - INFO - MAL Headers Loaded
2024-06-09 15:36:43,024 - utils - INFO - 
        SELECT DISTINCT(taa.myanimelist_id)
        FROM `mal-data-engineering.my_anime_list.top_airing_anime` AS taa
        LEFT JOIN `mal-data-engineering.my_anime_list.anime_info` AS ai
        ON taa.myanimelist_id = ai.myanimelist_id
        WHERE DATE(taa.date_pulled) = CURRENT_DATE()
        AND ai.myanimelist_id IS NULL
        
2024-06-09 15:36:44,072 - utils - INFO - Anime ids not in table yet: 4
2024-06-09 15:36:44,087 - utils - INFO - Anime Info rows to upload:1
2024-06-09 15:36:44,349 - utils - INFO - Table exists
