2024-07-11 15:12:12,703 - utils - INFO - Getting Keys. Current Working Directory: /__w/data_engineering_learning/data_engineering_learning
2024-07-11 15:12:12,704 - utils - INFO - Google Application Credentials Set
2024-07-11 15:12:12,704 - utils - INFO - /__w/data_engineering_learning/data_engineering_learning/secrets/headers.json
2024-07-11 15:12:12,704 - utils - INFO - MAL Headers Loaded
2024-07-11 15:12:12,704 - utils - INFO - Getting Keys. Current Working Directory: /__w/data_engineering_learning/data_engineering_learning
2024-07-11 15:12:12,704 - utils - INFO - Google Application Credentials Set
2024-07-11 15:12:12,704 - utils - INFO - /__w/data_engineering_learning/data_engineering_learning/secrets/headers.json
2024-07-11 15:12:12,704 - utils - INFO - MAL Headers Loaded
2024-07-11 15:12:12,707 - utils - INFO - 
        SELECT date_pulled
        FROM `mal-data-engineering.my_anime_list.top_airing_anime`
        WHERE DATE(date_pulled) = CURRENT_DATE('Asia/Tokyo')
        
2024-07-11 15:12:14,128 - utils - INFO - Top Airing Anime not yet updated. Pulling from API
2024-07-11 15:12:17,018 - utils - INFO - Getting Keys. Current Working Directory: /__w/data_engineering_learning/data_engineering_learning
2024-07-11 15:12:17,018 - utils - INFO - Google Application Credentials Set
2024-07-11 15:12:17,018 - utils - INFO - /__w/data_engineering_learning/data_engineering_learning/secrets/headers.json
2024-07-11 15:12:17,018 - utils - INFO - MAL Headers Loaded
2024-07-11 15:12:17,027 - utils - INFO - Getting Keys. Current Working Directory: /__w/data_engineering_learning/data_engineering_learning
2024-07-11 15:12:17,027 - utils - INFO - Google Application Credentials Set
2024-07-11 15:12:17,028 - utils - INFO - /__w/data_engineering_learning/data_engineering_learning/secrets/headers.json
2024-07-11 15:12:17,028 - utils - INFO - MAL Headers Loaded
2024-07-11 15:12:17,030 - utils - INFO - 
        SELECT date_pulled
        FROM `mal-data-engineering.my_anime_list.top_airing_anime`
        WHERE DATE(date_pulled) = DATE('2024-07-12')
        
2024-07-11 15:12:18,517 - utils - INFO - Table exists
2024-07-11 15:12:23,569 - utils - INFO - Top Airing Anime updated
