2024-03-12 15:10:18,822 - utils - INFO - Getting Keys. Current Working Directory: /__w/data_engineering_learning/data_engineering_learning
2024-03-12 15:10:18,822 - utils - INFO - Google Application Credentials Set
2024-03-12 15:10:18,822 - utils - INFO - /__w/data_engineering_learning/data_engineering_learning/secrets/headers.json
2024-03-12 15:10:18,822 - utils - INFO - MAL Headers Loaded
2024-03-12 15:10:18,822 - utils - INFO - Getting Keys. Current Working Directory: /__w/data_engineering_learning/data_engineering_learning
2024-03-12 15:10:18,822 - utils - INFO - Google Application Credentials Set
2024-03-12 15:10:18,822 - utils - INFO - /__w/data_engineering_learning/data_engineering_learning/secrets/headers.json
2024-03-12 15:10:18,822 - utils - INFO - MAL Headers Loaded
2024-03-12 15:10:18,826 - utils - INFO - 
        SELECT date_pulled
        FROM `mal-data-engineering.my_anime_list.top_airing_anime`
        WHERE DATE(date_pulled) = CURRENT_DATE('Asia/Tokyo')
        
2024-03-12 15:10:20,354 - utils - INFO - Top Airing Anime not yet updated. Pulling from API
2024-03-12 15:10:22,514 - utils - INFO - Getting Keys. Current Working Directory: /__w/data_engineering_learning/data_engineering_learning
2024-03-12 15:10:22,515 - utils - INFO - Google Application Credentials Set
2024-03-12 15:10:22,515 - utils - INFO - /__w/data_engineering_learning/data_engineering_learning/secrets/headers.json
2024-03-12 15:10:22,515 - utils - INFO - MAL Headers Loaded
2024-03-12 15:10:22,525 - utils - INFO - Getting Keys. Current Working Directory: /__w/data_engineering_learning/data_engineering_learning
2024-03-12 15:10:22,525 - utils - INFO - Google Application Credentials Set
2024-03-12 15:10:22,525 - utils - INFO - /__w/data_engineering_learning/data_engineering_learning/secrets/headers.json
2024-03-12 15:10:22,525 - utils - INFO - MAL Headers Loaded
2024-03-12 15:10:22,528 - utils - INFO - 
        SELECT date_pulled
        FROM `mal-data-engineering.my_anime_list.top_airing_anime`
        WHERE DATE(date_pulled) = DATE('2024-03-13')
        
2024-03-12 15:10:24,124 - utils - INFO - Table exists
2024-03-12 15:10:27,242 - utils - INFO - Top Airing Anime updated
