2024-04-07 15:10:39,657 - utils - INFO - Getting Keys. Current Working Directory: /__w/data_engineering_learning/data_engineering_learning
2024-04-07 15:10:39,657 - utils - INFO - Google Application Credentials Set
2024-04-07 15:10:39,657 - utils - INFO - /__w/data_engineering_learning/data_engineering_learning/secrets/headers.json
2024-04-07 15:10:39,657 - utils - INFO - MAL Headers Loaded
2024-04-07 15:10:39,657 - utils - INFO - Getting Keys. Current Working Directory: /__w/data_engineering_learning/data_engineering_learning
2024-04-07 15:10:39,657 - utils - INFO - Google Application Credentials Set
2024-04-07 15:10:39,657 - utils - INFO - /__w/data_engineering_learning/data_engineering_learning/secrets/headers.json
2024-04-07 15:10:39,657 - utils - INFO - MAL Headers Loaded
2024-04-07 15:10:39,660 - utils - INFO - 
        SELECT date_pulled
        FROM `mal-data-engineering.my_anime_list.top_airing_anime`
        WHERE DATE(date_pulled) = CURRENT_DATE('Asia/Tokyo')
        
2024-04-07 15:10:41,461 - utils - INFO - Top Airing Anime not yet updated. Pulling from API
2024-04-07 15:10:43,575 - utils - INFO - Getting Keys. Current Working Directory: /__w/data_engineering_learning/data_engineering_learning
2024-04-07 15:10:43,575 - utils - INFO - Google Application Credentials Set
2024-04-07 15:10:43,575 - utils - INFO - /__w/data_engineering_learning/data_engineering_learning/secrets/headers.json
2024-04-07 15:10:43,575 - utils - INFO - MAL Headers Loaded
2024-04-07 15:10:43,585 - utils - INFO - Getting Keys. Current Working Directory: /__w/data_engineering_learning/data_engineering_learning
2024-04-07 15:10:43,586 - utils - INFO - Google Application Credentials Set
2024-04-07 15:10:43,586 - utils - INFO - /__w/data_engineering_learning/data_engineering_learning/secrets/headers.json
2024-04-07 15:10:43,586 - utils - INFO - MAL Headers Loaded
2024-04-07 15:10:43,588 - utils - INFO - 
        SELECT date_pulled
        FROM `mal-data-engineering.my_anime_list.top_airing_anime`
        WHERE DATE(date_pulled) = DATE('2024-04-08')
        
2024-04-07 15:10:45,162 - utils - INFO - Table exists
2024-04-07 15:10:48,010 - utils - INFO - Top Airing Anime updated
2024-04-07 15:23:49,677 - utils - INFO - Getting Keys. Current Working Directory: /__w/data_engineering_learning/data_engineering_learning
2024-04-07 15:23:49,677 - utils - INFO - Google Application Credentials Set
2024-04-07 15:23:49,677 - utils - INFO - /__w/data_engineering_learning/data_engineering_learning/secrets/headers.json
2024-04-07 15:23:49,677 - utils - INFO - MAL Headers Loaded
2024-04-07 15:23:49,677 - utils - INFO - Getting Keys. Current Working Directory: /__w/data_engineering_learning/data_engineering_learning
2024-04-07 15:23:49,677 - utils - INFO - Google Application Credentials Set
2024-04-07 15:23:49,677 - utils - INFO - /__w/data_engineering_learning/data_engineering_learning/secrets/headers.json
2024-04-07 15:23:49,677 - utils - INFO - MAL Headers Loaded
2024-04-07 15:23:49,681 - utils - INFO - 
        SELECT date_pulled
        FROM `mal-data-engineering.my_anime_list.weekly_top_10`
        WHERE DATE(date_pulled) = CURRENT_DATE('Asia/Tokyo')
        
2024-04-07 15:23:51,062 - utils - INFO - 
        WITH ranked_anime AS (
            SELECT
                tw.date_pulled,
                tw.myanimelist_id,
                tw.title,
                tw.rank,
                tw.score,
                (tw.rank - lw.rank) as rank_change,
                (tw.score - lw.score) as score_change,
                ROW_NUMBER() OVER (PARTITION BY tw.date_pulled ORDER BY tw.rank) AS rank_within_date
            FROM
                (SELECT * FROM `mal-data-engineering.my_anime_list.top_airing_anime`
                  WHERE DATE(date_pulled) = CURRENT_DATE('Asia/Tokyo')
                ) AS tw
            LEFT JOIN
                (SELECT * FROM `mal-data-engineering.my_anime_list.top_airing_anime`
                  WHERE DATE(date_pulled) = DATE_ADD(CURRENT_DATE('Asia/Tokyo'), INTERVAL -7 DAY)
                ) AS lw
            ON
                tw.myanimelist_id = lw.myanimelist_id
            )

            SELECT
            date_pulled,
            myanimelist_id,
            title,
            rank,
            score,
            rank_change,
            score_change
            FROM
            ranked_anime
            WHERE
            rank_within_date <= 10
            ORDER BY
            rank_within_date,
            date_pulled DESC
            ;
        
2024-04-07 15:23:54,514 - utils - INFO - Table exists
2024-04-07 15:23:57,842 - utils - INFO - Weekly Top 10 table updated
2024-04-07 15:36:35,692 - utils - INFO - Getting Keys. Current Working Directory: /__w/data_engineering_learning/data_engineering_learning
2024-04-07 15:36:35,692 - utils - INFO - Google Application Credentials Set
2024-04-07 15:36:35,692 - utils - INFO - /__w/data_engineering_learning/data_engineering_learning/secrets/headers.json
2024-04-07 15:36:35,693 - utils - INFO - MAL Headers Loaded
2024-04-07 15:36:35,693 - utils - INFO - Getting Keys. Current Working Directory: /__w/data_engineering_learning/data_engineering_learning
2024-04-07 15:36:35,693 - utils - INFO - Google Application Credentials Set
2024-04-07 15:36:35,693 - utils - INFO - /__w/data_engineering_learning/data_engineering_learning/secrets/headers.json
2024-04-07 15:36:35,693 - utils - INFO - MAL Headers Loaded
2024-04-07 15:36:35,696 - utils - INFO - 
        SELECT DISTINCT(taa.myanimelist_id)
        FROM `mal-data-engineering.my_anime_list.top_airing_anime` AS taa
        LEFT JOIN `mal-data-engineering.my_anime_list.anime_info` AS ai
        ON taa.myanimelist_id = ai.myanimelist_id
        WHERE DATE(taa.date_pulled) = CURRENT_DATE()
        AND ai.myanimelist_id IS NULL
        
2024-04-07 15:36:37,835 - utils - INFO - Anime ids not in table yet: 33
2024-04-07 15:37:07,999 - utils - INFO - Getting Keys. Current Working Directory: /__w/data_engineering_learning/data_engineering_learning
2024-04-07 15:37:07,999 - utils - INFO - Google Application Credentials Set
2024-04-07 15:37:07,999 - utils - INFO - /__w/data_engineering_learning/data_engineering_learning/secrets/headers.json
2024-04-07 15:37:07,999 - utils - INFO - MAL Headers Loaded
2024-04-07 15:37:07,999 - utils - INFO - Getting Keys. Current Working Directory: /__w/data_engineering_learning/data_engineering_learning
2024-04-07 15:37:07,999 - utils - INFO - Google Application Credentials Set
2024-04-07 15:37:07,999 - utils - INFO - /__w/data_engineering_learning/data_engineering_learning/secrets/headers.json
2024-04-07 15:37:07,999 - utils - INFO - MAL Headers Loaded
2024-04-07 15:37:08,002 - utils - INFO - 
        SELECT DISTINCT(taa.myanimelist_id)
        FROM `mal-data-engineering.my_anime_list.top_airing_anime` AS taa
        LEFT JOIN `mal-data-engineering.my_anime_list.anime_info` AS ai
        ON taa.myanimelist_id = ai.myanimelist_id
        WHERE DATE(taa.date_pulled) = CURRENT_DATE()
        AND ai.myanimelist_id IS NULL
        
2024-04-07 15:37:09,280 - utils - INFO - Anime ids not in table yet: 33
2024-04-07 15:37:09,293 - utils - INFO - Anime Info rows to upload:11
2024-04-07 15:37:09,639 - utils - INFO - Table exists
