2024-03-04 15:11:39,462 - utils - INFO - Getting Keys. Current Working Directory: /__w/data_engineering_learning/data_engineering_learning
2024-03-04 15:11:39,463 - utils - INFO - Google Application Credentials Set
2024-03-04 15:11:39,463 - utils - INFO - /__w/data_engineering_learning/data_engineering_learning/secrets/headers.json
2024-03-04 15:11:39,463 - utils - INFO - MAL Headers Loaded
2024-03-04 15:11:39,463 - utils - INFO - Getting Keys. Current Working Directory: /__w/data_engineering_learning/data_engineering_learning
2024-03-04 15:11:39,463 - utils - INFO - Google Application Credentials Set
2024-03-04 15:11:39,463 - utils - INFO - /__w/data_engineering_learning/data_engineering_learning/secrets/headers.json
2024-03-04 15:11:39,463 - utils - INFO - MAL Headers Loaded
2024-03-04 15:11:39,466 - utils - INFO - 
        SELECT date_pulled
        FROM `mal-data-engineering.my_anime_list.top_airing_anime`
        WHERE DATE(date_pulled) = CURRENT_DATE('Asia/Tokyo')
        
2024-03-04 15:11:41,207 - utils - INFO - Top Airing Anime not yet updated. Pulling from API
2024-03-04 15:11:43,724 - utils - INFO - Getting Keys. Current Working Directory: /__w/data_engineering_learning/data_engineering_learning
2024-03-04 15:11:43,724 - utils - INFO - Google Application Credentials Set
2024-03-04 15:11:43,724 - utils - INFO - /__w/data_engineering_learning/data_engineering_learning/secrets/headers.json
2024-03-04 15:11:43,724 - utils - INFO - MAL Headers Loaded
2024-03-04 15:11:43,733 - utils - INFO - Getting Keys. Current Working Directory: /__w/data_engineering_learning/data_engineering_learning
2024-03-04 15:11:43,733 - utils - INFO - Google Application Credentials Set
2024-03-04 15:11:43,733 - utils - INFO - /__w/data_engineering_learning/data_engineering_learning/secrets/headers.json
2024-03-04 15:11:43,733 - utils - INFO - MAL Headers Loaded
2024-03-04 15:11:43,736 - utils - INFO - 
        SELECT date_pulled
        FROM `mal-data-engineering.my_anime_list.top_airing_anime`
        WHERE DATE(date_pulled) = DATE('2024-03-05')
        
2024-03-04 15:11:45,572 - utils - INFO - Table exists
2024-03-04 15:11:50,798 - utils - INFO - Top Airing Anime updated
