2024-05-10 15:10:40,661 - utils - INFO - Getting Keys. Current Working Directory: /__w/data_engineering_learning/data_engineering_learning
2024-05-10 15:10:40,661 - utils - INFO - Google Application Credentials Set
2024-05-10 15:10:40,661 - utils - INFO - /__w/data_engineering_learning/data_engineering_learning/secrets/headers.json
2024-05-10 15:10:40,661 - utils - INFO - MAL Headers Loaded
2024-05-10 15:10:40,661 - utils - INFO - Getting Keys. Current Working Directory: /__w/data_engineering_learning/data_engineering_learning
2024-05-10 15:10:40,661 - utils - INFO - Google Application Credentials Set
2024-05-10 15:10:40,661 - utils - INFO - /__w/data_engineering_learning/data_engineering_learning/secrets/headers.json
2024-05-10 15:10:40,661 - utils - INFO - MAL Headers Loaded
2024-05-10 15:10:40,665 - utils - INFO - 
        SELECT date_pulled
        FROM `mal-data-engineering.my_anime_list.top_airing_anime`
        WHERE DATE(date_pulled) = CURRENT_DATE('Asia/Tokyo')
        
2024-05-10 15:10:41,943 - utils - INFO - Top Airing Anime not yet updated. Pulling from API
2024-05-10 15:10:43,219 - utils - INFO - Getting Keys. Current Working Directory: /__w/data_engineering_learning/data_engineering_learning
2024-05-10 15:10:43,220 - utils - INFO - Google Application Credentials Set
2024-05-10 15:10:43,220 - utils - INFO - /__w/data_engineering_learning/data_engineering_learning/secrets/headers.json
2024-05-10 15:10:43,220 - utils - INFO - MAL Headers Loaded
2024-05-10 15:10:43,229 - utils - INFO - Getting Keys. Current Working Directory: /__w/data_engineering_learning/data_engineering_learning
2024-05-10 15:10:43,229 - utils - INFO - Google Application Credentials Set
2024-05-10 15:10:43,229 - utils - INFO - /__w/data_engineering_learning/data_engineering_learning/secrets/headers.json
2024-05-10 15:10:43,229 - utils - INFO - MAL Headers Loaded
2024-05-10 15:10:43,231 - utils - INFO - 
        SELECT date_pulled
        FROM `mal-data-engineering.my_anime_list.top_airing_anime`
        WHERE DATE(date_pulled) = DATE('2024-05-11')
        
2024-05-10 15:10:44,508 - utils - INFO - Table exists
2024-05-10 15:10:48,025 - utils - INFO - Top Airing Anime updated
