2024-03-02 15:09:35,915 - utils - INFO - Getting Keys. Current Working Directory: /__w/data_engineering_learning/data_engineering_learning
2024-03-02 15:09:35,915 - utils - INFO - Google Application Credentials Set
2024-03-02 15:09:35,915 - utils - INFO - /__w/data_engineering_learning/data_engineering_learning/secrets/headers.json
2024-03-02 15:09:35,915 - utils - INFO - MAL Headers Loaded
2024-03-02 15:09:35,915 - utils - INFO - Getting Keys. Current Working Directory: /__w/data_engineering_learning/data_engineering_learning
2024-03-02 15:09:35,915 - utils - INFO - Google Application Credentials Set
2024-03-02 15:09:35,915 - utils - INFO - /__w/data_engineering_learning/data_engineering_learning/secrets/headers.json
2024-03-02 15:09:35,915 - utils - INFO - MAL Headers Loaded
2024-03-02 15:09:35,919 - utils - INFO - 
        SELECT date_pulled
        FROM `mal-data-engineering.my_anime_list.top_airing_anime`
        WHERE DATE(date_pulled) = CURRENT_DATE('Asia/Tokyo')
        
2024-03-02 15:09:37,357 - utils - INFO - Top Airing Anime not yet updated. Pulling from API
2024-03-02 15:09:39,909 - utils - INFO - Getting Keys. Current Working Directory: /__w/data_engineering_learning/data_engineering_learning
2024-03-02 15:09:39,909 - utils - INFO - Google Application Credentials Set
2024-03-02 15:09:39,909 - utils - INFO - /__w/data_engineering_learning/data_engineering_learning/secrets/headers.json
2024-03-02 15:09:39,909 - utils - INFO - MAL Headers Loaded
2024-03-02 15:09:39,919 - utils - INFO - Getting Keys. Current Working Directory: /__w/data_engineering_learning/data_engineering_learning
2024-03-02 15:09:39,920 - utils - INFO - Google Application Credentials Set
2024-03-02 15:09:39,920 - utils - INFO - /__w/data_engineering_learning/data_engineering_learning/secrets/headers.json
2024-03-02 15:09:39,920 - utils - INFO - MAL Headers Loaded
2024-03-02 15:09:39,922 - utils - INFO - 
        SELECT date_pulled
        FROM `mal-data-engineering.my_anime_list.top_airing_anime`
        WHERE DATE(date_pulled) = DATE('2024-03-03')
        
2024-03-02 15:09:41,708 - utils - INFO - Table exists
2024-03-02 15:09:46,237 - utils - INFO - Top Airing Anime updated
