2024-10-19 15:12:02,819 - utils - INFO - Getting Keys. Current Working Directory: /__w/data_engineering_learning/data_engineering_learning
2024-10-19 15:12:02,819 - utils - INFO - Google Application Credentials Set
2024-10-19 15:12:02,819 - utils - INFO - /__w/data_engineering_learning/data_engineering_learning/secrets/headers.json
2024-10-19 15:12:02,819 - utils - INFO - MAL Headers Loaded
2024-10-19 15:12:02,819 - utils - INFO - Getting Keys. Current Working Directory: /__w/data_engineering_learning/data_engineering_learning
2024-10-19 15:12:02,819 - utils - INFO - Google Application Credentials Set
2024-10-19 15:12:02,819 - utils - INFO - /__w/data_engineering_learning/data_engineering_learning/secrets/headers.json
2024-10-19 15:12:02,820 - utils - INFO - MAL Headers Loaded
2024-10-19 15:12:02,823 - utils - INFO - 
        SELECT date_pulled
        FROM `mal-data-engineering.my_anime_list.top_airing_anime`
        WHERE DATE(date_pulled) = CURRENT_DATE('Asia/Tokyo')
        
2024-10-19 15:12:04,276 - utils - INFO - Top Airing Anime not yet updated. Pulling from API
2024-10-19 15:12:07,228 - utils - INFO - Getting Keys. Current Working Directory: /__w/data_engineering_learning/data_engineering_learning
2024-10-19 15:12:07,228 - utils - INFO - Google Application Credentials Set
2024-10-19 15:12:07,228 - utils - INFO - /__w/data_engineering_learning/data_engineering_learning/secrets/headers.json
2024-10-19 15:12:07,228 - utils - INFO - MAL Headers Loaded
2024-10-19 15:12:07,238 - utils - INFO - Getting Keys. Current Working Directory: /__w/data_engineering_learning/data_engineering_learning
2024-10-19 15:12:07,238 - utils - INFO - Google Application Credentials Set
2024-10-19 15:12:07,238 - utils - INFO - /__w/data_engineering_learning/data_engineering_learning/secrets/headers.json
2024-10-19 15:12:07,238 - utils - INFO - MAL Headers Loaded
2024-10-19 15:12:07,240 - utils - INFO - 
        SELECT date_pulled
        FROM `mal-data-engineering.my_anime_list.top_airing_anime`
        WHERE DATE(date_pulled) = DATE('2024-10-20')
        
2024-10-19 15:12:08,627 - utils - INFO - Table exists
2024-10-19 15:12:12,583 - utils - INFO - Top Airing Anime updated
