2024-08-03 15:10:51,458 - utils - INFO - Getting Keys. Current Working Directory: /__w/data_engineering_learning/data_engineering_learning
2024-08-03 15:10:51,458 - utils - INFO - Google Application Credentials Set
2024-08-03 15:10:51,458 - utils - INFO - /__w/data_engineering_learning/data_engineering_learning/secrets/headers.json
2024-08-03 15:10:51,458 - utils - INFO - MAL Headers Loaded
2024-08-03 15:10:51,458 - utils - INFO - Getting Keys. Current Working Directory: /__w/data_engineering_learning/data_engineering_learning
2024-08-03 15:10:51,458 - utils - INFO - Google Application Credentials Set
2024-08-03 15:10:51,459 - utils - INFO - /__w/data_engineering_learning/data_engineering_learning/secrets/headers.json
2024-08-03 15:10:51,459 - utils - INFO - MAL Headers Loaded
2024-08-03 15:10:51,462 - utils - INFO - 
        SELECT date_pulled
        FROM `mal-data-engineering.my_anime_list.top_airing_anime`
        WHERE DATE(date_pulled) = CURRENT_DATE('Asia/Tokyo')
        
2024-08-03 15:10:52,788 - utils - INFO - Top Airing Anime not yet updated. Pulling from API
2024-08-03 15:10:53,509 - utils - INFO - Getting Keys. Current Working Directory: /__w/data_engineering_learning/data_engineering_learning
2024-08-03 15:10:53,509 - utils - INFO - Google Application Credentials Set
2024-08-03 15:10:53,509 - utils - INFO - /__w/data_engineering_learning/data_engineering_learning/secrets/headers.json
2024-08-03 15:10:53,510 - utils - INFO - MAL Headers Loaded
2024-08-03 15:10:53,519 - utils - INFO - Getting Keys. Current Working Directory: /__w/data_engineering_learning/data_engineering_learning
2024-08-03 15:10:53,519 - utils - INFO - Google Application Credentials Set
2024-08-03 15:10:53,519 - utils - INFO - /__w/data_engineering_learning/data_engineering_learning/secrets/headers.json
2024-08-03 15:10:53,519 - utils - INFO - MAL Headers Loaded
2024-08-03 15:10:53,521 - utils - INFO - 
        SELECT date_pulled
        FROM `mal-data-engineering.my_anime_list.top_airing_anime`
        WHERE DATE(date_pulled) = DATE('2024-08-04')
        
2024-08-03 15:10:54,769 - utils - INFO - Table exists
2024-08-03 15:10:58,284 - utils - INFO - Top Airing Anime updated
