2024-04-12 15:10:14,762 - utils - INFO - Getting Keys. Current Working Directory: /__w/data_engineering_learning/data_engineering_learning
2024-04-12 15:10:14,762 - utils - INFO - Google Application Credentials Set
2024-04-12 15:10:14,762 - utils - INFO - /__w/data_engineering_learning/data_engineering_learning/secrets/headers.json
2024-04-12 15:10:14,762 - utils - INFO - MAL Headers Loaded
2024-04-12 15:10:14,762 - utils - INFO - Getting Keys. Current Working Directory: /__w/data_engineering_learning/data_engineering_learning
2024-04-12 15:10:14,762 - utils - INFO - Google Application Credentials Set
2024-04-12 15:10:14,762 - utils - INFO - /__w/data_engineering_learning/data_engineering_learning/secrets/headers.json
2024-04-12 15:10:14,762 - utils - INFO - MAL Headers Loaded
2024-04-12 15:10:14,766 - utils - INFO - 
        SELECT date_pulled
        FROM `mal-data-engineering.my_anime_list.top_airing_anime`
        WHERE DATE(date_pulled) = CURRENT_DATE('Asia/Tokyo')
        
2024-04-12 15:10:16,319 - utils - INFO - Top Airing Anime not yet updated. Pulling from API
2024-04-12 15:10:16,979 - utils - INFO - Getting Keys. Current Working Directory: /__w/data_engineering_learning/data_engineering_learning
2024-04-12 15:10:16,979 - utils - INFO - Google Application Credentials Set
2024-04-12 15:10:16,979 - utils - INFO - /__w/data_engineering_learning/data_engineering_learning/secrets/headers.json
2024-04-12 15:10:16,979 - utils - INFO - MAL Headers Loaded
2024-04-12 15:10:16,989 - utils - INFO - Getting Keys. Current Working Directory: /__w/data_engineering_learning/data_engineering_learning
2024-04-12 15:10:16,989 - utils - INFO - Google Application Credentials Set
2024-04-12 15:10:16,989 - utils - INFO - /__w/data_engineering_learning/data_engineering_learning/secrets/headers.json
2024-04-12 15:10:16,989 - utils - INFO - MAL Headers Loaded
2024-04-12 15:10:16,991 - utils - INFO - 
        SELECT date_pulled
        FROM `mal-data-engineering.my_anime_list.top_airing_anime`
        WHERE DATE(date_pulled) = DATE('2024-04-13')
        
2024-04-12 15:10:18,574 - utils - INFO - Table exists
2024-04-12 15:10:21,890 - utils - INFO - Top Airing Anime updated
