2024-02-28 15:10:26,211 - utils - INFO - Getting Keys. Current Working Directory: /__w/data_engineering_learning/data_engineering_learning
2024-02-28 15:10:26,211 - utils - INFO - Google Application Credentials Set
2024-02-28 15:10:26,211 - utils - INFO - /__w/data_engineering_learning/data_engineering_learning/secrets/headers.json
2024-02-28 15:10:26,211 - utils - INFO - MAL Headers Loaded
2024-02-28 15:10:26,211 - utils - INFO - Getting Keys. Current Working Directory: /__w/data_engineering_learning/data_engineering_learning
2024-02-28 15:10:26,211 - utils - INFO - Google Application Credentials Set
2024-02-28 15:10:26,211 - utils - INFO - /__w/data_engineering_learning/data_engineering_learning/secrets/headers.json
2024-02-28 15:10:26,211 - utils - INFO - MAL Headers Loaded
2024-02-28 15:10:26,215 - utils - INFO - 
        SELECT date_pulled
        FROM `mal-data-engineering.my_anime_list.top_airing_anime`
        WHERE DATE(date_pulled) = CURRENT_DATE('Asia/Tokyo')
        
2024-02-28 15:10:31,866 - utils - INFO - Top Airing Anime not yet updated. Pulling from API
2024-02-28 15:10:34,098 - utils - INFO - Getting Keys. Current Working Directory: /__w/data_engineering_learning/data_engineering_learning
2024-02-28 15:10:34,098 - utils - INFO - Google Application Credentials Set
2024-02-28 15:10:34,098 - utils - INFO - /__w/data_engineering_learning/data_engineering_learning/secrets/headers.json
2024-02-28 15:10:34,098 - utils - INFO - MAL Headers Loaded
2024-02-28 15:10:34,107 - utils - INFO - Getting Keys. Current Working Directory: /__w/data_engineering_learning/data_engineering_learning
2024-02-28 15:10:34,108 - utils - INFO - Google Application Credentials Set
2024-02-28 15:10:34,108 - utils - INFO - /__w/data_engineering_learning/data_engineering_learning/secrets/headers.json
2024-02-28 15:10:34,108 - utils - INFO - MAL Headers Loaded
2024-02-28 15:10:34,110 - utils - INFO - 
        SELECT date_pulled
        FROM `mal-data-engineering.my_anime_list.top_airing_anime`
        WHERE DATE(date_pulled) = DATE('2024-02-29')
        
2024-02-28 15:10:35,831 - utils - INFO - Table exists
2024-02-28 15:10:41,144 - utils - INFO - Top Airing Anime updated
