2024-05-01 15:10:27,278 - utils - INFO - Getting Keys. Current Working Directory: /__w/data_engineering_learning/data_engineering_learning
2024-05-01 15:10:27,278 - utils - INFO - Google Application Credentials Set
2024-05-01 15:10:27,278 - utils - INFO - /__w/data_engineering_learning/data_engineering_learning/secrets/headers.json
2024-05-01 15:10:27,278 - utils - INFO - MAL Headers Loaded
2024-05-01 15:10:27,278 - utils - INFO - Getting Keys. Current Working Directory: /__w/data_engineering_learning/data_engineering_learning
2024-05-01 15:10:27,278 - utils - INFO - Google Application Credentials Set
2024-05-01 15:10:27,278 - utils - INFO - /__w/data_engineering_learning/data_engineering_learning/secrets/headers.json
2024-05-01 15:10:27,279 - utils - INFO - MAL Headers Loaded
2024-05-01 15:10:27,282 - utils - INFO - 
        SELECT date_pulled
        FROM `mal-data-engineering.my_anime_list.top_airing_anime`
        WHERE DATE(date_pulled) = CURRENT_DATE('Asia/Tokyo')
        
2024-05-01 15:10:28,934 - utils - INFO - Top Airing Anime not yet updated. Pulling from API
2024-05-01 15:10:31,260 - utils - INFO - Getting Keys. Current Working Directory: /__w/data_engineering_learning/data_engineering_learning
2024-05-01 15:10:31,260 - utils - INFO - Google Application Credentials Set
2024-05-01 15:10:31,260 - utils - INFO - /__w/data_engineering_learning/data_engineering_learning/secrets/headers.json
2024-05-01 15:10:31,260 - utils - INFO - MAL Headers Loaded
2024-05-01 15:10:31,270 - utils - INFO - Getting Keys. Current Working Directory: /__w/data_engineering_learning/data_engineering_learning
2024-05-01 15:10:31,270 - utils - INFO - Google Application Credentials Set
2024-05-01 15:10:31,270 - utils - INFO - /__w/data_engineering_learning/data_engineering_learning/secrets/headers.json
2024-05-01 15:10:31,270 - utils - INFO - MAL Headers Loaded
2024-05-01 15:10:31,273 - utils - INFO - 
        SELECT date_pulled
        FROM `mal-data-engineering.my_anime_list.top_airing_anime`
        WHERE DATE(date_pulled) = DATE('2024-05-02')
        
2024-05-01 15:10:33,057 - utils - INFO - Table exists
2024-05-01 15:10:38,683 - utils - INFO - Top Airing Anime updated
