2024-09-27 15:13:26,111 - utils - INFO - Getting Keys. Current Working Directory: /__w/data_engineering_learning/data_engineering_learning
2024-09-27 15:13:26,111 - utils - INFO - Google Application Credentials Set
2024-09-27 15:13:26,112 - utils - INFO - /__w/data_engineering_learning/data_engineering_learning/secrets/headers.json
2024-09-27 15:13:26,112 - utils - INFO - MAL Headers Loaded
2024-09-27 15:13:26,112 - utils - INFO - Getting Keys. Current Working Directory: /__w/data_engineering_learning/data_engineering_learning
2024-09-27 15:13:26,112 - utils - INFO - Google Application Credentials Set
2024-09-27 15:13:26,112 - utils - INFO - /__w/data_engineering_learning/data_engineering_learning/secrets/headers.json
2024-09-27 15:13:26,112 - utils - INFO - MAL Headers Loaded
2024-09-27 15:13:26,115 - utils - INFO - 
        SELECT date_pulled
        FROM `mal-data-engineering.my_anime_list.top_airing_anime`
        WHERE DATE(date_pulled) = CURRENT_DATE('Asia/Tokyo')
        
2024-09-27 15:13:27,485 - utils - INFO - Top Airing Anime not yet updated. Pulling from API
2024-09-27 15:13:30,270 - utils - INFO - Getting Keys. Current Working Directory: /__w/data_engineering_learning/data_engineering_learning
2024-09-27 15:13:30,270 - utils - INFO - Google Application Credentials Set
2024-09-27 15:13:30,270 - utils - INFO - /__w/data_engineering_learning/data_engineering_learning/secrets/headers.json
2024-09-27 15:13:30,270 - utils - INFO - MAL Headers Loaded
2024-09-27 15:13:30,278 - utils - INFO - Getting Keys. Current Working Directory: /__w/data_engineering_learning/data_engineering_learning
2024-09-27 15:13:30,279 - utils - INFO - Google Application Credentials Set
2024-09-27 15:13:30,279 - utils - INFO - /__w/data_engineering_learning/data_engineering_learning/secrets/headers.json
2024-09-27 15:13:30,279 - utils - INFO - MAL Headers Loaded
2024-09-27 15:13:30,281 - utils - INFO - 
        SELECT date_pulled
        FROM `mal-data-engineering.my_anime_list.top_airing_anime`
        WHERE DATE(date_pulled) = DATE('2024-09-28')
        
2024-09-27 15:13:31,590 - utils - INFO - Table exists
2024-09-27 15:13:35,203 - utils - INFO - Top Airing Anime updated
