2024-04-15 15:11:41,952 - utils - INFO - Getting Keys. Current Working Directory: /__w/data_engineering_learning/data_engineering_learning
2024-04-15 15:11:41,952 - utils - INFO - Google Application Credentials Set
2024-04-15 15:11:41,952 - utils - INFO - /__w/data_engineering_learning/data_engineering_learning/secrets/headers.json
2024-04-15 15:11:41,952 - utils - INFO - MAL Headers Loaded
2024-04-15 15:11:41,953 - utils - INFO - Getting Keys. Current Working Directory: /__w/data_engineering_learning/data_engineering_learning
2024-04-15 15:11:41,953 - utils - INFO - Google Application Credentials Set
2024-04-15 15:11:41,953 - utils - INFO - /__w/data_engineering_learning/data_engineering_learning/secrets/headers.json
2024-04-15 15:11:41,953 - utils - INFO - MAL Headers Loaded
2024-04-15 15:11:41,956 - utils - INFO - 
        SELECT date_pulled
        FROM `mal-data-engineering.my_anime_list.top_airing_anime`
        WHERE DATE(date_pulled) = CURRENT_DATE('Asia/Tokyo')
        
2024-04-15 15:11:43,475 - utils - INFO - Top Airing Anime not yet updated. Pulling from API
2024-04-15 15:11:46,122 - utils - INFO - Getting Keys. Current Working Directory: /__w/data_engineering_learning/data_engineering_learning
2024-04-15 15:11:46,122 - utils - INFO - Google Application Credentials Set
2024-04-15 15:11:46,122 - utils - INFO - /__w/data_engineering_learning/data_engineering_learning/secrets/headers.json
2024-04-15 15:11:46,122 - utils - INFO - MAL Headers Loaded
2024-04-15 15:11:46,133 - utils - INFO - Getting Keys. Current Working Directory: /__w/data_engineering_learning/data_engineering_learning
2024-04-15 15:11:46,133 - utils - INFO - Google Application Credentials Set
2024-04-15 15:11:46,133 - utils - INFO - /__w/data_engineering_learning/data_engineering_learning/secrets/headers.json
2024-04-15 15:11:46,133 - utils - INFO - MAL Headers Loaded
2024-04-15 15:11:46,135 - utils - INFO - 
        SELECT date_pulled
        FROM `mal-data-engineering.my_anime_list.top_airing_anime`
        WHERE DATE(date_pulled) = DATE('2024-04-16')
        
2024-04-15 15:11:47,841 - utils - INFO - Table exists
2024-04-15 15:11:51,292 - utils - INFO - Top Airing Anime updated
