2024-03-07 15:10:21,385 - utils - INFO - Getting Keys. Current Working Directory: /__w/data_engineering_learning/data_engineering_learning
2024-03-07 15:10:21,385 - utils - INFO - Google Application Credentials Set
2024-03-07 15:10:21,385 - utils - INFO - /__w/data_engineering_learning/data_engineering_learning/secrets/headers.json
2024-03-07 15:10:21,385 - utils - INFO - MAL Headers Loaded
2024-03-07 15:10:21,385 - utils - INFO - Getting Keys. Current Working Directory: /__w/data_engineering_learning/data_engineering_learning
2024-03-07 15:10:21,385 - utils - INFO - Google Application Credentials Set
2024-03-07 15:10:21,385 - utils - INFO - /__w/data_engineering_learning/data_engineering_learning/secrets/headers.json
2024-03-07 15:10:21,385 - utils - INFO - MAL Headers Loaded
2024-03-07 15:10:21,389 - utils - INFO - 
        SELECT date_pulled
        FROM `mal-data-engineering.my_anime_list.top_airing_anime`
        WHERE DATE(date_pulled) = CURRENT_DATE('Asia/Tokyo')
        
2024-03-07 15:10:22,883 - utils - INFO - Top Airing Anime not yet updated. Pulling from API
2024-03-07 15:10:25,261 - utils - INFO - Getting Keys. Current Working Directory: /__w/data_engineering_learning/data_engineering_learning
2024-03-07 15:10:25,261 - utils - INFO - Google Application Credentials Set
2024-03-07 15:10:25,261 - utils - INFO - /__w/data_engineering_learning/data_engineering_learning/secrets/headers.json
2024-03-07 15:10:25,261 - utils - INFO - MAL Headers Loaded
2024-03-07 15:10:25,270 - utils - INFO - Getting Keys. Current Working Directory: /__w/data_engineering_learning/data_engineering_learning
2024-03-07 15:10:25,270 - utils - INFO - Google Application Credentials Set
2024-03-07 15:10:25,270 - utils - INFO - /__w/data_engineering_learning/data_engineering_learning/secrets/headers.json
2024-03-07 15:10:25,270 - utils - INFO - MAL Headers Loaded
2024-03-07 15:10:25,272 - utils - INFO - 
        SELECT date_pulled
        FROM `mal-data-engineering.my_anime_list.top_airing_anime`
        WHERE DATE(date_pulled) = DATE('2024-03-08')
        
2024-03-07 15:10:26,777 - utils - INFO - Table exists
2024-03-07 15:10:31,274 - utils - INFO - Top Airing Anime updated
