2024-03-08 15:11:04,098 - utils - INFO - Getting Keys. Current Working Directory: /__w/data_engineering_learning/data_engineering_learning
2024-03-08 15:11:04,098 - utils - INFO - Google Application Credentials Set
2024-03-08 15:11:04,098 - utils - INFO - /__w/data_engineering_learning/data_engineering_learning/secrets/headers.json
2024-03-08 15:11:04,098 - utils - INFO - MAL Headers Loaded
2024-03-08 15:11:04,098 - utils - INFO - Getting Keys. Current Working Directory: /__w/data_engineering_learning/data_engineering_learning
2024-03-08 15:11:04,098 - utils - INFO - Google Application Credentials Set
2024-03-08 15:11:04,098 - utils - INFO - /__w/data_engineering_learning/data_engineering_learning/secrets/headers.json
2024-03-08 15:11:04,098 - utils - INFO - MAL Headers Loaded
2024-03-08 15:11:04,102 - utils - INFO - 
        SELECT date_pulled
        FROM `mal-data-engineering.my_anime_list.top_airing_anime`
        WHERE DATE(date_pulled) = CURRENT_DATE('Asia/Tokyo')
        
2024-03-08 15:11:05,842 - utils - INFO - Top Airing Anime not yet updated. Pulling from API
2024-03-08 15:11:06,890 - utils - INFO - Getting Keys. Current Working Directory: /__w/data_engineering_learning/data_engineering_learning
2024-03-08 15:11:06,890 - utils - INFO - Google Application Credentials Set
2024-03-08 15:11:06,890 - utils - INFO - /__w/data_engineering_learning/data_engineering_learning/secrets/headers.json
2024-03-08 15:11:06,890 - utils - INFO - MAL Headers Loaded
2024-03-08 15:11:06,900 - utils - INFO - Getting Keys. Current Working Directory: /__w/data_engineering_learning/data_engineering_learning
2024-03-08 15:11:06,900 - utils - INFO - Google Application Credentials Set
2024-03-08 15:11:06,900 - utils - INFO - /__w/data_engineering_learning/data_engineering_learning/secrets/headers.json
2024-03-08 15:11:06,900 - utils - INFO - MAL Headers Loaded
2024-03-08 15:11:06,902 - utils - INFO - 
        SELECT date_pulled
        FROM `mal-data-engineering.my_anime_list.top_airing_anime`
        WHERE DATE(date_pulled) = DATE('2024-03-09')
        
2024-03-08 15:11:08,412 - utils - INFO - Table exists
2024-03-08 15:11:13,648 - utils - INFO - Top Airing Anime updated
