2024-02-27 15:10:37,253 - utils - INFO - Getting Keys. Current Working Directory: /__w/data_engineering_learning/data_engineering_learning
2024-02-27 15:10:37,253 - utils - INFO - Google Application Credentials Set
2024-02-27 15:10:37,253 - utils - INFO - /__w/data_engineering_learning/data_engineering_learning/secrets/headers.json
2024-02-27 15:10:37,253 - utils - INFO - MAL Headers Loaded
2024-02-27 15:10:37,253 - utils - INFO - Getting Keys. Current Working Directory: /__w/data_engineering_learning/data_engineering_learning
2024-02-27 15:10:37,254 - utils - INFO - Google Application Credentials Set
2024-02-27 15:10:37,254 - utils - INFO - /__w/data_engineering_learning/data_engineering_learning/secrets/headers.json
2024-02-27 15:10:37,254 - utils - INFO - MAL Headers Loaded
2024-02-27 15:10:37,257 - utils - INFO - 
        SELECT date_pulled
        FROM `mal-data-engineering.my_anime_list.top_airing_anime`
        WHERE DATE(date_pulled) = CURRENT_DATE('Asia/Tokyo')
        
2024-02-27 15:10:38,753 - utils - INFO - Top Airing Anime not yet updated. Pulling from API
2024-02-27 15:10:41,233 - utils - INFO - Getting Keys. Current Working Directory: /__w/data_engineering_learning/data_engineering_learning
2024-02-27 15:10:41,233 - utils - INFO - Google Application Credentials Set
2024-02-27 15:10:41,233 - utils - INFO - /__w/data_engineering_learning/data_engineering_learning/secrets/headers.json
2024-02-27 15:10:41,233 - utils - INFO - MAL Headers Loaded
2024-02-27 15:10:41,243 - utils - INFO - Getting Keys. Current Working Directory: /__w/data_engineering_learning/data_engineering_learning
2024-02-27 15:10:41,244 - utils - INFO - Google Application Credentials Set
2024-02-27 15:10:41,244 - utils - INFO - /__w/data_engineering_learning/data_engineering_learning/secrets/headers.json
2024-02-27 15:10:41,244 - utils - INFO - MAL Headers Loaded
2024-02-27 15:10:41,246 - utils - INFO - 
        SELECT date_pulled
        FROM `mal-data-engineering.my_anime_list.top_airing_anime`
        WHERE DATE(date_pulled) = DATE('2024-02-28')
        
2024-02-27 15:10:42,907 - utils - INFO - Table exists
2024-02-27 15:10:46,056 - utils - INFO - Top Airing Anime updated
