2024-10-03 15:13:46,906 - utils - INFO - Getting Keys. Current Working Directory: /__w/data_engineering_learning/data_engineering_learning
2024-10-03 15:13:46,906 - utils - INFO - Google Application Credentials Set
2024-10-03 15:13:46,906 - utils - INFO - /__w/data_engineering_learning/data_engineering_learning/secrets/headers.json
2024-10-03 15:13:46,907 - utils - INFO - MAL Headers Loaded
2024-10-03 15:13:46,907 - utils - INFO - Getting Keys. Current Working Directory: /__w/data_engineering_learning/data_engineering_learning
2024-10-03 15:13:46,907 - utils - INFO - Google Application Credentials Set
2024-10-03 15:13:46,907 - utils - INFO - /__w/data_engineering_learning/data_engineering_learning/secrets/headers.json
2024-10-03 15:13:46,907 - utils - INFO - MAL Headers Loaded
2024-10-03 15:13:46,910 - utils - INFO - 
        SELECT date_pulled
        FROM `mal-data-engineering.my_anime_list.top_airing_anime`
        WHERE DATE(date_pulled) = CURRENT_DATE('Asia/Tokyo')
        
2024-10-03 15:13:48,263 - utils - INFO - Top Airing Anime not yet updated. Pulling from API
2024-10-03 15:13:50,772 - utils - INFO - Getting Keys. Current Working Directory: /__w/data_engineering_learning/data_engineering_learning
2024-10-03 15:13:50,772 - utils - INFO - Google Application Credentials Set
2024-10-03 15:13:50,772 - utils - INFO - /__w/data_engineering_learning/data_engineering_learning/secrets/headers.json
2024-10-03 15:13:50,772 - utils - INFO - MAL Headers Loaded
2024-10-03 15:13:50,781 - utils - INFO - Getting Keys. Current Working Directory: /__w/data_engineering_learning/data_engineering_learning
2024-10-03 15:13:50,781 - utils - INFO - Google Application Credentials Set
2024-10-03 15:13:50,781 - utils - INFO - /__w/data_engineering_learning/data_engineering_learning/secrets/headers.json
2024-10-03 15:13:50,781 - utils - INFO - MAL Headers Loaded
2024-10-03 15:13:50,783 - utils - INFO - 
        SELECT date_pulled
        FROM `mal-data-engineering.my_anime_list.top_airing_anime`
        WHERE DATE(date_pulled) = DATE('2024-10-04')
        
2024-10-03 15:13:52,031 - utils - INFO - Table exists
2024-10-03 15:13:55,310 - utils - INFO - Top Airing Anime updated
