2024-05-27 15:12:39,883 - utils - INFO - Getting Keys. Current Working Directory: /__w/data_engineering_learning/data_engineering_learning
2024-05-27 15:12:39,884 - utils - INFO - Google Application Credentials Set
2024-05-27 15:12:39,884 - utils - INFO - /__w/data_engineering_learning/data_engineering_learning/secrets/headers.json
2024-05-27 15:12:39,884 - utils - INFO - MAL Headers Loaded
2024-05-27 15:12:39,884 - utils - INFO - Getting Keys. Current Working Directory: /__w/data_engineering_learning/data_engineering_learning
2024-05-27 15:12:39,884 - utils - INFO - Google Application Credentials Set
2024-05-27 15:12:39,884 - utils - INFO - /__w/data_engineering_learning/data_engineering_learning/secrets/headers.json
2024-05-27 15:12:39,884 - utils - INFO - MAL Headers Loaded
2024-05-27 15:12:39,888 - utils - INFO - 
        SELECT date_pulled
        FROM `mal-data-engineering.my_anime_list.top_airing_anime`
        WHERE DATE(date_pulled) = CURRENT_DATE('Asia/Tokyo')
        
2024-05-27 15:12:41,321 - utils - INFO - Top Airing Anime not yet updated. Pulling from API
2024-05-27 15:12:43,416 - utils - INFO - Getting Keys. Current Working Directory: /__w/data_engineering_learning/data_engineering_learning
2024-05-27 15:12:43,416 - utils - INFO - Google Application Credentials Set
2024-05-27 15:12:43,416 - utils - INFO - /__w/data_engineering_learning/data_engineering_learning/secrets/headers.json
2024-05-27 15:12:43,417 - utils - INFO - MAL Headers Loaded
2024-05-27 15:12:43,426 - utils - INFO - Getting Keys. Current Working Directory: /__w/data_engineering_learning/data_engineering_learning
2024-05-27 15:12:43,427 - utils - INFO - Google Application Credentials Set
2024-05-27 15:12:43,427 - utils - INFO - /__w/data_engineering_learning/data_engineering_learning/secrets/headers.json
2024-05-27 15:12:43,427 - utils - INFO - MAL Headers Loaded
2024-05-27 15:12:43,429 - utils - INFO - 
        SELECT date_pulled
        FROM `mal-data-engineering.my_anime_list.top_airing_anime`
        WHERE DATE(date_pulled) = DATE('2024-05-28')
        
2024-05-27 15:12:44,760 - utils - INFO - Table exists
2024-05-27 15:12:48,861 - utils - INFO - Top Airing Anime updated
