2024-04-03 15:10:16,884 - utils - INFO - Getting Keys. Current Working Directory: /__w/data_engineering_learning/data_engineering_learning
2024-04-03 15:10:16,884 - utils - INFO - Google Application Credentials Set
2024-04-03 15:10:16,884 - utils - INFO - /__w/data_engineering_learning/data_engineering_learning/secrets/headers.json
2024-04-03 15:10:16,884 - utils - INFO - MAL Headers Loaded
2024-04-03 15:10:16,884 - utils - INFO - Getting Keys. Current Working Directory: /__w/data_engineering_learning/data_engineering_learning
2024-04-03 15:10:16,884 - utils - INFO - Google Application Credentials Set
2024-04-03 15:10:16,884 - utils - INFO - /__w/data_engineering_learning/data_engineering_learning/secrets/headers.json
2024-04-03 15:10:16,884 - utils - INFO - MAL Headers Loaded
2024-04-03 15:10:16,888 - utils - INFO - 
        SELECT date_pulled
        FROM `mal-data-engineering.my_anime_list.top_airing_anime`
        WHERE DATE(date_pulled) = CURRENT_DATE('Asia/Tokyo')
        
2024-04-03 15:10:18,590 - utils - INFO - Top Airing Anime not yet updated. Pulling from API
2024-04-03 15:10:20,534 - utils - INFO - Getting Keys. Current Working Directory: /__w/data_engineering_learning/data_engineering_learning
2024-04-03 15:10:20,534 - utils - INFO - Google Application Credentials Set
2024-04-03 15:10:20,534 - utils - INFO - /__w/data_engineering_learning/data_engineering_learning/secrets/headers.json
2024-04-03 15:10:20,534 - utils - INFO - MAL Headers Loaded
2024-04-03 15:10:20,544 - utils - INFO - Getting Keys. Current Working Directory: /__w/data_engineering_learning/data_engineering_learning
2024-04-03 15:10:20,544 - utils - INFO - Google Application Credentials Set
2024-04-03 15:10:20,544 - utils - INFO - /__w/data_engineering_learning/data_engineering_learning/secrets/headers.json
2024-04-03 15:10:20,544 - utils - INFO - MAL Headers Loaded
2024-04-03 15:10:20,546 - utils - INFO - 
        SELECT date_pulled
        FROM `mal-data-engineering.my_anime_list.top_airing_anime`
        WHERE DATE(date_pulled) = DATE('2024-04-04')
        
2024-04-03 15:10:22,242 - utils - INFO - Table exists
2024-04-03 15:10:25,419 - utils - INFO - Top Airing Anime updated
