2024-02-26 15:10:56,708 - utils - INFO - Getting Keys. Current Working Directory: /__w/data_engineering_learning/data_engineering_learning
2024-02-26 15:10:56,708 - utils - INFO - Google Application Credentials Set
2024-02-26 15:10:56,708 - utils - INFO - /__w/data_engineering_learning/data_engineering_learning/secrets/headers.json
2024-02-26 15:10:56,709 - utils - INFO - MAL Headers Loaded
2024-02-26 15:10:56,709 - utils - INFO - Getting Keys. Current Working Directory: /__w/data_engineering_learning/data_engineering_learning
2024-02-26 15:10:56,709 - utils - INFO - Google Application Credentials Set
2024-02-26 15:10:56,709 - utils - INFO - /__w/data_engineering_learning/data_engineering_learning/secrets/headers.json
2024-02-26 15:10:56,709 - utils - INFO - MAL Headers Loaded
2024-02-26 15:10:56,712 - utils - INFO - 
        SELECT date_pulled
        FROM `mal-data-engineering.my_anime_list.top_airing_anime`
        WHERE DATE(date_pulled) = CURRENT_DATE('Asia/Tokyo')
        
2024-02-26 15:10:58,352 - utils - INFO - Top Airing Anime not yet updated. Pulling from API
2024-02-26 15:11:00,585 - utils - INFO - Getting Keys. Current Working Directory: /__w/data_engineering_learning/data_engineering_learning
2024-02-26 15:11:00,585 - utils - INFO - Google Application Credentials Set
2024-02-26 15:11:00,586 - utils - INFO - /__w/data_engineering_learning/data_engineering_learning/secrets/headers.json
2024-02-26 15:11:00,586 - utils - INFO - MAL Headers Loaded
2024-02-26 15:11:00,596 - utils - INFO - Getting Keys. Current Working Directory: /__w/data_engineering_learning/data_engineering_learning
2024-02-26 15:11:00,596 - utils - INFO - Google Application Credentials Set
2024-02-26 15:11:00,596 - utils - INFO - /__w/data_engineering_learning/data_engineering_learning/secrets/headers.json
2024-02-26 15:11:00,596 - utils - INFO - MAL Headers Loaded
2024-02-26 15:11:00,598 - utils - INFO - 
        SELECT date_pulled
        FROM `mal-data-engineering.my_anime_list.top_airing_anime`
        WHERE DATE(date_pulled) = DATE('2024-02-27')
        
2024-02-26 15:11:02,397 - utils - INFO - Table exists
2024-02-26 15:11:05,639 - utils - INFO - Top Airing Anime updated
