2024-04-06 15:09:04,435 - utils - INFO - Getting Keys. Current Working Directory: /__w/data_engineering_learning/data_engineering_learning
2024-04-06 15:09:04,435 - utils - INFO - Google Application Credentials Set
2024-04-06 15:09:04,435 - utils - INFO - /__w/data_engineering_learning/data_engineering_learning/secrets/headers.json
2024-04-06 15:09:04,435 - utils - INFO - MAL Headers Loaded
2024-04-06 15:09:04,436 - utils - INFO - Getting Keys. Current Working Directory: /__w/data_engineering_learning/data_engineering_learning
2024-04-06 15:09:04,436 - utils - INFO - Google Application Credentials Set
2024-04-06 15:09:04,436 - utils - INFO - /__w/data_engineering_learning/data_engineering_learning/secrets/headers.json
2024-04-06 15:09:04,436 - utils - INFO - MAL Headers Loaded
2024-04-06 15:09:04,439 - utils - INFO - 
        SELECT date_pulled
        FROM `mal-data-engineering.my_anime_list.top_airing_anime`
        WHERE DATE(date_pulled) = CURRENT_DATE('Asia/Tokyo')
        
2024-04-06 15:09:06,221 - utils - INFO - Top Airing Anime not yet updated. Pulling from API
2024-04-06 15:09:08,556 - utils - INFO - Getting Keys. Current Working Directory: /__w/data_engineering_learning/data_engineering_learning
2024-04-06 15:09:08,556 - utils - INFO - Google Application Credentials Set
2024-04-06 15:09:08,556 - utils - INFO - /__w/data_engineering_learning/data_engineering_learning/secrets/headers.json
2024-04-06 15:09:08,556 - utils - INFO - MAL Headers Loaded
2024-04-06 15:09:08,566 - utils - INFO - Getting Keys. Current Working Directory: /__w/data_engineering_learning/data_engineering_learning
2024-04-06 15:09:08,566 - utils - INFO - Google Application Credentials Set
2024-04-06 15:09:08,566 - utils - INFO - /__w/data_engineering_learning/data_engineering_learning/secrets/headers.json
2024-04-06 15:09:08,566 - utils - INFO - MAL Headers Loaded
2024-04-06 15:09:08,568 - utils - INFO - 
        SELECT date_pulled
        FROM `mal-data-engineering.my_anime_list.top_airing_anime`
        WHERE DATE(date_pulled) = DATE('2024-04-07')
        
2024-04-06 15:09:10,509 - utils - INFO - Table exists
2024-04-06 15:09:14,475 - utils - INFO - Top Airing Anime updated
