2024-07-13 15:11:09,209 - utils - INFO - Getting Keys. Current Working Directory: /__w/data_engineering_learning/data_engineering_learning
2024-07-13 15:11:09,209 - utils - INFO - Google Application Credentials Set
2024-07-13 15:11:09,209 - utils - INFO - /__w/data_engineering_learning/data_engineering_learning/secrets/headers.json
2024-07-13 15:11:09,209 - utils - INFO - MAL Headers Loaded
2024-07-13 15:11:09,209 - utils - INFO - Getting Keys. Current Working Directory: /__w/data_engineering_learning/data_engineering_learning
2024-07-13 15:11:09,209 - utils - INFO - Google Application Credentials Set
2024-07-13 15:11:09,209 - utils - INFO - /__w/data_engineering_learning/data_engineering_learning/secrets/headers.json
2024-07-13 15:11:09,210 - utils - INFO - MAL Headers Loaded
2024-07-13 15:11:09,213 - utils - INFO - 
        SELECT date_pulled
        FROM `mal-data-engineering.my_anime_list.top_airing_anime`
        WHERE DATE(date_pulled) = CURRENT_DATE('Asia/Tokyo')
        
2024-07-13 15:11:10,529 - utils - INFO - Top Airing Anime not yet updated. Pulling from API
2024-07-13 15:11:11,558 - utils - INFO - Getting Keys. Current Working Directory: /__w/data_engineering_learning/data_engineering_learning
2024-07-13 15:11:11,558 - utils - INFO - Google Application Credentials Set
2024-07-13 15:11:11,558 - utils - INFO - /__w/data_engineering_learning/data_engineering_learning/secrets/headers.json
2024-07-13 15:11:11,558 - utils - INFO - MAL Headers Loaded
2024-07-13 15:11:11,566 - utils - INFO - Getting Keys. Current Working Directory: /__w/data_engineering_learning/data_engineering_learning
2024-07-13 15:11:11,567 - utils - INFO - Google Application Credentials Set
2024-07-13 15:11:11,567 - utils - INFO - /__w/data_engineering_learning/data_engineering_learning/secrets/headers.json
2024-07-13 15:11:11,567 - utils - INFO - MAL Headers Loaded
2024-07-13 15:11:11,569 - utils - INFO - 
        SELECT date_pulled
        FROM `mal-data-engineering.my_anime_list.top_airing_anime`
        WHERE DATE(date_pulled) = DATE('2024-07-14')
        
2024-07-13 15:11:13,019 - utils - INFO - Table exists
2024-07-13 15:11:15,929 - utils - INFO - Top Airing Anime updated
