2024-10-26 15:12:15,846 - utils - INFO - Getting Keys. Current Working Directory: /__w/data_engineering_learning/data_engineering_learning
2024-10-26 15:12:15,846 - utils - INFO - Google Application Credentials Set
2024-10-26 15:12:15,846 - utils - INFO - /__w/data_engineering_learning/data_engineering_learning/secrets/headers.json
2024-10-26 15:12:15,846 - utils - INFO - MAL Headers Loaded
2024-10-26 15:12:15,846 - utils - INFO - Getting Keys. Current Working Directory: /__w/data_engineering_learning/data_engineering_learning
2024-10-26 15:12:15,847 - utils - INFO - Google Application Credentials Set
2024-10-26 15:12:15,847 - utils - INFO - /__w/data_engineering_learning/data_engineering_learning/secrets/headers.json
2024-10-26 15:12:15,847 - utils - INFO - MAL Headers Loaded
2024-10-26 15:12:15,850 - utils - INFO - 
        SELECT date_pulled
        FROM `mal-data-engineering.my_anime_list.top_airing_anime`
        WHERE DATE(date_pulled) = CURRENT_DATE('Asia/Tokyo')
        
2024-10-26 15:12:17,181 - utils - INFO - Top Airing Anime not yet updated. Pulling from API
2024-10-26 15:12:19,541 - utils - INFO - Getting Keys. Current Working Directory: /__w/data_engineering_learning/data_engineering_learning
2024-10-26 15:12:19,541 - utils - INFO - Google Application Credentials Set
2024-10-26 15:12:19,541 - utils - INFO - /__w/data_engineering_learning/data_engineering_learning/secrets/headers.json
2024-10-26 15:12:19,542 - utils - INFO - MAL Headers Loaded
2024-10-26 15:12:19,551 - utils - INFO - Getting Keys. Current Working Directory: /__w/data_engineering_learning/data_engineering_learning
2024-10-26 15:12:19,551 - utils - INFO - Google Application Credentials Set
2024-10-26 15:12:19,551 - utils - INFO - /__w/data_engineering_learning/data_engineering_learning/secrets/headers.json
2024-10-26 15:12:19,551 - utils - INFO - MAL Headers Loaded
2024-10-26 15:12:19,553 - utils - INFO - 
        SELECT date_pulled
        FROM `mal-data-engineering.my_anime_list.top_airing_anime`
        WHERE DATE(date_pulled) = DATE('2024-10-27')
        
2024-10-26 15:12:20,786 - utils - INFO - Table exists
2024-10-26 15:12:25,024 - utils - INFO - Top Airing Anime updated
