2024-02-15 15:10:20,089 - utils - INFO - Getting Keys. Current Working Directory: /__w/data_engineering_learning/data_engineering_learning
2024-02-15 15:10:20,089 - utils - INFO - Google Application Credentials Set
2024-02-15 15:10:20,090 - utils - INFO - /__w/data_engineering_learning/data_engineering_learning/secrets/headers.json
2024-02-15 15:10:20,090 - utils - INFO - MAL Headers Loaded
2024-02-15 15:10:20,090 - utils - INFO - Getting Keys. Current Working Directory: /__w/data_engineering_learning/data_engineering_learning
2024-02-15 15:10:20,090 - utils - INFO - Google Application Credentials Set
2024-02-15 15:10:20,090 - utils - INFO - /__w/data_engineering_learning/data_engineering_learning/secrets/headers.json
2024-02-15 15:10:20,090 - utils - INFO - MAL Headers Loaded
2024-02-15 15:10:20,093 - utils - INFO - 
        SELECT date_pulled
        FROM `mal-data-engineering.my_anime_list.top_airing_anime`
        WHERE DATE(date_pulled) = CURRENT_DATE('Asia/Tokyo')
        
2024-02-15 15:10:21,711 - utils - INFO - Top Airing Anime not yet updated. Pulling from API
2024-02-15 15:10:24,743 - utils - INFO - Getting Keys. Current Working Directory: /__w/data_engineering_learning/data_engineering_learning
2024-02-15 15:10:24,743 - utils - INFO - Google Application Credentials Set
2024-02-15 15:10:24,743 - utils - INFO - /__w/data_engineering_learning/data_engineering_learning/secrets/headers.json
2024-02-15 15:10:24,743 - utils - INFO - MAL Headers Loaded
2024-02-15 15:10:24,754 - utils - INFO - Getting Keys. Current Working Directory: /__w/data_engineering_learning/data_engineering_learning
2024-02-15 15:10:24,754 - utils - INFO - Google Application Credentials Set
2024-02-15 15:10:24,754 - utils - INFO - /__w/data_engineering_learning/data_engineering_learning/secrets/headers.json
2024-02-15 15:10:24,755 - utils - INFO - MAL Headers Loaded
2024-02-15 15:10:24,757 - utils - INFO - 
        SELECT date_pulled
        FROM `mal-data-engineering.my_anime_list.top_airing_anime`
        WHERE DATE(date_pulled) = DATE('2024-02-16')
        
2024-02-15 15:10:26,451 - utils - INFO - Table exists
2024-02-15 15:10:29,682 - utils - INFO - Top Airing Anime updated
