2024-07-22 15:13:19,394 - utils - INFO - Getting Keys. Current Working Directory: /__w/data_engineering_learning/data_engineering_learning
2024-07-22 15:13:19,395 - utils - INFO - Google Application Credentials Set
2024-07-22 15:13:19,395 - utils - INFO - /__w/data_engineering_learning/data_engineering_learning/secrets/headers.json
2024-07-22 15:13:19,395 - utils - INFO - MAL Headers Loaded
2024-07-22 15:13:19,395 - utils - INFO - Getting Keys. Current Working Directory: /__w/data_engineering_learning/data_engineering_learning
2024-07-22 15:13:19,395 - utils - INFO - Google Application Credentials Set
2024-07-22 15:13:19,395 - utils - INFO - /__w/data_engineering_learning/data_engineering_learning/secrets/headers.json
2024-07-22 15:13:19,395 - utils - INFO - MAL Headers Loaded
2024-07-22 15:13:19,399 - utils - INFO - 
        SELECT date_pulled
        FROM `mal-data-engineering.my_anime_list.top_airing_anime`
        WHERE DATE(date_pulled) = CURRENT_DATE('Asia/Tokyo')
        
2024-07-22 15:13:21,009 - utils - INFO - Top Airing Anime not yet updated. Pulling from API
2024-07-22 15:13:23,537 - utils - INFO - Getting Keys. Current Working Directory: /__w/data_engineering_learning/data_engineering_learning
2024-07-22 15:13:23,538 - utils - INFO - Google Application Credentials Set
2024-07-22 15:13:23,538 - utils - INFO - /__w/data_engineering_learning/data_engineering_learning/secrets/headers.json
2024-07-22 15:13:23,538 - utils - INFO - MAL Headers Loaded
2024-07-22 15:13:23,549 - utils - INFO - Getting Keys. Current Working Directory: /__w/data_engineering_learning/data_engineering_learning
2024-07-22 15:13:23,549 - utils - INFO - Google Application Credentials Set
2024-07-22 15:13:23,549 - utils - INFO - /__w/data_engineering_learning/data_engineering_learning/secrets/headers.json
2024-07-22 15:13:23,549 - utils - INFO - MAL Headers Loaded
2024-07-22 15:13:23,551 - utils - INFO - 
        SELECT date_pulled
        FROM `mal-data-engineering.my_anime_list.top_airing_anime`
        WHERE DATE(date_pulled) = DATE('2024-07-23')
        
2024-07-22 15:13:25,281 - utils - INFO - Table exists
2024-07-22 15:13:28,706 - utils - INFO - Top Airing Anime updated
