2024-09-09 15:13:56,063 - utils - INFO - Getting Keys. Current Working Directory: /__w/data_engineering_learning/data_engineering_learning
2024-09-09 15:13:56,063 - utils - INFO - Google Application Credentials Set
2024-09-09 15:13:56,063 - utils - INFO - /__w/data_engineering_learning/data_engineering_learning/secrets/headers.json
2024-09-09 15:13:56,063 - utils - INFO - MAL Headers Loaded
2024-09-09 15:13:56,063 - utils - INFO - Getting Keys. Current Working Directory: /__w/data_engineering_learning/data_engineering_learning
2024-09-09 15:13:56,063 - utils - INFO - Google Application Credentials Set
2024-09-09 15:13:56,063 - utils - INFO - /__w/data_engineering_learning/data_engineering_learning/secrets/headers.json
2024-09-09 15:13:56,064 - utils - INFO - MAL Headers Loaded
2024-09-09 15:13:56,067 - utils - INFO - 
        SELECT date_pulled
        FROM `mal-data-engineering.my_anime_list.top_airing_anime`
        WHERE DATE(date_pulled) = CURRENT_DATE('Asia/Tokyo')
        
2024-09-09 15:13:57,291 - utils - INFO - Top Airing Anime not yet updated. Pulling from API
2024-09-09 15:13:59,535 - utils - INFO - Getting Keys. Current Working Directory: /__w/data_engineering_learning/data_engineering_learning
2024-09-09 15:13:59,535 - utils - INFO - Google Application Credentials Set
2024-09-09 15:13:59,535 - utils - INFO - /__w/data_engineering_learning/data_engineering_learning/secrets/headers.json
2024-09-09 15:13:59,535 - utils - INFO - MAL Headers Loaded
2024-09-09 15:13:59,544 - utils - INFO - Getting Keys. Current Working Directory: /__w/data_engineering_learning/data_engineering_learning
2024-09-09 15:13:59,544 - utils - INFO - Google Application Credentials Set
2024-09-09 15:13:59,544 - utils - INFO - /__w/data_engineering_learning/data_engineering_learning/secrets/headers.json
2024-09-09 15:13:59,544 - utils - INFO - MAL Headers Loaded
2024-09-09 15:13:59,547 - utils - INFO - 
        SELECT date_pulled
        FROM `mal-data-engineering.my_anime_list.top_airing_anime`
        WHERE DATE(date_pulled) = DATE('2024-09-10')
        
2024-09-09 15:14:00,827 - utils - INFO - Table exists
2024-09-09 15:14:04,291 - utils - INFO - Top Airing Anime updated
