2024-10-27 15:12:33,751 - utils - INFO - Getting Keys. Current Working Directory: /__w/data_engineering_learning/data_engineering_learning
2024-10-27 15:12:33,751 - utils - INFO - Google Application Credentials Set
2024-10-27 15:12:33,751 - utils - INFO - /__w/data_engineering_learning/data_engineering_learning/secrets/headers.json
2024-10-27 15:12:33,752 - utils - INFO - MAL Headers Loaded
2024-10-27 15:12:33,752 - utils - INFO - Getting Keys. Current Working Directory: /__w/data_engineering_learning/data_engineering_learning
2024-10-27 15:12:33,752 - utils - INFO - Google Application Credentials Set
2024-10-27 15:12:33,752 - utils - INFO - /__w/data_engineering_learning/data_engineering_learning/secrets/headers.json
2024-10-27 15:12:33,752 - utils - INFO - MAL Headers Loaded
2024-10-27 15:12:33,755 - utils - INFO - 
        SELECT date_pulled
        FROM `mal-data-engineering.my_anime_list.top_airing_anime`
        WHERE DATE(date_pulled) = CURRENT_DATE('Asia/Tokyo')
        
2024-10-27 15:12:35,277 - utils - INFO - Top Airing Anime not yet updated. Pulling from API
2024-10-27 15:12:37,804 - utils - INFO - Getting Keys. Current Working Directory: /__w/data_engineering_learning/data_engineering_learning
2024-10-27 15:12:37,804 - utils - INFO - Google Application Credentials Set
2024-10-27 15:12:37,804 - utils - INFO - /__w/data_engineering_learning/data_engineering_learning/secrets/headers.json
2024-10-27 15:12:37,804 - utils - INFO - MAL Headers Loaded
2024-10-27 15:12:37,813 - utils - INFO - Getting Keys. Current Working Directory: /__w/data_engineering_learning/data_engineering_learning
2024-10-27 15:12:37,813 - utils - INFO - Google Application Credentials Set
2024-10-27 15:12:37,813 - utils - INFO - /__w/data_engineering_learning/data_engineering_learning/secrets/headers.json
2024-10-27 15:12:37,813 - utils - INFO - MAL Headers Loaded
2024-10-27 15:12:37,815 - utils - INFO - 
        SELECT date_pulled
        FROM `mal-data-engineering.my_anime_list.top_airing_anime`
        WHERE DATE(date_pulled) = DATE('2024-10-28')
        
2024-10-27 15:12:39,278 - utils - INFO - Table exists
2024-10-27 15:12:42,747 - utils - INFO - Top Airing Anime updated
