2024-06-30 15:11:50,135 - utils - INFO - Getting Keys. Current Working Directory: /__w/data_engineering_learning/data_engineering_learning
2024-06-30 15:11:50,135 - utils - INFO - Google Application Credentials Set
2024-06-30 15:11:50,135 - utils - INFO - /__w/data_engineering_learning/data_engineering_learning/secrets/headers.json
2024-06-30 15:11:50,135 - utils - INFO - MAL Headers Loaded
2024-06-30 15:11:50,135 - utils - INFO - Getting Keys. Current Working Directory: /__w/data_engineering_learning/data_engineering_learning
2024-06-30 15:11:50,135 - utils - INFO - Google Application Credentials Set
2024-06-30 15:11:50,135 - utils - INFO - /__w/data_engineering_learning/data_engineering_learning/secrets/headers.json
2024-06-30 15:11:50,135 - utils - INFO - MAL Headers Loaded
2024-06-30 15:11:50,141 - utils - INFO - 
        SELECT date_pulled
        FROM `mal-data-engineering.my_anime_list.top_airing_anime`
        WHERE DATE(date_pulled) = CURRENT_DATE('Asia/Tokyo')
        
2024-06-30 15:11:51,551 - utils - INFO - Top Airing Anime not yet updated. Pulling from API
2024-06-30 15:11:52,540 - utils - INFO - Getting Keys. Current Working Directory: /__w/data_engineering_learning/data_engineering_learning
2024-06-30 15:11:52,541 - utils - INFO - Google Application Credentials Set
2024-06-30 15:11:52,541 - utils - INFO - /__w/data_engineering_learning/data_engineering_learning/secrets/headers.json
2024-06-30 15:11:52,541 - utils - INFO - MAL Headers Loaded
2024-06-30 15:11:52,551 - utils - INFO - Getting Keys. Current Working Directory: /__w/data_engineering_learning/data_engineering_learning
2024-06-30 15:11:52,551 - utils - INFO - Google Application Credentials Set
2024-06-30 15:11:52,551 - utils - INFO - /__w/data_engineering_learning/data_engineering_learning/secrets/headers.json
2024-06-30 15:11:52,551 - utils - INFO - MAL Headers Loaded
2024-06-30 15:11:52,553 - utils - INFO - 
        SELECT date_pulled
        FROM `mal-data-engineering.my_anime_list.top_airing_anime`
        WHERE DATE(date_pulled) = DATE('2024-07-01')
        
2024-06-30 15:11:54,094 - utils - INFO - Table exists
2024-06-30 15:11:57,528 - utils - INFO - Top Airing Anime updated
2024-06-30 15:26:22,730 - utils - INFO - Getting Keys. Current Working Directory: /__w/data_engineering_learning/data_engineering_learning
2024-06-30 15:26:22,730 - utils - INFO - Google Application Credentials Set
2024-06-30 15:26:22,730 - utils - INFO - /__w/data_engineering_learning/data_engineering_learning/secrets/headers.json
2024-06-30 15:26:22,730 - utils - INFO - MAL Headers Loaded
2024-06-30 15:26:22,730 - utils - INFO - Getting Keys. Current Working Directory: /__w/data_engineering_learning/data_engineering_learning
2024-06-30 15:26:22,730 - utils - INFO - Google Application Credentials Set
2024-06-30 15:26:22,730 - utils - INFO - /__w/data_engineering_learning/data_engineering_learning/secrets/headers.json
2024-06-30 15:26:22,731 - utils - INFO - MAL Headers Loaded
2024-06-30 15:26:22,734 - utils - INFO - 
        SELECT date_pulled
        FROM `mal-data-engineering.my_anime_list.weekly_top_10`
        WHERE DATE(date_pulled) = CURRENT_DATE('Asia/Tokyo')
        
2024-06-30 15:26:24,028 - utils - INFO - 
        WITH ranked_anime AS (
            SELECT
                tw.date_pulled,
                tw.myanimelist_id,
                tw.title,
                tw.rank,
                tw.score,
                (tw.rank - lw.rank) as rank_change,
                (tw.score - lw.score) as score_change,
                ROW_NUMBER() OVER (PARTITION BY tw.date_pulled ORDER BY tw.rank) AS rank_within_date
            FROM
                (SELECT * FROM `mal-data-engineering.my_anime_list.top_airing_anime`
                  WHERE DATE(date_pulled) = CURRENT_DATE('Asia/Tokyo')
                ) AS tw
            LEFT JOIN
                (SELECT * FROM `mal-data-engineering.my_anime_list.top_airing_anime`
                  WHERE DATE(date_pulled) = DATE_ADD(CURRENT_DATE('Asia/Tokyo'), INTERVAL -7 DAY)
                ) AS lw
            ON
                tw.myanimelist_id = lw.myanimelist_id
            )

            SELECT
            date_pulled,
            myanimelist_id,
            title,
            rank,
            score,
            rank_change,
            score_change
            FROM
            ranked_anime
            WHERE
            rank_within_date <= 10
            ORDER BY
            rank_within_date,
            date_pulled DESC
            ;
        
2024-06-30 15:26:27,169 - utils - INFO - Table exists
2024-06-30 15:26:31,005 - utils - INFO - Weekly Top 10 table updated
2024-06-30 15:35:47,166 - utils - INFO - Getting Keys. Current Working Directory: /__w/data_engineering_learning/data_engineering_learning
2024-06-30 15:35:47,166 - utils - INFO - Google Application Credentials Set
2024-06-30 15:35:47,166 - utils - INFO - /__w/data_engineering_learning/data_engineering_learning/secrets/headers.json
2024-06-30 15:35:47,166 - utils - INFO - MAL Headers Loaded
2024-06-30 15:35:47,166 - utils - INFO - Getting Keys. Current Working Directory: /__w/data_engineering_learning/data_engineering_learning
2024-06-30 15:35:47,166 - utils - INFO - Google Application Credentials Set
2024-06-30 15:35:47,166 - utils - INFO - /__w/data_engineering_learning/data_engineering_learning/secrets/headers.json
2024-06-30 15:35:47,166 - utils - INFO - MAL Headers Loaded
2024-06-30 15:35:47,170 - utils - INFO - 
        SELECT DISTINCT(taa.myanimelist_id)
        FROM `mal-data-engineering.my_anime_list.top_airing_anime` AS taa
        LEFT JOIN `mal-data-engineering.my_anime_list.anime_info` AS ai
        ON taa.myanimelist_id = ai.myanimelist_id
        WHERE DATE(taa.date_pulled) = CURRENT_DATE()
        AND ai.myanimelist_id IS NULL
        
2024-06-30 15:35:48,403 - utils - INFO - Anime ids not in table yet: 14
2024-06-30 15:36:02,748 - utils - INFO - Getting Keys. Current Working Directory: /__w/data_engineering_learning/data_engineering_learning
2024-06-30 15:36:02,749 - utils - INFO - Google Application Credentials Set
2024-06-30 15:36:02,749 - utils - INFO - /__w/data_engineering_learning/data_engineering_learning/secrets/headers.json
2024-06-30 15:36:02,749 - utils - INFO - MAL Headers Loaded
2024-06-30 15:36:02,749 - utils - INFO - Getting Keys. Current Working Directory: /__w/data_engineering_learning/data_engineering_learning
2024-06-30 15:36:02,749 - utils - INFO - Google Application Credentials Set
2024-06-30 15:36:02,749 - utils - INFO - /__w/data_engineering_learning/data_engineering_learning/secrets/headers.json
2024-06-30 15:36:02,749 - utils - INFO - MAL Headers Loaded
2024-06-30 15:36:02,751 - utils - INFO - 
        SELECT DISTINCT(taa.myanimelist_id)
        FROM `mal-data-engineering.my_anime_list.top_airing_anime` AS taa
        LEFT JOIN `mal-data-engineering.my_anime_list.anime_info` AS ai
        ON taa.myanimelist_id = ai.myanimelist_id
        WHERE DATE(taa.date_pulled) = CURRENT_DATE()
        AND ai.myanimelist_id IS NULL
        
2024-06-30 15:36:03,870 - utils - INFO - Anime ids not in table yet: 14
2024-06-30 15:36:03,884 - utils - INFO - Anime Info rows to upload:10
2024-06-30 15:36:04,183 - utils - INFO - Table exists
