2024-03-27 15:11:32,937 - utils - INFO - Getting Keys. Current Working Directory: /__w/data_engineering_learning/data_engineering_learning
2024-03-27 15:11:32,937 - utils - INFO - Google Application Credentials Set
2024-03-27 15:11:32,937 - utils - INFO - /__w/data_engineering_learning/data_engineering_learning/secrets/headers.json
2024-03-27 15:11:32,937 - utils - INFO - MAL Headers Loaded
2024-03-27 15:11:32,938 - utils - INFO - Getting Keys. Current Working Directory: /__w/data_engineering_learning/data_engineering_learning
2024-03-27 15:11:32,938 - utils - INFO - Google Application Credentials Set
2024-03-27 15:11:32,938 - utils - INFO - /__w/data_engineering_learning/data_engineering_learning/secrets/headers.json
2024-03-27 15:11:32,938 - utils - INFO - MAL Headers Loaded
2024-03-27 15:11:32,941 - utils - INFO - 
        SELECT date_pulled
        FROM `mal-data-engineering.my_anime_list.top_airing_anime`
        WHERE DATE(date_pulled) = CURRENT_DATE('Asia/Tokyo')
        
2024-03-27 15:11:34,508 - utils - INFO - Top Airing Anime not yet updated. Pulling from API
2024-03-27 15:11:36,651 - utils - INFO - Getting Keys. Current Working Directory: /__w/data_engineering_learning/data_engineering_learning
2024-03-27 15:11:36,652 - utils - INFO - Google Application Credentials Set
2024-03-27 15:11:36,652 - utils - INFO - /__w/data_engineering_learning/data_engineering_learning/secrets/headers.json
2024-03-27 15:11:36,652 - utils - INFO - MAL Headers Loaded
2024-03-27 15:11:36,662 - utils - INFO - Getting Keys. Current Working Directory: /__w/data_engineering_learning/data_engineering_learning
2024-03-27 15:11:36,662 - utils - INFO - Google Application Credentials Set
2024-03-27 15:11:36,662 - utils - INFO - /__w/data_engineering_learning/data_engineering_learning/secrets/headers.json
2024-03-27 15:11:36,662 - utils - INFO - MAL Headers Loaded
2024-03-27 15:11:36,664 - utils - INFO - 
        SELECT date_pulled
        FROM `mal-data-engineering.my_anime_list.top_airing_anime`
        WHERE DATE(date_pulled) = DATE('2024-03-28')
        
2024-03-27 15:11:38,233 - utils - INFO - Table exists
2024-03-27 15:11:44,468 - utils - INFO - Top Airing Anime updated
