2024-02-11 15:11:05,921 - utils - INFO - Getting Keys. Current Working Directory: /__w/data_engineering_learning/data_engineering_learning
2024-02-11 15:11:05,921 - utils - INFO - Google Application Credentials Set
2024-02-11 15:11:05,921 - utils - INFO - /__w/data_engineering_learning/data_engineering_learning/secrets/headers.json
2024-02-11 15:11:05,921 - utils - INFO - MAL Headers Loaded
2024-02-11 15:11:05,921 - utils - INFO - Getting Keys. Current Working Directory: /__w/data_engineering_learning/data_engineering_learning
2024-02-11 15:11:05,921 - utils - INFO - Google Application Credentials Set
2024-02-11 15:11:05,921 - utils - INFO - /__w/data_engineering_learning/data_engineering_learning/secrets/headers.json
2024-02-11 15:11:05,922 - utils - INFO - MAL Headers Loaded
2024-02-11 15:11:05,925 - utils - INFO - 
        SELECT date_pulled
        FROM `mal-data-engineering.my_anime_list.top_airing_anime`
        WHERE DATE(date_pulled) = CURRENT_DATE('Asia/Tokyo')
        
2024-02-11 15:11:07,541 - utils - INFO - Top Airing Anime not yet updated. Pulling from API
2024-02-11 15:11:09,696 - utils - INFO - Getting Keys. Current Working Directory: /__w/data_engineering_learning/data_engineering_learning
2024-02-11 15:11:09,696 - utils - INFO - Google Application Credentials Set
2024-02-11 15:11:09,696 - utils - INFO - /__w/data_engineering_learning/data_engineering_learning/secrets/headers.json
2024-02-11 15:11:09,697 - utils - INFO - MAL Headers Loaded
2024-02-11 15:11:09,707 - utils - INFO - Getting Keys. Current Working Directory: /__w/data_engineering_learning/data_engineering_learning
2024-02-11 15:11:09,707 - utils - INFO - Google Application Credentials Set
2024-02-11 15:11:09,707 - utils - INFO - /__w/data_engineering_learning/data_engineering_learning/secrets/headers.json
2024-02-11 15:11:09,707 - utils - INFO - MAL Headers Loaded
2024-02-11 15:11:09,709 - utils - INFO - 
        SELECT date_pulled
        FROM `mal-data-engineering.my_anime_list.top_airing_anime`
        WHERE DATE(date_pulled) = DATE('2024-02-12')
        
2024-02-11 15:11:11,153 - utils - INFO - Table exists
2024-02-11 15:11:15,668 - utils - INFO - Top Airing Anime updated
2024-02-11 15:24:01,833 - utils - INFO - Getting Keys. Current Working Directory: /__w/data_engineering_learning/data_engineering_learning
2024-02-11 15:24:01,833 - utils - INFO - Google Application Credentials Set
2024-02-11 15:24:01,833 - utils - INFO - /__w/data_engineering_learning/data_engineering_learning/secrets/headers.json
2024-02-11 15:24:01,833 - utils - INFO - MAL Headers Loaded
2024-02-11 15:24:01,833 - utils - INFO - Getting Keys. Current Working Directory: /__w/data_engineering_learning/data_engineering_learning
2024-02-11 15:24:01,833 - utils - INFO - Google Application Credentials Set
2024-02-11 15:24:01,833 - utils - INFO - /__w/data_engineering_learning/data_engineering_learning/secrets/headers.json
2024-02-11 15:24:01,833 - utils - INFO - MAL Headers Loaded
2024-02-11 15:24:01,837 - utils - INFO - 
        SELECT date_pulled
        FROM `mal-data-engineering.my_anime_list.weekly_top_10`
        WHERE DATE(date_pulled) = CURRENT_DATE('Asia/Tokyo')
        
2024-02-11 15:24:03,170 - utils - INFO - 
        WITH ranked_anime AS (
            SELECT
                tw.date_pulled,
                tw.myanimelist_id,
                tw.title,
                tw.rank,
                tw.score,
                (tw.rank - lw.rank) as rank_change,
                (tw.score - lw.score) as score_change,
                ROW_NUMBER() OVER (PARTITION BY tw.date_pulled ORDER BY tw.rank) AS rank_within_date
            FROM
                (SELECT * FROM `mal-data-engineering.my_anime_list.top_airing_anime`
                  WHERE DATE(date_pulled) = CURRENT_DATE('Asia/Tokyo')
                ) AS tw
            LEFT JOIN
                (SELECT * FROM `mal-data-engineering.my_anime_list.top_airing_anime`
                  WHERE DATE(date_pulled) = DATE_ADD(CURRENT_DATE('Asia/Tokyo'), INTERVAL -7 DAY)
                ) AS lw
            ON
                tw.myanimelist_id = lw.myanimelist_id
            )

            SELECT
            date_pulled,
            myanimelist_id,
            title,
            rank,
            score,
            rank_change,
            score_change
            FROM
            ranked_anime
            WHERE
            rank_within_date <= 10
            ORDER BY
            rank_within_date,
            date_pulled DESC
            ;
        
2024-02-11 15:24:05,736 - utils - INFO - Table exists
2024-02-11 15:24:09,731 - utils - INFO - Weekly Top 10 table updated
2024-02-11 15:36:05,451 - utils - INFO - Getting Keys. Current Working Directory: /__w/data_engineering_learning/data_engineering_learning
2024-02-11 15:36:05,451 - utils - INFO - Google Application Credentials Set
2024-02-11 15:36:05,451 - utils - INFO - /__w/data_engineering_learning/data_engineering_learning/secrets/headers.json
2024-02-11 15:36:05,451 - utils - INFO - MAL Headers Loaded
2024-02-11 15:36:05,451 - utils - INFO - Getting Keys. Current Working Directory: /__w/data_engineering_learning/data_engineering_learning
2024-02-11 15:36:05,451 - utils - INFO - Google Application Credentials Set
2024-02-11 15:36:05,451 - utils - INFO - /__w/data_engineering_learning/data_engineering_learning/secrets/headers.json
2024-02-11 15:36:05,452 - utils - INFO - MAL Headers Loaded
2024-02-11 15:36:05,455 - utils - INFO - 
        SELECT DISTINCT(taa.myanimelist_id)
        FROM `mal-data-engineering.my_anime_list.top_airing_anime` AS taa
        LEFT JOIN `mal-data-engineering.my_anime_list.anime_info` AS ai
        ON taa.myanimelist_id = ai.myanimelist_id
        WHERE DATE(taa.date_pulled) = CURRENT_DATE()
        AND ai.myanimelist_id IS NULL
        
2024-02-11 15:36:06,864 - utils - INFO - Anime ids not in table yet: 13
2024-02-11 15:36:20,380 - utils - INFO - Getting Keys. Current Working Directory: /__w/data_engineering_learning/data_engineering_learning
2024-02-11 15:36:20,380 - utils - INFO - Google Application Credentials Set
2024-02-11 15:36:20,380 - utils - INFO - /__w/data_engineering_learning/data_engineering_learning/secrets/headers.json
2024-02-11 15:36:20,380 - utils - INFO - MAL Headers Loaded
2024-02-11 15:36:20,380 - utils - INFO - Getting Keys. Current Working Directory: /__w/data_engineering_learning/data_engineering_learning
2024-02-11 15:36:20,380 - utils - INFO - Google Application Credentials Set
2024-02-11 15:36:20,380 - utils - INFO - /__w/data_engineering_learning/data_engineering_learning/secrets/headers.json
2024-02-11 15:36:20,380 - utils - INFO - MAL Headers Loaded
2024-02-11 15:36:20,382 - utils - INFO - 
        SELECT DISTINCT(taa.myanimelist_id)
        FROM `mal-data-engineering.my_anime_list.top_airing_anime` AS taa
        LEFT JOIN `mal-data-engineering.my_anime_list.anime_info` AS ai
        ON taa.myanimelist_id = ai.myanimelist_id
        WHERE DATE(taa.date_pulled) = CURRENT_DATE()
        AND ai.myanimelist_id IS NULL
        
2024-02-11 15:36:21,799 - utils - INFO - Anime ids not in table yet: 13
2024-02-11 15:36:21,812 - utils - INFO - Anime Info already updated
