2024-04-21 15:10:35,047 - utils - INFO - Getting Keys. Current Working Directory: /__w/data_engineering_learning/data_engineering_learning
2024-04-21 15:10:35,047 - utils - INFO - Google Application Credentials Set
2024-04-21 15:10:35,047 - utils - INFO - /__w/data_engineering_learning/data_engineering_learning/secrets/headers.json
2024-04-21 15:10:35,047 - utils - INFO - MAL Headers Loaded
2024-04-21 15:10:35,047 - utils - INFO - Getting Keys. Current Working Directory: /__w/data_engineering_learning/data_engineering_learning
2024-04-21 15:10:35,048 - utils - INFO - Google Application Credentials Set
2024-04-21 15:10:35,048 - utils - INFO - /__w/data_engineering_learning/data_engineering_learning/secrets/headers.json
2024-04-21 15:10:35,048 - utils - INFO - MAL Headers Loaded
2024-04-21 15:10:35,051 - utils - INFO - 
        SELECT date_pulled
        FROM `mal-data-engineering.my_anime_list.top_airing_anime`
        WHERE DATE(date_pulled) = CURRENT_DATE('Asia/Tokyo')
        
2024-04-21 15:10:36,521 - utils - INFO - Top Airing Anime not yet updated. Pulling from API
2024-04-21 15:10:38,685 - utils - INFO - Getting Keys. Current Working Directory: /__w/data_engineering_learning/data_engineering_learning
2024-04-21 15:10:38,686 - utils - INFO - Google Application Credentials Set
2024-04-21 15:10:38,686 - utils - INFO - /__w/data_engineering_learning/data_engineering_learning/secrets/headers.json
2024-04-21 15:10:38,686 - utils - INFO - MAL Headers Loaded
2024-04-21 15:10:38,696 - utils - INFO - Getting Keys. Current Working Directory: /__w/data_engineering_learning/data_engineering_learning
2024-04-21 15:10:38,696 - utils - INFO - Google Application Credentials Set
2024-04-21 15:10:38,696 - utils - INFO - /__w/data_engineering_learning/data_engineering_learning/secrets/headers.json
2024-04-21 15:10:38,696 - utils - INFO - MAL Headers Loaded
2024-04-21 15:10:38,698 - utils - INFO - 
        SELECT date_pulled
        FROM `mal-data-engineering.my_anime_list.top_airing_anime`
        WHERE DATE(date_pulled) = DATE('2024-04-22')
        
2024-04-21 15:10:40,216 - utils - INFO - Table exists
2024-04-21 15:10:44,930 - utils - INFO - Top Airing Anime updated
