2024-08-14 15:12:21,717 - utils - INFO - Getting Keys. Current Working Directory: /__w/data_engineering_learning/data_engineering_learning
2024-08-14 15:12:21,717 - utils - INFO - Google Application Credentials Set
2024-08-14 15:12:21,717 - utils - INFO - /__w/data_engineering_learning/data_engineering_learning/secrets/headers.json
2024-08-14 15:12:21,717 - utils - INFO - MAL Headers Loaded
2024-08-14 15:12:21,717 - utils - INFO - Getting Keys. Current Working Directory: /__w/data_engineering_learning/data_engineering_learning
2024-08-14 15:12:21,717 - utils - INFO - Google Application Credentials Set
2024-08-14 15:12:21,717 - utils - INFO - /__w/data_engineering_learning/data_engineering_learning/secrets/headers.json
2024-08-14 15:12:21,718 - utils - INFO - MAL Headers Loaded
2024-08-14 15:12:21,721 - utils - INFO - 
        SELECT date_pulled
        FROM `mal-data-engineering.my_anime_list.top_airing_anime`
        WHERE DATE(date_pulled) = CURRENT_DATE('Asia/Tokyo')
        
2024-08-14 15:12:23,144 - utils - INFO - Top Airing Anime not yet updated. Pulling from API
2024-08-14 15:12:25,734 - utils - INFO - Getting Keys. Current Working Directory: /__w/data_engineering_learning/data_engineering_learning
2024-08-14 15:12:25,734 - utils - INFO - Google Application Credentials Set
2024-08-14 15:12:25,734 - utils - INFO - /__w/data_engineering_learning/data_engineering_learning/secrets/headers.json
2024-08-14 15:12:25,734 - utils - INFO - MAL Headers Loaded
2024-08-14 15:12:25,743 - utils - INFO - Getting Keys. Current Working Directory: /__w/data_engineering_learning/data_engineering_learning
2024-08-14 15:12:25,743 - utils - INFO - Google Application Credentials Set
2024-08-14 15:12:25,743 - utils - INFO - /__w/data_engineering_learning/data_engineering_learning/secrets/headers.json
2024-08-14 15:12:25,744 - utils - INFO - MAL Headers Loaded
2024-08-14 15:12:25,746 - utils - INFO - 
        SELECT date_pulled
        FROM `mal-data-engineering.my_anime_list.top_airing_anime`
        WHERE DATE(date_pulled) = DATE('2024-08-15')
        
2024-08-14 15:12:27,320 - utils - INFO - Table exists
2024-08-14 15:12:31,143 - utils - INFO - Top Airing Anime updated
