2024-03-06 15:12:10,936 - utils - INFO - Getting Keys. Current Working Directory: /__w/data_engineering_learning/data_engineering_learning
2024-03-06 15:12:10,936 - utils - INFO - Google Application Credentials Set
2024-03-06 15:12:10,936 - utils - INFO - /__w/data_engineering_learning/data_engineering_learning/secrets/headers.json
2024-03-06 15:12:10,936 - utils - INFO - MAL Headers Loaded
2024-03-06 15:12:10,937 - utils - INFO - Getting Keys. Current Working Directory: /__w/data_engineering_learning/data_engineering_learning
2024-03-06 15:12:10,937 - utils - INFO - Google Application Credentials Set
2024-03-06 15:12:10,937 - utils - INFO - /__w/data_engineering_learning/data_engineering_learning/secrets/headers.json
2024-03-06 15:12:10,937 - utils - INFO - MAL Headers Loaded
2024-03-06 15:12:10,940 - utils - INFO - 
        SELECT date_pulled
        FROM `mal-data-engineering.my_anime_list.top_airing_anime`
        WHERE DATE(date_pulled) = CURRENT_DATE('Asia/Tokyo')
        
2024-03-06 15:12:12,360 - utils - INFO - Top Airing Anime not yet updated. Pulling from API
2024-03-06 15:12:14,654 - utils - INFO - Getting Keys. Current Working Directory: /__w/data_engineering_learning/data_engineering_learning
2024-03-06 15:12:14,654 - utils - INFO - Google Application Credentials Set
2024-03-06 15:12:14,654 - utils - INFO - /__w/data_engineering_learning/data_engineering_learning/secrets/headers.json
2024-03-06 15:12:14,654 - utils - INFO - MAL Headers Loaded
2024-03-06 15:12:14,664 - utils - INFO - Getting Keys. Current Working Directory: /__w/data_engineering_learning/data_engineering_learning
2024-03-06 15:12:14,665 - utils - INFO - Google Application Credentials Set
2024-03-06 15:12:14,665 - utils - INFO - /__w/data_engineering_learning/data_engineering_learning/secrets/headers.json
2024-03-06 15:12:14,665 - utils - INFO - MAL Headers Loaded
2024-03-06 15:12:14,667 - utils - INFO - 
        SELECT date_pulled
        FROM `mal-data-engineering.my_anime_list.top_airing_anime`
        WHERE DATE(date_pulled) = DATE('2024-03-07')
        
2024-03-06 15:12:16,146 - utils - INFO - Table exists
2024-03-06 15:12:20,152 - utils - INFO - Top Airing Anime updated
