2024-07-29 15:12:36,451 - utils - INFO - Getting Keys. Current Working Directory: /__w/data_engineering_learning/data_engineering_learning
2024-07-29 15:12:36,451 - utils - INFO - Google Application Credentials Set
2024-07-29 15:12:36,451 - utils - INFO - /__w/data_engineering_learning/data_engineering_learning/secrets/headers.json
2024-07-29 15:12:36,451 - utils - INFO - MAL Headers Loaded
2024-07-29 15:12:36,451 - utils - INFO - Getting Keys. Current Working Directory: /__w/data_engineering_learning/data_engineering_learning
2024-07-29 15:12:36,451 - utils - INFO - Google Application Credentials Set
2024-07-29 15:12:36,451 - utils - INFO - /__w/data_engineering_learning/data_engineering_learning/secrets/headers.json
2024-07-29 15:12:36,451 - utils - INFO - MAL Headers Loaded
2024-07-29 15:12:36,455 - utils - INFO - 
        SELECT date_pulled
        FROM `mal-data-engineering.my_anime_list.top_airing_anime`
        WHERE DATE(date_pulled) = CURRENT_DATE('Asia/Tokyo')
        
2024-07-29 15:12:38,126 - utils - INFO - Top Airing Anime not yet updated. Pulling from API
2024-07-29 15:12:40,570 - utils - INFO - Getting Keys. Current Working Directory: /__w/data_engineering_learning/data_engineering_learning
2024-07-29 15:12:40,570 - utils - INFO - Google Application Credentials Set
2024-07-29 15:12:40,570 - utils - INFO - /__w/data_engineering_learning/data_engineering_learning/secrets/headers.json
2024-07-29 15:12:40,570 - utils - INFO - MAL Headers Loaded
2024-07-29 15:12:40,579 - utils - INFO - Getting Keys. Current Working Directory: /__w/data_engineering_learning/data_engineering_learning
2024-07-29 15:12:40,579 - utils - INFO - Google Application Credentials Set
2024-07-29 15:12:40,579 - utils - INFO - /__w/data_engineering_learning/data_engineering_learning/secrets/headers.json
2024-07-29 15:12:40,579 - utils - INFO - MAL Headers Loaded
2024-07-29 15:12:40,582 - utils - INFO - 
        SELECT date_pulled
        FROM `mal-data-engineering.my_anime_list.top_airing_anime`
        WHERE DATE(date_pulled) = DATE('2024-07-30')
        
2024-07-29 15:12:42,188 - utils - INFO - Table exists
2024-07-29 15:12:45,569 - utils - INFO - Top Airing Anime updated
