2024-04-24 15:11:46,070 - utils - INFO - Getting Keys. Current Working Directory: /__w/data_engineering_learning/data_engineering_learning
2024-04-24 15:11:46,070 - utils - INFO - Google Application Credentials Set
2024-04-24 15:11:46,070 - utils - INFO - /__w/data_engineering_learning/data_engineering_learning/secrets/headers.json
2024-04-24 15:11:46,070 - utils - INFO - MAL Headers Loaded
2024-04-24 15:11:46,070 - utils - INFO - Getting Keys. Current Working Directory: /__w/data_engineering_learning/data_engineering_learning
2024-04-24 15:11:46,070 - utils - INFO - Google Application Credentials Set
2024-04-24 15:11:46,070 - utils - INFO - /__w/data_engineering_learning/data_engineering_learning/secrets/headers.json
2024-04-24 15:11:46,071 - utils - INFO - MAL Headers Loaded
2024-04-24 15:11:46,074 - utils - INFO - 
        SELECT date_pulled
        FROM `mal-data-engineering.my_anime_list.top_airing_anime`
        WHERE DATE(date_pulled) = CURRENT_DATE('Asia/Tokyo')
        
2024-04-24 15:11:48,132 - utils - INFO - Top Airing Anime not yet updated. Pulling from API
2024-04-24 15:11:49,081 - utils - INFO - Getting Keys. Current Working Directory: /__w/data_engineering_learning/data_engineering_learning
2024-04-24 15:11:49,081 - utils - INFO - Google Application Credentials Set
2024-04-24 15:11:49,081 - utils - INFO - /__w/data_engineering_learning/data_engineering_learning/secrets/headers.json
2024-04-24 15:11:49,082 - utils - INFO - MAL Headers Loaded
2024-04-24 15:11:49,091 - utils - INFO - Getting Keys. Current Working Directory: /__w/data_engineering_learning/data_engineering_learning
2024-04-24 15:11:49,091 - utils - INFO - Google Application Credentials Set
2024-04-24 15:11:49,091 - utils - INFO - /__w/data_engineering_learning/data_engineering_learning/secrets/headers.json
2024-04-24 15:11:49,091 - utils - INFO - MAL Headers Loaded
2024-04-24 15:11:49,094 - utils - INFO - 
        SELECT date_pulled
        FROM `mal-data-engineering.my_anime_list.top_airing_anime`
        WHERE DATE(date_pulled) = DATE('2024-04-25')
        
2024-04-24 15:11:50,637 - utils - INFO - Table exists
2024-04-24 15:11:54,737 - utils - INFO - Top Airing Anime updated
