2024-09-12 15:13:10,198 - utils - INFO - Getting Keys. Current Working Directory: /__w/data_engineering_learning/data_engineering_learning
2024-09-12 15:13:10,198 - utils - INFO - Google Application Credentials Set
2024-09-12 15:13:10,198 - utils - INFO - /__w/data_engineering_learning/data_engineering_learning/secrets/headers.json
2024-09-12 15:13:10,198 - utils - INFO - MAL Headers Loaded
2024-09-12 15:13:10,198 - utils - INFO - Getting Keys. Current Working Directory: /__w/data_engineering_learning/data_engineering_learning
2024-09-12 15:13:10,198 - utils - INFO - Google Application Credentials Set
2024-09-12 15:13:10,198 - utils - INFO - /__w/data_engineering_learning/data_engineering_learning/secrets/headers.json
2024-09-12 15:13:10,198 - utils - INFO - MAL Headers Loaded
2024-09-12 15:13:10,202 - utils - INFO - 
        SELECT date_pulled
        FROM `mal-data-engineering.my_anime_list.top_airing_anime`
        WHERE DATE(date_pulled) = CURRENT_DATE('Asia/Tokyo')
        
2024-09-12 15:13:11,577 - utils - INFO - Top Airing Anime not yet updated. Pulling from API
2024-09-12 15:13:12,651 - utils - INFO - Getting Keys. Current Working Directory: /__w/data_engineering_learning/data_engineering_learning
2024-09-12 15:13:12,651 - utils - INFO - Google Application Credentials Set
2024-09-12 15:13:12,651 - utils - INFO - /__w/data_engineering_learning/data_engineering_learning/secrets/headers.json
2024-09-12 15:13:12,651 - utils - INFO - MAL Headers Loaded
2024-09-12 15:13:12,661 - utils - INFO - Getting Keys. Current Working Directory: /__w/data_engineering_learning/data_engineering_learning
2024-09-12 15:13:12,661 - utils - INFO - Google Application Credentials Set
2024-09-12 15:13:12,661 - utils - INFO - /__w/data_engineering_learning/data_engineering_learning/secrets/headers.json
2024-09-12 15:13:12,661 - utils - INFO - MAL Headers Loaded
2024-09-12 15:13:12,664 - utils - INFO - 
        SELECT date_pulled
        FROM `mal-data-engineering.my_anime_list.top_airing_anime`
        WHERE DATE(date_pulled) = DATE('2024-09-13')
        
2024-09-12 15:13:13,962 - utils - INFO - Table exists
2024-09-12 15:13:17,441 - utils - INFO - Top Airing Anime updated
