2024-02-14 15:10:31,425 - utils - INFO - Getting Keys. Current Working Directory: /__w/data_engineering_learning/data_engineering_learning
2024-02-14 15:10:31,425 - utils - INFO - Google Application Credentials Set
2024-02-14 15:10:31,425 - utils - INFO - /__w/data_engineering_learning/data_engineering_learning/secrets/headers.json
2024-02-14 15:10:31,425 - utils - INFO - MAL Headers Loaded
2024-02-14 15:10:31,425 - utils - INFO - Getting Keys. Current Working Directory: /__w/data_engineering_learning/data_engineering_learning
2024-02-14 15:10:31,425 - utils - INFO - Google Application Credentials Set
2024-02-14 15:10:31,425 - utils - INFO - /__w/data_engineering_learning/data_engineering_learning/secrets/headers.json
2024-02-14 15:10:31,426 - utils - INFO - MAL Headers Loaded
2024-02-14 15:10:31,429 - utils - INFO - 
        SELECT date_pulled
        FROM `mal-data-engineering.my_anime_list.top_airing_anime`
        WHERE DATE(date_pulled) = CURRENT_DATE('Asia/Tokyo')
        
2024-02-14 15:10:32,872 - utils - INFO - Top Airing Anime not yet updated. Pulling from API
2024-02-14 15:10:35,347 - utils - INFO - Getting Keys. Current Working Directory: /__w/data_engineering_learning/data_engineering_learning
2024-02-14 15:10:35,347 - utils - INFO - Google Application Credentials Set
2024-02-14 15:10:35,347 - utils - INFO - /__w/data_engineering_learning/data_engineering_learning/secrets/headers.json
2024-02-14 15:10:35,347 - utils - INFO - MAL Headers Loaded
2024-02-14 15:10:35,357 - utils - INFO - Getting Keys. Current Working Directory: /__w/data_engineering_learning/data_engineering_learning
2024-02-14 15:10:35,357 - utils - INFO - Google Application Credentials Set
2024-02-14 15:10:35,357 - utils - INFO - /__w/data_engineering_learning/data_engineering_learning/secrets/headers.json
2024-02-14 15:10:35,357 - utils - INFO - MAL Headers Loaded
2024-02-14 15:10:35,359 - utils - INFO - 
        SELECT date_pulled
        FROM `mal-data-engineering.my_anime_list.top_airing_anime`
        WHERE DATE(date_pulled) = DATE('2024-02-15')
        
2024-02-14 15:10:37,029 - utils - INFO - Table exists
2024-02-14 15:10:40,911 - utils - INFO - Top Airing Anime updated
