2024-05-30 15:12:06,475 - utils - INFO - Getting Keys. Current Working Directory: /__w/data_engineering_learning/data_engineering_learning
2024-05-30 15:12:06,476 - utils - INFO - Google Application Credentials Set
2024-05-30 15:12:06,476 - utils - INFO - /__w/data_engineering_learning/data_engineering_learning/secrets/headers.json
2024-05-30 15:12:06,476 - utils - INFO - MAL Headers Loaded
2024-05-30 15:12:06,476 - utils - INFO - Getting Keys. Current Working Directory: /__w/data_engineering_learning/data_engineering_learning
2024-05-30 15:12:06,476 - utils - INFO - Google Application Credentials Set
2024-05-30 15:12:06,476 - utils - INFO - /__w/data_engineering_learning/data_engineering_learning/secrets/headers.json
2024-05-30 15:12:06,476 - utils - INFO - MAL Headers Loaded
2024-05-30 15:12:06,480 - utils - INFO - 
        SELECT date_pulled
        FROM `mal-data-engineering.my_anime_list.top_airing_anime`
        WHERE DATE(date_pulled) = CURRENT_DATE('Asia/Tokyo')
        
2024-05-30 15:12:07,774 - utils - INFO - Top Airing Anime not yet updated. Pulling from API
2024-05-30 15:12:08,613 - utils - INFO - Getting Keys. Current Working Directory: /__w/data_engineering_learning/data_engineering_learning
2024-05-30 15:12:08,613 - utils - INFO - Google Application Credentials Set
2024-05-30 15:12:08,613 - utils - INFO - /__w/data_engineering_learning/data_engineering_learning/secrets/headers.json
2024-05-30 15:12:08,613 - utils - INFO - MAL Headers Loaded
2024-05-30 15:12:08,624 - utils - INFO - Getting Keys. Current Working Directory: /__w/data_engineering_learning/data_engineering_learning
2024-05-30 15:12:08,624 - utils - INFO - Google Application Credentials Set
2024-05-30 15:12:08,624 - utils - INFO - /__w/data_engineering_learning/data_engineering_learning/secrets/headers.json
2024-05-30 15:12:08,624 - utils - INFO - MAL Headers Loaded
2024-05-30 15:12:08,626 - utils - INFO - 
        SELECT date_pulled
        FROM `mal-data-engineering.my_anime_list.top_airing_anime`
        WHERE DATE(date_pulled) = DATE('2024-05-31')
        
2024-05-30 15:12:10,086 - utils - INFO - Table exists
2024-05-30 15:12:13,948 - utils - INFO - Top Airing Anime updated
