2024-11-16 15:12:35,351 - utils - INFO - Getting Keys. Current Working Directory: /__w/data_engineering_learning/data_engineering_learning
2024-11-16 15:12:35,351 - utils - INFO - Google Application Credentials Set
2024-11-16 15:12:35,351 - utils - INFO - /__w/data_engineering_learning/data_engineering_learning/secrets/headers.json
2024-11-16 15:12:35,351 - utils - INFO - MAL Headers Loaded
2024-11-16 15:12:35,351 - utils - INFO - Getting Keys. Current Working Directory: /__w/data_engineering_learning/data_engineering_learning
2024-11-16 15:12:35,351 - utils - INFO - Google Application Credentials Set
2024-11-16 15:12:35,351 - utils - INFO - /__w/data_engineering_learning/data_engineering_learning/secrets/headers.json
2024-11-16 15:12:35,351 - utils - INFO - MAL Headers Loaded
2024-11-16 15:12:35,354 - utils - INFO - 
        SELECT date_pulled
        FROM `mal-data-engineering.my_anime_list.top_airing_anime`
        WHERE DATE(date_pulled) = CURRENT_DATE('Asia/Tokyo')
        
2024-11-16 15:12:36,737 - utils - INFO - Top Airing Anime not yet updated. Pulling from API
2024-11-16 15:12:38,961 - utils - INFO - Getting Keys. Current Working Directory: /__w/data_engineering_learning/data_engineering_learning
2024-11-16 15:12:38,961 - utils - INFO - Google Application Credentials Set
2024-11-16 15:12:38,961 - utils - INFO - /__w/data_engineering_learning/data_engineering_learning/secrets/headers.json
2024-11-16 15:12:38,961 - utils - INFO - MAL Headers Loaded
2024-11-16 15:12:38,970 - utils - INFO - Getting Keys. Current Working Directory: /__w/data_engineering_learning/data_engineering_learning
2024-11-16 15:12:38,970 - utils - INFO - Google Application Credentials Set
2024-11-16 15:12:38,970 - utils - INFO - /__w/data_engineering_learning/data_engineering_learning/secrets/headers.json
2024-11-16 15:12:38,971 - utils - INFO - MAL Headers Loaded
2024-11-16 15:12:38,973 - utils - INFO - 
        SELECT date_pulled
        FROM `mal-data-engineering.my_anime_list.top_airing_anime`
        WHERE DATE(date_pulled) = DATE('2024-11-17')
        
2024-11-16 15:12:40,302 - utils - INFO - Table exists
2024-11-16 15:12:44,094 - utils - INFO - Top Airing Anime updated
