2024-01-05 15:10:52,754 - utils - INFO - Getting Keys. Current Working Directory: /__w/data_engineering_learning/data_engineering_learning
2024-01-05 15:10:52,754 - utils - INFO - Google Application Credentials Set
2024-01-05 15:10:52,754 - utils - INFO - /__w/data_engineering_learning/data_engineering_learning/secrets/headers.json
2024-01-05 15:10:52,754 - utils - INFO - MAL Headers Loaded
2024-01-05 15:10:52,754 - utils - INFO - Getting Keys. Current Working Directory: /__w/data_engineering_learning/data_engineering_learning
2024-01-05 15:10:52,754 - utils - INFO - Google Application Credentials Set
2024-01-05 15:10:52,754 - utils - INFO - /__w/data_engineering_learning/data_engineering_learning/secrets/headers.json
2024-01-05 15:10:52,754 - utils - INFO - MAL Headers Loaded
2024-01-05 15:10:52,757 - utils - INFO - 
        SELECT date_pulled
        FROM `mal-data-engineering.my_anime_list.top_airing_anime`
        WHERE DATE(date_pulled) = CURRENT_DATE('Asia/Tokyo')
        
2024-01-05 15:10:54,361 - utils - INFO - Top Airing Anime not yet updated. Pulling from API
2024-01-05 15:10:56,908 - utils - INFO - Getting Keys. Current Working Directory: /__w/data_engineering_learning/data_engineering_learning
2024-01-05 15:10:56,908 - utils - INFO - Google Application Credentials Set
2024-01-05 15:10:56,908 - utils - INFO - /__w/data_engineering_learning/data_engineering_learning/secrets/headers.json
2024-01-05 15:10:56,909 - utils - INFO - MAL Headers Loaded
2024-01-05 15:10:56,918 - utils - INFO - Getting Keys. Current Working Directory: /__w/data_engineering_learning/data_engineering_learning
2024-01-05 15:10:56,919 - utils - INFO - Google Application Credentials Set
2024-01-05 15:10:56,919 - utils - INFO - /__w/data_engineering_learning/data_engineering_learning/secrets/headers.json
2024-01-05 15:10:56,919 - utils - INFO - MAL Headers Loaded
2024-01-05 15:10:56,921 - utils - INFO - 
        SELECT date_pulled
        FROM `mal-data-engineering.my_anime_list.top_airing_anime`
        WHERE DATE(date_pulled) = DATE('2024-01-06')
        
2024-01-05 15:10:58,834 - utils - INFO - Table exists
2024-01-05 15:11:02,345 - utils - INFO - Top Airing Anime updated
