2024-04-01 15:10:35,458 - utils - INFO - Getting Keys. Current Working Directory: /__w/data_engineering_learning/data_engineering_learning
2024-04-01 15:10:35,458 - utils - INFO - Google Application Credentials Set
2024-04-01 15:10:35,458 - utils - INFO - /__w/data_engineering_learning/data_engineering_learning/secrets/headers.json
2024-04-01 15:10:35,458 - utils - INFO - MAL Headers Loaded
2024-04-01 15:10:35,458 - utils - INFO - Getting Keys. Current Working Directory: /__w/data_engineering_learning/data_engineering_learning
2024-04-01 15:10:35,458 - utils - INFO - Google Application Credentials Set
2024-04-01 15:10:35,458 - utils - INFO - /__w/data_engineering_learning/data_engineering_learning/secrets/headers.json
2024-04-01 15:10:35,458 - utils - INFO - MAL Headers Loaded
2024-04-01 15:10:35,462 - utils - INFO - 
        SELECT date_pulled
        FROM `mal-data-engineering.my_anime_list.top_airing_anime`
        WHERE DATE(date_pulled) = CURRENT_DATE('Asia/Tokyo')
        
2024-04-01 15:10:37,070 - utils - INFO - Top Airing Anime not yet updated. Pulling from API
2024-04-01 15:10:37,924 - utils - INFO - Getting Keys. Current Working Directory: /__w/data_engineering_learning/data_engineering_learning
2024-04-01 15:10:37,925 - utils - INFO - Google Application Credentials Set
2024-04-01 15:10:37,925 - utils - INFO - /__w/data_engineering_learning/data_engineering_learning/secrets/headers.json
2024-04-01 15:10:37,925 - utils - INFO - MAL Headers Loaded
2024-04-01 15:10:37,934 - utils - INFO - Getting Keys. Current Working Directory: /__w/data_engineering_learning/data_engineering_learning
2024-04-01 15:10:37,934 - utils - INFO - Google Application Credentials Set
2024-04-01 15:10:37,934 - utils - INFO - /__w/data_engineering_learning/data_engineering_learning/secrets/headers.json
2024-04-01 15:10:37,934 - utils - INFO - MAL Headers Loaded
2024-04-01 15:10:37,937 - utils - INFO - 
        SELECT date_pulled
        FROM `mal-data-engineering.my_anime_list.top_airing_anime`
        WHERE DATE(date_pulled) = DATE('2024-04-02')
        
2024-04-01 15:10:39,568 - utils - INFO - Table exists
2024-04-01 15:10:43,178 - utils - INFO - Top Airing Anime updated
