2024-08-30 15:13:06,302 - utils - INFO - Getting Keys. Current Working Directory: /__w/data_engineering_learning/data_engineering_learning
2024-08-30 15:13:06,302 - utils - INFO - Google Application Credentials Set
2024-08-30 15:13:06,302 - utils - INFO - /__w/data_engineering_learning/data_engineering_learning/secrets/headers.json
2024-08-30 15:13:06,302 - utils - INFO - MAL Headers Loaded
2024-08-30 15:13:06,302 - utils - INFO - Getting Keys. Current Working Directory: /__w/data_engineering_learning/data_engineering_learning
2024-08-30 15:13:06,302 - utils - INFO - Google Application Credentials Set
2024-08-30 15:13:06,302 - utils - INFO - /__w/data_engineering_learning/data_engineering_learning/secrets/headers.json
2024-08-30 15:13:06,302 - utils - INFO - MAL Headers Loaded
2024-08-30 15:13:06,305 - utils - INFO - 
        SELECT date_pulled
        FROM `mal-data-engineering.my_anime_list.top_airing_anime`
        WHERE DATE(date_pulled) = CURRENT_DATE('Asia/Tokyo')
        
2024-08-30 15:13:07,959 - utils - INFO - Top Airing Anime not yet updated. Pulling from API
2024-08-30 15:13:12,306 - utils - INFO - Getting Keys. Current Working Directory: /__w/data_engineering_learning/data_engineering_learning
2024-08-30 15:13:12,306 - utils - INFO - Google Application Credentials Set
2024-08-30 15:13:12,306 - utils - INFO - /__w/data_engineering_learning/data_engineering_learning/secrets/headers.json
2024-08-30 15:13:12,306 - utils - INFO - MAL Headers Loaded
2024-08-30 15:13:12,315 - utils - INFO - Getting Keys. Current Working Directory: /__w/data_engineering_learning/data_engineering_learning
2024-08-30 15:13:12,315 - utils - INFO - Google Application Credentials Set
2024-08-30 15:13:12,315 - utils - INFO - /__w/data_engineering_learning/data_engineering_learning/secrets/headers.json
2024-08-30 15:13:12,315 - utils - INFO - MAL Headers Loaded
2024-08-30 15:13:12,318 - utils - INFO - 
        SELECT date_pulled
        FROM `mal-data-engineering.my_anime_list.top_airing_anime`
        WHERE DATE(date_pulled) = DATE('2024-08-31')
        
2024-08-30 15:13:13,692 - utils - INFO - Table exists
2024-08-30 15:13:17,204 - utils - INFO - Top Airing Anime updated
