2024-03-25 15:11:42,797 - utils - INFO - Getting Keys. Current Working Directory: /__w/data_engineering_learning/data_engineering_learning
2024-03-25 15:11:42,798 - utils - INFO - Google Application Credentials Set
2024-03-25 15:11:42,798 - utils - INFO - /__w/data_engineering_learning/data_engineering_learning/secrets/headers.json
2024-03-25 15:11:42,798 - utils - INFO - MAL Headers Loaded
2024-03-25 15:11:42,798 - utils - INFO - Getting Keys. Current Working Directory: /__w/data_engineering_learning/data_engineering_learning
2024-03-25 15:11:42,798 - utils - INFO - Google Application Credentials Set
2024-03-25 15:11:42,798 - utils - INFO - /__w/data_engineering_learning/data_engineering_learning/secrets/headers.json
2024-03-25 15:11:42,798 - utils - INFO - MAL Headers Loaded
2024-03-25 15:11:42,801 - utils - INFO - 
        SELECT date_pulled
        FROM `mal-data-engineering.my_anime_list.top_airing_anime`
        WHERE DATE(date_pulled) = CURRENT_DATE('Asia/Tokyo')
        
2024-03-25 15:11:45,115 - utils - INFO - Top Airing Anime not yet updated. Pulling from API
2024-03-25 15:11:47,907 - utils - INFO - Getting Keys. Current Working Directory: /__w/data_engineering_learning/data_engineering_learning
2024-03-25 15:11:47,907 - utils - INFO - Google Application Credentials Set
2024-03-25 15:11:47,907 - utils - INFO - /__w/data_engineering_learning/data_engineering_learning/secrets/headers.json
2024-03-25 15:11:47,907 - utils - INFO - MAL Headers Loaded
2024-03-25 15:11:47,916 - utils - INFO - Getting Keys. Current Working Directory: /__w/data_engineering_learning/data_engineering_learning
2024-03-25 15:11:47,916 - utils - INFO - Google Application Credentials Set
2024-03-25 15:11:47,916 - utils - INFO - /__w/data_engineering_learning/data_engineering_learning/secrets/headers.json
2024-03-25 15:11:47,916 - utils - INFO - MAL Headers Loaded
2024-03-25 15:11:47,918 - utils - INFO - 
        SELECT date_pulled
        FROM `mal-data-engineering.my_anime_list.top_airing_anime`
        WHERE DATE(date_pulled) = DATE('2024-03-26')
        
2024-03-25 15:11:49,637 - utils - INFO - Table exists
2024-03-25 15:11:55,065 - utils - INFO - Top Airing Anime updated
