2024-11-30 15:12:48,386 - utils - INFO - Getting Keys. Current Working Directory: /__w/data_engineering_learning/data_engineering_learning
2024-11-30 15:12:48,386 - utils - INFO - Google Application Credentials Set
2024-11-30 15:12:48,386 - utils - INFO - /__w/data_engineering_learning/data_engineering_learning/secrets/headers.json
2024-11-30 15:12:48,386 - utils - INFO - MAL Headers Loaded
2024-11-30 15:12:48,386 - utils - INFO - Getting Keys. Current Working Directory: /__w/data_engineering_learning/data_engineering_learning
2024-11-30 15:12:48,386 - utils - INFO - Google Application Credentials Set
2024-11-30 15:12:48,386 - utils - INFO - /__w/data_engineering_learning/data_engineering_learning/secrets/headers.json
2024-11-30 15:12:48,386 - utils - INFO - MAL Headers Loaded
2024-11-30 15:12:48,389 - utils - INFO - 
        SELECT date_pulled
        FROM `mal-data-engineering.my_anime_list.top_airing_anime`
        WHERE DATE(date_pulled) = CURRENT_DATE('Asia/Tokyo')
        
2024-11-30 15:12:49,939 - utils - INFO - Top Airing Anime not yet updated. Pulling from API
2024-11-30 15:12:52,086 - utils - INFO - Getting Keys. Current Working Directory: /__w/data_engineering_learning/data_engineering_learning
2024-11-30 15:12:52,086 - utils - INFO - Google Application Credentials Set
2024-11-30 15:12:52,086 - utils - INFO - /__w/data_engineering_learning/data_engineering_learning/secrets/headers.json
2024-11-30 15:12:52,087 - utils - INFO - MAL Headers Loaded
2024-11-30 15:12:52,096 - utils - INFO - Getting Keys. Current Working Directory: /__w/data_engineering_learning/data_engineering_learning
2024-11-30 15:12:52,096 - utils - INFO - Google Application Credentials Set
2024-11-30 15:12:52,096 - utils - INFO - /__w/data_engineering_learning/data_engineering_learning/secrets/headers.json
2024-11-30 15:12:52,097 - utils - INFO - MAL Headers Loaded
2024-11-30 15:12:52,099 - utils - INFO - 
        SELECT date_pulled
        FROM `mal-data-engineering.my_anime_list.top_airing_anime`
        WHERE DATE(date_pulled) = DATE('2024-12-01')
        
2024-11-30 15:12:53,324 - utils - INFO - Table exists
2024-11-30 15:12:56,501 - utils - INFO - Top Airing Anime updated
