2024-01-23 15:11:08,942 - utils - INFO - Getting Keys. Current Working Directory: /__w/data_engineering_learning/data_engineering_learning
2024-01-23 15:11:08,942 - utils - INFO - Google Application Credentials Set
2024-01-23 15:11:08,942 - utils - INFO - /__w/data_engineering_learning/data_engineering_learning/secrets/headers.json
2024-01-23 15:11:08,942 - utils - INFO - MAL Headers Loaded
2024-01-23 15:11:08,942 - utils - INFO - Getting Keys. Current Working Directory: /__w/data_engineering_learning/data_engineering_learning
2024-01-23 15:11:08,942 - utils - INFO - Google Application Credentials Set
2024-01-23 15:11:08,942 - utils - INFO - /__w/data_engineering_learning/data_engineering_learning/secrets/headers.json
2024-01-23 15:11:08,942 - utils - INFO - MAL Headers Loaded
2024-01-23 15:11:08,946 - utils - INFO - 
        SELECT date_pulled
        FROM `mal-data-engineering.my_anime_list.top_airing_anime`
        WHERE DATE(date_pulled) = CURRENT_DATE('Asia/Tokyo')
        
2024-01-23 15:11:10,331 - utils - INFO - Top Airing Anime not yet updated. Pulling from API
2024-01-23 15:11:13,325 - utils - INFO - Getting Keys. Current Working Directory: /__w/data_engineering_learning/data_engineering_learning
2024-01-23 15:11:13,325 - utils - INFO - Google Application Credentials Set
2024-01-23 15:11:13,325 - utils - INFO - /__w/data_engineering_learning/data_engineering_learning/secrets/headers.json
2024-01-23 15:11:13,325 - utils - INFO - MAL Headers Loaded
2024-01-23 15:11:13,335 - utils - INFO - Getting Keys. Current Working Directory: /__w/data_engineering_learning/data_engineering_learning
2024-01-23 15:11:13,335 - utils - INFO - Google Application Credentials Set
2024-01-23 15:11:13,335 - utils - INFO - /__w/data_engineering_learning/data_engineering_learning/secrets/headers.json
2024-01-23 15:11:13,335 - utils - INFO - MAL Headers Loaded
2024-01-23 15:11:13,338 - utils - INFO - 
        SELECT date_pulled
        FROM `mal-data-engineering.my_anime_list.top_airing_anime`
        WHERE DATE(date_pulled) = DATE('2024-01-24')
        
2024-01-23 15:11:14,851 - utils - INFO - Table exists
2024-01-23 15:11:17,928 - utils - INFO - Top Airing Anime updated
