2024-01-01 15:10:26,732 - utils - INFO - Getting Keys. Current Working Directory: /__w/data_engineering_learning/data_engineering_learning
2024-01-01 15:10:26,732 - utils - INFO - Google Application Credentials Set
2024-01-01 15:10:26,732 - utils - INFO - /__w/data_engineering_learning/data_engineering_learning/secrets/headers.json
2024-01-01 15:10:26,732 - utils - INFO - MAL Headers Loaded
2024-01-01 15:10:26,732 - utils - INFO - Getting Keys. Current Working Directory: /__w/data_engineering_learning/data_engineering_learning
2024-01-01 15:10:26,733 - utils - INFO - Google Application Credentials Set
2024-01-01 15:10:26,733 - utils - INFO - /__w/data_engineering_learning/data_engineering_learning/secrets/headers.json
2024-01-01 15:10:26,733 - utils - INFO - MAL Headers Loaded
2024-01-01 15:10:26,736 - utils - INFO - 
        SELECT date_pulled
        FROM `mal-data-engineering.my_anime_list.top_airing_anime`
        WHERE DATE(date_pulled) = CURRENT_DATE('Asia/Tokyo')
        
2024-01-01 15:10:28,298 - utils - INFO - Top Airing Anime not yet updated. Pulling from API
2024-01-01 15:10:30,400 - utils - INFO - Getting Keys. Current Working Directory: /__w/data_engineering_learning/data_engineering_learning
2024-01-01 15:10:30,401 - utils - INFO - Google Application Credentials Set
2024-01-01 15:10:30,401 - utils - INFO - /__w/data_engineering_learning/data_engineering_learning/secrets/headers.json
2024-01-01 15:10:30,401 - utils - INFO - MAL Headers Loaded
2024-01-01 15:10:30,410 - utils - INFO - Getting Keys. Current Working Directory: /__w/data_engineering_learning/data_engineering_learning
2024-01-01 15:10:30,410 - utils - INFO - Google Application Credentials Set
2024-01-01 15:10:30,410 - utils - INFO - /__w/data_engineering_learning/data_engineering_learning/secrets/headers.json
2024-01-01 15:10:30,410 - utils - INFO - MAL Headers Loaded
2024-01-01 15:10:30,413 - utils - INFO - 
        SELECT date_pulled
        FROM `mal-data-engineering.my_anime_list.top_airing_anime`
        WHERE DATE(date_pulled) = DATE('2024-01-02')
        
2024-01-01 15:10:32,140 - utils - INFO - Table exists
2024-01-01 15:10:35,375 - utils - INFO - Top Airing Anime updated
