2024-07-20 15:10:43,911 - utils - INFO - Getting Keys. Current Working Directory: /__w/data_engineering_learning/data_engineering_learning
2024-07-20 15:10:43,911 - utils - INFO - Google Application Credentials Set
2024-07-20 15:10:43,911 - utils - INFO - /__w/data_engineering_learning/data_engineering_learning/secrets/headers.json
2024-07-20 15:10:43,911 - utils - INFO - MAL Headers Loaded
2024-07-20 15:10:43,912 - utils - INFO - Getting Keys. Current Working Directory: /__w/data_engineering_learning/data_engineering_learning
2024-07-20 15:10:43,912 - utils - INFO - Google Application Credentials Set
2024-07-20 15:10:43,912 - utils - INFO - /__w/data_engineering_learning/data_engineering_learning/secrets/headers.json
2024-07-20 15:10:43,912 - utils - INFO - MAL Headers Loaded
2024-07-20 15:10:43,915 - utils - INFO - 
        SELECT date_pulled
        FROM `mal-data-engineering.my_anime_list.top_airing_anime`
        WHERE DATE(date_pulled) = CURRENT_DATE('Asia/Tokyo')
        
2024-07-20 15:10:46,183 - utils - INFO - Top Airing Anime not yet updated. Pulling from API
2024-07-20 15:10:48,700 - utils - INFO - Getting Keys. Current Working Directory: /__w/data_engineering_learning/data_engineering_learning
2024-07-20 15:10:48,700 - utils - INFO - Google Application Credentials Set
2024-07-20 15:10:48,700 - utils - INFO - /__w/data_engineering_learning/data_engineering_learning/secrets/headers.json
2024-07-20 15:10:48,701 - utils - INFO - MAL Headers Loaded
2024-07-20 15:10:48,710 - utils - INFO - Getting Keys. Current Working Directory: /__w/data_engineering_learning/data_engineering_learning
2024-07-20 15:10:48,711 - utils - INFO - Google Application Credentials Set
2024-07-20 15:10:48,711 - utils - INFO - /__w/data_engineering_learning/data_engineering_learning/secrets/headers.json
2024-07-20 15:10:48,711 - utils - INFO - MAL Headers Loaded
2024-07-20 15:10:48,713 - utils - INFO - 
        SELECT date_pulled
        FROM `mal-data-engineering.my_anime_list.top_airing_anime`
        WHERE DATE(date_pulled) = DATE('2024-07-21')
        
2024-07-20 15:10:50,305 - utils - INFO - Table exists
2024-07-20 15:10:54,444 - utils - INFO - Top Airing Anime updated
