2024-05-06 15:11:33,036 - utils - INFO - Getting Keys. Current Working Directory: /__w/data_engineering_learning/data_engineering_learning
2024-05-06 15:11:33,036 - utils - INFO - Google Application Credentials Set
2024-05-06 15:11:33,036 - utils - INFO - /__w/data_engineering_learning/data_engineering_learning/secrets/headers.json
2024-05-06 15:11:33,036 - utils - INFO - MAL Headers Loaded
2024-05-06 15:11:33,036 - utils - INFO - Getting Keys. Current Working Directory: /__w/data_engineering_learning/data_engineering_learning
2024-05-06 15:11:33,036 - utils - INFO - Google Application Credentials Set
2024-05-06 15:11:33,036 - utils - INFO - /__w/data_engineering_learning/data_engineering_learning/secrets/headers.json
2024-05-06 15:11:33,036 - utils - INFO - MAL Headers Loaded
2024-05-06 15:11:33,042 - utils - INFO - 
        SELECT date_pulled
        FROM `mal-data-engineering.my_anime_list.top_airing_anime`
        WHERE DATE(date_pulled) = CURRENT_DATE('Asia/Tokyo')
        
2024-05-06 15:11:34,755 - utils - INFO - Top Airing Anime not yet updated. Pulling from API
2024-05-06 15:11:35,520 - utils - INFO - Getting Keys. Current Working Directory: /__w/data_engineering_learning/data_engineering_learning
2024-05-06 15:11:35,520 - utils - INFO - Google Application Credentials Set
2024-05-06 15:11:35,520 - utils - INFO - /__w/data_engineering_learning/data_engineering_learning/secrets/headers.json
2024-05-06 15:11:35,520 - utils - INFO - MAL Headers Loaded
2024-05-06 15:11:35,530 - utils - INFO - Getting Keys. Current Working Directory: /__w/data_engineering_learning/data_engineering_learning
2024-05-06 15:11:35,530 - utils - INFO - Google Application Credentials Set
2024-05-06 15:11:35,530 - utils - INFO - /__w/data_engineering_learning/data_engineering_learning/secrets/headers.json
2024-05-06 15:11:35,531 - utils - INFO - MAL Headers Loaded
2024-05-06 15:11:35,533 - utils - INFO - 
        SELECT date_pulled
        FROM `mal-data-engineering.my_anime_list.top_airing_anime`
        WHERE DATE(date_pulled) = DATE('2024-05-07')
        
2024-05-06 15:11:37,170 - utils - INFO - Table exists
2024-05-06 15:11:40,640 - utils - INFO - Top Airing Anime updated
