2024-08-21 15:12:17,364 - utils - INFO - Getting Keys. Current Working Directory: /__w/data_engineering_learning/data_engineering_learning
2024-08-21 15:12:17,364 - utils - INFO - Google Application Credentials Set
2024-08-21 15:12:17,364 - utils - INFO - /__w/data_engineering_learning/data_engineering_learning/secrets/headers.json
2024-08-21 15:12:17,364 - utils - INFO - MAL Headers Loaded
2024-08-21 15:12:17,364 - utils - INFO - Getting Keys. Current Working Directory: /__w/data_engineering_learning/data_engineering_learning
2024-08-21 15:12:17,364 - utils - INFO - Google Application Credentials Set
2024-08-21 15:12:17,364 - utils - INFO - /__w/data_engineering_learning/data_engineering_learning/secrets/headers.json
2024-08-21 15:12:17,364 - utils - INFO - MAL Headers Loaded
2024-08-21 15:12:17,368 - utils - INFO - 
        SELECT date_pulled
        FROM `mal-data-engineering.my_anime_list.top_airing_anime`
        WHERE DATE(date_pulled) = CURRENT_DATE('Asia/Tokyo')
        
2024-08-21 15:12:18,821 - utils - INFO - Top Airing Anime not yet updated. Pulling from API
2024-08-21 15:12:21,877 - utils - INFO - Getting Keys. Current Working Directory: /__w/data_engineering_learning/data_engineering_learning
2024-08-21 15:12:21,877 - utils - INFO - Google Application Credentials Set
2024-08-21 15:12:21,877 - utils - INFO - /__w/data_engineering_learning/data_engineering_learning/secrets/headers.json
2024-08-21 15:12:21,877 - utils - INFO - MAL Headers Loaded
2024-08-21 15:12:21,887 - utils - INFO - Getting Keys. Current Working Directory: /__w/data_engineering_learning/data_engineering_learning
2024-08-21 15:12:21,888 - utils - INFO - Google Application Credentials Set
2024-08-21 15:12:21,888 - utils - INFO - /__w/data_engineering_learning/data_engineering_learning/secrets/headers.json
2024-08-21 15:12:21,888 - utils - INFO - MAL Headers Loaded
2024-08-21 15:12:21,890 - utils - INFO - 
        SELECT date_pulled
        FROM `mal-data-engineering.my_anime_list.top_airing_anime`
        WHERE DATE(date_pulled) = DATE('2024-08-22')
        
2024-08-21 15:12:23,361 - utils - INFO - Table exists
2024-08-21 15:12:26,911 - utils - INFO - Top Airing Anime updated
