2024-04-16 15:11:01,416 - utils - INFO - Getting Keys. Current Working Directory: /__w/data_engineering_learning/data_engineering_learning
2024-04-16 15:11:01,416 - utils - INFO - Google Application Credentials Set
2024-04-16 15:11:01,417 - utils - INFO - /__w/data_engineering_learning/data_engineering_learning/secrets/headers.json
2024-04-16 15:11:01,417 - utils - INFO - MAL Headers Loaded
2024-04-16 15:11:01,417 - utils - INFO - Getting Keys. Current Working Directory: /__w/data_engineering_learning/data_engineering_learning
2024-04-16 15:11:01,417 - utils - INFO - Google Application Credentials Set
2024-04-16 15:11:01,417 - utils - INFO - /__w/data_engineering_learning/data_engineering_learning/secrets/headers.json
2024-04-16 15:11:01,417 - utils - INFO - MAL Headers Loaded
2024-04-16 15:11:01,420 - utils - INFO - 
        SELECT date_pulled
        FROM `mal-data-engineering.my_anime_list.top_airing_anime`
        WHERE DATE(date_pulled) = CURRENT_DATE('Asia/Tokyo')
        
2024-04-16 15:11:03,015 - utils - INFO - Top Airing Anime not yet updated. Pulling from API
2024-04-16 15:11:05,326 - utils - INFO - Getting Keys. Current Working Directory: /__w/data_engineering_learning/data_engineering_learning
2024-04-16 15:11:05,326 - utils - INFO - Google Application Credentials Set
2024-04-16 15:11:05,326 - utils - INFO - /__w/data_engineering_learning/data_engineering_learning/secrets/headers.json
2024-04-16 15:11:05,326 - utils - INFO - MAL Headers Loaded
2024-04-16 15:11:05,336 - utils - INFO - Getting Keys. Current Working Directory: /__w/data_engineering_learning/data_engineering_learning
2024-04-16 15:11:05,336 - utils - INFO - Google Application Credentials Set
2024-04-16 15:11:05,336 - utils - INFO - /__w/data_engineering_learning/data_engineering_learning/secrets/headers.json
2024-04-16 15:11:05,336 - utils - INFO - MAL Headers Loaded
2024-04-16 15:11:05,338 - utils - INFO - 
        SELECT date_pulled
        FROM `mal-data-engineering.my_anime_list.top_airing_anime`
        WHERE DATE(date_pulled) = DATE('2024-04-17')
        
2024-04-16 15:11:07,152 - utils - INFO - Table exists
2024-04-16 15:11:11,109 - utils - INFO - Top Airing Anime updated
