2024-09-16 15:13:55,295 - utils - INFO - Getting Keys. Current Working Directory: /__w/data_engineering_learning/data_engineering_learning
2024-09-16 15:13:55,295 - utils - INFO - Google Application Credentials Set
2024-09-16 15:13:55,295 - utils - INFO - /__w/data_engineering_learning/data_engineering_learning/secrets/headers.json
2024-09-16 15:13:55,295 - utils - INFO - MAL Headers Loaded
2024-09-16 15:13:55,295 - utils - INFO - Getting Keys. Current Working Directory: /__w/data_engineering_learning/data_engineering_learning
2024-09-16 15:13:55,295 - utils - INFO - Google Application Credentials Set
2024-09-16 15:13:55,295 - utils - INFO - /__w/data_engineering_learning/data_engineering_learning/secrets/headers.json
2024-09-16 15:13:55,295 - utils - INFO - MAL Headers Loaded
2024-09-16 15:13:55,299 - utils - INFO - 
        SELECT date_pulled
        FROM `mal-data-engineering.my_anime_list.top_airing_anime`
        WHERE DATE(date_pulled) = CURRENT_DATE('Asia/Tokyo')
        
2024-09-16 15:13:56,593 - utils - INFO - Top Airing Anime not yet updated. Pulling from API
2024-09-16 15:13:59,120 - utils - INFO - Getting Keys. Current Working Directory: /__w/data_engineering_learning/data_engineering_learning
2024-09-16 15:13:59,120 - utils - INFO - Google Application Credentials Set
2024-09-16 15:13:59,120 - utils - INFO - /__w/data_engineering_learning/data_engineering_learning/secrets/headers.json
2024-09-16 15:13:59,120 - utils - INFO - MAL Headers Loaded
2024-09-16 15:13:59,129 - utils - INFO - Getting Keys. Current Working Directory: /__w/data_engineering_learning/data_engineering_learning
2024-09-16 15:13:59,130 - utils - INFO - Google Application Credentials Set
2024-09-16 15:13:59,130 - utils - INFO - /__w/data_engineering_learning/data_engineering_learning/secrets/headers.json
2024-09-16 15:13:59,130 - utils - INFO - MAL Headers Loaded
2024-09-16 15:13:59,132 - utils - INFO - 
        SELECT date_pulled
        FROM `mal-data-engineering.my_anime_list.top_airing_anime`
        WHERE DATE(date_pulled) = DATE('2024-09-17')
        
2024-09-16 15:14:00,368 - utils - INFO - Table exists
2024-09-16 15:14:05,196 - utils - INFO - Top Airing Anime updated
