2024-11-24 15:13:11,492 - utils - INFO - Getting Keys. Current Working Directory: /__w/data_engineering_learning/data_engineering_learning
2024-11-24 15:13:11,492 - utils - INFO - Google Application Credentials Set
2024-11-24 15:13:11,493 - utils - INFO - /__w/data_engineering_learning/data_engineering_learning/secrets/headers.json
2024-11-24 15:13:11,493 - utils - INFO - MAL Headers Loaded
2024-11-24 15:13:11,493 - utils - INFO - Getting Keys. Current Working Directory: /__w/data_engineering_learning/data_engineering_learning
2024-11-24 15:13:11,493 - utils - INFO - Google Application Credentials Set
2024-11-24 15:13:11,493 - utils - INFO - /__w/data_engineering_learning/data_engineering_learning/secrets/headers.json
2024-11-24 15:13:11,493 - utils - INFO - MAL Headers Loaded
2024-11-24 15:13:11,496 - utils - INFO - 
        SELECT date_pulled
        FROM `mal-data-engineering.my_anime_list.top_airing_anime`
        WHERE DATE(date_pulled) = CURRENT_DATE('Asia/Tokyo')
        
2024-11-24 15:13:13,076 - utils - INFO - Top Airing Anime not yet updated. Pulling from API
2024-11-24 15:13:15,176 - utils - INFO - Getting Keys. Current Working Directory: /__w/data_engineering_learning/data_engineering_learning
2024-11-24 15:13:15,176 - utils - INFO - Google Application Credentials Set
2024-11-24 15:13:15,176 - utils - INFO - /__w/data_engineering_learning/data_engineering_learning/secrets/headers.json
2024-11-24 15:13:15,176 - utils - INFO - MAL Headers Loaded
2024-11-24 15:13:15,185 - utils - INFO - Getting Keys. Current Working Directory: /__w/data_engineering_learning/data_engineering_learning
2024-11-24 15:13:15,185 - utils - INFO - Google Application Credentials Set
2024-11-24 15:13:15,185 - utils - INFO - /__w/data_engineering_learning/data_engineering_learning/secrets/headers.json
2024-11-24 15:13:15,185 - utils - INFO - MAL Headers Loaded
2024-11-24 15:13:15,188 - utils - INFO - 
        SELECT date_pulled
        FROM `mal-data-engineering.my_anime_list.top_airing_anime`
        WHERE DATE(date_pulled) = DATE('2024-11-25')
        
2024-11-24 15:13:16,464 - utils - INFO - Table exists
2024-11-24 15:13:20,938 - utils - INFO - Top Airing Anime updated
2024-11-24 15:28:07,660 - utils - INFO - Getting Keys. Current Working Directory: /__w/data_engineering_learning/data_engineering_learning
2024-11-24 15:28:07,660 - utils - INFO - Google Application Credentials Set
2024-11-24 15:28:07,660 - utils - INFO - /__w/data_engineering_learning/data_engineering_learning/secrets/headers.json
2024-11-24 15:28:07,660 - utils - INFO - MAL Headers Loaded
2024-11-24 15:28:07,661 - utils - INFO - Getting Keys. Current Working Directory: /__w/data_engineering_learning/data_engineering_learning
2024-11-24 15:28:07,661 - utils - INFO - Google Application Credentials Set
2024-11-24 15:28:07,661 - utils - INFO - /__w/data_engineering_learning/data_engineering_learning/secrets/headers.json
2024-11-24 15:28:07,661 - utils - INFO - MAL Headers Loaded
2024-11-24 15:28:07,664 - utils - INFO - 
        SELECT date_pulled
        FROM `mal-data-engineering.my_anime_list.weekly_top_10`
        WHERE DATE(date_pulled) = CURRENT_DATE('Asia/Tokyo')
        
2024-11-24 15:28:08,993 - utils - INFO - 
        WITH ranked_anime AS (
            SELECT
                tw.date_pulled,
                tw.myanimelist_id,
                tw.title,
                tw.rank,
                tw.score,
                (tw.rank - lw.rank) as rank_change,
                (tw.score - lw.score) as score_change,
                ROW_NUMBER() OVER (PARTITION BY tw.date_pulled ORDER BY tw.rank) AS rank_within_date
            FROM
                (SELECT * FROM `mal-data-engineering.my_anime_list.top_airing_anime`
                  WHERE DATE(date_pulled) = CURRENT_DATE('Asia/Tokyo')
                ) AS tw
            LEFT JOIN
                (SELECT * FROM `mal-data-engineering.my_anime_list.top_airing_anime`
                  WHERE DATE(date_pulled) = DATE_ADD(CURRENT_DATE('Asia/Tokyo'), INTERVAL -7 DAY)
                ) AS lw
            ON
                tw.myanimelist_id = lw.myanimelist_id
            )

            SELECT
            date_pulled,
            myanimelist_id,
            title,
            rank,
            score,
            rank_change,
            score_change
            FROM
            ranked_anime
            WHERE
            rank_within_date <= 10
            ORDER BY
            rank_within_date,
            date_pulled DESC
            ;
        
2024-11-24 15:28:11,951 - utils - INFO - Table exists
2024-11-24 15:28:16,179 - utils - INFO - Weekly Top 10 table updated
2024-11-24 15:38:08,605 - utils - INFO - Getting Keys. Current Working Directory: /__w/data_engineering_learning/data_engineering_learning
2024-11-24 15:38:08,605 - utils - INFO - Google Application Credentials Set
2024-11-24 15:38:08,605 - utils - INFO - /__w/data_engineering_learning/data_engineering_learning/secrets/headers.json
2024-11-24 15:38:08,605 - utils - INFO - MAL Headers Loaded
2024-11-24 15:38:08,605 - utils - INFO - Getting Keys. Current Working Directory: /__w/data_engineering_learning/data_engineering_learning
2024-11-24 15:38:08,605 - utils - INFO - Google Application Credentials Set
2024-11-24 15:38:08,605 - utils - INFO - /__w/data_engineering_learning/data_engineering_learning/secrets/headers.json
2024-11-24 15:38:08,605 - utils - INFO - MAL Headers Loaded
2024-11-24 15:38:08,609 - utils - INFO - 
        SELECT DISTINCT(taa.myanimelist_id)
        FROM `mal-data-engineering.my_anime_list.top_airing_anime` AS taa
        LEFT JOIN `mal-data-engineering.my_anime_list.anime_info` AS ai
        ON taa.myanimelist_id = ai.myanimelist_id
        WHERE DATE(taa.date_pulled) = CURRENT_DATE()
        AND ai.myanimelist_id IS NULL
        
2024-11-24 15:38:09,982 - utils - INFO - Anime ids not in table yet: 3
2024-11-24 15:38:13,845 - utils - INFO - Getting Keys. Current Working Directory: /__w/data_engineering_learning/data_engineering_learning
2024-11-24 15:38:13,845 - utils - INFO - Google Application Credentials Set
2024-11-24 15:38:13,846 - utils - INFO - /__w/data_engineering_learning/data_engineering_learning/secrets/headers.json
2024-11-24 15:38:13,846 - utils - INFO - MAL Headers Loaded
2024-11-24 15:38:13,846 - utils - INFO - Getting Keys. Current Working Directory: /__w/data_engineering_learning/data_engineering_learning
2024-11-24 15:38:13,846 - utils - INFO - Google Application Credentials Set
2024-11-24 15:38:13,846 - utils - INFO - /__w/data_engineering_learning/data_engineering_learning/secrets/headers.json
2024-11-24 15:38:13,846 - utils - INFO - MAL Headers Loaded
2024-11-24 15:38:13,848 - utils - INFO - 
        SELECT DISTINCT(taa.myanimelist_id)
        FROM `mal-data-engineering.my_anime_list.top_airing_anime` AS taa
        LEFT JOIN `mal-data-engineering.my_anime_list.anime_info` AS ai
        ON taa.myanimelist_id = ai.myanimelist_id
        WHERE DATE(taa.date_pulled) = CURRENT_DATE()
        AND ai.myanimelist_id IS NULL
        
2024-11-24 15:38:14,905 - utils - INFO - Anime ids not in table yet: 3
2024-11-24 15:38:14,921 - utils - INFO - Anime Info rows to upload:1
2024-11-24 15:38:15,194 - utils - INFO - Table exists
