2024-10-28 15:14:29,584 - utils - INFO - Getting Keys. Current Working Directory: /__w/data_engineering_learning/data_engineering_learning
2024-10-28 15:14:29,584 - utils - INFO - Google Application Credentials Set
2024-10-28 15:14:29,584 - utils - INFO - /__w/data_engineering_learning/data_engineering_learning/secrets/headers.json
2024-10-28 15:14:29,584 - utils - INFO - MAL Headers Loaded
2024-10-28 15:14:29,584 - utils - INFO - Getting Keys. Current Working Directory: /__w/data_engineering_learning/data_engineering_learning
2024-10-28 15:14:29,584 - utils - INFO - Google Application Credentials Set
2024-10-28 15:14:29,584 - utils - INFO - /__w/data_engineering_learning/data_engineering_learning/secrets/headers.json
2024-10-28 15:14:29,584 - utils - INFO - MAL Headers Loaded
2024-10-28 15:14:29,588 - utils - INFO - 
        SELECT date_pulled
        FROM `mal-data-engineering.my_anime_list.top_airing_anime`
        WHERE DATE(date_pulled) = CURRENT_DATE('Asia/Tokyo')
        
2024-10-28 15:14:30,876 - utils - INFO - Top Airing Anime not yet updated. Pulling from API
2024-10-28 15:14:31,761 - utils - INFO - Getting Keys. Current Working Directory: /__w/data_engineering_learning/data_engineering_learning
2024-10-28 15:14:31,761 - utils - INFO - Google Application Credentials Set
2024-10-28 15:14:31,761 - utils - INFO - /__w/data_engineering_learning/data_engineering_learning/secrets/headers.json
2024-10-28 15:14:31,761 - utils - INFO - MAL Headers Loaded
2024-10-28 15:14:31,770 - utils - INFO - Getting Keys. Current Working Directory: /__w/data_engineering_learning/data_engineering_learning
2024-10-28 15:14:31,770 - utils - INFO - Google Application Credentials Set
2024-10-28 15:14:31,770 - utils - INFO - /__w/data_engineering_learning/data_engineering_learning/secrets/headers.json
2024-10-28 15:14:31,771 - utils - INFO - MAL Headers Loaded
2024-10-28 15:14:31,773 - utils - INFO - 
        SELECT date_pulled
        FROM `mal-data-engineering.my_anime_list.top_airing_anime`
        WHERE DATE(date_pulled) = DATE('2024-10-29')
        
2024-10-28 15:14:32,997 - utils - INFO - Table exists
2024-10-28 15:14:38,716 - utils - INFO - Top Airing Anime updated
