2024-07-14 15:19:41,133 - utils - INFO - Getting Keys. Current Working Directory: /__w/data_engineering_learning/data_engineering_learning
2024-07-14 15:19:41,133 - utils - INFO - Google Application Credentials Set
2024-07-14 15:19:41,133 - utils - INFO - /__w/data_engineering_learning/data_engineering_learning/secrets/headers.json
2024-07-14 15:19:41,133 - utils - INFO - MAL Headers Loaded
2024-07-14 15:19:41,133 - utils - INFO - Getting Keys. Current Working Directory: /__w/data_engineering_learning/data_engineering_learning
2024-07-14 15:19:41,133 - utils - INFO - Google Application Credentials Set
2024-07-14 15:19:41,133 - utils - INFO - /__w/data_engineering_learning/data_engineering_learning/secrets/headers.json
2024-07-14 15:19:41,133 - utils - INFO - MAL Headers Loaded
2024-07-14 15:19:41,137 - utils - INFO - 
        SELECT date_pulled
        FROM `mal-data-engineering.my_anime_list.top_airing_anime`
        WHERE DATE(date_pulled) = CURRENT_DATE('Asia/Tokyo')
        
2024-07-14 15:19:42,649 - utils - INFO - Top Airing Anime not yet updated. Pulling from API
2024-07-14 15:19:46,132 - utils - INFO - Getting Keys. Current Working Directory: /__w/data_engineering_learning/data_engineering_learning
2024-07-14 15:19:46,132 - utils - INFO - Google Application Credentials Set
2024-07-14 15:19:46,132 - utils - INFO - /__w/data_engineering_learning/data_engineering_learning/secrets/headers.json
2024-07-14 15:19:46,132 - utils - INFO - MAL Headers Loaded
2024-07-14 15:19:46,141 - utils - INFO - Getting Keys. Current Working Directory: /__w/data_engineering_learning/data_engineering_learning
2024-07-14 15:19:46,141 - utils - INFO - Google Application Credentials Set
2024-07-14 15:19:46,141 - utils - INFO - /__w/data_engineering_learning/data_engineering_learning/secrets/headers.json
2024-07-14 15:19:46,141 - utils - INFO - MAL Headers Loaded
2024-07-14 15:19:46,143 - utils - INFO - 
        SELECT date_pulled
        FROM `mal-data-engineering.my_anime_list.top_airing_anime`
        WHERE DATE(date_pulled) = DATE('2024-07-15')
        
2024-07-14 15:19:47,695 - utils - INFO - Table exists
2024-07-14 15:19:51,027 - utils - INFO - Top Airing Anime updated
