2024-10-29 15:14:17,577 - utils - INFO - Getting Keys. Current Working Directory: /__w/data_engineering_learning/data_engineering_learning
2024-10-29 15:14:17,577 - utils - INFO - Google Application Credentials Set
2024-10-29 15:14:17,577 - utils - INFO - /__w/data_engineering_learning/data_engineering_learning/secrets/headers.json
2024-10-29 15:14:17,577 - utils - INFO - MAL Headers Loaded
2024-10-29 15:14:17,577 - utils - INFO - Getting Keys. Current Working Directory: /__w/data_engineering_learning/data_engineering_learning
2024-10-29 15:14:17,577 - utils - INFO - Google Application Credentials Set
2024-10-29 15:14:17,577 - utils - INFO - /__w/data_engineering_learning/data_engineering_learning/secrets/headers.json
2024-10-29 15:14:17,577 - utils - INFO - MAL Headers Loaded
2024-10-29 15:14:17,581 - utils - INFO - 
        SELECT date_pulled
        FROM `mal-data-engineering.my_anime_list.top_airing_anime`
        WHERE DATE(date_pulled) = CURRENT_DATE('Asia/Tokyo')
        
2024-10-29 15:14:18,984 - utils - INFO - Top Airing Anime not yet updated. Pulling from API
2024-10-29 15:14:19,799 - utils - INFO - Getting Keys. Current Working Directory: /__w/data_engineering_learning/data_engineering_learning
2024-10-29 15:14:19,799 - utils - INFO - Google Application Credentials Set
2024-10-29 15:14:19,799 - utils - INFO - /__w/data_engineering_learning/data_engineering_learning/secrets/headers.json
2024-10-29 15:14:19,799 - utils - INFO - MAL Headers Loaded
2024-10-29 15:14:19,809 - utils - INFO - Getting Keys. Current Working Directory: /__w/data_engineering_learning/data_engineering_learning
2024-10-29 15:14:19,809 - utils - INFO - Google Application Credentials Set
2024-10-29 15:14:19,809 - utils - INFO - /__w/data_engineering_learning/data_engineering_learning/secrets/headers.json
2024-10-29 15:14:19,809 - utils - INFO - MAL Headers Loaded
2024-10-29 15:14:19,811 - utils - INFO - 
        SELECT date_pulled
        FROM `mal-data-engineering.my_anime_list.top_airing_anime`
        WHERE DATE(date_pulled) = DATE('2024-10-30')
        
2024-10-29 15:14:21,315 - utils - INFO - Table exists
2024-10-29 15:14:24,724 - utils - INFO - Top Airing Anime updated
