2024-04-29 15:11:04,621 - utils - INFO - Getting Keys. Current Working Directory: /__w/data_engineering_learning/data_engineering_learning
2024-04-29 15:11:04,621 - utils - INFO - Google Application Credentials Set
2024-04-29 15:11:04,621 - utils - INFO - /__w/data_engineering_learning/data_engineering_learning/secrets/headers.json
2024-04-29 15:11:04,621 - utils - INFO - MAL Headers Loaded
2024-04-29 15:11:04,621 - utils - INFO - Getting Keys. Current Working Directory: /__w/data_engineering_learning/data_engineering_learning
2024-04-29 15:11:04,621 - utils - INFO - Google Application Credentials Set
2024-04-29 15:11:04,621 - utils - INFO - /__w/data_engineering_learning/data_engineering_learning/secrets/headers.json
2024-04-29 15:11:04,622 - utils - INFO - MAL Headers Loaded
2024-04-29 15:11:04,625 - utils - INFO - 
        SELECT date_pulled
        FROM `mal-data-engineering.my_anime_list.top_airing_anime`
        WHERE DATE(date_pulled) = CURRENT_DATE('Asia/Tokyo')
        
2024-04-29 15:11:06,420 - utils - INFO - Top Airing Anime not yet updated. Pulling from API
2024-04-29 15:11:07,768 - utils - INFO - Getting Keys. Current Working Directory: /__w/data_engineering_learning/data_engineering_learning
2024-04-29 15:11:07,768 - utils - INFO - Google Application Credentials Set
2024-04-29 15:11:07,768 - utils - INFO - /__w/data_engineering_learning/data_engineering_learning/secrets/headers.json
2024-04-29 15:11:07,768 - utils - INFO - MAL Headers Loaded
2024-04-29 15:11:07,778 - utils - INFO - Getting Keys. Current Working Directory: /__w/data_engineering_learning/data_engineering_learning
2024-04-29 15:11:07,778 - utils - INFO - Google Application Credentials Set
2024-04-29 15:11:07,778 - utils - INFO - /__w/data_engineering_learning/data_engineering_learning/secrets/headers.json
2024-04-29 15:11:07,778 - utils - INFO - MAL Headers Loaded
2024-04-29 15:11:07,780 - utils - INFO - 
        SELECT date_pulled
        FROM `mal-data-engineering.my_anime_list.top_airing_anime`
        WHERE DATE(date_pulled) = DATE('2024-04-30')
        
2024-04-29 15:11:09,767 - utils - INFO - Table exists
2024-04-29 15:11:13,326 - utils - INFO - Top Airing Anime updated
