2024-02-19 15:10:50,637 - utils - INFO - Getting Keys. Current Working Directory: /__w/data_engineering_learning/data_engineering_learning
2024-02-19 15:10:50,637 - utils - INFO - Google Application Credentials Set
2024-02-19 15:10:50,637 - utils - INFO - /__w/data_engineering_learning/data_engineering_learning/secrets/headers.json
2024-02-19 15:10:50,637 - utils - INFO - MAL Headers Loaded
2024-02-19 15:10:50,637 - utils - INFO - Getting Keys. Current Working Directory: /__w/data_engineering_learning/data_engineering_learning
2024-02-19 15:10:50,637 - utils - INFO - Google Application Credentials Set
2024-02-19 15:10:50,637 - utils - INFO - /__w/data_engineering_learning/data_engineering_learning/secrets/headers.json
2024-02-19 15:10:50,637 - utils - INFO - MAL Headers Loaded
2024-02-19 15:10:50,641 - utils - INFO - 
        SELECT date_pulled
        FROM `mal-data-engineering.my_anime_list.top_airing_anime`
        WHERE DATE(date_pulled) = CURRENT_DATE('Asia/Tokyo')
        
2024-02-19 15:10:52,176 - utils - INFO - Top Airing Anime not yet updated. Pulling from API
2024-02-19 15:10:54,333 - utils - INFO - Getting Keys. Current Working Directory: /__w/data_engineering_learning/data_engineering_learning
2024-02-19 15:10:54,333 - utils - INFO - Google Application Credentials Set
2024-02-19 15:10:54,333 - utils - INFO - /__w/data_engineering_learning/data_engineering_learning/secrets/headers.json
2024-02-19 15:10:54,333 - utils - INFO - MAL Headers Loaded
2024-02-19 15:10:54,342 - utils - INFO - Getting Keys. Current Working Directory: /__w/data_engineering_learning/data_engineering_learning
2024-02-19 15:10:54,342 - utils - INFO - Google Application Credentials Set
2024-02-19 15:10:54,343 - utils - INFO - /__w/data_engineering_learning/data_engineering_learning/secrets/headers.json
2024-02-19 15:10:54,343 - utils - INFO - MAL Headers Loaded
2024-02-19 15:10:54,345 - utils - INFO - 
        SELECT date_pulled
        FROM `mal-data-engineering.my_anime_list.top_airing_anime`
        WHERE DATE(date_pulled) = DATE('2024-02-20')
        
2024-02-19 15:10:55,837 - utils - INFO - Table exists
2024-02-19 15:10:59,283 - utils - INFO - Top Airing Anime updated
