2024-03-26 15:10:21,670 - utils - INFO - Getting Keys. Current Working Directory: /__w/data_engineering_learning/data_engineering_learning
2024-03-26 15:10:21,670 - utils - INFO - Google Application Credentials Set
2024-03-26 15:10:21,670 - utils - INFO - /__w/data_engineering_learning/data_engineering_learning/secrets/headers.json
2024-03-26 15:10:21,670 - utils - INFO - MAL Headers Loaded
2024-03-26 15:10:21,670 - utils - INFO - Getting Keys. Current Working Directory: /__w/data_engineering_learning/data_engineering_learning
2024-03-26 15:10:21,671 - utils - INFO - Google Application Credentials Set
2024-03-26 15:10:21,671 - utils - INFO - /__w/data_engineering_learning/data_engineering_learning/secrets/headers.json
2024-03-26 15:10:21,671 - utils - INFO - MAL Headers Loaded
2024-03-26 15:10:21,675 - utils - INFO - 
        SELECT date_pulled
        FROM `mal-data-engineering.my_anime_list.top_airing_anime`
        WHERE DATE(date_pulled) = CURRENT_DATE('Asia/Tokyo')
        
2024-03-26 15:10:23,256 - utils - INFO - Top Airing Anime not yet updated. Pulling from API
2024-03-26 15:10:25,368 - utils - INFO - Getting Keys. Current Working Directory: /__w/data_engineering_learning/data_engineering_learning
2024-03-26 15:10:25,368 - utils - INFO - Google Application Credentials Set
2024-03-26 15:10:25,368 - utils - INFO - /__w/data_engineering_learning/data_engineering_learning/secrets/headers.json
2024-03-26 15:10:25,368 - utils - INFO - MAL Headers Loaded
2024-03-26 15:10:25,381 - utils - INFO - Getting Keys. Current Working Directory: /__w/data_engineering_learning/data_engineering_learning
2024-03-26 15:10:25,381 - utils - INFO - Google Application Credentials Set
2024-03-26 15:10:25,382 - utils - INFO - /__w/data_engineering_learning/data_engineering_learning/secrets/headers.json
2024-03-26 15:10:25,382 - utils - INFO - MAL Headers Loaded
2024-03-26 15:10:25,385 - utils - INFO - 
        SELECT date_pulled
        FROM `mal-data-engineering.my_anime_list.top_airing_anime`
        WHERE DATE(date_pulled) = DATE('2024-03-27')
        
2024-03-26 15:10:26,937 - utils - INFO - Table exists
2024-03-26 15:10:30,610 - utils - INFO - Top Airing Anime updated
