2024-12-16 15:15:23,779 - utils - INFO - Getting Keys. Current Working Directory: /__w/data_engineering_learning/data_engineering_learning
2024-12-16 15:15:23,779 - utils - INFO - Google Application Credentials Set
2024-12-16 15:15:23,779 - utils - INFO - /__w/data_engineering_learning/data_engineering_learning/secrets/headers.json
2024-12-16 15:15:23,779 - utils - INFO - MAL Headers Loaded
2024-12-16 15:15:23,779 - utils - INFO - Getting Keys. Current Working Directory: /__w/data_engineering_learning/data_engineering_learning
2024-12-16 15:15:23,779 - utils - INFO - Google Application Credentials Set
2024-12-16 15:15:23,779 - utils - INFO - /__w/data_engineering_learning/data_engineering_learning/secrets/headers.json
2024-12-16 15:15:23,780 - utils - INFO - MAL Headers Loaded
2024-12-16 15:15:23,783 - utils - INFO - 
        SELECT date_pulled
        FROM `mal-data-engineering.my_anime_list.top_airing_anime`
        WHERE DATE(date_pulled) = CURRENT_DATE('Asia/Tokyo')
        
2024-12-16 15:15:25,417 - utils - INFO - Top Airing Anime not yet updated. Pulling from API
2024-12-16 15:15:27,858 - utils - INFO - Getting Keys. Current Working Directory: /__w/data_engineering_learning/data_engineering_learning
2024-12-16 15:15:27,858 - utils - INFO - Google Application Credentials Set
2024-12-16 15:15:27,858 - utils - INFO - /__w/data_engineering_learning/data_engineering_learning/secrets/headers.json
2024-12-16 15:15:27,858 - utils - INFO - MAL Headers Loaded
2024-12-16 15:15:27,867 - utils - INFO - Getting Keys. Current Working Directory: /__w/data_engineering_learning/data_engineering_learning
2024-12-16 15:15:27,867 - utils - INFO - Google Application Credentials Set
2024-12-16 15:15:27,867 - utils - INFO - /__w/data_engineering_learning/data_engineering_learning/secrets/headers.json
2024-12-16 15:15:27,867 - utils - INFO - MAL Headers Loaded
2024-12-16 15:15:27,869 - utils - INFO - 
        SELECT date_pulled
        FROM `mal-data-engineering.my_anime_list.top_airing_anime`
        WHERE DATE(date_pulled) = DATE('2024-12-17')
        
2024-12-16 15:15:29,007 - utils - INFO - Table exists
2024-12-16 15:15:32,933 - utils - INFO - Top Airing Anime updated
