2024-07-30 15:12:23,223 - utils - INFO - Getting Keys. Current Working Directory: /__w/data_engineering_learning/data_engineering_learning
2024-07-30 15:12:23,223 - utils - INFO - Google Application Credentials Set
2024-07-30 15:12:23,223 - utils - INFO - /__w/data_engineering_learning/data_engineering_learning/secrets/headers.json
2024-07-30 15:12:23,223 - utils - INFO - MAL Headers Loaded
2024-07-30 15:12:23,223 - utils - INFO - Getting Keys. Current Working Directory: /__w/data_engineering_learning/data_engineering_learning
2024-07-30 15:12:23,223 - utils - INFO - Google Application Credentials Set
2024-07-30 15:12:23,223 - utils - INFO - /__w/data_engineering_learning/data_engineering_learning/secrets/headers.json
2024-07-30 15:12:23,224 - utils - INFO - MAL Headers Loaded
2024-07-30 15:12:23,227 - utils - INFO - 
        SELECT date_pulled
        FROM `mal-data-engineering.my_anime_list.top_airing_anime`
        WHERE DATE(date_pulled) = CURRENT_DATE('Asia/Tokyo')
        
2024-07-30 15:12:24,702 - utils - INFO - Top Airing Anime not yet updated. Pulling from API
2024-07-30 15:12:27,786 - utils - INFO - Getting Keys. Current Working Directory: /__w/data_engineering_learning/data_engineering_learning
2024-07-30 15:12:27,786 - utils - INFO - Google Application Credentials Set
2024-07-30 15:12:27,786 - utils - INFO - /__w/data_engineering_learning/data_engineering_learning/secrets/headers.json
2024-07-30 15:12:27,786 - utils - INFO - MAL Headers Loaded
2024-07-30 15:12:27,795 - utils - INFO - Getting Keys. Current Working Directory: /__w/data_engineering_learning/data_engineering_learning
2024-07-30 15:12:27,795 - utils - INFO - Google Application Credentials Set
2024-07-30 15:12:27,795 - utils - INFO - /__w/data_engineering_learning/data_engineering_learning/secrets/headers.json
2024-07-30 15:12:27,796 - utils - INFO - MAL Headers Loaded
2024-07-30 15:12:27,798 - utils - INFO - 
        SELECT date_pulled
        FROM `mal-data-engineering.my_anime_list.top_airing_anime`
        WHERE DATE(date_pulled) = DATE('2024-07-31')
        
2024-07-30 15:12:29,184 - utils - INFO - Table exists
2024-07-30 15:12:32,045 - utils - INFO - Top Airing Anime updated
