2024-07-25 15:12:06,865 - utils - INFO - Getting Keys. Current Working Directory: /__w/data_engineering_learning/data_engineering_learning
2024-07-25 15:12:06,865 - utils - INFO - Google Application Credentials Set
2024-07-25 15:12:06,865 - utils - INFO - /__w/data_engineering_learning/data_engineering_learning/secrets/headers.json
2024-07-25 15:12:06,865 - utils - INFO - MAL Headers Loaded
2024-07-25 15:12:06,865 - utils - INFO - Getting Keys. Current Working Directory: /__w/data_engineering_learning/data_engineering_learning
2024-07-25 15:12:06,865 - utils - INFO - Google Application Credentials Set
2024-07-25 15:12:06,865 - utils - INFO - /__w/data_engineering_learning/data_engineering_learning/secrets/headers.json
2024-07-25 15:12:06,865 - utils - INFO - MAL Headers Loaded
2024-07-25 15:12:06,869 - utils - INFO - 
        SELECT date_pulled
        FROM `mal-data-engineering.my_anime_list.top_airing_anime`
        WHERE DATE(date_pulled) = CURRENT_DATE('Asia/Tokyo')
        
2024-07-25 15:12:08,404 - utils - INFO - Top Airing Anime not yet updated. Pulling from API
2024-07-25 15:12:11,530 - utils - INFO - Getting Keys. Current Working Directory: /__w/data_engineering_learning/data_engineering_learning
2024-07-25 15:12:11,530 - utils - INFO - Google Application Credentials Set
2024-07-25 15:12:11,530 - utils - INFO - /__w/data_engineering_learning/data_engineering_learning/secrets/headers.json
2024-07-25 15:12:11,530 - utils - INFO - MAL Headers Loaded
2024-07-25 15:12:11,540 - utils - INFO - Getting Keys. Current Working Directory: /__w/data_engineering_learning/data_engineering_learning
2024-07-25 15:12:11,540 - utils - INFO - Google Application Credentials Set
2024-07-25 15:12:11,540 - utils - INFO - /__w/data_engineering_learning/data_engineering_learning/secrets/headers.json
2024-07-25 15:12:11,540 - utils - INFO - MAL Headers Loaded
2024-07-25 15:12:11,542 - utils - INFO - 
        SELECT date_pulled
        FROM `mal-data-engineering.my_anime_list.top_airing_anime`
        WHERE DATE(date_pulled) = DATE('2024-07-26')
        
2024-07-25 15:12:13,372 - utils - INFO - Table exists
2024-07-25 15:12:16,416 - utils - INFO - Top Airing Anime updated
