2024-11-09 15:12:52,026 - utils - INFO - Getting Keys. Current Working Directory: /__w/data_engineering_learning/data_engineering_learning
2024-11-09 15:12:52,027 - utils - INFO - Google Application Credentials Set
2024-11-09 15:12:52,027 - utils - INFO - /__w/data_engineering_learning/data_engineering_learning/secrets/headers.json
2024-11-09 15:12:52,027 - utils - INFO - MAL Headers Loaded
2024-11-09 15:12:52,027 - utils - INFO - Getting Keys. Current Working Directory: /__w/data_engineering_learning/data_engineering_learning
2024-11-09 15:12:52,027 - utils - INFO - Google Application Credentials Set
2024-11-09 15:12:52,027 - utils - INFO - /__w/data_engineering_learning/data_engineering_learning/secrets/headers.json
2024-11-09 15:12:52,027 - utils - INFO - MAL Headers Loaded
2024-11-09 15:12:52,031 - utils - INFO - 
        SELECT date_pulled
        FROM `mal-data-engineering.my_anime_list.top_airing_anime`
        WHERE DATE(date_pulled) = CURRENT_DATE('Asia/Tokyo')
        
2024-11-09 15:12:53,377 - utils - INFO - Top Airing Anime not yet updated. Pulling from API
2024-11-09 15:12:56,001 - utils - INFO - Getting Keys. Current Working Directory: /__w/data_engineering_learning/data_engineering_learning
2024-11-09 15:12:56,001 - utils - INFO - Google Application Credentials Set
2024-11-09 15:12:56,001 - utils - INFO - /__w/data_engineering_learning/data_engineering_learning/secrets/headers.json
2024-11-09 15:12:56,001 - utils - INFO - MAL Headers Loaded
2024-11-09 15:12:56,011 - utils - INFO - Getting Keys. Current Working Directory: /__w/data_engineering_learning/data_engineering_learning
2024-11-09 15:12:56,011 - utils - INFO - Google Application Credentials Set
2024-11-09 15:12:56,011 - utils - INFO - /__w/data_engineering_learning/data_engineering_learning/secrets/headers.json
2024-11-09 15:12:56,011 - utils - INFO - MAL Headers Loaded
2024-11-09 15:12:56,013 - utils - INFO - 
        SELECT date_pulled
        FROM `mal-data-engineering.my_anime_list.top_airing_anime`
        WHERE DATE(date_pulled) = DATE('2024-11-10')
        
2024-11-09 15:12:57,414 - utils - INFO - Table exists
2024-11-09 15:13:01,117 - utils - INFO - Top Airing Anime updated
