2024-10-20 15:13:01,966 - utils - INFO - Getting Keys. Current Working Directory: /__w/data_engineering_learning/data_engineering_learning
2024-10-20 15:13:01,966 - utils - INFO - Google Application Credentials Set
2024-10-20 15:13:01,966 - utils - INFO - /__w/data_engineering_learning/data_engineering_learning/secrets/headers.json
2024-10-20 15:13:01,966 - utils - INFO - MAL Headers Loaded
2024-10-20 15:13:01,966 - utils - INFO - Getting Keys. Current Working Directory: /__w/data_engineering_learning/data_engineering_learning
2024-10-20 15:13:01,966 - utils - INFO - Google Application Credentials Set
2024-10-20 15:13:01,966 - utils - INFO - /__w/data_engineering_learning/data_engineering_learning/secrets/headers.json
2024-10-20 15:13:01,966 - utils - INFO - MAL Headers Loaded
2024-10-20 15:13:01,970 - utils - INFO - 
        SELECT date_pulled
        FROM `mal-data-engineering.my_anime_list.top_airing_anime`
        WHERE DATE(date_pulled) = CURRENT_DATE('Asia/Tokyo')
        
2024-10-20 15:13:03,113 - utils - INFO - Top Airing Anime not yet updated. Pulling from API
2024-10-20 15:13:05,705 - utils - INFO - Getting Keys. Current Working Directory: /__w/data_engineering_learning/data_engineering_learning
2024-10-20 15:13:05,705 - utils - INFO - Google Application Credentials Set
2024-10-20 15:13:05,705 - utils - INFO - /__w/data_engineering_learning/data_engineering_learning/secrets/headers.json
2024-10-20 15:13:05,705 - utils - INFO - MAL Headers Loaded
2024-10-20 15:13:05,715 - utils - INFO - Getting Keys. Current Working Directory: /__w/data_engineering_learning/data_engineering_learning
2024-10-20 15:13:05,715 - utils - INFO - Google Application Credentials Set
2024-10-20 15:13:05,715 - utils - INFO - /__w/data_engineering_learning/data_engineering_learning/secrets/headers.json
2024-10-20 15:13:05,715 - utils - INFO - MAL Headers Loaded
2024-10-20 15:13:05,717 - utils - INFO - 
        SELECT date_pulled
        FROM `mal-data-engineering.my_anime_list.top_airing_anime`
        WHERE DATE(date_pulled) = DATE('2024-10-21')
        
2024-10-20 15:13:06,993 - utils - INFO - Table exists
2024-10-20 15:13:11,134 - utils - INFO - Top Airing Anime updated
