2024-04-23 15:11:00,939 - utils - INFO - Getting Keys. Current Working Directory: /__w/data_engineering_learning/data_engineering_learning
2024-04-23 15:11:00,939 - utils - INFO - Google Application Credentials Set
2024-04-23 15:11:00,939 - utils - INFO - /__w/data_engineering_learning/data_engineering_learning/secrets/headers.json
2024-04-23 15:11:00,939 - utils - INFO - MAL Headers Loaded
2024-04-23 15:11:00,939 - utils - INFO - Getting Keys. Current Working Directory: /__w/data_engineering_learning/data_engineering_learning
2024-04-23 15:11:00,939 - utils - INFO - Google Application Credentials Set
2024-04-23 15:11:00,939 - utils - INFO - /__w/data_engineering_learning/data_engineering_learning/secrets/headers.json
2024-04-23 15:11:00,939 - utils - INFO - MAL Headers Loaded
2024-04-23 15:11:00,943 - utils - INFO - 
        SELECT date_pulled
        FROM `mal-data-engineering.my_anime_list.top_airing_anime`
        WHERE DATE(date_pulled) = CURRENT_DATE('Asia/Tokyo')
        
2024-04-23 15:11:02,463 - utils - INFO - Top Airing Anime not yet updated. Pulling from API
2024-04-23 15:11:05,121 - utils - INFO - Getting Keys. Current Working Directory: /__w/data_engineering_learning/data_engineering_learning
2024-04-23 15:11:05,121 - utils - INFO - Google Application Credentials Set
2024-04-23 15:11:05,121 - utils - INFO - /__w/data_engineering_learning/data_engineering_learning/secrets/headers.json
2024-04-23 15:11:05,121 - utils - INFO - MAL Headers Loaded
2024-04-23 15:11:05,131 - utils - INFO - Getting Keys. Current Working Directory: /__w/data_engineering_learning/data_engineering_learning
2024-04-23 15:11:05,131 - utils - INFO - Google Application Credentials Set
2024-04-23 15:11:05,132 - utils - INFO - /__w/data_engineering_learning/data_engineering_learning/secrets/headers.json
2024-04-23 15:11:05,132 - utils - INFO - MAL Headers Loaded
2024-04-23 15:11:05,134 - utils - INFO - 
        SELECT date_pulled
        FROM `mal-data-engineering.my_anime_list.top_airing_anime`
        WHERE DATE(date_pulled) = DATE('2024-04-24')
        
2024-04-23 15:11:06,869 - utils - INFO - Table exists
2024-04-23 15:11:10,423 - utils - INFO - Top Airing Anime updated
