2024-10-30 15:14:01,930 - utils - INFO - Getting Keys. Current Working Directory: /__w/data_engineering_learning/data_engineering_learning
2024-10-30 15:14:01,930 - utils - INFO - Google Application Credentials Set
2024-10-30 15:14:01,930 - utils - INFO - /__w/data_engineering_learning/data_engineering_learning/secrets/headers.json
2024-10-30 15:14:01,930 - utils - INFO - MAL Headers Loaded
2024-10-30 15:14:01,930 - utils - INFO - Getting Keys. Current Working Directory: /__w/data_engineering_learning/data_engineering_learning
2024-10-30 15:14:01,931 - utils - INFO - Google Application Credentials Set
2024-10-30 15:14:01,931 - utils - INFO - /__w/data_engineering_learning/data_engineering_learning/secrets/headers.json
2024-10-30 15:14:01,931 - utils - INFO - MAL Headers Loaded
2024-10-30 15:14:01,934 - utils - INFO - 
        SELECT date_pulled
        FROM `mal-data-engineering.my_anime_list.top_airing_anime`
        WHERE DATE(date_pulled) = CURRENT_DATE('Asia/Tokyo')
        
2024-10-30 15:14:03,386 - utils - INFO - Top Airing Anime not yet updated. Pulling from API
2024-10-30 15:14:05,485 - utils - INFO - Getting Keys. Current Working Directory: /__w/data_engineering_learning/data_engineering_learning
2024-10-30 15:14:05,485 - utils - INFO - Google Application Credentials Set
2024-10-30 15:14:05,485 - utils - INFO - /__w/data_engineering_learning/data_engineering_learning/secrets/headers.json
2024-10-30 15:14:05,485 - utils - INFO - MAL Headers Loaded
2024-10-30 15:14:05,494 - utils - INFO - Getting Keys. Current Working Directory: /__w/data_engineering_learning/data_engineering_learning
2024-10-30 15:14:05,494 - utils - INFO - Google Application Credentials Set
2024-10-30 15:14:05,494 - utils - INFO - /__w/data_engineering_learning/data_engineering_learning/secrets/headers.json
2024-10-30 15:14:05,494 - utils - INFO - MAL Headers Loaded
2024-10-30 15:14:05,496 - utils - INFO - 
        SELECT date_pulled
        FROM `mal-data-engineering.my_anime_list.top_airing_anime`
        WHERE DATE(date_pulled) = DATE('2024-10-31')
        
2024-10-30 15:14:06,753 - utils - INFO - Table exists
2024-10-30 15:14:12,969 - utils - INFO - Top Airing Anime updated
