2024-02-22 15:10:58,281 - utils - INFO - Getting Keys. Current Working Directory: /__w/data_engineering_learning/data_engineering_learning
2024-02-22 15:10:58,281 - utils - INFO - Google Application Credentials Set
2024-02-22 15:10:58,281 - utils - INFO - /__w/data_engineering_learning/data_engineering_learning/secrets/headers.json
2024-02-22 15:10:58,281 - utils - INFO - MAL Headers Loaded
2024-02-22 15:10:58,281 - utils - INFO - Getting Keys. Current Working Directory: /__w/data_engineering_learning/data_engineering_learning
2024-02-22 15:10:58,281 - utils - INFO - Google Application Credentials Set
2024-02-22 15:10:58,281 - utils - INFO - /__w/data_engineering_learning/data_engineering_learning/secrets/headers.json
2024-02-22 15:10:58,281 - utils - INFO - MAL Headers Loaded
2024-02-22 15:10:58,285 - utils - INFO - 
        SELECT date_pulled
        FROM `mal-data-engineering.my_anime_list.top_airing_anime`
        WHERE DATE(date_pulled) = CURRENT_DATE('Asia/Tokyo')
        
2024-02-22 15:10:59,941 - utils - INFO - Top Airing Anime not yet updated. Pulling from API
2024-02-22 15:11:01,487 - utils - INFO - Getting Keys. Current Working Directory: /__w/data_engineering_learning/data_engineering_learning
2024-02-22 15:11:01,487 - utils - INFO - Google Application Credentials Set
2024-02-22 15:11:01,487 - utils - INFO - /__w/data_engineering_learning/data_engineering_learning/secrets/headers.json
2024-02-22 15:11:01,487 - utils - INFO - MAL Headers Loaded
2024-02-22 15:11:01,497 - utils - INFO - Getting Keys. Current Working Directory: /__w/data_engineering_learning/data_engineering_learning
2024-02-22 15:11:01,497 - utils - INFO - Google Application Credentials Set
2024-02-22 15:11:01,497 - utils - INFO - /__w/data_engineering_learning/data_engineering_learning/secrets/headers.json
2024-02-22 15:11:01,497 - utils - INFO - MAL Headers Loaded
2024-02-22 15:11:01,499 - utils - INFO - 
        SELECT date_pulled
        FROM `mal-data-engineering.my_anime_list.top_airing_anime`
        WHERE DATE(date_pulled) = DATE('2024-02-23')
        
2024-02-22 15:11:03,350 - utils - INFO - Table exists
2024-02-22 15:11:07,084 - utils - INFO - Top Airing Anime updated
