2024-09-02 15:13:03,423 - utils - INFO - Getting Keys. Current Working Directory: /__w/data_engineering_learning/data_engineering_learning
2024-09-02 15:13:03,423 - utils - INFO - Google Application Credentials Set
2024-09-02 15:13:03,423 - utils - INFO - /__w/data_engineering_learning/data_engineering_learning/secrets/headers.json
2024-09-02 15:13:03,423 - utils - INFO - MAL Headers Loaded
2024-09-02 15:13:03,423 - utils - INFO - Getting Keys. Current Working Directory: /__w/data_engineering_learning/data_engineering_learning
2024-09-02 15:13:03,423 - utils - INFO - Google Application Credentials Set
2024-09-02 15:13:03,423 - utils - INFO - /__w/data_engineering_learning/data_engineering_learning/secrets/headers.json
2024-09-02 15:13:03,424 - utils - INFO - MAL Headers Loaded
2024-09-02 15:13:03,427 - utils - INFO - 
        SELECT date_pulled
        FROM `mal-data-engineering.my_anime_list.top_airing_anime`
        WHERE DATE(date_pulled) = CURRENT_DATE('Asia/Tokyo')
        
2024-09-02 15:13:04,701 - utils - INFO - Top Airing Anime not yet updated. Pulling from API
2024-09-02 15:13:07,340 - utils - INFO - Getting Keys. Current Working Directory: /__w/data_engineering_learning/data_engineering_learning
2024-09-02 15:13:07,340 - utils - INFO - Google Application Credentials Set
2024-09-02 15:13:07,340 - utils - INFO - /__w/data_engineering_learning/data_engineering_learning/secrets/headers.json
2024-09-02 15:13:07,341 - utils - INFO - MAL Headers Loaded
2024-09-02 15:13:07,350 - utils - INFO - Getting Keys. Current Working Directory: /__w/data_engineering_learning/data_engineering_learning
2024-09-02 15:13:07,350 - utils - INFO - Google Application Credentials Set
2024-09-02 15:13:07,350 - utils - INFO - /__w/data_engineering_learning/data_engineering_learning/secrets/headers.json
2024-09-02 15:13:07,350 - utils - INFO - MAL Headers Loaded
2024-09-02 15:13:07,353 - utils - INFO - 
        SELECT date_pulled
        FROM `mal-data-engineering.my_anime_list.top_airing_anime`
        WHERE DATE(date_pulled) = DATE('2024-09-03')
        
2024-09-02 15:13:08,513 - utils - INFO - Table exists
2024-09-02 15:13:11,247 - utils - INFO - Top Airing Anime updated
