2024-07-27 15:11:14,769 - utils - INFO - Getting Keys. Current Working Directory: /__w/data_engineering_learning/data_engineering_learning
2024-07-27 15:11:14,770 - utils - INFO - Google Application Credentials Set
2024-07-27 15:11:14,770 - utils - INFO - /__w/data_engineering_learning/data_engineering_learning/secrets/headers.json
2024-07-27 15:11:14,770 - utils - INFO - MAL Headers Loaded
2024-07-27 15:11:14,770 - utils - INFO - Getting Keys. Current Working Directory: /__w/data_engineering_learning/data_engineering_learning
2024-07-27 15:11:14,770 - utils - INFO - Google Application Credentials Set
2024-07-27 15:11:14,770 - utils - INFO - /__w/data_engineering_learning/data_engineering_learning/secrets/headers.json
2024-07-27 15:11:14,770 - utils - INFO - MAL Headers Loaded
2024-07-27 15:11:14,773 - utils - INFO - 
        SELECT date_pulled
        FROM `mal-data-engineering.my_anime_list.top_airing_anime`
        WHERE DATE(date_pulled) = CURRENT_DATE('Asia/Tokyo')
        
2024-07-27 15:11:16,290 - utils - INFO - Top Airing Anime not yet updated. Pulling from API
2024-07-27 15:11:18,926 - utils - INFO - Getting Keys. Current Working Directory: /__w/data_engineering_learning/data_engineering_learning
2024-07-27 15:11:18,926 - utils - INFO - Google Application Credentials Set
2024-07-27 15:11:18,926 - utils - INFO - /__w/data_engineering_learning/data_engineering_learning/secrets/headers.json
2024-07-27 15:11:18,927 - utils - INFO - MAL Headers Loaded
2024-07-27 15:11:18,936 - utils - INFO - Getting Keys. Current Working Directory: /__w/data_engineering_learning/data_engineering_learning
2024-07-27 15:11:18,936 - utils - INFO - Google Application Credentials Set
2024-07-27 15:11:18,936 - utils - INFO - /__w/data_engineering_learning/data_engineering_learning/secrets/headers.json
2024-07-27 15:11:18,937 - utils - INFO - MAL Headers Loaded
2024-07-27 15:11:18,939 - utils - INFO - 
        SELECT date_pulled
        FROM `mal-data-engineering.my_anime_list.top_airing_anime`
        WHERE DATE(date_pulled) = DATE('2024-07-28')
        
2024-07-27 15:11:20,700 - utils - INFO - Table exists
2024-07-27 15:11:24,893 - utils - INFO - Top Airing Anime updated
