2024-04-09 15:10:29,717 - utils - INFO - Getting Keys. Current Working Directory: /__w/data_engineering_learning/data_engineering_learning
2024-04-09 15:10:29,717 - utils - INFO - Google Application Credentials Set
2024-04-09 15:10:29,717 - utils - INFO - /__w/data_engineering_learning/data_engineering_learning/secrets/headers.json
2024-04-09 15:10:29,717 - utils - INFO - MAL Headers Loaded
2024-04-09 15:10:29,717 - utils - INFO - Getting Keys. Current Working Directory: /__w/data_engineering_learning/data_engineering_learning
2024-04-09 15:10:29,717 - utils - INFO - Google Application Credentials Set
2024-04-09 15:10:29,717 - utils - INFO - /__w/data_engineering_learning/data_engineering_learning/secrets/headers.json
2024-04-09 15:10:29,718 - utils - INFO - MAL Headers Loaded
2024-04-09 15:10:29,721 - utils - INFO - 
        SELECT date_pulled
        FROM `mal-data-engineering.my_anime_list.top_airing_anime`
        WHERE DATE(date_pulled) = CURRENT_DATE('Asia/Tokyo')
        
2024-04-09 15:10:31,420 - utils - INFO - Top Airing Anime not yet updated. Pulling from API
2024-04-09 15:10:33,858 - utils - INFO - Getting Keys. Current Working Directory: /__w/data_engineering_learning/data_engineering_learning
2024-04-09 15:10:33,858 - utils - INFO - Google Application Credentials Set
2024-04-09 15:10:33,858 - utils - INFO - /__w/data_engineering_learning/data_engineering_learning/secrets/headers.json
2024-04-09 15:10:33,858 - utils - INFO - MAL Headers Loaded
2024-04-09 15:10:33,867 - utils - INFO - Getting Keys. Current Working Directory: /__w/data_engineering_learning/data_engineering_learning
2024-04-09 15:10:33,867 - utils - INFO - Google Application Credentials Set
2024-04-09 15:10:33,868 - utils - INFO - /__w/data_engineering_learning/data_engineering_learning/secrets/headers.json
2024-04-09 15:10:33,868 - utils - INFO - MAL Headers Loaded
2024-04-09 15:10:33,870 - utils - INFO - 
        SELECT date_pulled
        FROM `mal-data-engineering.my_anime_list.top_airing_anime`
        WHERE DATE(date_pulled) = DATE('2024-04-10')
        
2024-04-09 15:10:35,581 - utils - INFO - Table exists
2024-04-09 15:10:39,165 - utils - INFO - Top Airing Anime updated
