2024-06-28 15:11:52,046 - utils - INFO - Getting Keys. Current Working Directory: /__w/data_engineering_learning/data_engineering_learning
2024-06-28 15:11:52,046 - utils - INFO - Google Application Credentials Set
2024-06-28 15:11:52,047 - utils - INFO - /__w/data_engineering_learning/data_engineering_learning/secrets/headers.json
2024-06-28 15:11:52,047 - utils - INFO - MAL Headers Loaded
2024-06-28 15:11:52,047 - utils - INFO - Getting Keys. Current Working Directory: /__w/data_engineering_learning/data_engineering_learning
2024-06-28 15:11:52,047 - utils - INFO - Google Application Credentials Set
2024-06-28 15:11:52,047 - utils - INFO - /__w/data_engineering_learning/data_engineering_learning/secrets/headers.json
2024-06-28 15:11:52,047 - utils - INFO - MAL Headers Loaded
2024-06-28 15:11:52,050 - utils - INFO - 
        SELECT date_pulled
        FROM `mal-data-engineering.my_anime_list.top_airing_anime`
        WHERE DATE(date_pulled) = CURRENT_DATE('Asia/Tokyo')
        
2024-06-28 15:11:53,586 - utils - INFO - Top Airing Anime not yet updated. Pulling from API
2024-06-28 15:11:56,069 - utils - INFO - Getting Keys. Current Working Directory: /__w/data_engineering_learning/data_engineering_learning
2024-06-28 15:11:56,069 - utils - INFO - Google Application Credentials Set
2024-06-28 15:11:56,069 - utils - INFO - /__w/data_engineering_learning/data_engineering_learning/secrets/headers.json
2024-06-28 15:11:56,070 - utils - INFO - MAL Headers Loaded
2024-06-28 15:11:56,079 - utils - INFO - Getting Keys. Current Working Directory: /__w/data_engineering_learning/data_engineering_learning
2024-06-28 15:11:56,079 - utils - INFO - Google Application Credentials Set
2024-06-28 15:11:56,079 - utils - INFO - /__w/data_engineering_learning/data_engineering_learning/secrets/headers.json
2024-06-28 15:11:56,079 - utils - INFO - MAL Headers Loaded
2024-06-28 15:11:56,081 - utils - INFO - 
        SELECT date_pulled
        FROM `mal-data-engineering.my_anime_list.top_airing_anime`
        WHERE DATE(date_pulled) = DATE('2024-06-29')
        
2024-06-28 15:11:57,727 - utils - INFO - Table exists
2024-06-28 15:12:04,062 - utils - INFO - Top Airing Anime updated
