2024-02-23 15:11:19,708 - utils - INFO - Getting Keys. Current Working Directory: /__w/data_engineering_learning/data_engineering_learning
2024-02-23 15:11:19,709 - utils - INFO - Google Application Credentials Set
2024-02-23 15:11:19,709 - utils - INFO - /__w/data_engineering_learning/data_engineering_learning/secrets/headers.json
2024-02-23 15:11:19,709 - utils - INFO - MAL Headers Loaded
2024-02-23 15:11:19,709 - utils - INFO - Getting Keys. Current Working Directory: /__w/data_engineering_learning/data_engineering_learning
2024-02-23 15:11:19,709 - utils - INFO - Google Application Credentials Set
2024-02-23 15:11:19,709 - utils - INFO - /__w/data_engineering_learning/data_engineering_learning/secrets/headers.json
2024-02-23 15:11:19,709 - utils - INFO - MAL Headers Loaded
2024-02-23 15:11:19,712 - utils - INFO - 
        SELECT date_pulled
        FROM `mal-data-engineering.my_anime_list.top_airing_anime`
        WHERE DATE(date_pulled) = CURRENT_DATE('Asia/Tokyo')
        
2024-02-23 15:11:21,420 - utils - INFO - Top Airing Anime not yet updated. Pulling from API
2024-02-23 15:11:23,566 - utils - INFO - Getting Keys. Current Working Directory: /__w/data_engineering_learning/data_engineering_learning
2024-02-23 15:11:23,566 - utils - INFO - Google Application Credentials Set
2024-02-23 15:11:23,566 - utils - INFO - /__w/data_engineering_learning/data_engineering_learning/secrets/headers.json
2024-02-23 15:11:23,566 - utils - INFO - MAL Headers Loaded
2024-02-23 15:11:23,575 - utils - INFO - Getting Keys. Current Working Directory: /__w/data_engineering_learning/data_engineering_learning
2024-02-23 15:11:23,576 - utils - INFO - Google Application Credentials Set
2024-02-23 15:11:23,576 - utils - INFO - /__w/data_engineering_learning/data_engineering_learning/secrets/headers.json
2024-02-23 15:11:23,576 - utils - INFO - MAL Headers Loaded
2024-02-23 15:11:23,578 - utils - INFO - 
        SELECT date_pulled
        FROM `mal-data-engineering.my_anime_list.top_airing_anime`
        WHERE DATE(date_pulled) = DATE('2024-02-24')
        
2024-02-23 15:11:25,163 - utils - INFO - Table exists
2024-02-23 15:11:28,687 - utils - INFO - Top Airing Anime updated
