2024-12-29 15:11:46,519 - utils - INFO - Getting Keys. Current Working Directory: /__w/data_engineering_learning/data_engineering_learning
2024-12-29 15:11:46,519 - utils - INFO - Google Application Credentials Set
2024-12-29 15:11:46,519 - utils - INFO - /__w/data_engineering_learning/data_engineering_learning/secrets/headers.json
2024-12-29 15:11:46,519 - utils - INFO - MAL Headers Loaded
2024-12-29 15:11:46,519 - utils - INFO - Getting Keys. Current Working Directory: /__w/data_engineering_learning/data_engineering_learning
2024-12-29 15:11:46,519 - utils - INFO - Google Application Credentials Set
2024-12-29 15:11:46,519 - utils - INFO - /__w/data_engineering_learning/data_engineering_learning/secrets/headers.json
2024-12-29 15:11:46,519 - utils - INFO - MAL Headers Loaded
2024-12-29 15:11:46,523 - utils - INFO - 
        SELECT date_pulled
        FROM `mal-data-engineering.my_anime_list.top_airing_anime`
        WHERE DATE(date_pulled) = CURRENT_DATE('Asia/Tokyo')
        
2024-12-29 15:11:47,734 - utils - INFO - Top Airing Anime not yet updated. Pulling from API
2024-12-29 15:11:50,010 - utils - INFO - Getting Keys. Current Working Directory: /__w/data_engineering_learning/data_engineering_learning
2024-12-29 15:11:50,011 - utils - INFO - Google Application Credentials Set
2024-12-29 15:11:50,011 - utils - INFO - /__w/data_engineering_learning/data_engineering_learning/secrets/headers.json
2024-12-29 15:11:50,011 - utils - INFO - MAL Headers Loaded
2024-12-29 15:11:50,020 - utils - INFO - Getting Keys. Current Working Directory: /__w/data_engineering_learning/data_engineering_learning
2024-12-29 15:11:50,020 - utils - INFO - Google Application Credentials Set
2024-12-29 15:11:50,020 - utils - INFO - /__w/data_engineering_learning/data_engineering_learning/secrets/headers.json
2024-12-29 15:11:50,020 - utils - INFO - MAL Headers Loaded
2024-12-29 15:11:50,022 - utils - INFO - 
        SELECT date_pulled
        FROM `mal-data-engineering.my_anime_list.top_airing_anime`
        WHERE DATE(date_pulled) = DATE('2024-12-30')
        
2024-12-29 15:11:51,296 - utils - INFO - Table exists
2024-12-29 15:11:57,349 - utils - INFO - Top Airing Anime updated
2024-12-29 15:26:44,058 - utils - INFO - Getting Keys. Current Working Directory: /__w/data_engineering_learning/data_engineering_learning
2024-12-29 15:26:44,058 - utils - INFO - Google Application Credentials Set
2024-12-29 15:26:44,058 - utils - INFO - /__w/data_engineering_learning/data_engineering_learning/secrets/headers.json
2024-12-29 15:26:44,058 - utils - INFO - MAL Headers Loaded
2024-12-29 15:26:44,058 - utils - INFO - Getting Keys. Current Working Directory: /__w/data_engineering_learning/data_engineering_learning
2024-12-29 15:26:44,059 - utils - INFO - Google Application Credentials Set
2024-12-29 15:26:44,059 - utils - INFO - /__w/data_engineering_learning/data_engineering_learning/secrets/headers.json
2024-12-29 15:26:44,059 - utils - INFO - MAL Headers Loaded
2024-12-29 15:26:44,062 - utils - INFO - 
        SELECT date_pulled
        FROM `mal-data-engineering.my_anime_list.weekly_top_10`
        WHERE DATE(date_pulled) = CURRENT_DATE('Asia/Tokyo')
        
2024-12-29 15:26:45,317 - utils - INFO - 
        WITH ranked_anime AS (
            SELECT
                tw.date_pulled,
                tw.myanimelist_id,
                tw.title,
                tw.rank,
                tw.score,
                (tw.rank - lw.rank) as rank_change,
                (tw.score - lw.score) as score_change,
                ROW_NUMBER() OVER (PARTITION BY tw.date_pulled ORDER BY tw.rank) AS rank_within_date
            FROM
                (SELECT * FROM `mal-data-engineering.my_anime_list.top_airing_anime`
                  WHERE DATE(date_pulled) = CURRENT_DATE('Asia/Tokyo')
                ) AS tw
            LEFT JOIN
                (SELECT * FROM `mal-data-engineering.my_anime_list.top_airing_anime`
                  WHERE DATE(date_pulled) = DATE_ADD(CURRENT_DATE('Asia/Tokyo'), INTERVAL -7 DAY)
                ) AS lw
            ON
                tw.myanimelist_id = lw.myanimelist_id
            )

            SELECT
            date_pulled,
            myanimelist_id,
            title,
            rank,
            score,
            rank_change,
            score_change
            FROM
            ranked_anime
            WHERE
            rank_within_date <= 10
            ORDER BY
            rank_within_date,
            date_pulled DESC
            ;
        
2024-12-29 15:26:48,969 - utils - INFO - Table exists
2024-12-29 15:26:52,111 - utils - INFO - Weekly Top 10 table updated
2024-12-29 15:36:00,087 - utils - INFO - Getting Keys. Current Working Directory: /__w/data_engineering_learning/data_engineering_learning
2024-12-29 15:36:00,087 - utils - INFO - Google Application Credentials Set
2024-12-29 15:36:00,087 - utils - INFO - /__w/data_engineering_learning/data_engineering_learning/secrets/headers.json
2024-12-29 15:36:00,087 - utils - INFO - MAL Headers Loaded
2024-12-29 15:36:00,087 - utils - INFO - Getting Keys. Current Working Directory: /__w/data_engineering_learning/data_engineering_learning
2024-12-29 15:36:00,087 - utils - INFO - Google Application Credentials Set
2024-12-29 15:36:00,087 - utils - INFO - /__w/data_engineering_learning/data_engineering_learning/secrets/headers.json
2024-12-29 15:36:00,088 - utils - INFO - MAL Headers Loaded
2024-12-29 15:36:00,091 - utils - INFO - 
        SELECT DISTINCT(taa.myanimelist_id)
        FROM `mal-data-engineering.my_anime_list.top_airing_anime` AS taa
        LEFT JOIN `mal-data-engineering.my_anime_list.anime_info` AS ai
        ON taa.myanimelist_id = ai.myanimelist_id
        WHERE DATE(taa.date_pulled) = CURRENT_DATE()
        AND ai.myanimelist_id IS NULL
        
2024-12-29 15:36:01,322 - utils - INFO - Anime ids not in table yet: 8
2024-12-29 15:36:09,716 - utils - INFO - Getting Keys. Current Working Directory: /__w/data_engineering_learning/data_engineering_learning
2024-12-29 15:36:09,716 - utils - INFO - Google Application Credentials Set
2024-12-29 15:36:09,716 - utils - INFO - /__w/data_engineering_learning/data_engineering_learning/secrets/headers.json
2024-12-29 15:36:09,716 - utils - INFO - MAL Headers Loaded
2024-12-29 15:36:09,716 - utils - INFO - Getting Keys. Current Working Directory: /__w/data_engineering_learning/data_engineering_learning
2024-12-29 15:36:09,716 - utils - INFO - Google Application Credentials Set
2024-12-29 15:36:09,716 - utils - INFO - /__w/data_engineering_learning/data_engineering_learning/secrets/headers.json
2024-12-29 15:36:09,716 - utils - INFO - MAL Headers Loaded
2024-12-29 15:36:09,718 - utils - INFO - 
        SELECT DISTINCT(taa.myanimelist_id)
        FROM `mal-data-engineering.my_anime_list.top_airing_anime` AS taa
        LEFT JOIN `mal-data-engineering.my_anime_list.anime_info` AS ai
        ON taa.myanimelist_id = ai.myanimelist_id
        WHERE DATE(taa.date_pulled) = CURRENT_DATE()
        AND ai.myanimelist_id IS NULL
        
2024-12-29 15:36:10,751 - utils - INFO - Anime ids not in table yet: 8
2024-12-29 15:36:10,764 - utils - INFO - Anime Info rows to upload:5
2024-12-29 15:36:11,043 - utils - INFO - Table exists
