2024-12-07 15:12:46,884 - utils - INFO - Getting Keys. Current Working Directory: /__w/data_engineering_learning/data_engineering_learning
2024-12-07 15:12:46,884 - utils - INFO - Google Application Credentials Set
2024-12-07 15:12:46,884 - utils - INFO - /__w/data_engineering_learning/data_engineering_learning/secrets/headers.json
2024-12-07 15:12:46,884 - utils - INFO - MAL Headers Loaded
2024-12-07 15:12:46,884 - utils - INFO - Getting Keys. Current Working Directory: /__w/data_engineering_learning/data_engineering_learning
2024-12-07 15:12:46,884 - utils - INFO - Google Application Credentials Set
2024-12-07 15:12:46,884 - utils - INFO - /__w/data_engineering_learning/data_engineering_learning/secrets/headers.json
2024-12-07 15:12:46,884 - utils - INFO - MAL Headers Loaded
2024-12-07 15:12:46,888 - utils - INFO - 
        SELECT date_pulled
        FROM `mal-data-engineering.my_anime_list.top_airing_anime`
        WHERE DATE(date_pulled) = CURRENT_DATE('Asia/Tokyo')
        
2024-12-07 15:12:48,159 - utils - INFO - Top Airing Anime not yet updated. Pulling from API
2024-12-07 15:12:50,423 - utils - INFO - Getting Keys. Current Working Directory: /__w/data_engineering_learning/data_engineering_learning
2024-12-07 15:12:50,423 - utils - INFO - Google Application Credentials Set
2024-12-07 15:12:50,423 - utils - INFO - /__w/data_engineering_learning/data_engineering_learning/secrets/headers.json
2024-12-07 15:12:50,423 - utils - INFO - MAL Headers Loaded
2024-12-07 15:12:50,432 - utils - INFO - Getting Keys. Current Working Directory: /__w/data_engineering_learning/data_engineering_learning
2024-12-07 15:12:50,433 - utils - INFO - Google Application Credentials Set
2024-12-07 15:12:50,433 - utils - INFO - /__w/data_engineering_learning/data_engineering_learning/secrets/headers.json
2024-12-07 15:12:50,433 - utils - INFO - MAL Headers Loaded
2024-12-07 15:12:50,435 - utils - INFO - 
        SELECT date_pulled
        FROM `mal-data-engineering.my_anime_list.top_airing_anime`
        WHERE DATE(date_pulled) = DATE('2024-12-08')
        
2024-12-07 15:12:51,920 - utils - INFO - Table exists
2024-12-07 15:12:55,390 - utils - INFO - Top Airing Anime updated
