2024-07-12 15:11:41,857 - utils - INFO - Getting Keys. Current Working Directory: /__w/data_engineering_learning/data_engineering_learning
2024-07-12 15:11:41,857 - utils - INFO - Google Application Credentials Set
2024-07-12 15:11:41,857 - utils - INFO - /__w/data_engineering_learning/data_engineering_learning/secrets/headers.json
2024-07-12 15:11:41,857 - utils - INFO - MAL Headers Loaded
2024-07-12 15:11:41,858 - utils - INFO - Getting Keys. Current Working Directory: /__w/data_engineering_learning/data_engineering_learning
2024-07-12 15:11:41,858 - utils - INFO - Google Application Credentials Set
2024-07-12 15:11:41,858 - utils - INFO - /__w/data_engineering_learning/data_engineering_learning/secrets/headers.json
2024-07-12 15:11:41,858 - utils - INFO - MAL Headers Loaded
2024-07-12 15:11:41,861 - utils - INFO - 
        SELECT date_pulled
        FROM `mal-data-engineering.my_anime_list.top_airing_anime`
        WHERE DATE(date_pulled) = CURRENT_DATE('Asia/Tokyo')
        
2024-07-12 15:11:43,366 - utils - INFO - Top Airing Anime not yet updated. Pulling from API
2024-07-12 15:11:46,859 - utils - INFO - Getting Keys. Current Working Directory: /__w/data_engineering_learning/data_engineering_learning
2024-07-12 15:11:46,859 - utils - INFO - Google Application Credentials Set
2024-07-12 15:11:46,859 - utils - INFO - /__w/data_engineering_learning/data_engineering_learning/secrets/headers.json
2024-07-12 15:11:46,860 - utils - INFO - MAL Headers Loaded
2024-07-12 15:11:46,869 - utils - INFO - Getting Keys. Current Working Directory: /__w/data_engineering_learning/data_engineering_learning
2024-07-12 15:11:46,869 - utils - INFO - Google Application Credentials Set
2024-07-12 15:11:46,869 - utils - INFO - /__w/data_engineering_learning/data_engineering_learning/secrets/headers.json
2024-07-12 15:11:46,869 - utils - INFO - MAL Headers Loaded
2024-07-12 15:11:46,871 - utils - INFO - 
        SELECT date_pulled
        FROM `mal-data-engineering.my_anime_list.top_airing_anime`
        WHERE DATE(date_pulled) = DATE('2024-07-13')
        
2024-07-12 15:11:48,421 - utils - INFO - Table exists
2024-07-12 15:11:51,520 - utils - INFO - Top Airing Anime updated
