2024-10-12 15:12:40,736 - utils - INFO - Getting Keys. Current Working Directory: /__w/data_engineering_learning/data_engineering_learning
2024-10-12 15:12:40,736 - utils - INFO - Google Application Credentials Set
2024-10-12 15:12:40,736 - utils - INFO - /__w/data_engineering_learning/data_engineering_learning/secrets/headers.json
2024-10-12 15:12:40,737 - utils - INFO - MAL Headers Loaded
2024-10-12 15:12:40,737 - utils - INFO - Getting Keys. Current Working Directory: /__w/data_engineering_learning/data_engineering_learning
2024-10-12 15:12:40,737 - utils - INFO - Google Application Credentials Set
2024-10-12 15:12:40,737 - utils - INFO - /__w/data_engineering_learning/data_engineering_learning/secrets/headers.json
2024-10-12 15:12:40,737 - utils - INFO - MAL Headers Loaded
2024-10-12 15:12:40,740 - utils - INFO - 
        SELECT date_pulled
        FROM `mal-data-engineering.my_anime_list.top_airing_anime`
        WHERE DATE(date_pulled) = CURRENT_DATE('Asia/Tokyo')
        
2024-10-12 15:12:41,926 - utils - INFO - Top Airing Anime not yet updated. Pulling from API
2024-10-12 15:12:42,686 - utils - INFO - Getting Keys. Current Working Directory: /__w/data_engineering_learning/data_engineering_learning
2024-10-12 15:12:42,686 - utils - INFO - Google Application Credentials Set
2024-10-12 15:12:42,686 - utils - INFO - /__w/data_engineering_learning/data_engineering_learning/secrets/headers.json
2024-10-12 15:12:42,686 - utils - INFO - MAL Headers Loaded
2024-10-12 15:12:42,696 - utils - INFO - Getting Keys. Current Working Directory: /__w/data_engineering_learning/data_engineering_learning
2024-10-12 15:12:42,696 - utils - INFO - Google Application Credentials Set
2024-10-12 15:12:42,696 - utils - INFO - /__w/data_engineering_learning/data_engineering_learning/secrets/headers.json
2024-10-12 15:12:42,696 - utils - INFO - MAL Headers Loaded
2024-10-12 15:12:42,698 - utils - INFO - 
        SELECT date_pulled
        FROM `mal-data-engineering.my_anime_list.top_airing_anime`
        WHERE DATE(date_pulled) = DATE('2024-10-13')
        
2024-10-12 15:12:43,872 - utils - INFO - Table exists
2024-10-12 15:12:48,608 - utils - INFO - Top Airing Anime updated
