2024-05-17 15:11:35,751 - utils - INFO - Getting Keys. Current Working Directory: /__w/data_engineering_learning/data_engineering_learning
2024-05-17 15:11:35,751 - utils - INFO - Google Application Credentials Set
2024-05-17 15:11:35,751 - utils - INFO - /__w/data_engineering_learning/data_engineering_learning/secrets/headers.json
2024-05-17 15:11:35,751 - utils - INFO - MAL Headers Loaded
2024-05-17 15:11:35,751 - utils - INFO - Getting Keys. Current Working Directory: /__w/data_engineering_learning/data_engineering_learning
2024-05-17 15:11:35,751 - utils - INFO - Google Application Credentials Set
2024-05-17 15:11:35,752 - utils - INFO - /__w/data_engineering_learning/data_engineering_learning/secrets/headers.json
2024-05-17 15:11:35,752 - utils - INFO - MAL Headers Loaded
2024-05-17 15:11:35,755 - utils - INFO - 
        SELECT date_pulled
        FROM `mal-data-engineering.my_anime_list.top_airing_anime`
        WHERE DATE(date_pulled) = CURRENT_DATE('Asia/Tokyo')
        
2024-05-17 15:11:37,160 - utils - INFO - Top Airing Anime not yet updated. Pulling from API
2024-05-17 15:11:39,619 - utils - INFO - Getting Keys. Current Working Directory: /__w/data_engineering_learning/data_engineering_learning
2024-05-17 15:11:39,619 - utils - INFO - Google Application Credentials Set
2024-05-17 15:11:39,619 - utils - INFO - /__w/data_engineering_learning/data_engineering_learning/secrets/headers.json
2024-05-17 15:11:39,619 - utils - INFO - MAL Headers Loaded
2024-05-17 15:11:39,629 - utils - INFO - Getting Keys. Current Working Directory: /__w/data_engineering_learning/data_engineering_learning
2024-05-17 15:11:39,629 - utils - INFO - Google Application Credentials Set
2024-05-17 15:11:39,629 - utils - INFO - /__w/data_engineering_learning/data_engineering_learning/secrets/headers.json
2024-05-17 15:11:39,629 - utils - INFO - MAL Headers Loaded
2024-05-17 15:11:39,631 - utils - INFO - 
        SELECT date_pulled
        FROM `mal-data-engineering.my_anime_list.top_airing_anime`
        WHERE DATE(date_pulled) = DATE('2024-05-18')
        
2024-05-17 15:11:41,110 - utils - INFO - Table exists
2024-05-17 15:11:45,317 - utils - INFO - Top Airing Anime updated
