2024-12-18 15:14:25,590 - utils - INFO - Getting Keys. Current Working Directory: /__w/data_engineering_learning/data_engineering_learning
2024-12-18 15:14:25,590 - utils - INFO - Google Application Credentials Set
2024-12-18 15:14:25,590 - utils - INFO - /__w/data_engineering_learning/data_engineering_learning/secrets/headers.json
2024-12-18 15:14:25,590 - utils - INFO - MAL Headers Loaded
2024-12-18 15:14:25,591 - utils - INFO - Getting Keys. Current Working Directory: /__w/data_engineering_learning/data_engineering_learning
2024-12-18 15:14:25,591 - utils - INFO - Google Application Credentials Set
2024-12-18 15:14:25,591 - utils - INFO - /__w/data_engineering_learning/data_engineering_learning/secrets/headers.json
2024-12-18 15:14:25,591 - utils - INFO - MAL Headers Loaded
2024-12-18 15:14:25,594 - utils - INFO - 
        SELECT date_pulled
        FROM `mal-data-engineering.my_anime_list.top_airing_anime`
        WHERE DATE(date_pulled) = CURRENT_DATE('Asia/Tokyo')
        
2024-12-18 15:14:26,978 - utils - INFO - Top Airing Anime not yet updated. Pulling from API
2024-12-18 15:14:29,393 - utils - INFO - Getting Keys. Current Working Directory: /__w/data_engineering_learning/data_engineering_learning
2024-12-18 15:14:29,393 - utils - INFO - Google Application Credentials Set
2024-12-18 15:14:29,393 - utils - INFO - /__w/data_engineering_learning/data_engineering_learning/secrets/headers.json
2024-12-18 15:14:29,394 - utils - INFO - MAL Headers Loaded
2024-12-18 15:14:29,403 - utils - INFO - Getting Keys. Current Working Directory: /__w/data_engineering_learning/data_engineering_learning
2024-12-18 15:14:29,403 - utils - INFO - Google Application Credentials Set
2024-12-18 15:14:29,403 - utils - INFO - /__w/data_engineering_learning/data_engineering_learning/secrets/headers.json
2024-12-18 15:14:29,403 - utils - INFO - MAL Headers Loaded
2024-12-18 15:14:29,405 - utils - INFO - 
        SELECT date_pulled
        FROM `mal-data-engineering.my_anime_list.top_airing_anime`
        WHERE DATE(date_pulled) = DATE('2024-12-19')
        
2024-12-18 15:14:30,507 - utils - INFO - Table exists
2024-12-18 15:14:34,232 - utils - INFO - Top Airing Anime updated
