2024-09-22 15:11:33,429 - utils - INFO - Getting Keys. Current Working Directory: /__w/data_engineering_learning/data_engineering_learning
2024-09-22 15:11:33,429 - utils - INFO - Google Application Credentials Set
2024-09-22 15:11:33,429 - utils - INFO - /__w/data_engineering_learning/data_engineering_learning/secrets/headers.json
2024-09-22 15:11:33,429 - utils - INFO - MAL Headers Loaded
2024-09-22 15:11:33,429 - utils - INFO - Getting Keys. Current Working Directory: /__w/data_engineering_learning/data_engineering_learning
2024-09-22 15:11:33,429 - utils - INFO - Google Application Credentials Set
2024-09-22 15:11:33,429 - utils - INFO - /__w/data_engineering_learning/data_engineering_learning/secrets/headers.json
2024-09-22 15:11:33,429 - utils - INFO - MAL Headers Loaded
2024-09-22 15:11:33,433 - utils - INFO - 
        SELECT date_pulled
        FROM `mal-data-engineering.my_anime_list.top_airing_anime`
        WHERE DATE(date_pulled) = CURRENT_DATE('Asia/Tokyo')
        
2024-09-22 15:11:34,695 - utils - INFO - Top Airing Anime not yet updated. Pulling from API
2024-09-22 15:11:37,188 - utils - INFO - Getting Keys. Current Working Directory: /__w/data_engineering_learning/data_engineering_learning
2024-09-22 15:11:37,188 - utils - INFO - Google Application Credentials Set
2024-09-22 15:11:37,188 - utils - INFO - /__w/data_engineering_learning/data_engineering_learning/secrets/headers.json
2024-09-22 15:11:37,188 - utils - INFO - MAL Headers Loaded
2024-09-22 15:11:37,197 - utils - INFO - Getting Keys. Current Working Directory: /__w/data_engineering_learning/data_engineering_learning
2024-09-22 15:11:37,197 - utils - INFO - Google Application Credentials Set
2024-09-22 15:11:37,197 - utils - INFO - /__w/data_engineering_learning/data_engineering_learning/secrets/headers.json
2024-09-22 15:11:37,197 - utils - INFO - MAL Headers Loaded
2024-09-22 15:11:37,200 - utils - INFO - 
        SELECT date_pulled
        FROM `mal-data-engineering.my_anime_list.top_airing_anime`
        WHERE DATE(date_pulled) = DATE('2024-09-23')
        
2024-09-22 15:11:38,928 - utils - INFO - Table exists
2024-09-22 15:11:42,685 - utils - INFO - Top Airing Anime updated
