2024-10-11 15:13:20,271 - utils - INFO - Getting Keys. Current Working Directory: /__w/data_engineering_learning/data_engineering_learning
2024-10-11 15:13:20,271 - utils - INFO - Google Application Credentials Set
2024-10-11 15:13:20,271 - utils - INFO - /__w/data_engineering_learning/data_engineering_learning/secrets/headers.json
2024-10-11 15:13:20,271 - utils - INFO - MAL Headers Loaded
2024-10-11 15:13:20,271 - utils - INFO - Getting Keys. Current Working Directory: /__w/data_engineering_learning/data_engineering_learning
2024-10-11 15:13:20,271 - utils - INFO - Google Application Credentials Set
2024-10-11 15:13:20,271 - utils - INFO - /__w/data_engineering_learning/data_engineering_learning/secrets/headers.json
2024-10-11 15:13:20,271 - utils - INFO - MAL Headers Loaded
2024-10-11 15:13:20,275 - utils - INFO - 
        SELECT date_pulled
        FROM `mal-data-engineering.my_anime_list.top_airing_anime`
        WHERE DATE(date_pulled) = CURRENT_DATE('Asia/Tokyo')
        
2024-10-11 15:13:21,871 - utils - INFO - Top Airing Anime not yet updated. Pulling from API
2024-10-11 15:13:25,083 - utils - INFO - Getting Keys. Current Working Directory: /__w/data_engineering_learning/data_engineering_learning
2024-10-11 15:13:25,084 - utils - INFO - Google Application Credentials Set
2024-10-11 15:13:25,084 - utils - INFO - /__w/data_engineering_learning/data_engineering_learning/secrets/headers.json
2024-10-11 15:13:25,084 - utils - INFO - MAL Headers Loaded
2024-10-11 15:13:25,093 - utils - INFO - Getting Keys. Current Working Directory: /__w/data_engineering_learning/data_engineering_learning
2024-10-11 15:13:25,093 - utils - INFO - Google Application Credentials Set
2024-10-11 15:13:25,093 - utils - INFO - /__w/data_engineering_learning/data_engineering_learning/secrets/headers.json
2024-10-11 15:13:25,093 - utils - INFO - MAL Headers Loaded
2024-10-11 15:13:25,096 - utils - INFO - 
        SELECT date_pulled
        FROM `mal-data-engineering.my_anime_list.top_airing_anime`
        WHERE DATE(date_pulled) = DATE('2024-10-12')
        
2024-10-11 15:13:26,528 - utils - INFO - Table exists
2024-10-11 15:13:30,246 - utils - INFO - Top Airing Anime updated
