2024-10-02 15:14:12,899 - utils - INFO - Getting Keys. Current Working Directory: /__w/data_engineering_learning/data_engineering_learning
2024-10-02 15:14:12,899 - utils - INFO - Google Application Credentials Set
2024-10-02 15:14:12,899 - utils - INFO - /__w/data_engineering_learning/data_engineering_learning/secrets/headers.json
2024-10-02 15:14:12,899 - utils - INFO - MAL Headers Loaded
2024-10-02 15:14:12,899 - utils - INFO - Getting Keys. Current Working Directory: /__w/data_engineering_learning/data_engineering_learning
2024-10-02 15:14:12,899 - utils - INFO - Google Application Credentials Set
2024-10-02 15:14:12,899 - utils - INFO - /__w/data_engineering_learning/data_engineering_learning/secrets/headers.json
2024-10-02 15:14:12,899 - utils - INFO - MAL Headers Loaded
2024-10-02 15:14:12,903 - utils - INFO - 
        SELECT date_pulled
        FROM `mal-data-engineering.my_anime_list.top_airing_anime`
        WHERE DATE(date_pulled) = CURRENT_DATE('Asia/Tokyo')
        
2024-10-02 15:14:14,725 - utils - INFO - Top Airing Anime not yet updated. Pulling from API
2024-10-02 15:14:17,263 - utils - INFO - Getting Keys. Current Working Directory: /__w/data_engineering_learning/data_engineering_learning
2024-10-02 15:14:17,263 - utils - INFO - Google Application Credentials Set
2024-10-02 15:14:17,263 - utils - INFO - /__w/data_engineering_learning/data_engineering_learning/secrets/headers.json
2024-10-02 15:14:17,263 - utils - INFO - MAL Headers Loaded
2024-10-02 15:14:17,272 - utils - INFO - Getting Keys. Current Working Directory: /__w/data_engineering_learning/data_engineering_learning
2024-10-02 15:14:17,272 - utils - INFO - Google Application Credentials Set
2024-10-02 15:14:17,272 - utils - INFO - /__w/data_engineering_learning/data_engineering_learning/secrets/headers.json
2024-10-02 15:14:17,272 - utils - INFO - MAL Headers Loaded
2024-10-02 15:14:17,275 - utils - INFO - 
        SELECT date_pulled
        FROM `mal-data-engineering.my_anime_list.top_airing_anime`
        WHERE DATE(date_pulled) = DATE('2024-10-03')
        
2024-10-02 15:14:18,603 - utils - INFO - Table exists
2024-10-02 15:14:21,667 - utils - INFO - Top Airing Anime updated
