2024-05-15 15:10:39,854 - utils - INFO - Getting Keys. Current Working Directory: /__w/data_engineering_learning/data_engineering_learning
2024-05-15 15:10:39,854 - utils - INFO - Google Application Credentials Set
2024-05-15 15:10:39,854 - utils - INFO - /__w/data_engineering_learning/data_engineering_learning/secrets/headers.json
2024-05-15 15:10:39,854 - utils - INFO - MAL Headers Loaded
2024-05-15 15:10:39,854 - utils - INFO - Getting Keys. Current Working Directory: /__w/data_engineering_learning/data_engineering_learning
2024-05-15 15:10:39,854 - utils - INFO - Google Application Credentials Set
2024-05-15 15:10:39,855 - utils - INFO - /__w/data_engineering_learning/data_engineering_learning/secrets/headers.json
2024-05-15 15:10:39,855 - utils - INFO - MAL Headers Loaded
2024-05-15 15:10:39,858 - utils - INFO - 
        SELECT date_pulled
        FROM `mal-data-engineering.my_anime_list.top_airing_anime`
        WHERE DATE(date_pulled) = CURRENT_DATE('Asia/Tokyo')
        
2024-05-15 15:10:40,912 - utils - INFO - Top Airing Anime not yet updated. Pulling from API
2024-05-15 15:10:42,021 - utils - INFO - Getting Keys. Current Working Directory: /__w/data_engineering_learning/data_engineering_learning
2024-05-15 15:10:42,021 - utils - INFO - Google Application Credentials Set
2024-05-15 15:10:42,021 - utils - INFO - /__w/data_engineering_learning/data_engineering_learning/secrets/headers.json
2024-05-15 15:10:42,022 - utils - INFO - MAL Headers Loaded
2024-05-15 15:10:42,031 - utils - INFO - Getting Keys. Current Working Directory: /__w/data_engineering_learning/data_engineering_learning
2024-05-15 15:10:42,031 - utils - INFO - Google Application Credentials Set
2024-05-15 15:10:42,031 - utils - INFO - /__w/data_engineering_learning/data_engineering_learning/secrets/headers.json
2024-05-15 15:10:42,031 - utils - INFO - MAL Headers Loaded
2024-05-15 15:10:42,033 - utils - INFO - 
        SELECT date_pulled
        FROM `mal-data-engineering.my_anime_list.top_airing_anime`
        WHERE DATE(date_pulled) = DATE('2024-05-16')
        
2024-05-15 15:10:43,233 - utils - INFO - Table exists
2024-05-15 15:10:46,683 - utils - INFO - Top Airing Anime updated
