2024-09-14 15:11:52,621 - utils - INFO - Getting Keys. Current Working Directory: /__w/data_engineering_learning/data_engineering_learning
2024-09-14 15:11:52,622 - utils - INFO - Google Application Credentials Set
2024-09-14 15:11:52,622 - utils - INFO - /__w/data_engineering_learning/data_engineering_learning/secrets/headers.json
2024-09-14 15:11:52,622 - utils - INFO - MAL Headers Loaded
2024-09-14 15:11:52,622 - utils - INFO - Getting Keys. Current Working Directory: /__w/data_engineering_learning/data_engineering_learning
2024-09-14 15:11:52,622 - utils - INFO - Google Application Credentials Set
2024-09-14 15:11:52,622 - utils - INFO - /__w/data_engineering_learning/data_engineering_learning/secrets/headers.json
2024-09-14 15:11:52,622 - utils - INFO - MAL Headers Loaded
2024-09-14 15:11:52,628 - utils - INFO - 
        SELECT date_pulled
        FROM `mal-data-engineering.my_anime_list.top_airing_anime`
        WHERE DATE(date_pulled) = CURRENT_DATE('Asia/Tokyo')
        
2024-09-14 15:11:54,006 - utils - INFO - Top Airing Anime not yet updated. Pulling from API
2024-09-14 15:11:56,700 - utils - INFO - Getting Keys. Current Working Directory: /__w/data_engineering_learning/data_engineering_learning
2024-09-14 15:11:56,700 - utils - INFO - Google Application Credentials Set
2024-09-14 15:11:56,700 - utils - INFO - /__w/data_engineering_learning/data_engineering_learning/secrets/headers.json
2024-09-14 15:11:56,700 - utils - INFO - MAL Headers Loaded
2024-09-14 15:11:56,709 - utils - INFO - Getting Keys. Current Working Directory: /__w/data_engineering_learning/data_engineering_learning
2024-09-14 15:11:56,709 - utils - INFO - Google Application Credentials Set
2024-09-14 15:11:56,710 - utils - INFO - /__w/data_engineering_learning/data_engineering_learning/secrets/headers.json
2024-09-14 15:11:56,710 - utils - INFO - MAL Headers Loaded
2024-09-14 15:11:56,712 - utils - INFO - 
        SELECT date_pulled
        FROM `mal-data-engineering.my_anime_list.top_airing_anime`
        WHERE DATE(date_pulled) = DATE('2024-09-15')
        
2024-09-14 15:11:57,873 - utils - INFO - Table exists
2024-09-14 15:12:04,024 - utils - INFO - Top Airing Anime updated
