2024-05-21 15:11:40,978 - utils - INFO - Getting Keys. Current Working Directory: /__w/data_engineering_learning/data_engineering_learning
2024-05-21 15:11:40,978 - utils - INFO - Google Application Credentials Set
2024-05-21 15:11:40,978 - utils - INFO - /__w/data_engineering_learning/data_engineering_learning/secrets/headers.json
2024-05-21 15:11:40,978 - utils - INFO - MAL Headers Loaded
2024-05-21 15:11:40,978 - utils - INFO - Getting Keys. Current Working Directory: /__w/data_engineering_learning/data_engineering_learning
2024-05-21 15:11:40,978 - utils - INFO - Google Application Credentials Set
2024-05-21 15:11:40,978 - utils - INFO - /__w/data_engineering_learning/data_engineering_learning/secrets/headers.json
2024-05-21 15:11:40,978 - utils - INFO - MAL Headers Loaded
2024-05-21 15:11:40,983 - utils - INFO - 
        SELECT date_pulled
        FROM `mal-data-engineering.my_anime_list.top_airing_anime`
        WHERE DATE(date_pulled) = CURRENT_DATE('Asia/Tokyo')
        
2024-05-21 15:11:42,483 - utils - INFO - Top Airing Anime not yet updated. Pulling from API
2024-05-21 15:11:44,611 - utils - INFO - Getting Keys. Current Working Directory: /__w/data_engineering_learning/data_engineering_learning
2024-05-21 15:11:44,611 - utils - INFO - Google Application Credentials Set
2024-05-21 15:11:44,611 - utils - INFO - /__w/data_engineering_learning/data_engineering_learning/secrets/headers.json
2024-05-21 15:11:44,611 - utils - INFO - MAL Headers Loaded
2024-05-21 15:11:44,621 - utils - INFO - Getting Keys. Current Working Directory: /__w/data_engineering_learning/data_engineering_learning
2024-05-21 15:11:44,621 - utils - INFO - Google Application Credentials Set
2024-05-21 15:11:44,621 - utils - INFO - /__w/data_engineering_learning/data_engineering_learning/secrets/headers.json
2024-05-21 15:11:44,621 - utils - INFO - MAL Headers Loaded
2024-05-21 15:11:44,623 - utils - INFO - 
        SELECT date_pulled
        FROM `mal-data-engineering.my_anime_list.top_airing_anime`
        WHERE DATE(date_pulled) = DATE('2024-05-22')
        
2024-05-21 15:11:45,989 - utils - INFO - Table exists
2024-05-21 15:11:49,895 - utils - INFO - Top Airing Anime updated
