2024-07-09 15:12:09,143 - utils - INFO - Getting Keys. Current Working Directory: /__w/data_engineering_learning/data_engineering_learning
2024-07-09 15:12:09,143 - utils - INFO - Google Application Credentials Set
2024-07-09 15:12:09,144 - utils - INFO - /__w/data_engineering_learning/data_engineering_learning/secrets/headers.json
2024-07-09 15:12:09,144 - utils - INFO - MAL Headers Loaded
2024-07-09 15:12:09,144 - utils - INFO - Getting Keys. Current Working Directory: /__w/data_engineering_learning/data_engineering_learning
2024-07-09 15:12:09,144 - utils - INFO - Google Application Credentials Set
2024-07-09 15:12:09,144 - utils - INFO - /__w/data_engineering_learning/data_engineering_learning/secrets/headers.json
2024-07-09 15:12:09,144 - utils - INFO - MAL Headers Loaded
2024-07-09 15:12:09,148 - utils - INFO - 
        SELECT date_pulled
        FROM `mal-data-engineering.my_anime_list.top_airing_anime`
        WHERE DATE(date_pulled) = CURRENT_DATE('Asia/Tokyo')
        
2024-07-09 15:12:10,509 - utils - INFO - Top Airing Anime not yet updated. Pulling from API
2024-07-09 15:12:13,051 - utils - INFO - Getting Keys. Current Working Directory: /__w/data_engineering_learning/data_engineering_learning
2024-07-09 15:12:13,051 - utils - INFO - Google Application Credentials Set
2024-07-09 15:12:13,051 - utils - INFO - /__w/data_engineering_learning/data_engineering_learning/secrets/headers.json
2024-07-09 15:12:13,051 - utils - INFO - MAL Headers Loaded
2024-07-09 15:12:13,061 - utils - INFO - Getting Keys. Current Working Directory: /__w/data_engineering_learning/data_engineering_learning
2024-07-09 15:12:13,061 - utils - INFO - Google Application Credentials Set
2024-07-09 15:12:13,062 - utils - INFO - /__w/data_engineering_learning/data_engineering_learning/secrets/headers.json
2024-07-09 15:12:13,062 - utils - INFO - MAL Headers Loaded
2024-07-09 15:12:13,064 - utils - INFO - 
        SELECT date_pulled
        FROM `mal-data-engineering.my_anime_list.top_airing_anime`
        WHERE DATE(date_pulled) = DATE('2024-07-10')
        
2024-07-09 15:12:14,524 - utils - INFO - Table exists
2024-07-09 15:12:17,494 - utils - INFO - Top Airing Anime updated
