2024-01-17 15:10:57,492 - utils - INFO - Getting Keys. Current Working Directory: /__w/data_engineering_learning/data_engineering_learning
2024-01-17 15:10:57,493 - utils - INFO - Google Application Credentials Set
2024-01-17 15:10:57,493 - utils - INFO - /__w/data_engineering_learning/data_engineering_learning/secrets/headers.json
2024-01-17 15:10:57,493 - utils - INFO - MAL Headers Loaded
2024-01-17 15:10:57,493 - utils - INFO - Getting Keys. Current Working Directory: /__w/data_engineering_learning/data_engineering_learning
2024-01-17 15:10:57,493 - utils - INFO - Google Application Credentials Set
2024-01-17 15:10:57,493 - utils - INFO - /__w/data_engineering_learning/data_engineering_learning/secrets/headers.json
2024-01-17 15:10:57,493 - utils - INFO - MAL Headers Loaded
2024-01-17 15:10:57,496 - utils - INFO - 
        SELECT date_pulled
        FROM `mal-data-engineering.my_anime_list.top_airing_anime`
        WHERE DATE(date_pulled) = CURRENT_DATE('Asia/Tokyo')
        
2024-01-17 15:10:58,907 - utils - INFO - Top Airing Anime not yet updated. Pulling from API
2024-01-17 15:11:01,324 - utils - INFO - Getting Keys. Current Working Directory: /__w/data_engineering_learning/data_engineering_learning
2024-01-17 15:11:01,324 - utils - INFO - Google Application Credentials Set
2024-01-17 15:11:01,324 - utils - INFO - /__w/data_engineering_learning/data_engineering_learning/secrets/headers.json
2024-01-17 15:11:01,324 - utils - INFO - MAL Headers Loaded
2024-01-17 15:11:01,335 - utils - INFO - Getting Keys. Current Working Directory: /__w/data_engineering_learning/data_engineering_learning
2024-01-17 15:11:01,335 - utils - INFO - Google Application Credentials Set
2024-01-17 15:11:01,335 - utils - INFO - /__w/data_engineering_learning/data_engineering_learning/secrets/headers.json
2024-01-17 15:11:01,335 - utils - INFO - MAL Headers Loaded
2024-01-17 15:11:01,337 - utils - INFO - 
        SELECT date_pulled
        FROM `mal-data-engineering.my_anime_list.top_airing_anime`
        WHERE DATE(date_pulled) = DATE('2024-01-18')
        
2024-01-17 15:11:02,815 - utils - INFO - Table exists
2024-01-17 15:11:05,972 - utils - INFO - Top Airing Anime updated
