2024-03-01 03:52:44,078 - utils - INFO - Getting Keys. Current Working Directory: /__w/data_engineering_learning/data_engineering_learning
2024-03-01 03:52:44,079 - utils - INFO - Google Application Credentials Set
2024-03-01 03:52:44,079 - utils - INFO - /__w/data_engineering_learning/data_engineering_learning/secrets/headers.json
2024-03-01 03:52:44,079 - utils - INFO - MAL Headers Loaded
2024-03-01 03:52:44,079 - utils - INFO - Getting Keys. Current Working Directory: /__w/data_engineering_learning/data_engineering_learning
2024-03-01 03:52:44,079 - utils - INFO - Google Application Credentials Set
2024-03-01 03:52:44,079 - utils - INFO - /__w/data_engineering_learning/data_engineering_learning/secrets/headers.json
2024-03-01 03:52:44,079 - utils - INFO - MAL Headers Loaded
2024-03-01 03:52:44,083 - utils - INFO - 
        SELECT date_pulled
        FROM `mal-data-engineering.my_anime_list.top_airing_anime`
        WHERE DATE(date_pulled) = CURRENT_DATE('Asia/Tokyo')
        
2024-03-01 03:52:45,566 - utils - INFO - Top Airing Anime not yet updated. Pulling from API
2024-03-01 03:52:47,834 - utils - INFO - Getting Keys. Current Working Directory: /__w/data_engineering_learning/data_engineering_learning
2024-03-01 03:52:47,834 - utils - INFO - Google Application Credentials Set
2024-03-01 03:52:47,834 - utils - INFO - /__w/data_engineering_learning/data_engineering_learning/secrets/headers.json
2024-03-01 03:52:47,834 - utils - INFO - MAL Headers Loaded
2024-03-01 03:52:47,844 - utils - INFO - Getting Keys. Current Working Directory: /__w/data_engineering_learning/data_engineering_learning
2024-03-01 03:52:47,844 - utils - INFO - Google Application Credentials Set
2024-03-01 03:52:47,844 - utils - INFO - /__w/data_engineering_learning/data_engineering_learning/secrets/headers.json
2024-03-01 03:52:47,844 - utils - INFO - MAL Headers Loaded
2024-03-01 03:52:47,846 - utils - INFO - 
        SELECT date_pulled
        FROM `mal-data-engineering.my_anime_list.top_airing_anime`
        WHERE DATE(date_pulled) = DATE('2024-03-01')
        
2024-03-01 03:52:49,524 - utils - INFO - Table exists
2024-03-01 03:52:52,699 - utils - INFO - Top Airing Anime updated
