2024-11-29 15:14:35,646 - utils - INFO - Getting Keys. Current Working Directory: /__w/data_engineering_learning/data_engineering_learning
2024-11-29 15:14:35,646 - utils - INFO - Google Application Credentials Set
2024-11-29 15:14:35,646 - utils - INFO - /__w/data_engineering_learning/data_engineering_learning/secrets/headers.json
2024-11-29 15:14:35,646 - utils - INFO - MAL Headers Loaded
2024-11-29 15:14:35,646 - utils - INFO - Getting Keys. Current Working Directory: /__w/data_engineering_learning/data_engineering_learning
2024-11-29 15:14:35,646 - utils - INFO - Google Application Credentials Set
2024-11-29 15:14:35,646 - utils - INFO - /__w/data_engineering_learning/data_engineering_learning/secrets/headers.json
2024-11-29 15:14:35,646 - utils - INFO - MAL Headers Loaded
2024-11-29 15:14:35,650 - utils - INFO - 
        SELECT date_pulled
        FROM `mal-data-engineering.my_anime_list.top_airing_anime`
        WHERE DATE(date_pulled) = CURRENT_DATE('Asia/Tokyo')
        
2024-11-29 15:14:37,031 - utils - INFO - Top Airing Anime not yet updated. Pulling from API
2024-11-29 15:14:39,012 - utils - INFO - Getting Keys. Current Working Directory: /__w/data_engineering_learning/data_engineering_learning
2024-11-29 15:14:39,012 - utils - INFO - Google Application Credentials Set
2024-11-29 15:14:39,012 - utils - INFO - /__w/data_engineering_learning/data_engineering_learning/secrets/headers.json
2024-11-29 15:14:39,012 - utils - INFO - MAL Headers Loaded
2024-11-29 15:14:39,022 - utils - INFO - Getting Keys. Current Working Directory: /__w/data_engineering_learning/data_engineering_learning
2024-11-29 15:14:39,022 - utils - INFO - Google Application Credentials Set
2024-11-29 15:14:39,022 - utils - INFO - /__w/data_engineering_learning/data_engineering_learning/secrets/headers.json
2024-11-29 15:14:39,022 - utils - INFO - MAL Headers Loaded
2024-11-29 15:14:39,025 - utils - INFO - 
        SELECT date_pulled
        FROM `mal-data-engineering.my_anime_list.top_airing_anime`
        WHERE DATE(date_pulled) = DATE('2024-11-30')
        
2024-11-29 15:14:40,186 - utils - INFO - Table exists
2024-11-29 15:14:44,227 - utils - INFO - Top Airing Anime updated
