2024-01-11 15:11:16,618 - utils - INFO - Getting Keys. Current Working Directory: /__w/data_engineering_learning/data_engineering_learning
2024-01-11 15:11:16,618 - utils - INFO - Google Application Credentials Set
2024-01-11 15:11:16,618 - utils - INFO - /__w/data_engineering_learning/data_engineering_learning/secrets/headers.json
2024-01-11 15:11:16,618 - utils - INFO - MAL Headers Loaded
2024-01-11 15:11:16,618 - utils - INFO - Getting Keys. Current Working Directory: /__w/data_engineering_learning/data_engineering_learning
2024-01-11 15:11:16,618 - utils - INFO - Google Application Credentials Set
2024-01-11 15:11:16,619 - utils - INFO - /__w/data_engineering_learning/data_engineering_learning/secrets/headers.json
2024-01-11 15:11:16,619 - utils - INFO - MAL Headers Loaded
2024-01-11 15:11:16,622 - utils - INFO - 
        SELECT date_pulled
        FROM `mal-data-engineering.my_anime_list.top_airing_anime`
        WHERE DATE(date_pulled) = CURRENT_DATE('Asia/Tokyo')
        
2024-01-11 15:11:18,280 - utils - INFO - Top Airing Anime not yet updated. Pulling from API
2024-01-11 15:11:19,082 - utils - INFO - Getting Keys. Current Working Directory: /__w/data_engineering_learning/data_engineering_learning
2024-01-11 15:11:19,082 - utils - INFO - Google Application Credentials Set
2024-01-11 15:11:19,082 - utils - INFO - /__w/data_engineering_learning/data_engineering_learning/secrets/headers.json
2024-01-11 15:11:19,082 - utils - INFO - MAL Headers Loaded
2024-01-11 15:11:19,091 - utils - INFO - Getting Keys. Current Working Directory: /__w/data_engineering_learning/data_engineering_learning
2024-01-11 15:11:19,092 - utils - INFO - Google Application Credentials Set
2024-01-11 15:11:19,092 - utils - INFO - /__w/data_engineering_learning/data_engineering_learning/secrets/headers.json
2024-01-11 15:11:19,092 - utils - INFO - MAL Headers Loaded
2024-01-11 15:11:19,094 - utils - INFO - 
        SELECT date_pulled
        FROM `mal-data-engineering.my_anime_list.top_airing_anime`
        WHERE DATE(date_pulled) = DATE('2024-01-12')
        
2024-01-11 15:11:20,741 - utils - INFO - Table exists
2024-01-11 15:11:23,850 - utils - INFO - Top Airing Anime updated
