2024-09-06 15:13:28,889 - utils - INFO - Getting Keys. Current Working Directory: /__w/data_engineering_learning/data_engineering_learning
2024-09-06 15:13:28,890 - utils - INFO - Google Application Credentials Set
2024-09-06 15:13:28,890 - utils - INFO - /__w/data_engineering_learning/data_engineering_learning/secrets/headers.json
2024-09-06 15:13:28,890 - utils - INFO - MAL Headers Loaded
2024-09-06 15:13:28,890 - utils - INFO - Getting Keys. Current Working Directory: /__w/data_engineering_learning/data_engineering_learning
2024-09-06 15:13:28,890 - utils - INFO - Google Application Credentials Set
2024-09-06 15:13:28,890 - utils - INFO - /__w/data_engineering_learning/data_engineering_learning/secrets/headers.json
2024-09-06 15:13:28,890 - utils - INFO - MAL Headers Loaded
2024-09-06 15:13:28,893 - utils - INFO - 
        SELECT date_pulled
        FROM `mal-data-engineering.my_anime_list.top_airing_anime`
        WHERE DATE(date_pulled) = CURRENT_DATE('Asia/Tokyo')
        
2024-09-06 15:13:30,177 - utils - INFO - Top Airing Anime not yet updated. Pulling from API
2024-09-06 15:13:32,509 - utils - INFO - Getting Keys. Current Working Directory: /__w/data_engineering_learning/data_engineering_learning
2024-09-06 15:13:32,509 - utils - INFO - Google Application Credentials Set
2024-09-06 15:13:32,509 - utils - INFO - /__w/data_engineering_learning/data_engineering_learning/secrets/headers.json
2024-09-06 15:13:32,510 - utils - INFO - MAL Headers Loaded
2024-09-06 15:13:32,519 - utils - INFO - Getting Keys. Current Working Directory: /__w/data_engineering_learning/data_engineering_learning
2024-09-06 15:13:32,519 - utils - INFO - Google Application Credentials Set
2024-09-06 15:13:32,519 - utils - INFO - /__w/data_engineering_learning/data_engineering_learning/secrets/headers.json
2024-09-06 15:13:32,519 - utils - INFO - MAL Headers Loaded
2024-09-06 15:13:32,521 - utils - INFO - 
        SELECT date_pulled
        FROM `mal-data-engineering.my_anime_list.top_airing_anime`
        WHERE DATE(date_pulled) = DATE('2024-09-07')
        
2024-09-06 15:13:33,841 - utils - INFO - Table exists
2024-09-06 15:13:38,992 - utils - INFO - Top Airing Anime updated
