2024-08-02 15:12:19,777 - utils - INFO - Getting Keys. Current Working Directory: /__w/data_engineering_learning/data_engineering_learning
2024-08-02 15:12:19,778 - utils - INFO - Google Application Credentials Set
2024-08-02 15:12:19,778 - utils - INFO - /__w/data_engineering_learning/data_engineering_learning/secrets/headers.json
2024-08-02 15:12:19,778 - utils - INFO - MAL Headers Loaded
2024-08-02 15:12:19,778 - utils - INFO - Getting Keys. Current Working Directory: /__w/data_engineering_learning/data_engineering_learning
2024-08-02 15:12:19,778 - utils - INFO - Google Application Credentials Set
2024-08-02 15:12:19,778 - utils - INFO - /__w/data_engineering_learning/data_engineering_learning/secrets/headers.json
2024-08-02 15:12:19,778 - utils - INFO - MAL Headers Loaded
2024-08-02 15:12:19,781 - utils - INFO - 
        SELECT date_pulled
        FROM `mal-data-engineering.my_anime_list.top_airing_anime`
        WHERE DATE(date_pulled) = CURRENT_DATE('Asia/Tokyo')
        
2024-08-02 15:12:21,160 - utils - INFO - Top Airing Anime not yet updated. Pulling from API
2024-08-02 15:12:23,725 - utils - INFO - Getting Keys. Current Working Directory: /__w/data_engineering_learning/data_engineering_learning
2024-08-02 15:12:23,726 - utils - INFO - Google Application Credentials Set
2024-08-02 15:12:23,726 - utils - INFO - /__w/data_engineering_learning/data_engineering_learning/secrets/headers.json
2024-08-02 15:12:23,726 - utils - INFO - MAL Headers Loaded
2024-08-02 15:12:23,735 - utils - INFO - Getting Keys. Current Working Directory: /__w/data_engineering_learning/data_engineering_learning
2024-08-02 15:12:23,735 - utils - INFO - Google Application Credentials Set
2024-08-02 15:12:23,735 - utils - INFO - /__w/data_engineering_learning/data_engineering_learning/secrets/headers.json
2024-08-02 15:12:23,735 - utils - INFO - MAL Headers Loaded
2024-08-02 15:12:23,737 - utils - INFO - 
        SELECT date_pulled
        FROM `mal-data-engineering.my_anime_list.top_airing_anime`
        WHERE DATE(date_pulled) = DATE('2024-08-03')
        
2024-08-02 15:12:25,190 - utils - INFO - Table exists
2024-08-02 15:12:28,381 - utils - INFO - Top Airing Anime updated
