2024-07-26 15:12:24,544 - utils - INFO - Getting Keys. Current Working Directory: /__w/data_engineering_learning/data_engineering_learning
2024-07-26 15:12:24,544 - utils - INFO - Google Application Credentials Set
2024-07-26 15:12:24,544 - utils - INFO - /__w/data_engineering_learning/data_engineering_learning/secrets/headers.json
2024-07-26 15:12:24,544 - utils - INFO - MAL Headers Loaded
2024-07-26 15:12:24,544 - utils - INFO - Getting Keys. Current Working Directory: /__w/data_engineering_learning/data_engineering_learning
2024-07-26 15:12:24,544 - utils - INFO - Google Application Credentials Set
2024-07-26 15:12:24,544 - utils - INFO - /__w/data_engineering_learning/data_engineering_learning/secrets/headers.json
2024-07-26 15:12:24,545 - utils - INFO - MAL Headers Loaded
2024-07-26 15:12:24,548 - utils - INFO - 
        SELECT date_pulled
        FROM `mal-data-engineering.my_anime_list.top_airing_anime`
        WHERE DATE(date_pulled) = CURRENT_DATE('Asia/Tokyo')
        
2024-07-26 15:12:25,887 - utils - INFO - Top Airing Anime not yet updated. Pulling from API
2024-07-26 15:12:28,460 - utils - INFO - Getting Keys. Current Working Directory: /__w/data_engineering_learning/data_engineering_learning
2024-07-26 15:12:28,460 - utils - INFO - Google Application Credentials Set
2024-07-26 15:12:28,460 - utils - INFO - /__w/data_engineering_learning/data_engineering_learning/secrets/headers.json
2024-07-26 15:12:28,460 - utils - INFO - MAL Headers Loaded
2024-07-26 15:12:28,470 - utils - INFO - Getting Keys. Current Working Directory: /__w/data_engineering_learning/data_engineering_learning
2024-07-26 15:12:28,470 - utils - INFO - Google Application Credentials Set
2024-07-26 15:12:28,470 - utils - INFO - /__w/data_engineering_learning/data_engineering_learning/secrets/headers.json
2024-07-26 15:12:28,471 - utils - INFO - MAL Headers Loaded
2024-07-26 15:12:28,473 - utils - INFO - 
        SELECT date_pulled
        FROM `mal-data-engineering.my_anime_list.top_airing_anime`
        WHERE DATE(date_pulled) = DATE('2024-07-27')
        
2024-07-26 15:12:29,801 - utils - INFO - Table exists
2024-07-26 15:12:33,948 - utils - INFO - Top Airing Anime updated
