2024-01-10 15:11:04,244 - utils - INFO - Getting Keys. Current Working Directory: /__w/data_engineering_learning/data_engineering_learning
2024-01-10 15:11:04,244 - utils - INFO - Google Application Credentials Set
2024-01-10 15:11:04,244 - utils - INFO - /__w/data_engineering_learning/data_engineering_learning/secrets/headers.json
2024-01-10 15:11:04,244 - utils - INFO - MAL Headers Loaded
2024-01-10 15:11:04,244 - utils - INFO - Getting Keys. Current Working Directory: /__w/data_engineering_learning/data_engineering_learning
2024-01-10 15:11:04,244 - utils - INFO - Google Application Credentials Set
2024-01-10 15:11:04,244 - utils - INFO - /__w/data_engineering_learning/data_engineering_learning/secrets/headers.json
2024-01-10 15:11:04,244 - utils - INFO - MAL Headers Loaded
2024-01-10 15:11:04,248 - utils - INFO - 
        SELECT date_pulled
        FROM `mal-data-engineering.my_anime_list.top_airing_anime`
        WHERE DATE(date_pulled) = CURRENT_DATE('Asia/Tokyo')
        
2024-01-10 15:11:05,755 - utils - INFO - Top Airing Anime not yet updated. Pulling from API
2024-01-10 15:11:08,403 - utils - INFO - Getting Keys. Current Working Directory: /__w/data_engineering_learning/data_engineering_learning
2024-01-10 15:11:08,403 - utils - INFO - Google Application Credentials Set
2024-01-10 15:11:08,403 - utils - INFO - /__w/data_engineering_learning/data_engineering_learning/secrets/headers.json
2024-01-10 15:11:08,403 - utils - INFO - MAL Headers Loaded
2024-01-10 15:11:08,414 - utils - INFO - Getting Keys. Current Working Directory: /__w/data_engineering_learning/data_engineering_learning
2024-01-10 15:11:08,414 - utils - INFO - Google Application Credentials Set
2024-01-10 15:11:08,414 - utils - INFO - /__w/data_engineering_learning/data_engineering_learning/secrets/headers.json
2024-01-10 15:11:08,414 - utils - INFO - MAL Headers Loaded
2024-01-10 15:11:08,417 - utils - INFO - 
        SELECT date_pulled
        FROM `mal-data-engineering.my_anime_list.top_airing_anime`
        WHERE DATE(date_pulled) = DATE('2024-01-11')
        
2024-01-10 15:11:10,108 - utils - INFO - Table exists
2024-01-10 15:11:13,491 - utils - INFO - Top Airing Anime updated
