2024-10-24 15:14:22,043 - utils - INFO - Getting Keys. Current Working Directory: /__w/data_engineering_learning/data_engineering_learning
2024-10-24 15:14:22,043 - utils - INFO - Google Application Credentials Set
2024-10-24 15:14:22,043 - utils - INFO - /__w/data_engineering_learning/data_engineering_learning/secrets/headers.json
2024-10-24 15:14:22,043 - utils - INFO - MAL Headers Loaded
2024-10-24 15:14:22,043 - utils - INFO - Getting Keys. Current Working Directory: /__w/data_engineering_learning/data_engineering_learning
2024-10-24 15:14:22,043 - utils - INFO - Google Application Credentials Set
2024-10-24 15:14:22,043 - utils - INFO - /__w/data_engineering_learning/data_engineering_learning/secrets/headers.json
2024-10-24 15:14:22,043 - utils - INFO - MAL Headers Loaded
2024-10-24 15:14:22,047 - utils - INFO - 
        SELECT date_pulled
        FROM `mal-data-engineering.my_anime_list.top_airing_anime`
        WHERE DATE(date_pulled) = CURRENT_DATE('Asia/Tokyo')
        
2024-10-24 15:14:23,427 - utils - INFO - Top Airing Anime not yet updated. Pulling from API
2024-10-24 15:14:25,376 - utils - INFO - Getting Keys. Current Working Directory: /__w/data_engineering_learning/data_engineering_learning
2024-10-24 15:14:25,377 - utils - INFO - Google Application Credentials Set
2024-10-24 15:14:25,377 - utils - INFO - /__w/data_engineering_learning/data_engineering_learning/secrets/headers.json
2024-10-24 15:14:25,377 - utils - INFO - MAL Headers Loaded
2024-10-24 15:14:25,386 - utils - INFO - Getting Keys. Current Working Directory: /__w/data_engineering_learning/data_engineering_learning
2024-10-24 15:14:25,386 - utils - INFO - Google Application Credentials Set
2024-10-24 15:14:25,386 - utils - INFO - /__w/data_engineering_learning/data_engineering_learning/secrets/headers.json
2024-10-24 15:14:25,386 - utils - INFO - MAL Headers Loaded
2024-10-24 15:14:25,388 - utils - INFO - 
        SELECT date_pulled
        FROM `mal-data-engineering.my_anime_list.top_airing_anime`
        WHERE DATE(date_pulled) = DATE('2024-10-25')
        
2024-10-24 15:14:26,691 - utils - INFO - Table exists
2024-10-24 15:14:29,594 - utils - INFO - Top Airing Anime updated
