2024-07-01 15:12:22,909 - utils - INFO - Getting Keys. Current Working Directory: /__w/data_engineering_learning/data_engineering_learning
2024-07-01 15:12:22,909 - utils - INFO - Google Application Credentials Set
2024-07-01 15:12:22,909 - utils - INFO - /__w/data_engineering_learning/data_engineering_learning/secrets/headers.json
2024-07-01 15:12:22,909 - utils - INFO - MAL Headers Loaded
2024-07-01 15:12:22,909 - utils - INFO - Getting Keys. Current Working Directory: /__w/data_engineering_learning/data_engineering_learning
2024-07-01 15:12:22,909 - utils - INFO - Google Application Credentials Set
2024-07-01 15:12:22,910 - utils - INFO - /__w/data_engineering_learning/data_engineering_learning/secrets/headers.json
2024-07-01 15:12:22,910 - utils - INFO - MAL Headers Loaded
2024-07-01 15:12:22,913 - utils - INFO - 
        SELECT date_pulled
        FROM `mal-data-engineering.my_anime_list.top_airing_anime`
        WHERE DATE(date_pulled) = CURRENT_DATE('Asia/Tokyo')
        
2024-07-01 15:12:24,385 - utils - INFO - Top Airing Anime not yet updated. Pulling from API
2024-07-01 15:12:26,745 - utils - INFO - Getting Keys. Current Working Directory: /__w/data_engineering_learning/data_engineering_learning
2024-07-01 15:12:26,745 - utils - INFO - Google Application Credentials Set
2024-07-01 15:12:26,745 - utils - INFO - /__w/data_engineering_learning/data_engineering_learning/secrets/headers.json
2024-07-01 15:12:26,745 - utils - INFO - MAL Headers Loaded
2024-07-01 15:12:26,755 - utils - INFO - Getting Keys. Current Working Directory: /__w/data_engineering_learning/data_engineering_learning
2024-07-01 15:12:26,755 - utils - INFO - Google Application Credentials Set
2024-07-01 15:12:26,755 - utils - INFO - /__w/data_engineering_learning/data_engineering_learning/secrets/headers.json
2024-07-01 15:12:26,755 - utils - INFO - MAL Headers Loaded
2024-07-01 15:12:26,757 - utils - INFO - 
        SELECT date_pulled
        FROM `mal-data-engineering.my_anime_list.top_airing_anime`
        WHERE DATE(date_pulled) = DATE('2024-07-02')
        
2024-07-01 15:12:28,117 - utils - INFO - Table exists
2024-07-01 15:12:31,349 - utils - INFO - Top Airing Anime updated
