2024-05-12 15:11:02,611 - utils - INFO - Getting Keys. Current Working Directory: /__w/data_engineering_learning/data_engineering_learning
2024-05-12 15:11:02,611 - utils - INFO - Google Application Credentials Set
2024-05-12 15:11:02,611 - utils - INFO - /__w/data_engineering_learning/data_engineering_learning/secrets/headers.json
2024-05-12 15:11:02,611 - utils - INFO - MAL Headers Loaded
2024-05-12 15:11:02,611 - utils - INFO - Getting Keys. Current Working Directory: /__w/data_engineering_learning/data_engineering_learning
2024-05-12 15:11:02,611 - utils - INFO - Google Application Credentials Set
2024-05-12 15:11:02,611 - utils - INFO - /__w/data_engineering_learning/data_engineering_learning/secrets/headers.json
2024-05-12 15:11:02,611 - utils - INFO - MAL Headers Loaded
2024-05-12 15:11:02,615 - utils - INFO - 
        SELECT date_pulled
        FROM `mal-data-engineering.my_anime_list.top_airing_anime`
        WHERE DATE(date_pulled) = CURRENT_DATE('Asia/Tokyo')
        
2024-05-12 15:11:03,820 - utils - INFO - Top Airing Anime not yet updated. Pulling from API
2024-05-12 15:11:06,235 - utils - INFO - Getting Keys. Current Working Directory: /__w/data_engineering_learning/data_engineering_learning
2024-05-12 15:11:06,235 - utils - INFO - Google Application Credentials Set
2024-05-12 15:11:06,235 - utils - INFO - /__w/data_engineering_learning/data_engineering_learning/secrets/headers.json
2024-05-12 15:11:06,236 - utils - INFO - MAL Headers Loaded
2024-05-12 15:11:06,245 - utils - INFO - Getting Keys. Current Working Directory: /__w/data_engineering_learning/data_engineering_learning
2024-05-12 15:11:06,245 - utils - INFO - Google Application Credentials Set
2024-05-12 15:11:06,245 - utils - INFO - /__w/data_engineering_learning/data_engineering_learning/secrets/headers.json
2024-05-12 15:11:06,245 - utils - INFO - MAL Headers Loaded
2024-05-12 15:11:06,247 - utils - INFO - 
        SELECT date_pulled
        FROM `mal-data-engineering.my_anime_list.top_airing_anime`
        WHERE DATE(date_pulled) = DATE('2024-05-13')
        
2024-05-12 15:11:07,601 - utils - INFO - Table exists
2024-05-12 15:11:10,434 - utils - INFO - Top Airing Anime updated
