2024-01-20 15:09:37,124 - utils - INFO - Getting Keys. Current Working Directory: /__w/data_engineering_learning/data_engineering_learning
2024-01-20 15:09:37,124 - utils - INFO - Google Application Credentials Set
2024-01-20 15:09:37,125 - utils - INFO - /__w/data_engineering_learning/data_engineering_learning/secrets/headers.json
2024-01-20 15:09:37,125 - utils - INFO - MAL Headers Loaded
2024-01-20 15:09:37,125 - utils - INFO - Getting Keys. Current Working Directory: /__w/data_engineering_learning/data_engineering_learning
2024-01-20 15:09:37,125 - utils - INFO - Google Application Credentials Set
2024-01-20 15:09:37,125 - utils - INFO - /__w/data_engineering_learning/data_engineering_learning/secrets/headers.json
2024-01-20 15:09:37,125 - utils - INFO - MAL Headers Loaded
2024-01-20 15:09:37,128 - utils - INFO - 
        SELECT date_pulled
        FROM `mal-data-engineering.my_anime_list.top_airing_anime`
        WHERE DATE(date_pulled) = CURRENT_DATE('Asia/Tokyo')
        
2024-01-20 15:09:38,640 - utils - INFO - Top Airing Anime not yet updated. Pulling from API
2024-01-20 15:09:39,771 - utils - INFO - Getting Keys. Current Working Directory: /__w/data_engineering_learning/data_engineering_learning
2024-01-20 15:09:39,772 - utils - INFO - Google Application Credentials Set
2024-01-20 15:09:39,772 - utils - INFO - /__w/data_engineering_learning/data_engineering_learning/secrets/headers.json
2024-01-20 15:09:39,772 - utils - INFO - MAL Headers Loaded
2024-01-20 15:09:39,782 - utils - INFO - Getting Keys. Current Working Directory: /__w/data_engineering_learning/data_engineering_learning
2024-01-20 15:09:39,782 - utils - INFO - Google Application Credentials Set
2024-01-20 15:09:39,782 - utils - INFO - /__w/data_engineering_learning/data_engineering_learning/secrets/headers.json
2024-01-20 15:09:39,782 - utils - INFO - MAL Headers Loaded
2024-01-20 15:09:39,784 - utils - INFO - 
        SELECT date_pulled
        FROM `mal-data-engineering.my_anime_list.top_airing_anime`
        WHERE DATE(date_pulled) = DATE('2024-01-21')
        
2024-01-20 15:09:41,382 - utils - INFO - Table exists
2024-01-20 15:09:44,522 - utils - INFO - Top Airing Anime updated
