2024-04-17 15:12:29,398 - utils - INFO - Getting Keys. Current Working Directory: /__w/data_engineering_learning/data_engineering_learning
2024-04-17 15:12:29,399 - utils - INFO - Google Application Credentials Set
2024-04-17 15:12:29,399 - utils - INFO - /__w/data_engineering_learning/data_engineering_learning/secrets/headers.json
2024-04-17 15:12:29,399 - utils - INFO - MAL Headers Loaded
2024-04-17 15:12:29,399 - utils - INFO - Getting Keys. Current Working Directory: /__w/data_engineering_learning/data_engineering_learning
2024-04-17 15:12:29,399 - utils - INFO - Google Application Credentials Set
2024-04-17 15:12:29,399 - utils - INFO - /__w/data_engineering_learning/data_engineering_learning/secrets/headers.json
2024-04-17 15:12:29,399 - utils - INFO - MAL Headers Loaded
2024-04-17 15:12:29,402 - utils - INFO - 
        SELECT date_pulled
        FROM `mal-data-engineering.my_anime_list.top_airing_anime`
        WHERE DATE(date_pulled) = CURRENT_DATE('Asia/Tokyo')
        
2024-04-17 15:12:31,079 - utils - INFO - Top Airing Anime not yet updated. Pulling from API
2024-04-17 15:12:31,808 - utils - INFO - Getting Keys. Current Working Directory: /__w/data_engineering_learning/data_engineering_learning
2024-04-17 15:12:31,808 - utils - INFO - Google Application Credentials Set
2024-04-17 15:12:31,808 - utils - INFO - /__w/data_engineering_learning/data_engineering_learning/secrets/headers.json
2024-04-17 15:12:31,808 - utils - INFO - MAL Headers Loaded
2024-04-17 15:12:31,818 - utils - INFO - Getting Keys. Current Working Directory: /__w/data_engineering_learning/data_engineering_learning
2024-04-17 15:12:31,818 - utils - INFO - Google Application Credentials Set
2024-04-17 15:12:31,818 - utils - INFO - /__w/data_engineering_learning/data_engineering_learning/secrets/headers.json
2024-04-17 15:12:31,818 - utils - INFO - MAL Headers Loaded
2024-04-17 15:12:31,820 - utils - INFO - 
        SELECT date_pulled
        FROM `mal-data-engineering.my_anime_list.top_airing_anime`
        WHERE DATE(date_pulled) = DATE('2024-04-18')
        
2024-04-17 15:12:34,497 - utils - INFO - Table exists
2024-04-17 15:12:37,855 - utils - INFO - Top Airing Anime updated
