2024-12-25 15:12:34,401 - utils - INFO - Getting Keys. Current Working Directory: /__w/data_engineering_learning/data_engineering_learning
2024-12-25 15:12:34,402 - utils - INFO - Google Application Credentials Set
2024-12-25 15:12:34,402 - utils - INFO - /__w/data_engineering_learning/data_engineering_learning/secrets/headers.json
2024-12-25 15:12:34,402 - utils - INFO - MAL Headers Loaded
2024-12-25 15:12:34,402 - utils - INFO - Getting Keys. Current Working Directory: /__w/data_engineering_learning/data_engineering_learning
2024-12-25 15:12:34,402 - utils - INFO - Google Application Credentials Set
2024-12-25 15:12:34,402 - utils - INFO - /__w/data_engineering_learning/data_engineering_learning/secrets/headers.json
2024-12-25 15:12:34,402 - utils - INFO - MAL Headers Loaded
2024-12-25 15:12:34,405 - utils - INFO - 
        SELECT date_pulled
        FROM `mal-data-engineering.my_anime_list.top_airing_anime`
        WHERE DATE(date_pulled) = CURRENT_DATE('Asia/Tokyo')
        
2024-12-25 15:12:35,556 - utils - INFO - Top Airing Anime not yet updated. Pulling from API
2024-12-25 15:12:37,770 - utils - INFO - Getting Keys. Current Working Directory: /__w/data_engineering_learning/data_engineering_learning
2024-12-25 15:12:37,770 - utils - INFO - Google Application Credentials Set
2024-12-25 15:12:37,770 - utils - INFO - /__w/data_engineering_learning/data_engineering_learning/secrets/headers.json
2024-12-25 15:12:37,770 - utils - INFO - MAL Headers Loaded
2024-12-25 15:12:37,779 - utils - INFO - Getting Keys. Current Working Directory: /__w/data_engineering_learning/data_engineering_learning
2024-12-25 15:12:37,779 - utils - INFO - Google Application Credentials Set
2024-12-25 15:12:37,779 - utils - INFO - /__w/data_engineering_learning/data_engineering_learning/secrets/headers.json
2024-12-25 15:12:37,779 - utils - INFO - MAL Headers Loaded
2024-12-25 15:12:37,781 - utils - INFO - 
        SELECT date_pulled
        FROM `mal-data-engineering.my_anime_list.top_airing_anime`
        WHERE DATE(date_pulled) = DATE('2024-12-26')
        
2024-12-25 15:12:38,887 - utils - INFO - Table exists
2024-12-25 15:12:42,675 - utils - INFO - Top Airing Anime updated
