2024-05-18 15:12:05,448 - utils - INFO - Getting Keys. Current Working Directory: /__w/data_engineering_learning/data_engineering_learning
2024-05-18 15:12:05,448 - utils - INFO - Google Application Credentials Set
2024-05-18 15:12:05,448 - utils - INFO - /__w/data_engineering_learning/data_engineering_learning/secrets/headers.json
2024-05-18 15:12:05,448 - utils - INFO - MAL Headers Loaded
2024-05-18 15:12:05,448 - utils - INFO - Getting Keys. Current Working Directory: /__w/data_engineering_learning/data_engineering_learning
2024-05-18 15:12:05,448 - utils - INFO - Google Application Credentials Set
2024-05-18 15:12:05,448 - utils - INFO - /__w/data_engineering_learning/data_engineering_learning/secrets/headers.json
2024-05-18 15:12:05,448 - utils - INFO - MAL Headers Loaded
2024-05-18 15:12:05,452 - utils - INFO - 
        SELECT date_pulled
        FROM `mal-data-engineering.my_anime_list.top_airing_anime`
        WHERE DATE(date_pulled) = CURRENT_DATE('Asia/Tokyo')
        
2024-05-18 15:12:06,784 - utils - INFO - Top Airing Anime not yet updated. Pulling from API
2024-05-18 15:12:09,093 - utils - INFO - Getting Keys. Current Working Directory: /__w/data_engineering_learning/data_engineering_learning
2024-05-18 15:12:09,093 - utils - INFO - Google Application Credentials Set
2024-05-18 15:12:09,093 - utils - INFO - /__w/data_engineering_learning/data_engineering_learning/secrets/headers.json
2024-05-18 15:12:09,093 - utils - INFO - MAL Headers Loaded
2024-05-18 15:12:09,103 - utils - INFO - Getting Keys. Current Working Directory: /__w/data_engineering_learning/data_engineering_learning
2024-05-18 15:12:09,103 - utils - INFO - Google Application Credentials Set
2024-05-18 15:12:09,103 - utils - INFO - /__w/data_engineering_learning/data_engineering_learning/secrets/headers.json
2024-05-18 15:12:09,103 - utils - INFO - MAL Headers Loaded
2024-05-18 15:12:09,105 - utils - INFO - 
        SELECT date_pulled
        FROM `mal-data-engineering.my_anime_list.top_airing_anime`
        WHERE DATE(date_pulled) = DATE('2024-05-19')
        
2024-05-18 15:12:10,623 - utils - INFO - Table exists
2024-05-18 15:12:14,899 - utils - INFO - Top Airing Anime updated
