2024-12-06 15:14:32,110 - utils - INFO - Getting Keys. Current Working Directory: /__w/data_engineering_learning/data_engineering_learning
2024-12-06 15:14:32,110 - utils - INFO - Google Application Credentials Set
2024-12-06 15:14:32,111 - utils - INFO - /__w/data_engineering_learning/data_engineering_learning/secrets/headers.json
2024-12-06 15:14:32,111 - utils - INFO - MAL Headers Loaded
2024-12-06 15:14:32,111 - utils - INFO - Getting Keys. Current Working Directory: /__w/data_engineering_learning/data_engineering_learning
2024-12-06 15:14:32,111 - utils - INFO - Google Application Credentials Set
2024-12-06 15:14:32,111 - utils - INFO - /__w/data_engineering_learning/data_engineering_learning/secrets/headers.json
2024-12-06 15:14:32,111 - utils - INFO - MAL Headers Loaded
2024-12-06 15:14:32,115 - utils - INFO - 
        SELECT date_pulled
        FROM `mal-data-engineering.my_anime_list.top_airing_anime`
        WHERE DATE(date_pulled) = CURRENT_DATE('Asia/Tokyo')
        
2024-12-06 15:14:33,681 - utils - INFO - Top Airing Anime not yet updated. Pulling from API
2024-12-06 15:14:36,246 - utils - INFO - Getting Keys. Current Working Directory: /__w/data_engineering_learning/data_engineering_learning
2024-12-06 15:14:36,246 - utils - INFO - Google Application Credentials Set
2024-12-06 15:14:36,246 - utils - INFO - /__w/data_engineering_learning/data_engineering_learning/secrets/headers.json
2024-12-06 15:14:36,246 - utils - INFO - MAL Headers Loaded
2024-12-06 15:14:36,256 - utils - INFO - Getting Keys. Current Working Directory: /__w/data_engineering_learning/data_engineering_learning
2024-12-06 15:14:36,256 - utils - INFO - Google Application Credentials Set
2024-12-06 15:14:36,256 - utils - INFO - /__w/data_engineering_learning/data_engineering_learning/secrets/headers.json
2024-12-06 15:14:36,256 - utils - INFO - MAL Headers Loaded
2024-12-06 15:14:36,258 - utils - INFO - 
        SELECT date_pulled
        FROM `mal-data-engineering.my_anime_list.top_airing_anime`
        WHERE DATE(date_pulled) = DATE('2024-12-07')
        
2024-12-06 15:14:37,971 - utils - INFO - Table exists
2024-12-06 15:14:42,581 - utils - INFO - Top Airing Anime updated
