2024-08-18 15:11:12,369 - utils - INFO - Getting Keys. Current Working Directory: /__w/data_engineering_learning/data_engineering_learning
2024-08-18 15:11:12,369 - utils - INFO - Google Application Credentials Set
2024-08-18 15:11:12,369 - utils - INFO - /__w/data_engineering_learning/data_engineering_learning/secrets/headers.json
2024-08-18 15:11:12,369 - utils - INFO - MAL Headers Loaded
2024-08-18 15:11:12,369 - utils - INFO - Getting Keys. Current Working Directory: /__w/data_engineering_learning/data_engineering_learning
2024-08-18 15:11:12,370 - utils - INFO - Google Application Credentials Set
2024-08-18 15:11:12,370 - utils - INFO - /__w/data_engineering_learning/data_engineering_learning/secrets/headers.json
2024-08-18 15:11:12,370 - utils - INFO - MAL Headers Loaded
2024-08-18 15:11:12,373 - utils - INFO - 
        SELECT date_pulled
        FROM `mal-data-engineering.my_anime_list.top_airing_anime`
        WHERE DATE(date_pulled) = CURRENT_DATE('Asia/Tokyo')
        
2024-08-18 15:11:13,757 - utils - INFO - Top Airing Anime not yet updated. Pulling from API
2024-08-18 15:11:16,436 - utils - INFO - Getting Keys. Current Working Directory: /__w/data_engineering_learning/data_engineering_learning
2024-08-18 15:11:16,436 - utils - INFO - Google Application Credentials Set
2024-08-18 15:11:16,436 - utils - INFO - /__w/data_engineering_learning/data_engineering_learning/secrets/headers.json
2024-08-18 15:11:16,436 - utils - INFO - MAL Headers Loaded
2024-08-18 15:11:16,446 - utils - INFO - Getting Keys. Current Working Directory: /__w/data_engineering_learning/data_engineering_learning
2024-08-18 15:11:16,446 - utils - INFO - Google Application Credentials Set
2024-08-18 15:11:16,446 - utils - INFO - /__w/data_engineering_learning/data_engineering_learning/secrets/headers.json
2024-08-18 15:11:16,446 - utils - INFO - MAL Headers Loaded
2024-08-18 15:11:16,448 - utils - INFO - 
        SELECT date_pulled
        FROM `mal-data-engineering.my_anime_list.top_airing_anime`
        WHERE DATE(date_pulled) = DATE('2024-08-19')
        
2024-08-18 15:11:17,763 - utils - INFO - Table exists
2024-08-18 15:11:22,638 - utils - INFO - Top Airing Anime updated
