2024-12-04 15:15:09,232 - utils - INFO - Getting Keys. Current Working Directory: /__w/data_engineering_learning/data_engineering_learning
2024-12-04 15:15:09,233 - utils - INFO - Google Application Credentials Set
2024-12-04 15:15:09,233 - utils - INFO - /__w/data_engineering_learning/data_engineering_learning/secrets/headers.json
2024-12-04 15:15:09,233 - utils - INFO - MAL Headers Loaded
2024-12-04 15:15:09,233 - utils - INFO - Getting Keys. Current Working Directory: /__w/data_engineering_learning/data_engineering_learning
2024-12-04 15:15:09,233 - utils - INFO - Google Application Credentials Set
2024-12-04 15:15:09,233 - utils - INFO - /__w/data_engineering_learning/data_engineering_learning/secrets/headers.json
2024-12-04 15:15:09,233 - utils - INFO - MAL Headers Loaded
2024-12-04 15:15:09,236 - utils - INFO - 
        SELECT date_pulled
        FROM `mal-data-engineering.my_anime_list.top_airing_anime`
        WHERE DATE(date_pulled) = CURRENT_DATE('Asia/Tokyo')
        
2024-12-04 15:15:10,926 - utils - INFO - Top Airing Anime not yet updated. Pulling from API
2024-12-04 15:15:13,315 - utils - INFO - Getting Keys. Current Working Directory: /__w/data_engineering_learning/data_engineering_learning
2024-12-04 15:15:13,315 - utils - INFO - Google Application Credentials Set
2024-12-04 15:15:13,315 - utils - INFO - /__w/data_engineering_learning/data_engineering_learning/secrets/headers.json
2024-12-04 15:15:13,316 - utils - INFO - MAL Headers Loaded
2024-12-04 15:15:13,325 - utils - INFO - Getting Keys. Current Working Directory: /__w/data_engineering_learning/data_engineering_learning
2024-12-04 15:15:13,325 - utils - INFO - Google Application Credentials Set
2024-12-04 15:15:13,325 - utils - INFO - /__w/data_engineering_learning/data_engineering_learning/secrets/headers.json
2024-12-04 15:15:13,325 - utils - INFO - MAL Headers Loaded
2024-12-04 15:15:13,327 - utils - INFO - 
        SELECT date_pulled
        FROM `mal-data-engineering.my_anime_list.top_airing_anime`
        WHERE DATE(date_pulled) = DATE('2024-12-05')
        
2024-12-04 15:15:14,814 - utils - INFO - Table exists
2024-12-04 15:15:19,750 - utils - INFO - Top Airing Anime updated
