2024-06-06 15:12:47,984 - utils - INFO - Getting Keys. Current Working Directory: /__w/data_engineering_learning/data_engineering_learning
2024-06-06 15:12:47,984 - utils - INFO - Google Application Credentials Set
2024-06-06 15:12:47,984 - utils - INFO - /__w/data_engineering_learning/data_engineering_learning/secrets/headers.json
2024-06-06 15:12:47,984 - utils - INFO - MAL Headers Loaded
2024-06-06 15:12:47,985 - utils - INFO - Getting Keys. Current Working Directory: /__w/data_engineering_learning/data_engineering_learning
2024-06-06 15:12:47,985 - utils - INFO - Google Application Credentials Set
2024-06-06 15:12:47,985 - utils - INFO - /__w/data_engineering_learning/data_engineering_learning/secrets/headers.json
2024-06-06 15:12:47,985 - utils - INFO - MAL Headers Loaded
2024-06-06 15:12:47,988 - utils - INFO - 
        SELECT date_pulled
        FROM `mal-data-engineering.my_anime_list.top_airing_anime`
        WHERE DATE(date_pulled) = CURRENT_DATE('Asia/Tokyo')
        
2024-06-06 15:12:49,167 - utils - INFO - Top Airing Anime not yet updated. Pulling from API
2024-06-06 15:12:49,866 - utils - INFO - Getting Keys. Current Working Directory: /__w/data_engineering_learning/data_engineering_learning
2024-06-06 15:12:49,866 - utils - INFO - Google Application Credentials Set
2024-06-06 15:12:49,866 - utils - INFO - /__w/data_engineering_learning/data_engineering_learning/secrets/headers.json
2024-06-06 15:12:49,866 - utils - INFO - MAL Headers Loaded
2024-06-06 15:12:49,875 - utils - INFO - Getting Keys. Current Working Directory: /__w/data_engineering_learning/data_engineering_learning
2024-06-06 15:12:49,875 - utils - INFO - Google Application Credentials Set
2024-06-06 15:12:49,875 - utils - INFO - /__w/data_engineering_learning/data_engineering_learning/secrets/headers.json
2024-06-06 15:12:49,875 - utils - INFO - MAL Headers Loaded
2024-06-06 15:12:49,877 - utils - INFO - 
        SELECT date_pulled
        FROM `mal-data-engineering.my_anime_list.top_airing_anime`
        WHERE DATE(date_pulled) = DATE('2024-06-07')
        
2024-06-06 15:12:51,175 - utils - INFO - Table exists
2024-06-06 15:12:55,184 - utils - INFO - Top Airing Anime updated
