2024-09-21 15:13:41,071 - utils - INFO - Getting Keys. Current Working Directory: /__w/data_engineering_learning/data_engineering_learning
2024-09-21 15:13:41,071 - utils - INFO - Google Application Credentials Set
2024-09-21 15:13:41,071 - utils - INFO - /__w/data_engineering_learning/data_engineering_learning/secrets/headers.json
2024-09-21 15:13:41,071 - utils - INFO - MAL Headers Loaded
2024-09-21 15:13:41,071 - utils - INFO - Getting Keys. Current Working Directory: /__w/data_engineering_learning/data_engineering_learning
2024-09-21 15:13:41,071 - utils - INFO - Google Application Credentials Set
2024-09-21 15:13:41,071 - utils - INFO - /__w/data_engineering_learning/data_engineering_learning/secrets/headers.json
2024-09-21 15:13:41,072 - utils - INFO - MAL Headers Loaded
2024-09-21 15:13:41,075 - utils - INFO - 
        SELECT date_pulled
        FROM `mal-data-engineering.my_anime_list.top_airing_anime`
        WHERE DATE(date_pulled) = CURRENT_DATE('Asia/Tokyo')
        
2024-09-21 15:13:42,506 - utils - INFO - Top Airing Anime not yet updated. Pulling from API
2024-09-21 15:13:44,821 - utils - INFO - Getting Keys. Current Working Directory: /__w/data_engineering_learning/data_engineering_learning
2024-09-21 15:13:44,821 - utils - INFO - Google Application Credentials Set
2024-09-21 15:13:44,821 - utils - INFO - /__w/data_engineering_learning/data_engineering_learning/secrets/headers.json
2024-09-21 15:13:44,821 - utils - INFO - MAL Headers Loaded
2024-09-21 15:13:44,830 - utils - INFO - Getting Keys. Current Working Directory: /__w/data_engineering_learning/data_engineering_learning
2024-09-21 15:13:44,830 - utils - INFO - Google Application Credentials Set
2024-09-21 15:13:44,830 - utils - INFO - /__w/data_engineering_learning/data_engineering_learning/secrets/headers.json
2024-09-21 15:13:44,831 - utils - INFO - MAL Headers Loaded
2024-09-21 15:13:44,833 - utils - INFO - 
        SELECT date_pulled
        FROM `mal-data-engineering.my_anime_list.top_airing_anime`
        WHERE DATE(date_pulled) = DATE('2024-09-22')
        
2024-09-21 15:13:46,246 - utils - INFO - Table exists
2024-09-21 15:13:49,950 - utils - INFO - Top Airing Anime updated
