2024-01-31 15:10:01,727 - utils - INFO - Getting Keys. Current Working Directory: /__w/data_engineering_learning/data_engineering_learning
2024-01-31 15:10:01,727 - utils - INFO - Google Application Credentials Set
2024-01-31 15:10:01,727 - utils - INFO - /__w/data_engineering_learning/data_engineering_learning/secrets/headers.json
2024-01-31 15:10:01,727 - utils - INFO - MAL Headers Loaded
2024-01-31 15:10:01,727 - utils - INFO - Getting Keys. Current Working Directory: /__w/data_engineering_learning/data_engineering_learning
2024-01-31 15:10:01,727 - utils - INFO - Google Application Credentials Set
2024-01-31 15:10:01,727 - utils - INFO - /__w/data_engineering_learning/data_engineering_learning/secrets/headers.json
2024-01-31 15:10:01,728 - utils - INFO - MAL Headers Loaded
2024-01-31 15:10:01,731 - utils - INFO - 
        SELECT date_pulled
        FROM `mal-data-engineering.my_anime_list.top_airing_anime`
        WHERE DATE(date_pulled) = CURRENT_DATE('Asia/Tokyo')
        
2024-01-31 15:10:03,334 - utils - INFO - Top Airing Anime not yet updated. Pulling from API
2024-01-31 15:10:05,912 - utils - INFO - Getting Keys. Current Working Directory: /__w/data_engineering_learning/data_engineering_learning
2024-01-31 15:10:05,912 - utils - INFO - Google Application Credentials Set
2024-01-31 15:10:05,912 - utils - INFO - /__w/data_engineering_learning/data_engineering_learning/secrets/headers.json
2024-01-31 15:10:05,913 - utils - INFO - MAL Headers Loaded
2024-01-31 15:10:05,923 - utils - INFO - Getting Keys. Current Working Directory: /__w/data_engineering_learning/data_engineering_learning
2024-01-31 15:10:05,923 - utils - INFO - Google Application Credentials Set
2024-01-31 15:10:05,923 - utils - INFO - /__w/data_engineering_learning/data_engineering_learning/secrets/headers.json
2024-01-31 15:10:05,923 - utils - INFO - MAL Headers Loaded
2024-01-31 15:10:05,925 - utils - INFO - 
        SELECT date_pulled
        FROM `mal-data-engineering.my_anime_list.top_airing_anime`
        WHERE DATE(date_pulled) = DATE('2024-02-01')
        
2024-01-31 15:10:07,634 - utils - INFO - Table exists
2024-01-31 15:10:11,053 - utils - INFO - Top Airing Anime updated
