2024-10-01 15:13:49,171 - utils - INFO - Getting Keys. Current Working Directory: /__w/data_engineering_learning/data_engineering_learning
2024-10-01 15:13:49,171 - utils - INFO - Google Application Credentials Set
2024-10-01 15:13:49,171 - utils - INFO - /__w/data_engineering_learning/data_engineering_learning/secrets/headers.json
2024-10-01 15:13:49,171 - utils - INFO - MAL Headers Loaded
2024-10-01 15:13:49,171 - utils - INFO - Getting Keys. Current Working Directory: /__w/data_engineering_learning/data_engineering_learning
2024-10-01 15:13:49,171 - utils - INFO - Google Application Credentials Set
2024-10-01 15:13:49,171 - utils - INFO - /__w/data_engineering_learning/data_engineering_learning/secrets/headers.json
2024-10-01 15:13:49,171 - utils - INFO - MAL Headers Loaded
2024-10-01 15:13:49,175 - utils - INFO - 
        SELECT date_pulled
        FROM `mal-data-engineering.my_anime_list.top_airing_anime`
        WHERE DATE(date_pulled) = CURRENT_DATE('Asia/Tokyo')
        
2024-10-01 15:13:52,825 - utils - INFO - Top Airing Anime not yet updated. Pulling from API
2024-10-01 15:13:55,400 - utils - INFO - Getting Keys. Current Working Directory: /__w/data_engineering_learning/data_engineering_learning
2024-10-01 15:13:55,400 - utils - INFO - Google Application Credentials Set
2024-10-01 15:13:55,400 - utils - INFO - /__w/data_engineering_learning/data_engineering_learning/secrets/headers.json
2024-10-01 15:13:55,400 - utils - INFO - MAL Headers Loaded
2024-10-01 15:13:55,410 - utils - INFO - Getting Keys. Current Working Directory: /__w/data_engineering_learning/data_engineering_learning
2024-10-01 15:13:55,410 - utils - INFO - Google Application Credentials Set
2024-10-01 15:13:55,410 - utils - INFO - /__w/data_engineering_learning/data_engineering_learning/secrets/headers.json
2024-10-01 15:13:55,410 - utils - INFO - MAL Headers Loaded
2024-10-01 15:13:55,412 - utils - INFO - 
        SELECT date_pulled
        FROM `mal-data-engineering.my_anime_list.top_airing_anime`
        WHERE DATE(date_pulled) = DATE('2024-10-02')
        
2024-10-01 15:13:56,875 - utils - INFO - Table exists
2024-10-01 15:14:01,292 - utils - INFO - Top Airing Anime updated
