2024-07-24 15:13:09,369 - utils - INFO - Getting Keys. Current Working Directory: /__w/data_engineering_learning/data_engineering_learning
2024-07-24 15:13:09,369 - utils - INFO - Google Application Credentials Set
2024-07-24 15:13:09,369 - utils - INFO - /__w/data_engineering_learning/data_engineering_learning/secrets/headers.json
2024-07-24 15:13:09,370 - utils - INFO - MAL Headers Loaded
2024-07-24 15:13:09,370 - utils - INFO - Getting Keys. Current Working Directory: /__w/data_engineering_learning/data_engineering_learning
2024-07-24 15:13:09,370 - utils - INFO - Google Application Credentials Set
2024-07-24 15:13:09,370 - utils - INFO - /__w/data_engineering_learning/data_engineering_learning/secrets/headers.json
2024-07-24 15:13:09,370 - utils - INFO - MAL Headers Loaded
2024-07-24 15:13:09,373 - utils - INFO - 
        SELECT date_pulled
        FROM `mal-data-engineering.my_anime_list.top_airing_anime`
        WHERE DATE(date_pulled) = CURRENT_DATE('Asia/Tokyo')
        
2024-07-24 15:13:10,749 - utils - INFO - Top Airing Anime not yet updated. Pulling from API
2024-07-24 15:13:14,302 - utils - INFO - Getting Keys. Current Working Directory: /__w/data_engineering_learning/data_engineering_learning
2024-07-24 15:13:14,302 - utils - INFO - Google Application Credentials Set
2024-07-24 15:13:14,302 - utils - INFO - /__w/data_engineering_learning/data_engineering_learning/secrets/headers.json
2024-07-24 15:13:14,302 - utils - INFO - MAL Headers Loaded
2024-07-24 15:13:14,311 - utils - INFO - Getting Keys. Current Working Directory: /__w/data_engineering_learning/data_engineering_learning
2024-07-24 15:13:14,311 - utils - INFO - Google Application Credentials Set
2024-07-24 15:13:14,311 - utils - INFO - /__w/data_engineering_learning/data_engineering_learning/secrets/headers.json
2024-07-24 15:13:14,312 - utils - INFO - MAL Headers Loaded
2024-07-24 15:13:14,314 - utils - INFO - 
        SELECT date_pulled
        FROM `mal-data-engineering.my_anime_list.top_airing_anime`
        WHERE DATE(date_pulled) = DATE('2024-07-25')
        
2024-07-24 15:13:15,633 - utils - INFO - Table exists
2024-07-24 15:13:19,832 - utils - INFO - Top Airing Anime updated
