2024-05-03 15:11:39,616 - utils - INFO - Getting Keys. Current Working Directory: /__w/data_engineering_learning/data_engineering_learning
2024-05-03 15:11:39,616 - utils - INFO - Google Application Credentials Set
2024-05-03 15:11:39,616 - utils - INFO - /__w/data_engineering_learning/data_engineering_learning/secrets/headers.json
2024-05-03 15:11:39,616 - utils - INFO - MAL Headers Loaded
2024-05-03 15:11:39,616 - utils - INFO - Getting Keys. Current Working Directory: /__w/data_engineering_learning/data_engineering_learning
2024-05-03 15:11:39,616 - utils - INFO - Google Application Credentials Set
2024-05-03 15:11:39,616 - utils - INFO - /__w/data_engineering_learning/data_engineering_learning/secrets/headers.json
2024-05-03 15:11:39,616 - utils - INFO - MAL Headers Loaded
2024-05-03 15:11:39,619 - utils - INFO - 
        SELECT date_pulled
        FROM `mal-data-engineering.my_anime_list.top_airing_anime`
        WHERE DATE(date_pulled) = CURRENT_DATE('Asia/Tokyo')
        
2024-05-03 15:11:41,309 - utils - INFO - Top Airing Anime not yet updated. Pulling from API
2024-05-03 15:11:43,426 - utils - INFO - Getting Keys. Current Working Directory: /__w/data_engineering_learning/data_engineering_learning
2024-05-03 15:11:43,426 - utils - INFO - Google Application Credentials Set
2024-05-03 15:11:43,426 - utils - INFO - /__w/data_engineering_learning/data_engineering_learning/secrets/headers.json
2024-05-03 15:11:43,426 - utils - INFO - MAL Headers Loaded
2024-05-03 15:11:43,435 - utils - INFO - Getting Keys. Current Working Directory: /__w/data_engineering_learning/data_engineering_learning
2024-05-03 15:11:43,436 - utils - INFO - Google Application Credentials Set
2024-05-03 15:11:43,436 - utils - INFO - /__w/data_engineering_learning/data_engineering_learning/secrets/headers.json
2024-05-03 15:11:43,436 - utils - INFO - MAL Headers Loaded
2024-05-03 15:11:43,438 - utils - INFO - 
        SELECT date_pulled
        FROM `mal-data-engineering.my_anime_list.top_airing_anime`
        WHERE DATE(date_pulled) = DATE('2024-05-04')
        
2024-05-03 15:11:45,173 - utils - INFO - Table exists
2024-05-03 15:11:49,102 - utils - INFO - Top Airing Anime updated
