2024-03-10 15:09:00,670 - utils - INFO - Getting Keys. Current Working Directory: /__w/data_engineering_learning/data_engineering_learning
2024-03-10 15:09:00,670 - utils - INFO - Google Application Credentials Set
2024-03-10 15:09:00,670 - utils - INFO - /__w/data_engineering_learning/data_engineering_learning/secrets/headers.json
2024-03-10 15:09:00,670 - utils - INFO - MAL Headers Loaded
2024-03-10 15:09:00,670 - utils - INFO - Getting Keys. Current Working Directory: /__w/data_engineering_learning/data_engineering_learning
2024-03-10 15:09:00,670 - utils - INFO - Google Application Credentials Set
2024-03-10 15:09:00,670 - utils - INFO - /__w/data_engineering_learning/data_engineering_learning/secrets/headers.json
2024-03-10 15:09:00,671 - utils - INFO - MAL Headers Loaded
2024-03-10 15:09:00,674 - utils - INFO - 
        SELECT date_pulled
        FROM `mal-data-engineering.my_anime_list.top_airing_anime`
        WHERE DATE(date_pulled) = CURRENT_DATE('Asia/Tokyo')
        
2024-03-10 15:09:02,143 - utils - INFO - Top Airing Anime not yet updated. Pulling from API
2024-03-10 15:09:04,914 - utils - INFO - Getting Keys. Current Working Directory: /__w/data_engineering_learning/data_engineering_learning
2024-03-10 15:09:04,914 - utils - INFO - Google Application Credentials Set
2024-03-10 15:09:04,914 - utils - INFO - /__w/data_engineering_learning/data_engineering_learning/secrets/headers.json
2024-03-10 15:09:04,914 - utils - INFO - MAL Headers Loaded
2024-03-10 15:09:04,924 - utils - INFO - Getting Keys. Current Working Directory: /__w/data_engineering_learning/data_engineering_learning
2024-03-10 15:09:04,924 - utils - INFO - Google Application Credentials Set
2024-03-10 15:09:04,924 - utils - INFO - /__w/data_engineering_learning/data_engineering_learning/secrets/headers.json
2024-03-10 15:09:04,924 - utils - INFO - MAL Headers Loaded
2024-03-10 15:09:04,926 - utils - INFO - 
        SELECT date_pulled
        FROM `mal-data-engineering.my_anime_list.top_airing_anime`
        WHERE DATE(date_pulled) = DATE('2024-03-11')
        
2024-03-10 15:09:06,479 - utils - INFO - Table exists
2024-03-10 15:09:09,987 - utils - INFO - Top Airing Anime updated
2024-03-10 15:22:42,149 - utils - INFO - Getting Keys. Current Working Directory: /__w/data_engineering_learning/data_engineering_learning
2024-03-10 15:22:42,149 - utils - INFO - Google Application Credentials Set
2024-03-10 15:22:42,149 - utils - INFO - /__w/data_engineering_learning/data_engineering_learning/secrets/headers.json
2024-03-10 15:22:42,149 - utils - INFO - MAL Headers Loaded
2024-03-10 15:22:42,149 - utils - INFO - Getting Keys. Current Working Directory: /__w/data_engineering_learning/data_engineering_learning
2024-03-10 15:22:42,149 - utils - INFO - Google Application Credentials Set
2024-03-10 15:22:42,149 - utils - INFO - /__w/data_engineering_learning/data_engineering_learning/secrets/headers.json
2024-03-10 15:22:42,149 - utils - INFO - MAL Headers Loaded
2024-03-10 15:22:42,152 - utils - INFO - 
        SELECT date_pulled
        FROM `mal-data-engineering.my_anime_list.weekly_top_10`
        WHERE DATE(date_pulled) = CURRENT_DATE('Asia/Tokyo')
        
2024-03-10 15:22:43,664 - utils - INFO - 
        WITH ranked_anime AS (
            SELECT
                tw.date_pulled,
                tw.myanimelist_id,
                tw.title,
                tw.rank,
                tw.score,
                (tw.rank - lw.rank) as rank_change,
                (tw.score - lw.score) as score_change,
                ROW_NUMBER() OVER (PARTITION BY tw.date_pulled ORDER BY tw.rank) AS rank_within_date
            FROM
                (SELECT * FROM `mal-data-engineering.my_anime_list.top_airing_anime`
                  WHERE DATE(date_pulled) = CURRENT_DATE('Asia/Tokyo')
                ) AS tw
            LEFT JOIN
                (SELECT * FROM `mal-data-engineering.my_anime_list.top_airing_anime`
                  WHERE DATE(date_pulled) = DATE_ADD(CURRENT_DATE('Asia/Tokyo'), INTERVAL -7 DAY)
                ) AS lw
            ON
                tw.myanimelist_id = lw.myanimelist_id
            )

            SELECT
            date_pulled,
            myanimelist_id,
            title,
            rank,
            score,
            rank_change,
            score_change
            FROM
            ranked_anime
            WHERE
            rank_within_date <= 10
            ORDER BY
            rank_within_date,
            date_pulled DESC
            ;
        
2024-03-10 15:22:46,436 - utils - INFO - Table exists
2024-03-10 15:22:49,766 - utils - INFO - Weekly Top 10 table updated
2024-03-10 15:35:56,208 - utils - INFO - Getting Keys. Current Working Directory: /__w/data_engineering_learning/data_engineering_learning
2024-03-10 15:35:56,208 - utils - INFO - Google Application Credentials Set
2024-03-10 15:35:56,208 - utils - INFO - /__w/data_engineering_learning/data_engineering_learning/secrets/headers.json
2024-03-10 15:35:56,208 - utils - INFO - MAL Headers Loaded
2024-03-10 15:35:56,208 - utils - INFO - Getting Keys. Current Working Directory: /__w/data_engineering_learning/data_engineering_learning
2024-03-10 15:35:56,208 - utils - INFO - Google Application Credentials Set
2024-03-10 15:35:56,208 - utils - INFO - /__w/data_engineering_learning/data_engineering_learning/secrets/headers.json
2024-03-10 15:35:56,208 - utils - INFO - MAL Headers Loaded
2024-03-10 15:35:56,212 - utils - INFO - 
        SELECT DISTINCT(taa.myanimelist_id)
        FROM `mal-data-engineering.my_anime_list.top_airing_anime` AS taa
        LEFT JOIN `mal-data-engineering.my_anime_list.anime_info` AS ai
        ON taa.myanimelist_id = ai.myanimelist_id
        WHERE DATE(taa.date_pulled) = CURRENT_DATE()
        AND ai.myanimelist_id IS NULL
        
2024-03-10 15:35:57,660 - utils - INFO - Anime ids not in table yet: 15
2024-03-10 15:36:24,874 - utils - INFO - Getting Keys. Current Working Directory: /__w/data_engineering_learning/data_engineering_learning
2024-03-10 15:36:24,874 - utils - INFO - Google Application Credentials Set
2024-03-10 15:36:24,874 - utils - INFO - /__w/data_engineering_learning/data_engineering_learning/secrets/headers.json
2024-03-10 15:36:24,874 - utils - INFO - MAL Headers Loaded
2024-03-10 15:36:24,874 - utils - INFO - Getting Keys. Current Working Directory: /__w/data_engineering_learning/data_engineering_learning
2024-03-10 15:36:24,874 - utils - INFO - Google Application Credentials Set
2024-03-10 15:36:24,874 - utils - INFO - /__w/data_engineering_learning/data_engineering_learning/secrets/headers.json
2024-03-10 15:36:24,874 - utils - INFO - MAL Headers Loaded
2024-03-10 15:36:24,877 - utils - INFO - 
        SELECT DISTINCT(taa.myanimelist_id)
        FROM `mal-data-engineering.my_anime_list.top_airing_anime` AS taa
        LEFT JOIN `mal-data-engineering.my_anime_list.anime_info` AS ai
        ON taa.myanimelist_id = ai.myanimelist_id
        WHERE DATE(taa.date_pulled) = CURRENT_DATE()
        AND ai.myanimelist_id IS NULL
        
2024-03-10 15:36:26,083 - utils - INFO - Anime ids not in table yet: 15
2024-03-10 15:36:26,096 - utils - INFO - Anime Info already updated
