2024-08-15 15:12:13,186 - utils - INFO - Getting Keys. Current Working Directory: /__w/data_engineering_learning/data_engineering_learning
2024-08-15 15:12:13,186 - utils - INFO - Google Application Credentials Set
2024-08-15 15:12:13,186 - utils - INFO - /__w/data_engineering_learning/data_engineering_learning/secrets/headers.json
2024-08-15 15:12:13,186 - utils - INFO - MAL Headers Loaded
2024-08-15 15:12:13,186 - utils - INFO - Getting Keys. Current Working Directory: /__w/data_engineering_learning/data_engineering_learning
2024-08-15 15:12:13,186 - utils - INFO - Google Application Credentials Set
2024-08-15 15:12:13,186 - utils - INFO - /__w/data_engineering_learning/data_engineering_learning/secrets/headers.json
2024-08-15 15:12:13,186 - utils - INFO - MAL Headers Loaded
2024-08-15 15:12:13,190 - utils - INFO - 
        SELECT date_pulled
        FROM `mal-data-engineering.my_anime_list.top_airing_anime`
        WHERE DATE(date_pulled) = CURRENT_DATE('Asia/Tokyo')
        
2024-08-15 15:12:14,763 - utils - INFO - Top Airing Anime not yet updated. Pulling from API
2024-08-15 15:12:17,845 - utils - INFO - Getting Keys. Current Working Directory: /__w/data_engineering_learning/data_engineering_learning
2024-08-15 15:12:17,845 - utils - INFO - Google Application Credentials Set
2024-08-15 15:12:17,845 - utils - INFO - /__w/data_engineering_learning/data_engineering_learning/secrets/headers.json
2024-08-15 15:12:17,845 - utils - INFO - MAL Headers Loaded
2024-08-15 15:12:17,855 - utils - INFO - Getting Keys. Current Working Directory: /__w/data_engineering_learning/data_engineering_learning
2024-08-15 15:12:17,855 - utils - INFO - Google Application Credentials Set
2024-08-15 15:12:17,855 - utils - INFO - /__w/data_engineering_learning/data_engineering_learning/secrets/headers.json
2024-08-15 15:12:17,855 - utils - INFO - MAL Headers Loaded
2024-08-15 15:12:17,857 - utils - INFO - 
        SELECT date_pulled
        FROM `mal-data-engineering.my_anime_list.top_airing_anime`
        WHERE DATE(date_pulled) = DATE('2024-08-16')
        
2024-08-15 15:12:19,201 - utils - INFO - Table exists
2024-08-15 15:12:22,989 - utils - INFO - Top Airing Anime updated
