2024-08-24 15:11:52,405 - utils - INFO - Getting Keys. Current Working Directory: /__w/data_engineering_learning/data_engineering_learning
2024-08-24 15:11:52,405 - utils - INFO - Google Application Credentials Set
2024-08-24 15:11:52,405 - utils - INFO - /__w/data_engineering_learning/data_engineering_learning/secrets/headers.json
2024-08-24 15:11:52,405 - utils - INFO - MAL Headers Loaded
2024-08-24 15:11:52,405 - utils - INFO - Getting Keys. Current Working Directory: /__w/data_engineering_learning/data_engineering_learning
2024-08-24 15:11:52,405 - utils - INFO - Google Application Credentials Set
2024-08-24 15:11:52,405 - utils - INFO - /__w/data_engineering_learning/data_engineering_learning/secrets/headers.json
2024-08-24 15:11:52,405 - utils - INFO - MAL Headers Loaded
2024-08-24 15:11:52,409 - utils - INFO - 
        SELECT date_pulled
        FROM `mal-data-engineering.my_anime_list.top_airing_anime`
        WHERE DATE(date_pulled) = CURRENT_DATE('Asia/Tokyo')
        
2024-08-24 15:11:53,578 - utils - INFO - Top Airing Anime not yet updated. Pulling from API
2024-08-24 15:11:56,071 - utils - INFO - Getting Keys. Current Working Directory: /__w/data_engineering_learning/data_engineering_learning
2024-08-24 15:11:56,071 - utils - INFO - Google Application Credentials Set
2024-08-24 15:11:56,071 - utils - INFO - /__w/data_engineering_learning/data_engineering_learning/secrets/headers.json
2024-08-24 15:11:56,071 - utils - INFO - MAL Headers Loaded
2024-08-24 15:11:56,081 - utils - INFO - Getting Keys. Current Working Directory: /__w/data_engineering_learning/data_engineering_learning
2024-08-24 15:11:56,081 - utils - INFO - Google Application Credentials Set
2024-08-24 15:11:56,081 - utils - INFO - /__w/data_engineering_learning/data_engineering_learning/secrets/headers.json
2024-08-24 15:11:56,081 - utils - INFO - MAL Headers Loaded
2024-08-24 15:11:56,083 - utils - INFO - 
        SELECT date_pulled
        FROM `mal-data-engineering.my_anime_list.top_airing_anime`
        WHERE DATE(date_pulled) = DATE('2024-08-25')
        
2024-08-24 15:11:57,328 - utils - INFO - Table exists
2024-08-24 15:12:03,176 - utils - INFO - Top Airing Anime updated
