2024-09-11 15:13:42,551 - utils - INFO - Getting Keys. Current Working Directory: /__w/data_engineering_learning/data_engineering_learning
2024-09-11 15:13:42,552 - utils - INFO - Google Application Credentials Set
2024-09-11 15:13:42,552 - utils - INFO - /__w/data_engineering_learning/data_engineering_learning/secrets/headers.json
2024-09-11 15:13:42,552 - utils - INFO - MAL Headers Loaded
2024-09-11 15:13:42,552 - utils - INFO - Getting Keys. Current Working Directory: /__w/data_engineering_learning/data_engineering_learning
2024-09-11 15:13:42,552 - utils - INFO - Google Application Credentials Set
2024-09-11 15:13:42,552 - utils - INFO - /__w/data_engineering_learning/data_engineering_learning/secrets/headers.json
2024-09-11 15:13:42,552 - utils - INFO - MAL Headers Loaded
2024-09-11 15:13:42,555 - utils - INFO - 
        SELECT date_pulled
        FROM `mal-data-engineering.my_anime_list.top_airing_anime`
        WHERE DATE(date_pulled) = CURRENT_DATE('Asia/Tokyo')
        
2024-09-11 15:13:43,812 - utils - INFO - Top Airing Anime not yet updated. Pulling from API
2024-09-11 15:13:44,506 - utils - INFO - Getting Keys. Current Working Directory: /__w/data_engineering_learning/data_engineering_learning
2024-09-11 15:13:44,507 - utils - INFO - Google Application Credentials Set
2024-09-11 15:13:44,507 - utils - INFO - /__w/data_engineering_learning/data_engineering_learning/secrets/headers.json
2024-09-11 15:13:44,507 - utils - INFO - MAL Headers Loaded
2024-09-11 15:13:44,516 - utils - INFO - Getting Keys. Current Working Directory: /__w/data_engineering_learning/data_engineering_learning
2024-09-11 15:13:44,516 - utils - INFO - Google Application Credentials Set
2024-09-11 15:13:44,516 - utils - INFO - /__w/data_engineering_learning/data_engineering_learning/secrets/headers.json
2024-09-11 15:13:44,516 - utils - INFO - MAL Headers Loaded
2024-09-11 15:13:44,518 - utils - INFO - 
        SELECT date_pulled
        FROM `mal-data-engineering.my_anime_list.top_airing_anime`
        WHERE DATE(date_pulled) = DATE('2024-09-12')
        
2024-09-11 15:13:45,789 - utils - INFO - Table exists
2024-09-11 15:13:50,132 - utils - INFO - Top Airing Anime updated
