2024-02-10 15:09:49,303 - utils - INFO - Getting Keys. Current Working Directory: /__w/data_engineering_learning/data_engineering_learning
2024-02-10 15:09:49,303 - utils - INFO - Google Application Credentials Set
2024-02-10 15:09:49,304 - utils - INFO - /__w/data_engineering_learning/data_engineering_learning/secrets/headers.json
2024-02-10 15:09:49,304 - utils - INFO - MAL Headers Loaded
2024-02-10 15:09:49,304 - utils - INFO - Getting Keys. Current Working Directory: /__w/data_engineering_learning/data_engineering_learning
2024-02-10 15:09:49,304 - utils - INFO - Google Application Credentials Set
2024-02-10 15:09:49,304 - utils - INFO - /__w/data_engineering_learning/data_engineering_learning/secrets/headers.json
2024-02-10 15:09:49,304 - utils - INFO - MAL Headers Loaded
2024-02-10 15:09:49,307 - utils - INFO - 
        SELECT date_pulled
        FROM `mal-data-engineering.my_anime_list.top_airing_anime`
        WHERE DATE(date_pulled) = CURRENT_DATE('Asia/Tokyo')
        
2024-02-10 15:09:50,806 - utils - INFO - Top Airing Anime not yet updated. Pulling from API
2024-02-10 15:09:53,124 - utils - INFO - Getting Keys. Current Working Directory: /__w/data_engineering_learning/data_engineering_learning
2024-02-10 15:09:53,124 - utils - INFO - Google Application Credentials Set
2024-02-10 15:09:53,124 - utils - INFO - /__w/data_engineering_learning/data_engineering_learning/secrets/headers.json
2024-02-10 15:09:53,124 - utils - INFO - MAL Headers Loaded
2024-02-10 15:09:53,133 - utils - INFO - Getting Keys. Current Working Directory: /__w/data_engineering_learning/data_engineering_learning
2024-02-10 15:09:53,133 - utils - INFO - Google Application Credentials Set
2024-02-10 15:09:53,133 - utils - INFO - /__w/data_engineering_learning/data_engineering_learning/secrets/headers.json
2024-02-10 15:09:53,133 - utils - INFO - MAL Headers Loaded
2024-02-10 15:09:53,136 - utils - INFO - 
        SELECT date_pulled
        FROM `mal-data-engineering.my_anime_list.top_airing_anime`
        WHERE DATE(date_pulled) = DATE('2024-02-11')
        
2024-02-10 15:09:54,580 - utils - INFO - Table exists
2024-02-10 15:09:57,748 - utils - INFO - Top Airing Anime updated
