2024-02-02 15:10:43,756 - utils - INFO - Getting Keys. Current Working Directory: /__w/data_engineering_learning/data_engineering_learning
2024-02-02 15:10:43,756 - utils - INFO - Google Application Credentials Set
2024-02-02 15:10:43,756 - utils - INFO - /__w/data_engineering_learning/data_engineering_learning/secrets/headers.json
2024-02-02 15:10:43,756 - utils - INFO - MAL Headers Loaded
2024-02-02 15:10:43,756 - utils - INFO - Getting Keys. Current Working Directory: /__w/data_engineering_learning/data_engineering_learning
2024-02-02 15:10:43,756 - utils - INFO - Google Application Credentials Set
2024-02-02 15:10:43,756 - utils - INFO - /__w/data_engineering_learning/data_engineering_learning/secrets/headers.json
2024-02-02 15:10:43,756 - utils - INFO - MAL Headers Loaded
2024-02-02 15:10:43,760 - utils - INFO - 
        SELECT date_pulled
        FROM `mal-data-engineering.my_anime_list.top_airing_anime`
        WHERE DATE(date_pulled) = CURRENT_DATE('Asia/Tokyo')
        
2024-02-02 15:10:45,506 - utils - INFO - Top Airing Anime not yet updated. Pulling from API
2024-02-02 15:10:47,657 - utils - INFO - Getting Keys. Current Working Directory: /__w/data_engineering_learning/data_engineering_learning
2024-02-02 15:10:47,657 - utils - INFO - Google Application Credentials Set
2024-02-02 15:10:47,658 - utils - INFO - /__w/data_engineering_learning/data_engineering_learning/secrets/headers.json
2024-02-02 15:10:47,658 - utils - INFO - MAL Headers Loaded
2024-02-02 15:10:47,667 - utils - INFO - Getting Keys. Current Working Directory: /__w/data_engineering_learning/data_engineering_learning
2024-02-02 15:10:47,667 - utils - INFO - Google Application Credentials Set
2024-02-02 15:10:47,667 - utils - INFO - /__w/data_engineering_learning/data_engineering_learning/secrets/headers.json
2024-02-02 15:10:47,668 - utils - INFO - MAL Headers Loaded
2024-02-02 15:10:47,670 - utils - INFO - 
        SELECT date_pulled
        FROM `mal-data-engineering.my_anime_list.top_airing_anime`
        WHERE DATE(date_pulled) = DATE('2024-02-03')
        
2024-02-02 15:10:49,289 - utils - INFO - Table exists
2024-02-02 15:10:52,448 - utils - INFO - Top Airing Anime updated
