2024-01-14 15:09:50,102 - utils - INFO - Getting Keys. Current Working Directory: /__w/data_engineering_learning/data_engineering_learning
2024-01-14 15:09:50,102 - utils - INFO - Google Application Credentials Set
2024-01-14 15:09:50,102 - utils - INFO - /__w/data_engineering_learning/data_engineering_learning/secrets/headers.json
2024-01-14 15:09:50,103 - utils - INFO - MAL Headers Loaded
2024-01-14 15:09:50,103 - utils - INFO - Getting Keys. Current Working Directory: /__w/data_engineering_learning/data_engineering_learning
2024-01-14 15:09:50,103 - utils - INFO - Google Application Credentials Set
2024-01-14 15:09:50,103 - utils - INFO - /__w/data_engineering_learning/data_engineering_learning/secrets/headers.json
2024-01-14 15:09:50,103 - utils - INFO - MAL Headers Loaded
2024-01-14 15:09:50,106 - utils - INFO - 
        SELECT date_pulled
        FROM `mal-data-engineering.my_anime_list.top_airing_anime`
        WHERE DATE(date_pulled) = CURRENT_DATE('Asia/Tokyo')
        
2024-01-14 15:09:51,622 - utils - INFO - Top Airing Anime not yet updated. Pulling from API
2024-01-14 15:09:53,968 - utils - INFO - Getting Keys. Current Working Directory: /__w/data_engineering_learning/data_engineering_learning
2024-01-14 15:09:53,969 - utils - INFO - Google Application Credentials Set
2024-01-14 15:09:53,969 - utils - INFO - /__w/data_engineering_learning/data_engineering_learning/secrets/headers.json
2024-01-14 15:09:53,969 - utils - INFO - MAL Headers Loaded
2024-01-14 15:09:53,979 - utils - INFO - Getting Keys. Current Working Directory: /__w/data_engineering_learning/data_engineering_learning
2024-01-14 15:09:53,979 - utils - INFO - Google Application Credentials Set
2024-01-14 15:09:53,979 - utils - INFO - /__w/data_engineering_learning/data_engineering_learning/secrets/headers.json
2024-01-14 15:09:53,979 - utils - INFO - MAL Headers Loaded
2024-01-14 15:09:53,981 - utils - INFO - 
        SELECT date_pulled
        FROM `mal-data-engineering.my_anime_list.top_airing_anime`
        WHERE DATE(date_pulled) = DATE('2024-01-15')
        
2024-01-14 15:09:55,878 - utils - INFO - Table exists
2024-01-14 15:09:59,270 - utils - INFO - Top Airing Anime updated
2024-01-14 15:23:46,098 - utils - INFO - Getting Keys. Current Working Directory: /__w/data_engineering_learning/data_engineering_learning
2024-01-14 15:23:46,098 - utils - INFO - Google Application Credentials Set
2024-01-14 15:23:46,098 - utils - INFO - /__w/data_engineering_learning/data_engineering_learning/secrets/headers.json
2024-01-14 15:23:46,098 - utils - INFO - MAL Headers Loaded
2024-01-14 15:23:46,098 - utils - INFO - Getting Keys. Current Working Directory: /__w/data_engineering_learning/data_engineering_learning
2024-01-14 15:23:46,098 - utils - INFO - Google Application Credentials Set
2024-01-14 15:23:46,098 - utils - INFO - /__w/data_engineering_learning/data_engineering_learning/secrets/headers.json
2024-01-14 15:23:46,099 - utils - INFO - MAL Headers Loaded
2024-01-14 15:23:46,102 - utils - INFO - 
        SELECT date_pulled
        FROM `mal-data-engineering.my_anime_list.weekly_top_10`
        WHERE DATE(date_pulled) = CURRENT_DATE('Asia/Tokyo')
        
2024-01-14 15:23:47,612 - utils - INFO - 
        WITH ranked_anime AS (
            SELECT
                tw.date_pulled,
                tw.myanimelist_id,
                tw.title,
                tw.rank,
                tw.score,
                (tw.rank - lw.rank) as rank_change,
                (tw.score - lw.score) as score_change,
                ROW_NUMBER() OVER (PARTITION BY tw.date_pulled ORDER BY tw.rank) AS rank_within_date
            FROM
                (SELECT * FROM `mal-data-engineering.my_anime_list.top_airing_anime`
                  WHERE DATE(date_pulled) = CURRENT_DATE('Asia/Tokyo')
                ) AS tw
            LEFT JOIN
                (SELECT * FROM `mal-data-engineering.my_anime_list.top_airing_anime`
                  WHERE DATE(date_pulled) = DATE_ADD(CURRENT_DATE('Asia/Tokyo'), INTERVAL -7 DAY)
                ) AS lw
            ON
                tw.myanimelist_id = lw.myanimelist_id
            )

            SELECT
            date_pulled,
            myanimelist_id,
            title,
            rank,
            score,
            rank_change,
            score_change
            FROM
            ranked_anime
            WHERE
            rank_within_date <= 10
            ORDER BY
            rank_within_date,
            date_pulled DESC
            ;
        
2024-01-14 15:23:50,332 - utils - INFO - Table exists
2024-01-14 15:23:53,765 - utils - INFO - Weekly Top 10 table updated
