2024-06-03 15:12:27,135 - utils - INFO - Getting Keys. Current Working Directory: /__w/data_engineering_learning/data_engineering_learning
2024-06-03 15:12:27,135 - utils - INFO - Google Application Credentials Set
2024-06-03 15:12:27,135 - utils - INFO - /__w/data_engineering_learning/data_engineering_learning/secrets/headers.json
2024-06-03 15:12:27,135 - utils - INFO - MAL Headers Loaded
2024-06-03 15:12:27,136 - utils - INFO - Getting Keys. Current Working Directory: /__w/data_engineering_learning/data_engineering_learning
2024-06-03 15:12:27,136 - utils - INFO - Google Application Credentials Set
2024-06-03 15:12:27,136 - utils - INFO - /__w/data_engineering_learning/data_engineering_learning/secrets/headers.json
2024-06-03 15:12:27,136 - utils - INFO - MAL Headers Loaded
2024-06-03 15:12:27,139 - utils - INFO - 
        SELECT date_pulled
        FROM `mal-data-engineering.my_anime_list.top_airing_anime`
        WHERE DATE(date_pulled) = CURRENT_DATE('Asia/Tokyo')
        
2024-06-03 15:12:28,565 - utils - INFO - Top Airing Anime not yet updated. Pulling from API
2024-06-03 15:12:30,585 - utils - INFO - Getting Keys. Current Working Directory: /__w/data_engineering_learning/data_engineering_learning
2024-06-03 15:12:30,585 - utils - INFO - Google Application Credentials Set
2024-06-03 15:12:30,585 - utils - INFO - /__w/data_engineering_learning/data_engineering_learning/secrets/headers.json
2024-06-03 15:12:30,585 - utils - INFO - MAL Headers Loaded
2024-06-03 15:12:30,594 - utils - INFO - Getting Keys. Current Working Directory: /__w/data_engineering_learning/data_engineering_learning
2024-06-03 15:12:30,594 - utils - INFO - Google Application Credentials Set
2024-06-03 15:12:30,594 - utils - INFO - /__w/data_engineering_learning/data_engineering_learning/secrets/headers.json
2024-06-03 15:12:30,594 - utils - INFO - MAL Headers Loaded
2024-06-03 15:12:30,596 - utils - INFO - 
        SELECT date_pulled
        FROM `mal-data-engineering.my_anime_list.top_airing_anime`
        WHERE DATE(date_pulled) = DATE('2024-06-04')
        
2024-06-03 15:12:31,927 - utils - INFO - Table exists
2024-06-03 15:12:35,062 - utils - INFO - Top Airing Anime updated
