2024-06-13 15:12:17,911 - utils - INFO - Getting Keys. Current Working Directory: /__w/data_engineering_learning/data_engineering_learning
2024-06-13 15:12:17,911 - utils - INFO - Google Application Credentials Set
2024-06-13 15:12:17,911 - utils - INFO - /__w/data_engineering_learning/data_engineering_learning/secrets/headers.json
2024-06-13 15:12:17,911 - utils - INFO - MAL Headers Loaded
2024-06-13 15:12:17,911 - utils - INFO - Getting Keys. Current Working Directory: /__w/data_engineering_learning/data_engineering_learning
2024-06-13 15:12:17,911 - utils - INFO - Google Application Credentials Set
2024-06-13 15:12:17,911 - utils - INFO - /__w/data_engineering_learning/data_engineering_learning/secrets/headers.json
2024-06-13 15:12:17,911 - utils - INFO - MAL Headers Loaded
2024-06-13 15:12:17,915 - utils - INFO - 
        SELECT date_pulled
        FROM `mal-data-engineering.my_anime_list.top_airing_anime`
        WHERE DATE(date_pulled) = CURRENT_DATE('Asia/Tokyo')
        
2024-06-13 15:12:19,268 - utils - INFO - Top Airing Anime not yet updated. Pulling from API
2024-06-13 15:12:21,447 - utils - INFO - Getting Keys. Current Working Directory: /__w/data_engineering_learning/data_engineering_learning
2024-06-13 15:12:21,447 - utils - INFO - Google Application Credentials Set
2024-06-13 15:12:21,448 - utils - INFO - /__w/data_engineering_learning/data_engineering_learning/secrets/headers.json
2024-06-13 15:12:21,448 - utils - INFO - MAL Headers Loaded
2024-06-13 15:12:21,457 - utils - INFO - Getting Keys. Current Working Directory: /__w/data_engineering_learning/data_engineering_learning
2024-06-13 15:12:21,457 - utils - INFO - Google Application Credentials Set
2024-06-13 15:12:21,457 - utils - INFO - /__w/data_engineering_learning/data_engineering_learning/secrets/headers.json
2024-06-13 15:12:21,457 - utils - INFO - MAL Headers Loaded
2024-06-13 15:12:21,459 - utils - INFO - 
        SELECT date_pulled
        FROM `mal-data-engineering.my_anime_list.top_airing_anime`
        WHERE DATE(date_pulled) = DATE('2024-06-14')
        
2024-06-13 15:12:22,739 - utils - INFO - Table exists
2024-06-13 15:12:26,039 - utils - INFO - Top Airing Anime updated
