2024-01-28 15:08:43,884 - utils - INFO - Getting Keys. Current Working Directory: /__w/data_engineering_learning/data_engineering_learning
2024-01-28 15:08:43,884 - utils - INFO - Google Application Credentials Set
2024-01-28 15:08:43,884 - utils - INFO - /__w/data_engineering_learning/data_engineering_learning/secrets/headers.json
2024-01-28 15:08:43,884 - utils - INFO - MAL Headers Loaded
2024-01-28 15:08:43,884 - utils - INFO - Getting Keys. Current Working Directory: /__w/data_engineering_learning/data_engineering_learning
2024-01-28 15:08:43,884 - utils - INFO - Google Application Credentials Set
2024-01-28 15:08:43,884 - utils - INFO - /__w/data_engineering_learning/data_engineering_learning/secrets/headers.json
2024-01-28 15:08:43,885 - utils - INFO - MAL Headers Loaded
2024-01-28 15:08:43,888 - utils - INFO - 
        SELECT date_pulled
        FROM `mal-data-engineering.my_anime_list.top_airing_anime`
        WHERE DATE(date_pulled) = CURRENT_DATE('Asia/Tokyo')
        
2024-01-28 15:08:45,452 - utils - INFO - Top Airing Anime not yet updated. Pulling from API
2024-01-28 15:08:46,489 - utils - INFO - Getting Keys. Current Working Directory: /__w/data_engineering_learning/data_engineering_learning
2024-01-28 15:08:46,489 - utils - INFO - Google Application Credentials Set
2024-01-28 15:08:46,489 - utils - INFO - /__w/data_engineering_learning/data_engineering_learning/secrets/headers.json
2024-01-28 15:08:46,490 - utils - INFO - MAL Headers Loaded
2024-01-28 15:08:46,500 - utils - INFO - Getting Keys. Current Working Directory: /__w/data_engineering_learning/data_engineering_learning
2024-01-28 15:08:46,500 - utils - INFO - Google Application Credentials Set
2024-01-28 15:08:46,500 - utils - INFO - /__w/data_engineering_learning/data_engineering_learning/secrets/headers.json
2024-01-28 15:08:46,500 - utils - INFO - MAL Headers Loaded
2024-01-28 15:08:46,502 - utils - INFO - 
        SELECT date_pulled
        FROM `mal-data-engineering.my_anime_list.top_airing_anime`
        WHERE DATE(date_pulled) = DATE('2024-01-29')
        
2024-01-28 15:08:48,262 - utils - INFO - Table exists
2024-01-28 15:08:52,422 - utils - INFO - Top Airing Anime updated
