2024-11-28 15:14:20,928 - utils - INFO - Getting Keys. Current Working Directory: /__w/data_engineering_learning/data_engineering_learning
2024-11-28 15:14:20,928 - utils - INFO - Google Application Credentials Set
2024-11-28 15:14:20,928 - utils - INFO - /__w/data_engineering_learning/data_engineering_learning/secrets/headers.json
2024-11-28 15:14:20,928 - utils - INFO - MAL Headers Loaded
2024-11-28 15:14:20,928 - utils - INFO - Getting Keys. Current Working Directory: /__w/data_engineering_learning/data_engineering_learning
2024-11-28 15:14:20,928 - utils - INFO - Google Application Credentials Set
2024-11-28 15:14:20,928 - utils - INFO - /__w/data_engineering_learning/data_engineering_learning/secrets/headers.json
2024-11-28 15:14:20,928 - utils - INFO - MAL Headers Loaded
2024-11-28 15:14:20,932 - utils - INFO - 
        SELECT date_pulled
        FROM `mal-data-engineering.my_anime_list.top_airing_anime`
        WHERE DATE(date_pulled) = CURRENT_DATE('Asia/Tokyo')
        
2024-11-28 15:14:22,174 - utils - INFO - Top Airing Anime not yet updated. Pulling from API
2024-11-28 15:14:24,617 - utils - INFO - Getting Keys. Current Working Directory: /__w/data_engineering_learning/data_engineering_learning
2024-11-28 15:14:24,617 - utils - INFO - Google Application Credentials Set
2024-11-28 15:14:24,617 - utils - INFO - /__w/data_engineering_learning/data_engineering_learning/secrets/headers.json
2024-11-28 15:14:24,617 - utils - INFO - MAL Headers Loaded
2024-11-28 15:14:24,626 - utils - INFO - Getting Keys. Current Working Directory: /__w/data_engineering_learning/data_engineering_learning
2024-11-28 15:14:24,626 - utils - INFO - Google Application Credentials Set
2024-11-28 15:14:24,626 - utils - INFO - /__w/data_engineering_learning/data_engineering_learning/secrets/headers.json
2024-11-28 15:14:24,627 - utils - INFO - MAL Headers Loaded
2024-11-28 15:14:24,629 - utils - INFO - 
        SELECT date_pulled
        FROM `mal-data-engineering.my_anime_list.top_airing_anime`
        WHERE DATE(date_pulled) = DATE('2024-11-29')
        
2024-11-28 15:14:25,991 - utils - INFO - Table exists
2024-11-28 15:14:29,102 - utils - INFO - Top Airing Anime updated
