2024-09-10 15:12:53,701 - utils - INFO - Getting Keys. Current Working Directory: /__w/data_engineering_learning/data_engineering_learning
2024-09-10 15:12:53,701 - utils - INFO - Google Application Credentials Set
2024-09-10 15:12:53,701 - utils - INFO - /__w/data_engineering_learning/data_engineering_learning/secrets/headers.json
2024-09-10 15:12:53,701 - utils - INFO - MAL Headers Loaded
2024-09-10 15:12:53,701 - utils - INFO - Getting Keys. Current Working Directory: /__w/data_engineering_learning/data_engineering_learning
2024-09-10 15:12:53,701 - utils - INFO - Google Application Credentials Set
2024-09-10 15:12:53,701 - utils - INFO - /__w/data_engineering_learning/data_engineering_learning/secrets/headers.json
2024-09-10 15:12:53,701 - utils - INFO - MAL Headers Loaded
2024-09-10 15:12:53,705 - utils - INFO - 
        SELECT date_pulled
        FROM `mal-data-engineering.my_anime_list.top_airing_anime`
        WHERE DATE(date_pulled) = CURRENT_DATE('Asia/Tokyo')
        
2024-09-10 15:12:54,954 - utils - INFO - Top Airing Anime not yet updated. Pulling from API
2024-09-10 15:12:57,653 - utils - INFO - Getting Keys. Current Working Directory: /__w/data_engineering_learning/data_engineering_learning
2024-09-10 15:12:57,653 - utils - INFO - Google Application Credentials Set
2024-09-10 15:12:57,653 - utils - INFO - /__w/data_engineering_learning/data_engineering_learning/secrets/headers.json
2024-09-10 15:12:57,653 - utils - INFO - MAL Headers Loaded
2024-09-10 15:12:57,663 - utils - INFO - Getting Keys. Current Working Directory: /__w/data_engineering_learning/data_engineering_learning
2024-09-10 15:12:57,664 - utils - INFO - Google Application Credentials Set
2024-09-10 15:12:57,664 - utils - INFO - /__w/data_engineering_learning/data_engineering_learning/secrets/headers.json
2024-09-10 15:12:57,664 - utils - INFO - MAL Headers Loaded
2024-09-10 15:12:57,666 - utils - INFO - 
        SELECT date_pulled
        FROM `mal-data-engineering.my_anime_list.top_airing_anime`
        WHERE DATE(date_pulled) = DATE('2024-09-11')
        
2024-09-10 15:12:59,263 - utils - INFO - Table exists
2024-09-10 15:13:03,055 - utils - INFO - Top Airing Anime updated
