2024-06-21 15:16:31,112 - utils - INFO - Getting Keys. Current Working Directory: /__w/data_engineering_learning/data_engineering_learning
2024-06-21 15:16:31,112 - utils - INFO - Google Application Credentials Set
2024-06-21 15:16:31,112 - utils - INFO - /__w/data_engineering_learning/data_engineering_learning/secrets/headers.json
2024-06-21 15:16:31,112 - utils - INFO - MAL Headers Loaded
2024-06-21 15:16:31,112 - utils - INFO - Getting Keys. Current Working Directory: /__w/data_engineering_learning/data_engineering_learning
2024-06-21 15:16:31,112 - utils - INFO - Google Application Credentials Set
2024-06-21 15:16:31,112 - utils - INFO - /__w/data_engineering_learning/data_engineering_learning/secrets/headers.json
2024-06-21 15:16:31,112 - utils - INFO - MAL Headers Loaded
2024-06-21 15:16:31,116 - utils - INFO - 
        SELECT date_pulled
        FROM `mal-data-engineering.my_anime_list.top_airing_anime`
        WHERE DATE(date_pulled) = CURRENT_DATE('Asia/Tokyo')
        
2024-06-21 15:16:32,570 - utils - INFO - Top Airing Anime not yet updated. Pulling from API
2024-06-21 15:16:34,762 - utils - INFO - Getting Keys. Current Working Directory: /__w/data_engineering_learning/data_engineering_learning
2024-06-21 15:16:34,762 - utils - INFO - Google Application Credentials Set
2024-06-21 15:16:34,762 - utils - INFO - /__w/data_engineering_learning/data_engineering_learning/secrets/headers.json
2024-06-21 15:16:34,762 - utils - INFO - MAL Headers Loaded
2024-06-21 15:16:34,771 - utils - INFO - Getting Keys. Current Working Directory: /__w/data_engineering_learning/data_engineering_learning
2024-06-21 15:16:34,771 - utils - INFO - Google Application Credentials Set
2024-06-21 15:16:34,771 - utils - INFO - /__w/data_engineering_learning/data_engineering_learning/secrets/headers.json
2024-06-21 15:16:34,771 - utils - INFO - MAL Headers Loaded
2024-06-21 15:16:34,774 - utils - INFO - 
        SELECT date_pulled
        FROM `mal-data-engineering.my_anime_list.top_airing_anime`
        WHERE DATE(date_pulled) = DATE('2024-06-22')
        
2024-06-21 15:16:36,203 - utils - INFO - Table exists
2024-06-21 15:16:40,873 - utils - INFO - Top Airing Anime updated
