2024-08-29 15:13:50,285 - utils - INFO - Getting Keys. Current Working Directory: /__w/data_engineering_learning/data_engineering_learning
2024-08-29 15:13:50,285 - utils - INFO - Google Application Credentials Set
2024-08-29 15:13:50,285 - utils - INFO - /__w/data_engineering_learning/data_engineering_learning/secrets/headers.json
2024-08-29 15:13:50,285 - utils - INFO - MAL Headers Loaded
2024-08-29 15:13:50,285 - utils - INFO - Getting Keys. Current Working Directory: /__w/data_engineering_learning/data_engineering_learning
2024-08-29 15:13:50,286 - utils - INFO - Google Application Credentials Set
2024-08-29 15:13:50,286 - utils - INFO - /__w/data_engineering_learning/data_engineering_learning/secrets/headers.json
2024-08-29 15:13:50,286 - utils - INFO - MAL Headers Loaded
2024-08-29 15:13:50,289 - utils - INFO - 
        SELECT date_pulled
        FROM `mal-data-engineering.my_anime_list.top_airing_anime`
        WHERE DATE(date_pulled) = CURRENT_DATE('Asia/Tokyo')
        
2024-08-29 15:13:51,814 - utils - INFO - Top Airing Anime not yet updated. Pulling from API
2024-08-29 15:13:54,606 - utils - INFO - Getting Keys. Current Working Directory: /__w/data_engineering_learning/data_engineering_learning
2024-08-29 15:13:54,606 - utils - INFO - Google Application Credentials Set
2024-08-29 15:13:54,606 - utils - INFO - /__w/data_engineering_learning/data_engineering_learning/secrets/headers.json
2024-08-29 15:13:54,606 - utils - INFO - MAL Headers Loaded
2024-08-29 15:13:54,616 - utils - INFO - Getting Keys. Current Working Directory: /__w/data_engineering_learning/data_engineering_learning
2024-08-29 15:13:54,616 - utils - INFO - Google Application Credentials Set
2024-08-29 15:13:54,616 - utils - INFO - /__w/data_engineering_learning/data_engineering_learning/secrets/headers.json
2024-08-29 15:13:54,616 - utils - INFO - MAL Headers Loaded
2024-08-29 15:13:54,618 - utils - INFO - 
        SELECT date_pulled
        FROM `mal-data-engineering.my_anime_list.top_airing_anime`
        WHERE DATE(date_pulled) = DATE('2024-08-30')
        
2024-08-29 15:13:55,814 - utils - INFO - Table exists
2024-08-29 15:13:58,812 - utils - INFO - Top Airing Anime updated
