2024-11-08 15:13:31,351 - utils - INFO - Getting Keys. Current Working Directory: /__w/data_engineering_learning/data_engineering_learning
2024-11-08 15:13:31,351 - utils - INFO - Google Application Credentials Set
2024-11-08 15:13:31,351 - utils - INFO - /__w/data_engineering_learning/data_engineering_learning/secrets/headers.json
2024-11-08 15:13:31,351 - utils - INFO - MAL Headers Loaded
2024-11-08 15:13:31,351 - utils - INFO - Getting Keys. Current Working Directory: /__w/data_engineering_learning/data_engineering_learning
2024-11-08 15:13:31,351 - utils - INFO - Google Application Credentials Set
2024-11-08 15:13:31,351 - utils - INFO - /__w/data_engineering_learning/data_engineering_learning/secrets/headers.json
2024-11-08 15:13:31,351 - utils - INFO - MAL Headers Loaded
2024-11-08 15:13:31,355 - utils - INFO - 
        SELECT date_pulled
        FROM `mal-data-engineering.my_anime_list.top_airing_anime`
        WHERE DATE(date_pulled) = CURRENT_DATE('Asia/Tokyo')
        
2024-11-08 15:13:32,932 - utils - INFO - Top Airing Anime not yet updated. Pulling from API
2024-11-08 15:13:35,476 - utils - INFO - Getting Keys. Current Working Directory: /__w/data_engineering_learning/data_engineering_learning
2024-11-08 15:13:35,477 - utils - INFO - Google Application Credentials Set
2024-11-08 15:13:35,477 - utils - INFO - /__w/data_engineering_learning/data_engineering_learning/secrets/headers.json
2024-11-08 15:13:35,477 - utils - INFO - MAL Headers Loaded
2024-11-08 15:13:35,486 - utils - INFO - Getting Keys. Current Working Directory: /__w/data_engineering_learning/data_engineering_learning
2024-11-08 15:13:35,486 - utils - INFO - Google Application Credentials Set
2024-11-08 15:13:35,487 - utils - INFO - /__w/data_engineering_learning/data_engineering_learning/secrets/headers.json
2024-11-08 15:13:35,487 - utils - INFO - MAL Headers Loaded
2024-11-08 15:13:35,489 - utils - INFO - 
        SELECT date_pulled
        FROM `mal-data-engineering.my_anime_list.top_airing_anime`
        WHERE DATE(date_pulled) = DATE('2024-11-09')
        
2024-11-08 15:13:36,854 - utils - INFO - Table exists
2024-11-08 15:13:39,968 - utils - INFO - Top Airing Anime updated
