2024-01-16 15:11:13,973 - utils - INFO - Getting Keys. Current Working Directory: /__w/data_engineering_learning/data_engineering_learning
2024-01-16 15:11:13,973 - utils - INFO - Google Application Credentials Set
2024-01-16 15:11:13,973 - utils - INFO - /__w/data_engineering_learning/data_engineering_learning/secrets/headers.json
2024-01-16 15:11:13,973 - utils - INFO - MAL Headers Loaded
2024-01-16 15:11:13,973 - utils - INFO - Getting Keys. Current Working Directory: /__w/data_engineering_learning/data_engineering_learning
2024-01-16 15:11:13,973 - utils - INFO - Google Application Credentials Set
2024-01-16 15:11:13,973 - utils - INFO - /__w/data_engineering_learning/data_engineering_learning/secrets/headers.json
2024-01-16 15:11:13,973 - utils - INFO - MAL Headers Loaded
2024-01-16 15:11:13,977 - utils - INFO - 
        SELECT date_pulled
        FROM `mal-data-engineering.my_anime_list.top_airing_anime`
        WHERE DATE(date_pulled) = CURRENT_DATE('Asia/Tokyo')
        
2024-01-16 15:11:15,408 - utils - INFO - Top Airing Anime not yet updated. Pulling from API
2024-01-16 15:11:18,329 - utils - INFO - Getting Keys. Current Working Directory: /__w/data_engineering_learning/data_engineering_learning
2024-01-16 15:11:18,329 - utils - INFO - Google Application Credentials Set
2024-01-16 15:11:18,329 - utils - INFO - /__w/data_engineering_learning/data_engineering_learning/secrets/headers.json
2024-01-16 15:11:18,329 - utils - INFO - MAL Headers Loaded
2024-01-16 15:11:18,339 - utils - INFO - Getting Keys. Current Working Directory: /__w/data_engineering_learning/data_engineering_learning
2024-01-16 15:11:18,339 - utils - INFO - Google Application Credentials Set
2024-01-16 15:11:18,339 - utils - INFO - /__w/data_engineering_learning/data_engineering_learning/secrets/headers.json
2024-01-16 15:11:18,339 - utils - INFO - MAL Headers Loaded
2024-01-16 15:11:18,341 - utils - INFO - 
        SELECT date_pulled
        FROM `mal-data-engineering.my_anime_list.top_airing_anime`
        WHERE DATE(date_pulled) = DATE('2024-01-17')
        
2024-01-16 15:11:19,994 - utils - INFO - Table exists
2024-01-16 15:11:25,642 - utils - INFO - Top Airing Anime updated
