2024-01-25 15:11:35,001 - utils - INFO - Getting Keys. Current Working Directory: /__w/data_engineering_learning/data_engineering_learning
2024-01-25 15:11:35,001 - utils - INFO - Google Application Credentials Set
2024-01-25 15:11:35,001 - utils - INFO - /__w/data_engineering_learning/data_engineering_learning/secrets/headers.json
2024-01-25 15:11:35,001 - utils - INFO - MAL Headers Loaded
2024-01-25 15:11:35,001 - utils - INFO - Getting Keys. Current Working Directory: /__w/data_engineering_learning/data_engineering_learning
2024-01-25 15:11:35,001 - utils - INFO - Google Application Credentials Set
2024-01-25 15:11:35,001 - utils - INFO - /__w/data_engineering_learning/data_engineering_learning/secrets/headers.json
2024-01-25 15:11:35,001 - utils - INFO - MAL Headers Loaded
2024-01-25 15:11:35,005 - utils - INFO - 
        SELECT date_pulled
        FROM `mal-data-engineering.my_anime_list.top_airing_anime`
        WHERE DATE(date_pulled) = CURRENT_DATE('Asia/Tokyo')
        
2024-01-25 15:11:36,516 - utils - INFO - Top Airing Anime not yet updated. Pulling from API
2024-01-25 15:11:38,962 - utils - INFO - Getting Keys. Current Working Directory: /__w/data_engineering_learning/data_engineering_learning
2024-01-25 15:11:38,963 - utils - INFO - Google Application Credentials Set
2024-01-25 15:11:38,963 - utils - INFO - /__w/data_engineering_learning/data_engineering_learning/secrets/headers.json
2024-01-25 15:11:38,963 - utils - INFO - MAL Headers Loaded
2024-01-25 15:11:38,973 - utils - INFO - Getting Keys. Current Working Directory: /__w/data_engineering_learning/data_engineering_learning
2024-01-25 15:11:38,973 - utils - INFO - Google Application Credentials Set
2024-01-25 15:11:38,973 - utils - INFO - /__w/data_engineering_learning/data_engineering_learning/secrets/headers.json
2024-01-25 15:11:38,973 - utils - INFO - MAL Headers Loaded
2024-01-25 15:11:38,975 - utils - INFO - 
        SELECT date_pulled
        FROM `mal-data-engineering.my_anime_list.top_airing_anime`
        WHERE DATE(date_pulled) = DATE('2024-01-26')
        
2024-01-25 15:11:40,548 - utils - INFO - Table exists
2024-01-25 15:11:43,411 - utils - INFO - Top Airing Anime updated
