2024-05-31 15:13:37,586 - utils - INFO - Getting Keys. Current Working Directory: /__w/data_engineering_learning/data_engineering_learning
2024-05-31 15:13:37,586 - utils - INFO - Google Application Credentials Set
2024-05-31 15:13:37,587 - utils - INFO - /__w/data_engineering_learning/data_engineering_learning/secrets/headers.json
2024-05-31 15:13:37,587 - utils - INFO - MAL Headers Loaded
2024-05-31 15:13:37,587 - utils - INFO - Getting Keys. Current Working Directory: /__w/data_engineering_learning/data_engineering_learning
2024-05-31 15:13:37,587 - utils - INFO - Google Application Credentials Set
2024-05-31 15:13:37,587 - utils - INFO - /__w/data_engineering_learning/data_engineering_learning/secrets/headers.json
2024-05-31 15:13:37,587 - utils - INFO - MAL Headers Loaded
2024-05-31 15:13:37,590 - utils - INFO - 
        SELECT date_pulled
        FROM `mal-data-engineering.my_anime_list.top_airing_anime`
        WHERE DATE(date_pulled) = CURRENT_DATE('Asia/Tokyo')
        
2024-05-31 15:13:38,839 - utils - INFO - Top Airing Anime not yet updated. Pulling from API
2024-05-31 15:13:39,731 - utils - INFO - Getting Keys. Current Working Directory: /__w/data_engineering_learning/data_engineering_learning
2024-05-31 15:13:39,731 - utils - INFO - Google Application Credentials Set
2024-05-31 15:13:39,731 - utils - INFO - /__w/data_engineering_learning/data_engineering_learning/secrets/headers.json
2024-05-31 15:13:39,731 - utils - INFO - MAL Headers Loaded
2024-05-31 15:13:39,741 - utils - INFO - Getting Keys. Current Working Directory: /__w/data_engineering_learning/data_engineering_learning
2024-05-31 15:13:39,741 - utils - INFO - Google Application Credentials Set
2024-05-31 15:13:39,741 - utils - INFO - /__w/data_engineering_learning/data_engineering_learning/secrets/headers.json
2024-05-31 15:13:39,741 - utils - INFO - MAL Headers Loaded
2024-05-31 15:13:39,743 - utils - INFO - 
        SELECT date_pulled
        FROM `mal-data-engineering.my_anime_list.top_airing_anime`
        WHERE DATE(date_pulled) = DATE('2024-06-01')
        
2024-05-31 15:13:41,901 - utils - INFO - Table exists
2024-05-31 15:13:46,543 - utils - INFO - Top Airing Anime updated
