2024-12-17 15:14:45,606 - utils - INFO - Getting Keys. Current Working Directory: /__w/data_engineering_learning/data_engineering_learning
2024-12-17 15:14:45,606 - utils - INFO - Google Application Credentials Set
2024-12-17 15:14:45,606 - utils - INFO - /__w/data_engineering_learning/data_engineering_learning/secrets/headers.json
2024-12-17 15:14:45,606 - utils - INFO - MAL Headers Loaded
2024-12-17 15:14:45,606 - utils - INFO - Getting Keys. Current Working Directory: /__w/data_engineering_learning/data_engineering_learning
2024-12-17 15:14:45,606 - utils - INFO - Google Application Credentials Set
2024-12-17 15:14:45,607 - utils - INFO - /__w/data_engineering_learning/data_engineering_learning/secrets/headers.json
2024-12-17 15:14:45,607 - utils - INFO - MAL Headers Loaded
2024-12-17 15:14:45,610 - utils - INFO - 
        SELECT date_pulled
        FROM `mal-data-engineering.my_anime_list.top_airing_anime`
        WHERE DATE(date_pulled) = CURRENT_DATE('Asia/Tokyo')
        
2024-12-17 15:14:47,117 - utils - INFO - Top Airing Anime not yet updated. Pulling from API
2024-12-17 15:14:49,535 - utils - INFO - Getting Keys. Current Working Directory: /__w/data_engineering_learning/data_engineering_learning
2024-12-17 15:14:49,535 - utils - INFO - Google Application Credentials Set
2024-12-17 15:14:49,535 - utils - INFO - /__w/data_engineering_learning/data_engineering_learning/secrets/headers.json
2024-12-17 15:14:49,535 - utils - INFO - MAL Headers Loaded
2024-12-17 15:14:49,544 - utils - INFO - Getting Keys. Current Working Directory: /__w/data_engineering_learning/data_engineering_learning
2024-12-17 15:14:49,545 - utils - INFO - Google Application Credentials Set
2024-12-17 15:14:49,545 - utils - INFO - /__w/data_engineering_learning/data_engineering_learning/secrets/headers.json
2024-12-17 15:14:49,545 - utils - INFO - MAL Headers Loaded
2024-12-17 15:14:49,547 - utils - INFO - 
        SELECT date_pulled
        FROM `mal-data-engineering.my_anime_list.top_airing_anime`
        WHERE DATE(date_pulled) = DATE('2024-12-18')
        
2024-12-17 15:14:51,051 - utils - INFO - Table exists
2024-12-17 15:14:55,600 - utils - INFO - Top Airing Anime updated
