2024-10-13 15:12:53,104 - utils - INFO - Getting Keys. Current Working Directory: /__w/data_engineering_learning/data_engineering_learning
2024-10-13 15:12:53,104 - utils - INFO - Google Application Credentials Set
2024-10-13 15:12:53,104 - utils - INFO - /__w/data_engineering_learning/data_engineering_learning/secrets/headers.json
2024-10-13 15:12:53,104 - utils - INFO - MAL Headers Loaded
2024-10-13 15:12:53,104 - utils - INFO - Getting Keys. Current Working Directory: /__w/data_engineering_learning/data_engineering_learning
2024-10-13 15:12:53,104 - utils - INFO - Google Application Credentials Set
2024-10-13 15:12:53,104 - utils - INFO - /__w/data_engineering_learning/data_engineering_learning/secrets/headers.json
2024-10-13 15:12:53,104 - utils - INFO - MAL Headers Loaded
2024-10-13 15:12:53,108 - utils - INFO - 
        SELECT date_pulled
        FROM `mal-data-engineering.my_anime_list.top_airing_anime`
        WHERE DATE(date_pulled) = CURRENT_DATE('Asia/Tokyo')
        
2024-10-13 15:12:54,480 - utils - INFO - Top Airing Anime not yet updated. Pulling from API
2024-10-13 15:12:55,441 - utils - INFO - Getting Keys. Current Working Directory: /__w/data_engineering_learning/data_engineering_learning
2024-10-13 15:12:55,441 - utils - INFO - Google Application Credentials Set
2024-10-13 15:12:55,441 - utils - INFO - /__w/data_engineering_learning/data_engineering_learning/secrets/headers.json
2024-10-13 15:12:55,442 - utils - INFO - MAL Headers Loaded
2024-10-13 15:12:55,451 - utils - INFO - Getting Keys. Current Working Directory: /__w/data_engineering_learning/data_engineering_learning
2024-10-13 15:12:55,451 - utils - INFO - Google Application Credentials Set
2024-10-13 15:12:55,451 - utils - INFO - /__w/data_engineering_learning/data_engineering_learning/secrets/headers.json
2024-10-13 15:12:55,451 - utils - INFO - MAL Headers Loaded
2024-10-13 15:12:55,453 - utils - INFO - 
        SELECT date_pulled
        FROM `mal-data-engineering.my_anime_list.top_airing_anime`
        WHERE DATE(date_pulled) = DATE('2024-10-14')
        
2024-10-13 15:12:56,792 - utils - INFO - Table exists
2024-10-13 15:13:00,098 - utils - INFO - Top Airing Anime updated
2024-10-13 15:30:24,806 - utils - INFO - Getting Keys. Current Working Directory: /__w/data_engineering_learning/data_engineering_learning
2024-10-13 15:30:24,806 - utils - INFO - Google Application Credentials Set
2024-10-13 15:30:24,806 - utils - INFO - /__w/data_engineering_learning/data_engineering_learning/secrets/headers.json
2024-10-13 15:30:24,806 - utils - INFO - MAL Headers Loaded
2024-10-13 15:30:24,806 - utils - INFO - Getting Keys. Current Working Directory: /__w/data_engineering_learning/data_engineering_learning
2024-10-13 15:30:24,807 - utils - INFO - Google Application Credentials Set
2024-10-13 15:30:24,807 - utils - INFO - /__w/data_engineering_learning/data_engineering_learning/secrets/headers.json
2024-10-13 15:30:24,807 - utils - INFO - MAL Headers Loaded
2024-10-13 15:30:24,810 - utils - INFO - 
        SELECT date_pulled
        FROM `mal-data-engineering.my_anime_list.weekly_top_10`
        WHERE DATE(date_pulled) = CURRENT_DATE('Asia/Tokyo')
        
2024-10-13 15:30:26,297 - utils - INFO - 
        WITH ranked_anime AS (
            SELECT
                tw.date_pulled,
                tw.myanimelist_id,
                tw.title,
                tw.rank,
                tw.score,
                (tw.rank - lw.rank) as rank_change,
                (tw.score - lw.score) as score_change,
                ROW_NUMBER() OVER (PARTITION BY tw.date_pulled ORDER BY tw.rank) AS rank_within_date
            FROM
                (SELECT * FROM `mal-data-engineering.my_anime_list.top_airing_anime`
                  WHERE DATE(date_pulled) = CURRENT_DATE('Asia/Tokyo')
                ) AS tw
            LEFT JOIN
                (SELECT * FROM `mal-data-engineering.my_anime_list.top_airing_anime`
                  WHERE DATE(date_pulled) = DATE_ADD(CURRENT_DATE('Asia/Tokyo'), INTERVAL -7 DAY)
                ) AS lw
            ON
                tw.myanimelist_id = lw.myanimelist_id
            )

            SELECT
            date_pulled,
            myanimelist_id,
            title,
            rank,
            score,
            rank_change,
            score_change
            FROM
            ranked_anime
            WHERE
            rank_within_date <= 10
            ORDER BY
            rank_within_date,
            date_pulled DESC
            ;
        
2024-10-13 15:30:29,050 - utils - INFO - Table exists
2024-10-13 15:30:33,702 - utils - INFO - Weekly Top 10 table updated
2024-10-13 15:39:38,019 - utils - INFO - Getting Keys. Current Working Directory: /__w/data_engineering_learning/data_engineering_learning
2024-10-13 15:39:38,019 - utils - INFO - Google Application Credentials Set
2024-10-13 15:39:38,019 - utils - INFO - /__w/data_engineering_learning/data_engineering_learning/secrets/headers.json
2024-10-13 15:39:38,019 - utils - INFO - MAL Headers Loaded
2024-10-13 15:39:38,020 - utils - INFO - Getting Keys. Current Working Directory: /__w/data_engineering_learning/data_engineering_learning
2024-10-13 15:39:38,020 - utils - INFO - Google Application Credentials Set
2024-10-13 15:39:38,020 - utils - INFO - /__w/data_engineering_learning/data_engineering_learning/secrets/headers.json
2024-10-13 15:39:38,020 - utils - INFO - MAL Headers Loaded
2024-10-13 15:39:38,024 - utils - INFO - 
        SELECT DISTINCT(taa.myanimelist_id)
        FROM `mal-data-engineering.my_anime_list.top_airing_anime` AS taa
        LEFT JOIN `mal-data-engineering.my_anime_list.anime_info` AS ai
        ON taa.myanimelist_id = ai.myanimelist_id
        WHERE DATE(taa.date_pulled) = CURRENT_DATE()
        AND ai.myanimelist_id IS NULL
        
2024-10-13 15:39:39,171 - utils - INFO - Anime ids not in table yet: 18
2024-10-13 15:39:55,059 - utils - INFO - Getting Keys. Current Working Directory: /__w/data_engineering_learning/data_engineering_learning
2024-10-13 15:39:55,059 - utils - INFO - Google Application Credentials Set
2024-10-13 15:39:55,060 - utils - INFO - /__w/data_engineering_learning/data_engineering_learning/secrets/headers.json
2024-10-13 15:39:55,060 - utils - INFO - MAL Headers Loaded
2024-10-13 15:39:55,060 - utils - INFO - Getting Keys. Current Working Directory: /__w/data_engineering_learning/data_engineering_learning
2024-10-13 15:39:55,060 - utils - INFO - Google Application Credentials Set
2024-10-13 15:39:55,060 - utils - INFO - /__w/data_engineering_learning/data_engineering_learning/secrets/headers.json
2024-10-13 15:39:55,060 - utils - INFO - MAL Headers Loaded
2024-10-13 15:39:55,062 - utils - INFO - 
        SELECT DISTINCT(taa.myanimelist_id)
        FROM `mal-data-engineering.my_anime_list.top_airing_anime` AS taa
        LEFT JOIN `mal-data-engineering.my_anime_list.anime_info` AS ai
        ON taa.myanimelist_id = ai.myanimelist_id
        WHERE DATE(taa.date_pulled) = CURRENT_DATE()
        AND ai.myanimelist_id IS NULL
        
2024-10-13 15:39:56,081 - utils - INFO - Anime ids not in table yet: 18
2024-10-13 15:39:56,095 - utils - INFO - Anime Info rows to upload:15
2024-10-13 15:39:56,406 - utils - INFO - Table exists
