2024-05-19 15:10:24,379 - utils - INFO - Getting Keys. Current Working Directory: /__w/data_engineering_learning/data_engineering_learning
2024-05-19 15:10:24,379 - utils - INFO - Google Application Credentials Set
2024-05-19 15:10:24,379 - utils - INFO - /__w/data_engineering_learning/data_engineering_learning/secrets/headers.json
2024-05-19 15:10:24,380 - utils - INFO - MAL Headers Loaded
2024-05-19 15:10:24,380 - utils - INFO - Getting Keys. Current Working Directory: /__w/data_engineering_learning/data_engineering_learning
2024-05-19 15:10:24,380 - utils - INFO - Google Application Credentials Set
2024-05-19 15:10:24,380 - utils - INFO - /__w/data_engineering_learning/data_engineering_learning/secrets/headers.json
2024-05-19 15:10:24,380 - utils - INFO - MAL Headers Loaded
2024-05-19 15:10:24,383 - utils - INFO - 
        SELECT date_pulled
        FROM `mal-data-engineering.my_anime_list.top_airing_anime`
        WHERE DATE(date_pulled) = CURRENT_DATE('Asia/Tokyo')
        
2024-05-19 15:10:25,552 - utils - INFO - Top Airing Anime not yet updated. Pulling from API
2024-05-19 15:10:27,958 - utils - INFO - Getting Keys. Current Working Directory: /__w/data_engineering_learning/data_engineering_learning
2024-05-19 15:10:27,958 - utils - INFO - Google Application Credentials Set
2024-05-19 15:10:27,958 - utils - INFO - /__w/data_engineering_learning/data_engineering_learning/secrets/headers.json
2024-05-19 15:10:27,959 - utils - INFO - MAL Headers Loaded
2024-05-19 15:10:27,968 - utils - INFO - Getting Keys. Current Working Directory: /__w/data_engineering_learning/data_engineering_learning
2024-05-19 15:10:27,968 - utils - INFO - Google Application Credentials Set
2024-05-19 15:10:27,968 - utils - INFO - /__w/data_engineering_learning/data_engineering_learning/secrets/headers.json
2024-05-19 15:10:27,968 - utils - INFO - MAL Headers Loaded
2024-05-19 15:10:27,971 - utils - INFO - 
        SELECT date_pulled
        FROM `mal-data-engineering.my_anime_list.top_airing_anime`
        WHERE DATE(date_pulled) = DATE('2024-05-20')
        
2024-05-19 15:10:29,256 - utils - INFO - Table exists
2024-05-19 15:10:34,847 - utils - INFO - Top Airing Anime updated
2024-05-19 15:24:15,484 - utils - INFO - Getting Keys. Current Working Directory: /__w/data_engineering_learning/data_engineering_learning
2024-05-19 15:24:15,484 - utils - INFO - Google Application Credentials Set
2024-05-19 15:24:15,484 - utils - INFO - /__w/data_engineering_learning/data_engineering_learning/secrets/headers.json
2024-05-19 15:24:15,484 - utils - INFO - MAL Headers Loaded
2024-05-19 15:24:15,484 - utils - INFO - Getting Keys. Current Working Directory: /__w/data_engineering_learning/data_engineering_learning
2024-05-19 15:24:15,484 - utils - INFO - Google Application Credentials Set
2024-05-19 15:24:15,484 - utils - INFO - /__w/data_engineering_learning/data_engineering_learning/secrets/headers.json
2024-05-19 15:24:15,484 - utils - INFO - MAL Headers Loaded
2024-05-19 15:24:15,488 - utils - INFO - 
        SELECT date_pulled
        FROM `mal-data-engineering.my_anime_list.weekly_top_10`
        WHERE DATE(date_pulled) = CURRENT_DATE('Asia/Tokyo')
        
2024-05-19 15:24:16,986 - utils - INFO - 
        WITH ranked_anime AS (
            SELECT
                tw.date_pulled,
                tw.myanimelist_id,
                tw.title,
                tw.rank,
                tw.score,
                (tw.rank - lw.rank) as rank_change,
                (tw.score - lw.score) as score_change,
                ROW_NUMBER() OVER (PARTITION BY tw.date_pulled ORDER BY tw.rank) AS rank_within_date
            FROM
                (SELECT * FROM `mal-data-engineering.my_anime_list.top_airing_anime`
                  WHERE DATE(date_pulled) = CURRENT_DATE('Asia/Tokyo')
                ) AS tw
            LEFT JOIN
                (SELECT * FROM `mal-data-engineering.my_anime_list.top_airing_anime`
                  WHERE DATE(date_pulled) = DATE_ADD(CURRENT_DATE('Asia/Tokyo'), INTERVAL -7 DAY)
                ) AS lw
            ON
                tw.myanimelist_id = lw.myanimelist_id
            )

            SELECT
            date_pulled,
            myanimelist_id,
            title,
            rank,
            score,
            rank_change,
            score_change
            FROM
            ranked_anime
            WHERE
            rank_within_date <= 10
            ORDER BY
            rank_within_date,
            date_pulled DESC
            ;
        
2024-05-19 15:24:19,608 - utils - INFO - Table exists
2024-05-19 15:24:22,412 - utils - INFO - Weekly Top 10 table updated
2024-05-19 15:36:53,234 - utils - INFO - Getting Keys. Current Working Directory: /__w/data_engineering_learning/data_engineering_learning
2024-05-19 15:36:53,234 - utils - INFO - Google Application Credentials Set
2024-05-19 15:36:53,234 - utils - INFO - /__w/data_engineering_learning/data_engineering_learning/secrets/headers.json
2024-05-19 15:36:53,234 - utils - INFO - MAL Headers Loaded
2024-05-19 15:36:53,234 - utils - INFO - Getting Keys. Current Working Directory: /__w/data_engineering_learning/data_engineering_learning
2024-05-19 15:36:53,234 - utils - INFO - Google Application Credentials Set
2024-05-19 15:36:53,234 - utils - INFO - /__w/data_engineering_learning/data_engineering_learning/secrets/headers.json
2024-05-19 15:36:53,235 - utils - INFO - MAL Headers Loaded
2024-05-19 15:36:53,238 - utils - INFO - 
        SELECT DISTINCT(taa.myanimelist_id)
        FROM `mal-data-engineering.my_anime_list.top_airing_anime` AS taa
        LEFT JOIN `mal-data-engineering.my_anime_list.anime_info` AS ai
        ON taa.myanimelist_id = ai.myanimelist_id
        WHERE DATE(taa.date_pulled) = CURRENT_DATE()
        AND ai.myanimelist_id IS NULL
        
2024-05-19 15:36:54,463 - utils - INFO - Anime ids not in table yet: 18
2024-05-19 15:37:07,217 - utils - INFO - Getting Keys. Current Working Directory: /__w/data_engineering_learning/data_engineering_learning
2024-05-19 15:37:07,217 - utils - INFO - Google Application Credentials Set
2024-05-19 15:37:07,217 - utils - INFO - /__w/data_engineering_learning/data_engineering_learning/secrets/headers.json
2024-05-19 15:37:07,217 - utils - INFO - MAL Headers Loaded
2024-05-19 15:37:07,217 - utils - INFO - Getting Keys. Current Working Directory: /__w/data_engineering_learning/data_engineering_learning
2024-05-19 15:37:07,217 - utils - INFO - Google Application Credentials Set
2024-05-19 15:37:07,217 - utils - INFO - /__w/data_engineering_learning/data_engineering_learning/secrets/headers.json
2024-05-19 15:37:07,217 - utils - INFO - MAL Headers Loaded
2024-05-19 15:37:07,219 - utils - INFO - 
        SELECT DISTINCT(taa.myanimelist_id)
        FROM `mal-data-engineering.my_anime_list.top_airing_anime` AS taa
        LEFT JOIN `mal-data-engineering.my_anime_list.anime_info` AS ai
        ON taa.myanimelist_id = ai.myanimelist_id
        WHERE DATE(taa.date_pulled) = CURRENT_DATE()
        AND ai.myanimelist_id IS NULL
        
2024-05-19 15:37:08,363 - utils - INFO - Anime ids not in table yet: 18
2024-05-19 15:37:08,380 - utils - INFO - Anime Info rows to upload:1
2024-05-19 15:37:08,658 - utils - INFO - Table exists
