2024-11-20 15:14:32,776 - utils - INFO - Getting Keys. Current Working Directory: /__w/data_engineering_learning/data_engineering_learning
2024-11-20 15:14:32,776 - utils - INFO - Google Application Credentials Set
2024-11-20 15:14:32,776 - utils - INFO - /__w/data_engineering_learning/data_engineering_learning/secrets/headers.json
2024-11-20 15:14:32,776 - utils - INFO - MAL Headers Loaded
2024-11-20 15:14:32,776 - utils - INFO - Getting Keys. Current Working Directory: /__w/data_engineering_learning/data_engineering_learning
2024-11-20 15:14:32,776 - utils - INFO - Google Application Credentials Set
2024-11-20 15:14:32,776 - utils - INFO - /__w/data_engineering_learning/data_engineering_learning/secrets/headers.json
2024-11-20 15:14:32,776 - utils - INFO - MAL Headers Loaded
2024-11-20 15:14:32,780 - utils - INFO - 
        SELECT date_pulled
        FROM `mal-data-engineering.my_anime_list.top_airing_anime`
        WHERE DATE(date_pulled) = CURRENT_DATE('Asia/Tokyo')
        
2024-11-20 15:14:34,215 - utils - INFO - Top Airing Anime not yet updated. Pulling from API
2024-11-20 15:14:36,428 - utils - INFO - Getting Keys. Current Working Directory: /__w/data_engineering_learning/data_engineering_learning
2024-11-20 15:14:36,428 - utils - INFO - Google Application Credentials Set
2024-11-20 15:14:36,428 - utils - INFO - /__w/data_engineering_learning/data_engineering_learning/secrets/headers.json
2024-11-20 15:14:36,428 - utils - INFO - MAL Headers Loaded
2024-11-20 15:14:36,437 - utils - INFO - Getting Keys. Current Working Directory: /__w/data_engineering_learning/data_engineering_learning
2024-11-20 15:14:36,437 - utils - INFO - Google Application Credentials Set
2024-11-20 15:14:36,438 - utils - INFO - /__w/data_engineering_learning/data_engineering_learning/secrets/headers.json
2024-11-20 15:14:36,438 - utils - INFO - MAL Headers Loaded
2024-11-20 15:14:36,440 - utils - INFO - 
        SELECT date_pulled
        FROM `mal-data-engineering.my_anime_list.top_airing_anime`
        WHERE DATE(date_pulled) = DATE('2024-11-21')
        
2024-11-20 15:14:37,746 - utils - INFO - Table exists
2024-11-20 15:14:41,306 - utils - INFO - Top Airing Anime updated
