2024-07-07 15:11:51,059 - utils - INFO - Getting Keys. Current Working Directory: /__w/data_engineering_learning/data_engineering_learning
2024-07-07 15:11:51,059 - utils - INFO - Google Application Credentials Set
2024-07-07 15:11:51,060 - utils - INFO - /__w/data_engineering_learning/data_engineering_learning/secrets/headers.json
2024-07-07 15:11:51,060 - utils - INFO - MAL Headers Loaded
2024-07-07 15:11:51,060 - utils - INFO - Getting Keys. Current Working Directory: /__w/data_engineering_learning/data_engineering_learning
2024-07-07 15:11:51,060 - utils - INFO - Google Application Credentials Set
2024-07-07 15:11:51,060 - utils - INFO - /__w/data_engineering_learning/data_engineering_learning/secrets/headers.json
2024-07-07 15:11:51,060 - utils - INFO - MAL Headers Loaded
2024-07-07 15:11:51,063 - utils - INFO - 
        SELECT date_pulled
        FROM `mal-data-engineering.my_anime_list.top_airing_anime`
        WHERE DATE(date_pulled) = CURRENT_DATE('Asia/Tokyo')
        
2024-07-07 15:11:52,420 - utils - INFO - Top Airing Anime not yet updated. Pulling from API
2024-07-07 15:11:54,478 - utils - INFO - Getting Keys. Current Working Directory: /__w/data_engineering_learning/data_engineering_learning
2024-07-07 15:11:54,478 - utils - INFO - Google Application Credentials Set
2024-07-07 15:11:54,478 - utils - INFO - /__w/data_engineering_learning/data_engineering_learning/secrets/headers.json
2024-07-07 15:11:54,478 - utils - INFO - MAL Headers Loaded
2024-07-07 15:11:54,488 - utils - INFO - Getting Keys. Current Working Directory: /__w/data_engineering_learning/data_engineering_learning
2024-07-07 15:11:54,488 - utils - INFO - Google Application Credentials Set
2024-07-07 15:11:54,488 - utils - INFO - /__w/data_engineering_learning/data_engineering_learning/secrets/headers.json
2024-07-07 15:11:54,488 - utils - INFO - MAL Headers Loaded
2024-07-07 15:11:54,490 - utils - INFO - 
        SELECT date_pulled
        FROM `mal-data-engineering.my_anime_list.top_airing_anime`
        WHERE DATE(date_pulled) = DATE('2024-07-08')
        
2024-07-07 15:11:55,733 - utils - INFO - Table exists
2024-07-07 15:11:58,819 - utils - INFO - Top Airing Anime updated
