2024-09-05 15:13:07,225 - utils - INFO - Getting Keys. Current Working Directory: /__w/data_engineering_learning/data_engineering_learning
2024-09-05 15:13:07,225 - utils - INFO - Google Application Credentials Set
2024-09-05 15:13:07,225 - utils - INFO - /__w/data_engineering_learning/data_engineering_learning/secrets/headers.json
2024-09-05 15:13:07,226 - utils - INFO - MAL Headers Loaded
2024-09-05 15:13:07,226 - utils - INFO - Getting Keys. Current Working Directory: /__w/data_engineering_learning/data_engineering_learning
2024-09-05 15:13:07,226 - utils - INFO - Google Application Credentials Set
2024-09-05 15:13:07,226 - utils - INFO - /__w/data_engineering_learning/data_engineering_learning/secrets/headers.json
2024-09-05 15:13:07,226 - utils - INFO - MAL Headers Loaded
2024-09-05 15:13:07,229 - utils - INFO - 
        SELECT date_pulled
        FROM `mal-data-engineering.my_anime_list.top_airing_anime`
        WHERE DATE(date_pulled) = CURRENT_DATE('Asia/Tokyo')
        
2024-09-05 15:13:08,403 - utils - INFO - Top Airing Anime not yet updated. Pulling from API
2024-09-05 15:13:09,159 - utils - INFO - Getting Keys. Current Working Directory: /__w/data_engineering_learning/data_engineering_learning
2024-09-05 15:13:09,159 - utils - INFO - Google Application Credentials Set
2024-09-05 15:13:09,159 - utils - INFO - /__w/data_engineering_learning/data_engineering_learning/secrets/headers.json
2024-09-05 15:13:09,159 - utils - INFO - MAL Headers Loaded
2024-09-05 15:13:09,169 - utils - INFO - Getting Keys. Current Working Directory: /__w/data_engineering_learning/data_engineering_learning
2024-09-05 15:13:09,169 - utils - INFO - Google Application Credentials Set
2024-09-05 15:13:09,170 - utils - INFO - /__w/data_engineering_learning/data_engineering_learning/secrets/headers.json
2024-09-05 15:13:09,170 - utils - INFO - MAL Headers Loaded
2024-09-05 15:13:09,172 - utils - INFO - 
        SELECT date_pulled
        FROM `mal-data-engineering.my_anime_list.top_airing_anime`
        WHERE DATE(date_pulled) = DATE('2024-09-06')
        
2024-09-05 15:13:10,331 - utils - INFO - Table exists
2024-09-05 15:13:14,249 - utils - INFO - Top Airing Anime updated
