2024-05-08 15:10:57,192 - utils - INFO - Getting Keys. Current Working Directory: /__w/data_engineering_learning/data_engineering_learning
2024-05-08 15:10:57,193 - utils - INFO - Google Application Credentials Set
2024-05-08 15:10:57,193 - utils - INFO - /__w/data_engineering_learning/data_engineering_learning/secrets/headers.json
2024-05-08 15:10:57,193 - utils - INFO - MAL Headers Loaded
2024-05-08 15:10:57,193 - utils - INFO - Getting Keys. Current Working Directory: /__w/data_engineering_learning/data_engineering_learning
2024-05-08 15:10:57,193 - utils - INFO - Google Application Credentials Set
2024-05-08 15:10:57,193 - utils - INFO - /__w/data_engineering_learning/data_engineering_learning/secrets/headers.json
2024-05-08 15:10:57,193 - utils - INFO - MAL Headers Loaded
2024-05-08 15:10:57,197 - utils - INFO - 
        SELECT date_pulled
        FROM `mal-data-engineering.my_anime_list.top_airing_anime`
        WHERE DATE(date_pulled) = CURRENT_DATE('Asia/Tokyo')
        
2024-05-08 15:10:58,768 - utils - INFO - Top Airing Anime not yet updated. Pulling from API
2024-05-08 15:10:59,623 - utils - INFO - Getting Keys. Current Working Directory: /__w/data_engineering_learning/data_engineering_learning
2024-05-08 15:10:59,623 - utils - INFO - Google Application Credentials Set
2024-05-08 15:10:59,623 - utils - INFO - /__w/data_engineering_learning/data_engineering_learning/secrets/headers.json
2024-05-08 15:10:59,623 - utils - INFO - MAL Headers Loaded
2024-05-08 15:10:59,633 - utils - INFO - Getting Keys. Current Working Directory: /__w/data_engineering_learning/data_engineering_learning
2024-05-08 15:10:59,633 - utils - INFO - Google Application Credentials Set
2024-05-08 15:10:59,633 - utils - INFO - /__w/data_engineering_learning/data_engineering_learning/secrets/headers.json
2024-05-08 15:10:59,633 - utils - INFO - MAL Headers Loaded
2024-05-08 15:10:59,635 - utils - INFO - 
        SELECT date_pulled
        FROM `mal-data-engineering.my_anime_list.top_airing_anime`
        WHERE DATE(date_pulled) = DATE('2024-05-09')
        
2024-05-08 15:11:01,378 - utils - INFO - Table exists
2024-05-08 15:11:06,138 - utils - INFO - Top Airing Anime updated
