2024-02-08 15:10:53,593 - utils - INFO - Getting Keys. Current Working Directory: /__w/data_engineering_learning/data_engineering_learning
2024-02-08 15:10:53,593 - utils - INFO - Google Application Credentials Set
2024-02-08 15:10:53,593 - utils - INFO - /__w/data_engineering_learning/data_engineering_learning/secrets/headers.json
2024-02-08 15:10:53,593 - utils - INFO - MAL Headers Loaded
2024-02-08 15:10:53,593 - utils - INFO - Getting Keys. Current Working Directory: /__w/data_engineering_learning/data_engineering_learning
2024-02-08 15:10:53,593 - utils - INFO - Google Application Credentials Set
2024-02-08 15:10:53,593 - utils - INFO - /__w/data_engineering_learning/data_engineering_learning/secrets/headers.json
2024-02-08 15:10:53,593 - utils - INFO - MAL Headers Loaded
2024-02-08 15:10:53,597 - utils - INFO - 
        SELECT date_pulled
        FROM `mal-data-engineering.my_anime_list.top_airing_anime`
        WHERE DATE(date_pulled) = CURRENT_DATE('Asia/Tokyo')
        
2024-02-08 15:10:55,377 - utils - INFO - Top Airing Anime not yet updated. Pulling from API
2024-02-08 15:10:57,886 - utils - INFO - Getting Keys. Current Working Directory: /__w/data_engineering_learning/data_engineering_learning
2024-02-08 15:10:57,886 - utils - INFO - Google Application Credentials Set
2024-02-08 15:10:57,886 - utils - INFO - /__w/data_engineering_learning/data_engineering_learning/secrets/headers.json
2024-02-08 15:10:57,886 - utils - INFO - MAL Headers Loaded
2024-02-08 15:10:57,896 - utils - INFO - Getting Keys. Current Working Directory: /__w/data_engineering_learning/data_engineering_learning
2024-02-08 15:10:57,896 - utils - INFO - Google Application Credentials Set
2024-02-08 15:10:57,896 - utils - INFO - /__w/data_engineering_learning/data_engineering_learning/secrets/headers.json
2024-02-08 15:10:57,896 - utils - INFO - MAL Headers Loaded
2024-02-08 15:10:57,899 - utils - INFO - 
        SELECT date_pulled
        FROM `mal-data-engineering.my_anime_list.top_airing_anime`
        WHERE DATE(date_pulled) = DATE('2024-02-09')
        
2024-02-08 15:10:59,638 - utils - INFO - Table exists
2024-02-08 15:11:03,073 - utils - INFO - Top Airing Anime updated
