2024-01-24 15:11:39,456 - utils - INFO - Getting Keys. Current Working Directory: /__w/data_engineering_learning/data_engineering_learning
2024-01-24 15:11:39,456 - utils - INFO - Google Application Credentials Set
2024-01-24 15:11:39,456 - utils - INFO - /__w/data_engineering_learning/data_engineering_learning/secrets/headers.json
2024-01-24 15:11:39,456 - utils - INFO - MAL Headers Loaded
2024-01-24 15:11:39,456 - utils - INFO - Getting Keys. Current Working Directory: /__w/data_engineering_learning/data_engineering_learning
2024-01-24 15:11:39,456 - utils - INFO - Google Application Credentials Set
2024-01-24 15:11:39,456 - utils - INFO - /__w/data_engineering_learning/data_engineering_learning/secrets/headers.json
2024-01-24 15:11:39,456 - utils - INFO - MAL Headers Loaded
2024-01-24 15:11:39,460 - utils - INFO - 
        SELECT date_pulled
        FROM `mal-data-engineering.my_anime_list.top_airing_anime`
        WHERE DATE(date_pulled) = CURRENT_DATE('Asia/Tokyo')
        
2024-01-24 15:11:41,091 - utils - INFO - Top Airing Anime not yet updated. Pulling from API
2024-01-24 15:11:44,045 - utils - INFO - Getting Keys. Current Working Directory: /__w/data_engineering_learning/data_engineering_learning
2024-01-24 15:11:44,045 - utils - INFO - Google Application Credentials Set
2024-01-24 15:11:44,045 - utils - INFO - /__w/data_engineering_learning/data_engineering_learning/secrets/headers.json
2024-01-24 15:11:44,045 - utils - INFO - MAL Headers Loaded
2024-01-24 15:11:44,055 - utils - INFO - Getting Keys. Current Working Directory: /__w/data_engineering_learning/data_engineering_learning
2024-01-24 15:11:44,055 - utils - INFO - Google Application Credentials Set
2024-01-24 15:11:44,055 - utils - INFO - /__w/data_engineering_learning/data_engineering_learning/secrets/headers.json
2024-01-24 15:11:44,055 - utils - INFO - MAL Headers Loaded
2024-01-24 15:11:44,058 - utils - INFO - 
        SELECT date_pulled
        FROM `mal-data-engineering.my_anime_list.top_airing_anime`
        WHERE DATE(date_pulled) = DATE('2024-01-25')
        
2024-01-24 15:11:45,538 - utils - INFO - Table exists
2024-01-24 15:11:48,434 - utils - INFO - Top Airing Anime updated
