2024-10-22 15:14:02,473 - utils - INFO - Getting Keys. Current Working Directory: /__w/data_engineering_learning/data_engineering_learning
2024-10-22 15:14:02,473 - utils - INFO - Google Application Credentials Set
2024-10-22 15:14:02,473 - utils - INFO - /__w/data_engineering_learning/data_engineering_learning/secrets/headers.json
2024-10-22 15:14:02,473 - utils - INFO - MAL Headers Loaded
2024-10-22 15:14:02,473 - utils - INFO - Getting Keys. Current Working Directory: /__w/data_engineering_learning/data_engineering_learning
2024-10-22 15:14:02,473 - utils - INFO - Google Application Credentials Set
2024-10-22 15:14:02,473 - utils - INFO - /__w/data_engineering_learning/data_engineering_learning/secrets/headers.json
2024-10-22 15:14:02,473 - utils - INFO - MAL Headers Loaded
2024-10-22 15:14:02,477 - utils - INFO - 
        SELECT date_pulled
        FROM `mal-data-engineering.my_anime_list.top_airing_anime`
        WHERE DATE(date_pulled) = CURRENT_DATE('Asia/Tokyo')
        
2024-10-22 15:14:03,583 - utils - INFO - Top Airing Anime not yet updated. Pulling from API
2024-10-22 15:14:06,105 - utils - INFO - Getting Keys. Current Working Directory: /__w/data_engineering_learning/data_engineering_learning
2024-10-22 15:14:06,105 - utils - INFO - Google Application Credentials Set
2024-10-22 15:14:06,105 - utils - INFO - /__w/data_engineering_learning/data_engineering_learning/secrets/headers.json
2024-10-22 15:14:06,105 - utils - INFO - MAL Headers Loaded
2024-10-22 15:14:06,115 - utils - INFO - Getting Keys. Current Working Directory: /__w/data_engineering_learning/data_engineering_learning
2024-10-22 15:14:06,115 - utils - INFO - Google Application Credentials Set
2024-10-22 15:14:06,115 - utils - INFO - /__w/data_engineering_learning/data_engineering_learning/secrets/headers.json
2024-10-22 15:14:06,115 - utils - INFO - MAL Headers Loaded
2024-10-22 15:14:06,118 - utils - INFO - 
        SELECT date_pulled
        FROM `mal-data-engineering.my_anime_list.top_airing_anime`
        WHERE DATE(date_pulled) = DATE('2024-10-23')
        
2024-10-22 15:14:07,311 - utils - INFO - Table exists
2024-10-22 15:14:10,319 - utils - INFO - Top Airing Anime updated
