2024-05-11 15:09:54,197 - utils - INFO - Getting Keys. Current Working Directory: /__w/data_engineering_learning/data_engineering_learning
2024-05-11 15:09:54,197 - utils - INFO - Google Application Credentials Set
2024-05-11 15:09:54,197 - utils - INFO - /__w/data_engineering_learning/data_engineering_learning/secrets/headers.json
2024-05-11 15:09:54,197 - utils - INFO - MAL Headers Loaded
2024-05-11 15:09:54,197 - utils - INFO - Getting Keys. Current Working Directory: /__w/data_engineering_learning/data_engineering_learning
2024-05-11 15:09:54,197 - utils - INFO - Google Application Credentials Set
2024-05-11 15:09:54,197 - utils - INFO - /__w/data_engineering_learning/data_engineering_learning/secrets/headers.json
2024-05-11 15:09:54,197 - utils - INFO - MAL Headers Loaded
2024-05-11 15:09:54,201 - utils - INFO - 
        SELECT date_pulled
        FROM `mal-data-engineering.my_anime_list.top_airing_anime`
        WHERE DATE(date_pulled) = CURRENT_DATE('Asia/Tokyo')
        
2024-05-11 15:09:55,683 - utils - INFO - Top Airing Anime not yet updated. Pulling from API
2024-05-11 15:09:58,332 - utils - INFO - Getting Keys. Current Working Directory: /__w/data_engineering_learning/data_engineering_learning
2024-05-11 15:09:58,332 - utils - INFO - Google Application Credentials Set
2024-05-11 15:09:58,332 - utils - INFO - /__w/data_engineering_learning/data_engineering_learning/secrets/headers.json
2024-05-11 15:09:58,332 - utils - INFO - MAL Headers Loaded
2024-05-11 15:09:58,342 - utils - INFO - Getting Keys. Current Working Directory: /__w/data_engineering_learning/data_engineering_learning
2024-05-11 15:09:58,342 - utils - INFO - Google Application Credentials Set
2024-05-11 15:09:58,342 - utils - INFO - /__w/data_engineering_learning/data_engineering_learning/secrets/headers.json
2024-05-11 15:09:58,342 - utils - INFO - MAL Headers Loaded
2024-05-11 15:09:58,344 - utils - INFO - 
        SELECT date_pulled
        FROM `mal-data-engineering.my_anime_list.top_airing_anime`
        WHERE DATE(date_pulled) = DATE('2024-05-12')
        
2024-05-11 15:09:59,814 - utils - INFO - Table exists
2024-05-11 15:10:03,237 - utils - INFO - Top Airing Anime updated
