2024-12-01 15:12:59,065 - utils - INFO - Getting Keys. Current Working Directory: /__w/data_engineering_learning/data_engineering_learning
2024-12-01 15:12:59,065 - utils - INFO - Google Application Credentials Set
2024-12-01 15:12:59,065 - utils - INFO - /__w/data_engineering_learning/data_engineering_learning/secrets/headers.json
2024-12-01 15:12:59,065 - utils - INFO - MAL Headers Loaded
2024-12-01 15:12:59,065 - utils - INFO - Getting Keys. Current Working Directory: /__w/data_engineering_learning/data_engineering_learning
2024-12-01 15:12:59,066 - utils - INFO - Google Application Credentials Set
2024-12-01 15:12:59,066 - utils - INFO - /__w/data_engineering_learning/data_engineering_learning/secrets/headers.json
2024-12-01 15:12:59,066 - utils - INFO - MAL Headers Loaded
2024-12-01 15:12:59,069 - utils - INFO - 
        SELECT date_pulled
        FROM `mal-data-engineering.my_anime_list.top_airing_anime`
        WHERE DATE(date_pulled) = CURRENT_DATE('Asia/Tokyo')
        
2024-12-01 15:13:00,376 - utils - INFO - Top Airing Anime not yet updated. Pulling from API
2024-12-01 15:13:02,385 - utils - INFO - Getting Keys. Current Working Directory: /__w/data_engineering_learning/data_engineering_learning
2024-12-01 15:13:02,385 - utils - INFO - Google Application Credentials Set
2024-12-01 15:13:02,385 - utils - INFO - /__w/data_engineering_learning/data_engineering_learning/secrets/headers.json
2024-12-01 15:13:02,385 - utils - INFO - MAL Headers Loaded
2024-12-01 15:13:02,395 - utils - INFO - Getting Keys. Current Working Directory: /__w/data_engineering_learning/data_engineering_learning
2024-12-01 15:13:02,395 - utils - INFO - Google Application Credentials Set
2024-12-01 15:13:02,395 - utils - INFO - /__w/data_engineering_learning/data_engineering_learning/secrets/headers.json
2024-12-01 15:13:02,395 - utils - INFO - MAL Headers Loaded
2024-12-01 15:13:02,397 - utils - INFO - 
        SELECT date_pulled
        FROM `mal-data-engineering.my_anime_list.top_airing_anime`
        WHERE DATE(date_pulled) = DATE('2024-12-02')
        
2024-12-01 15:13:03,697 - utils - INFO - Table exists
2024-12-01 15:13:07,321 - utils - INFO - Top Airing Anime updated
2024-12-01 15:29:13,388 - utils - INFO - Getting Keys. Current Working Directory: /__w/data_engineering_learning/data_engineering_learning
2024-12-01 15:29:13,388 - utils - INFO - Google Application Credentials Set
2024-12-01 15:29:13,388 - utils - INFO - /__w/data_engineering_learning/data_engineering_learning/secrets/headers.json
2024-12-01 15:29:13,388 - utils - INFO - MAL Headers Loaded
2024-12-01 15:29:13,388 - utils - INFO - Getting Keys. Current Working Directory: /__w/data_engineering_learning/data_engineering_learning
2024-12-01 15:29:13,388 - utils - INFO - Google Application Credentials Set
2024-12-01 15:29:13,388 - utils - INFO - /__w/data_engineering_learning/data_engineering_learning/secrets/headers.json
2024-12-01 15:29:13,388 - utils - INFO - MAL Headers Loaded
2024-12-01 15:29:13,392 - utils - INFO - 
        SELECT date_pulled
        FROM `mal-data-engineering.my_anime_list.weekly_top_10`
        WHERE DATE(date_pulled) = CURRENT_DATE('Asia/Tokyo')
        
2024-12-01 15:29:14,374 - utils - INFO - 
        WITH ranked_anime AS (
            SELECT
                tw.date_pulled,
                tw.myanimelist_id,
                tw.title,
                tw.rank,
                tw.score,
                (tw.rank - lw.rank) as rank_change,
                (tw.score - lw.score) as score_change,
                ROW_NUMBER() OVER (PARTITION BY tw.date_pulled ORDER BY tw.rank) AS rank_within_date
            FROM
                (SELECT * FROM `mal-data-engineering.my_anime_list.top_airing_anime`
                  WHERE DATE(date_pulled) = CURRENT_DATE('Asia/Tokyo')
                ) AS tw
            LEFT JOIN
                (SELECT * FROM `mal-data-engineering.my_anime_list.top_airing_anime`
                  WHERE DATE(date_pulled) = DATE_ADD(CURRENT_DATE('Asia/Tokyo'), INTERVAL -7 DAY)
                ) AS lw
            ON
                tw.myanimelist_id = lw.myanimelist_id
            )

            SELECT
            date_pulled,
            myanimelist_id,
            title,
            rank,
            score,
            rank_change,
            score_change
            FROM
            ranked_anime
            WHERE
            rank_within_date <= 10
            ORDER BY
            rank_within_date,
            date_pulled DESC
            ;
        
2024-12-01 15:29:17,033 - utils - INFO - Table exists
2024-12-01 15:29:21,080 - utils - INFO - Weekly Top 10 table updated
