2024-03-11 15:11:29,666 - utils - INFO - Getting Keys. Current Working Directory: /__w/data_engineering_learning/data_engineering_learning
2024-03-11 15:11:29,666 - utils - INFO - Google Application Credentials Set
2024-03-11 15:11:29,666 - utils - INFO - /__w/data_engineering_learning/data_engineering_learning/secrets/headers.json
2024-03-11 15:11:29,666 - utils - INFO - MAL Headers Loaded
2024-03-11 15:11:29,666 - utils - INFO - Getting Keys. Current Working Directory: /__w/data_engineering_learning/data_engineering_learning
2024-03-11 15:11:29,666 - utils - INFO - Google Application Credentials Set
2024-03-11 15:11:29,666 - utils - INFO - /__w/data_engineering_learning/data_engineering_learning/secrets/headers.json
2024-03-11 15:11:29,666 - utils - INFO - MAL Headers Loaded
2024-03-11 15:11:29,670 - utils - INFO - 
        SELECT date_pulled
        FROM `mal-data-engineering.my_anime_list.top_airing_anime`
        WHERE DATE(date_pulled) = CURRENT_DATE('Asia/Tokyo')
        
2024-03-11 15:11:31,325 - utils - INFO - Top Airing Anime not yet updated. Pulling from API
2024-03-11 15:11:32,293 - utils - INFO - Getting Keys. Current Working Directory: /__w/data_engineering_learning/data_engineering_learning
2024-03-11 15:11:32,293 - utils - INFO - Google Application Credentials Set
2024-03-11 15:11:32,293 - utils - INFO - /__w/data_engineering_learning/data_engineering_learning/secrets/headers.json
2024-03-11 15:11:32,293 - utils - INFO - MAL Headers Loaded
2024-03-11 15:11:32,302 - utils - INFO - Getting Keys. Current Working Directory: /__w/data_engineering_learning/data_engineering_learning
2024-03-11 15:11:32,302 - utils - INFO - Google Application Credentials Set
2024-03-11 15:11:32,302 - utils - INFO - /__w/data_engineering_learning/data_engineering_learning/secrets/headers.json
2024-03-11 15:11:32,302 - utils - INFO - MAL Headers Loaded
2024-03-11 15:11:32,305 - utils - INFO - 
        SELECT date_pulled
        FROM `mal-data-engineering.my_anime_list.top_airing_anime`
        WHERE DATE(date_pulled) = DATE('2024-03-12')
        
2024-03-11 15:11:34,154 - utils - INFO - Table exists
2024-03-11 15:11:37,517 - utils - INFO - Top Airing Anime updated
