2024-08-04 15:12:13,910 - utils - INFO - Getting Keys. Current Working Directory: /__w/data_engineering_learning/data_engineering_learning
2024-08-04 15:12:13,910 - utils - INFO - Google Application Credentials Set
2024-08-04 15:12:13,910 - utils - INFO - /__w/data_engineering_learning/data_engineering_learning/secrets/headers.json
2024-08-04 15:12:13,910 - utils - INFO - MAL Headers Loaded
2024-08-04 15:12:13,911 - utils - INFO - Getting Keys. Current Working Directory: /__w/data_engineering_learning/data_engineering_learning
2024-08-04 15:12:13,911 - utils - INFO - Google Application Credentials Set
2024-08-04 15:12:13,911 - utils - INFO - /__w/data_engineering_learning/data_engineering_learning/secrets/headers.json
2024-08-04 15:12:13,911 - utils - INFO - MAL Headers Loaded
2024-08-04 15:12:13,914 - utils - INFO - 
        SELECT date_pulled
        FROM `mal-data-engineering.my_anime_list.top_airing_anime`
        WHERE DATE(date_pulled) = CURRENT_DATE('Asia/Tokyo')
        
2024-08-04 15:12:15,212 - utils - INFO - Top Airing Anime not yet updated. Pulling from API
2024-08-04 15:12:15,873 - utils - INFO - Getting Keys. Current Working Directory: /__w/data_engineering_learning/data_engineering_learning
2024-08-04 15:12:15,873 - utils - INFO - Google Application Credentials Set
2024-08-04 15:12:15,873 - utils - INFO - /__w/data_engineering_learning/data_engineering_learning/secrets/headers.json
2024-08-04 15:12:15,873 - utils - INFO - MAL Headers Loaded
2024-08-04 15:12:15,883 - utils - INFO - Getting Keys. Current Working Directory: /__w/data_engineering_learning/data_engineering_learning
2024-08-04 15:12:15,883 - utils - INFO - Google Application Credentials Set
2024-08-04 15:12:15,883 - utils - INFO - /__w/data_engineering_learning/data_engineering_learning/secrets/headers.json
2024-08-04 15:12:15,883 - utils - INFO - MAL Headers Loaded
2024-08-04 15:12:15,885 - utils - INFO - 
        SELECT date_pulled
        FROM `mal-data-engineering.my_anime_list.top_airing_anime`
        WHERE DATE(date_pulled) = DATE('2024-08-05')
        
2024-08-04 15:12:17,178 - utils - INFO - Table exists
2024-08-04 15:12:21,553 - utils - INFO - Top Airing Anime updated
2024-08-04 15:26:22,933 - utils - INFO - Getting Keys. Current Working Directory: /__w/data_engineering_learning/data_engineering_learning
2024-08-04 15:26:22,934 - utils - INFO - Google Application Credentials Set
2024-08-04 15:26:22,934 - utils - INFO - /__w/data_engineering_learning/data_engineering_learning/secrets/headers.json
2024-08-04 15:26:22,934 - utils - INFO - MAL Headers Loaded
2024-08-04 15:26:22,934 - utils - INFO - Getting Keys. Current Working Directory: /__w/data_engineering_learning/data_engineering_learning
2024-08-04 15:26:22,934 - utils - INFO - Google Application Credentials Set
2024-08-04 15:26:22,934 - utils - INFO - /__w/data_engineering_learning/data_engineering_learning/secrets/headers.json
2024-08-04 15:26:22,934 - utils - INFO - MAL Headers Loaded
2024-08-04 15:26:22,937 - utils - INFO - 
        SELECT date_pulled
        FROM `mal-data-engineering.my_anime_list.weekly_top_10`
        WHERE DATE(date_pulled) = CURRENT_DATE('Asia/Tokyo')
        
2024-08-04 15:26:24,046 - utils - INFO - 
        WITH ranked_anime AS (
            SELECT
                tw.date_pulled,
                tw.myanimelist_id,
                tw.title,
                tw.rank,
                tw.score,
                (tw.rank - lw.rank) as rank_change,
                (tw.score - lw.score) as score_change,
                ROW_NUMBER() OVER (PARTITION BY tw.date_pulled ORDER BY tw.rank) AS rank_within_date
            FROM
                (SELECT * FROM `mal-data-engineering.my_anime_list.top_airing_anime`
                  WHERE DATE(date_pulled) = CURRENT_DATE('Asia/Tokyo')
                ) AS tw
            LEFT JOIN
                (SELECT * FROM `mal-data-engineering.my_anime_list.top_airing_anime`
                  WHERE DATE(date_pulled) = DATE_ADD(CURRENT_DATE('Asia/Tokyo'), INTERVAL -7 DAY)
                ) AS lw
            ON
                tw.myanimelist_id = lw.myanimelist_id
            )

            SELECT
            date_pulled,
            myanimelist_id,
            title,
            rank,
            score,
            rank_change,
            score_change
            FROM
            ranked_anime
            WHERE
            rank_within_date <= 10
            ORDER BY
            rank_within_date,
            date_pulled DESC
            ;
        
2024-08-04 15:26:28,149 - utils - INFO - Table exists
2024-08-04 15:26:32,692 - utils - INFO - Weekly Top 10 table updated
