2024-12-27 15:12:53,883 - utils - INFO - Getting Keys. Current Working Directory: /__w/data_engineering_learning/data_engineering_learning
2024-12-27 15:12:53,883 - utils - INFO - Google Application Credentials Set
2024-12-27 15:12:53,883 - utils - INFO - /__w/data_engineering_learning/data_engineering_learning/secrets/headers.json
2024-12-27 15:12:53,883 - utils - INFO - MAL Headers Loaded
2024-12-27 15:12:53,883 - utils - INFO - Getting Keys. Current Working Directory: /__w/data_engineering_learning/data_engineering_learning
2024-12-27 15:12:53,883 - utils - INFO - Google Application Credentials Set
2024-12-27 15:12:53,883 - utils - INFO - /__w/data_engineering_learning/data_engineering_learning/secrets/headers.json
2024-12-27 15:12:53,883 - utils - INFO - MAL Headers Loaded
2024-12-27 15:12:53,887 - utils - INFO - 
        SELECT date_pulled
        FROM `mal-data-engineering.my_anime_list.top_airing_anime`
        WHERE DATE(date_pulled) = CURRENT_DATE('Asia/Tokyo')
        
2024-12-27 15:12:55,325 - utils - INFO - Top Airing Anime not yet updated. Pulling from API
2024-12-27 15:12:57,736 - utils - INFO - Getting Keys. Current Working Directory: /__w/data_engineering_learning/data_engineering_learning
2024-12-27 15:12:57,736 - utils - INFO - Google Application Credentials Set
2024-12-27 15:12:57,736 - utils - INFO - /__w/data_engineering_learning/data_engineering_learning/secrets/headers.json
2024-12-27 15:12:57,736 - utils - INFO - MAL Headers Loaded
2024-12-27 15:12:57,746 - utils - INFO - Getting Keys. Current Working Directory: /__w/data_engineering_learning/data_engineering_learning
2024-12-27 15:12:57,746 - utils - INFO - Google Application Credentials Set
2024-12-27 15:12:57,746 - utils - INFO - /__w/data_engineering_learning/data_engineering_learning/secrets/headers.json
2024-12-27 15:12:57,746 - utils - INFO - MAL Headers Loaded
2024-12-27 15:12:57,749 - utils - INFO - 
        SELECT date_pulled
        FROM `mal-data-engineering.my_anime_list.top_airing_anime`
        WHERE DATE(date_pulled) = DATE('2024-12-28')
        
2024-12-27 15:12:59,040 - utils - INFO - Table exists
2024-12-27 15:13:03,576 - utils - INFO - Top Airing Anime updated
