2024-08-11 15:12:36,635 - utils - INFO - Getting Keys. Current Working Directory: /__w/data_engineering_learning/data_engineering_learning
2024-08-11 15:12:36,635 - utils - INFO - Google Application Credentials Set
2024-08-11 15:12:36,635 - utils - INFO - /__w/data_engineering_learning/data_engineering_learning/secrets/headers.json
2024-08-11 15:12:36,635 - utils - INFO - MAL Headers Loaded
2024-08-11 15:12:36,635 - utils - INFO - Getting Keys. Current Working Directory: /__w/data_engineering_learning/data_engineering_learning
2024-08-11 15:12:36,635 - utils - INFO - Google Application Credentials Set
2024-08-11 15:12:36,635 - utils - INFO - /__w/data_engineering_learning/data_engineering_learning/secrets/headers.json
2024-08-11 15:12:36,635 - utils - INFO - MAL Headers Loaded
2024-08-11 15:12:36,639 - utils - INFO - 
        SELECT date_pulled
        FROM `mal-data-engineering.my_anime_list.top_airing_anime`
        WHERE DATE(date_pulled) = CURRENT_DATE('Asia/Tokyo')
        
2024-08-11 15:12:38,381 - utils - INFO - Top Airing Anime not yet updated. Pulling from API
2024-08-11 15:12:39,306 - utils - INFO - Getting Keys. Current Working Directory: /__w/data_engineering_learning/data_engineering_learning
2024-08-11 15:12:39,306 - utils - INFO - Google Application Credentials Set
2024-08-11 15:12:39,306 - utils - INFO - /__w/data_engineering_learning/data_engineering_learning/secrets/headers.json
2024-08-11 15:12:39,306 - utils - INFO - MAL Headers Loaded
2024-08-11 15:12:39,315 - utils - INFO - Getting Keys. Current Working Directory: /__w/data_engineering_learning/data_engineering_learning
2024-08-11 15:12:39,315 - utils - INFO - Google Application Credentials Set
2024-08-11 15:12:39,315 - utils - INFO - /__w/data_engineering_learning/data_engineering_learning/secrets/headers.json
2024-08-11 15:12:39,315 - utils - INFO - MAL Headers Loaded
2024-08-11 15:12:39,318 - utils - INFO - 
        SELECT date_pulled
        FROM `mal-data-engineering.my_anime_list.top_airing_anime`
        WHERE DATE(date_pulled) = DATE('2024-08-12')
        
2024-08-11 15:12:40,749 - utils - INFO - Table exists
2024-08-11 15:12:45,008 - utils - INFO - Top Airing Anime updated
