2024-06-14 15:13:27,756 - utils - INFO - Getting Keys. Current Working Directory: /__w/data_engineering_learning/data_engineering_learning
2024-06-14 15:13:27,756 - utils - INFO - Google Application Credentials Set
2024-06-14 15:13:27,756 - utils - INFO - /__w/data_engineering_learning/data_engineering_learning/secrets/headers.json
2024-06-14 15:13:27,756 - utils - INFO - MAL Headers Loaded
2024-06-14 15:13:27,756 - utils - INFO - Getting Keys. Current Working Directory: /__w/data_engineering_learning/data_engineering_learning
2024-06-14 15:13:27,756 - utils - INFO - Google Application Credentials Set
2024-06-14 15:13:27,756 - utils - INFO - /__w/data_engineering_learning/data_engineering_learning/secrets/headers.json
2024-06-14 15:13:27,757 - utils - INFO - MAL Headers Loaded
2024-06-14 15:13:27,760 - utils - INFO - 
        SELECT date_pulled
        FROM `mal-data-engineering.my_anime_list.top_airing_anime`
        WHERE DATE(date_pulled) = CURRENT_DATE('Asia/Tokyo')
        
2024-06-14 15:13:29,006 - utils - INFO - Top Airing Anime not yet updated. Pulling from API
2024-06-14 15:13:29,796 - utils - INFO - Getting Keys. Current Working Directory: /__w/data_engineering_learning/data_engineering_learning
2024-06-14 15:13:29,796 - utils - INFO - Google Application Credentials Set
2024-06-14 15:13:29,796 - utils - INFO - /__w/data_engineering_learning/data_engineering_learning/secrets/headers.json
2024-06-14 15:13:29,796 - utils - INFO - MAL Headers Loaded
2024-06-14 15:13:29,806 - utils - INFO - Getting Keys. Current Working Directory: /__w/data_engineering_learning/data_engineering_learning
2024-06-14 15:13:29,806 - utils - INFO - Google Application Credentials Set
2024-06-14 15:13:29,806 - utils - INFO - /__w/data_engineering_learning/data_engineering_learning/secrets/headers.json
2024-06-14 15:13:29,806 - utils - INFO - MAL Headers Loaded
2024-06-14 15:13:29,809 - utils - INFO - 
        SELECT date_pulled
        FROM `mal-data-engineering.my_anime_list.top_airing_anime`
        WHERE DATE(date_pulled) = DATE('2024-06-15')
        
2024-06-14 15:13:31,014 - utils - INFO - Table exists
2024-06-14 15:13:33,949 - utils - INFO - Top Airing Anime updated
