2024-10-21 15:14:28,259 - utils - INFO - Getting Keys. Current Working Directory: /__w/data_engineering_learning/data_engineering_learning
2024-10-21 15:14:28,259 - utils - INFO - Google Application Credentials Set
2024-10-21 15:14:28,259 - utils - INFO - /__w/data_engineering_learning/data_engineering_learning/secrets/headers.json
2024-10-21 15:14:28,259 - utils - INFO - MAL Headers Loaded
2024-10-21 15:14:28,259 - utils - INFO - Getting Keys. Current Working Directory: /__w/data_engineering_learning/data_engineering_learning
2024-10-21 15:14:28,259 - utils - INFO - Google Application Credentials Set
2024-10-21 15:14:28,259 - utils - INFO - /__w/data_engineering_learning/data_engineering_learning/secrets/headers.json
2024-10-21 15:14:28,259 - utils - INFO - MAL Headers Loaded
2024-10-21 15:14:28,263 - utils - INFO - 
        SELECT date_pulled
        FROM `mal-data-engineering.my_anime_list.top_airing_anime`
        WHERE DATE(date_pulled) = CURRENT_DATE('Asia/Tokyo')
        
2024-10-21 15:14:29,450 - utils - INFO - Top Airing Anime not yet updated. Pulling from API
2024-10-21 15:14:31,979 - utils - INFO - Getting Keys. Current Working Directory: /__w/data_engineering_learning/data_engineering_learning
2024-10-21 15:14:31,979 - utils - INFO - Google Application Credentials Set
2024-10-21 15:14:31,979 - utils - INFO - /__w/data_engineering_learning/data_engineering_learning/secrets/headers.json
2024-10-21 15:14:31,979 - utils - INFO - MAL Headers Loaded
2024-10-21 15:14:31,989 - utils - INFO - Getting Keys. Current Working Directory: /__w/data_engineering_learning/data_engineering_learning
2024-10-21 15:14:31,989 - utils - INFO - Google Application Credentials Set
2024-10-21 15:14:31,989 - utils - INFO - /__w/data_engineering_learning/data_engineering_learning/secrets/headers.json
2024-10-21 15:14:31,989 - utils - INFO - MAL Headers Loaded
2024-10-21 15:14:31,992 - utils - INFO - 
        SELECT date_pulled
        FROM `mal-data-engineering.my_anime_list.top_airing_anime`
        WHERE DATE(date_pulled) = DATE('2024-10-22')
        
2024-10-21 15:14:33,242 - utils - INFO - Table exists
2024-10-21 15:14:37,867 - utils - INFO - Top Airing Anime updated
