2024-01-06 15:09:39,868 - utils - INFO - Getting Keys. Current Working Directory: /__w/data_engineering_learning/data_engineering_learning
2024-01-06 15:09:39,868 - utils - INFO - Google Application Credentials Set
2024-01-06 15:09:39,868 - utils - INFO - /__w/data_engineering_learning/data_engineering_learning/secrets/headers.json
2024-01-06 15:09:39,868 - utils - INFO - MAL Headers Loaded
2024-01-06 15:09:39,868 - utils - INFO - Getting Keys. Current Working Directory: /__w/data_engineering_learning/data_engineering_learning
2024-01-06 15:09:39,868 - utils - INFO - Google Application Credentials Set
2024-01-06 15:09:39,868 - utils - INFO - /__w/data_engineering_learning/data_engineering_learning/secrets/headers.json
2024-01-06 15:09:39,868 - utils - INFO - MAL Headers Loaded
2024-01-06 15:09:39,872 - utils - INFO - 
        SELECT date_pulled
        FROM `mal-data-engineering.my_anime_list.top_airing_anime`
        WHERE DATE(date_pulled) = CURRENT_DATE('Asia/Tokyo')
        
2024-01-06 15:09:41,443 - utils - INFO - Top Airing Anime not yet updated. Pulling from API
2024-01-06 15:09:43,819 - utils - INFO - Getting Keys. Current Working Directory: /__w/data_engineering_learning/data_engineering_learning
2024-01-06 15:09:43,819 - utils - INFO - Google Application Credentials Set
2024-01-06 15:09:43,819 - utils - INFO - /__w/data_engineering_learning/data_engineering_learning/secrets/headers.json
2024-01-06 15:09:43,819 - utils - INFO - MAL Headers Loaded
2024-01-06 15:09:43,829 - utils - INFO - Getting Keys. Current Working Directory: /__w/data_engineering_learning/data_engineering_learning
2024-01-06 15:09:43,830 - utils - INFO - Google Application Credentials Set
2024-01-06 15:09:43,830 - utils - INFO - /__w/data_engineering_learning/data_engineering_learning/secrets/headers.json
2024-01-06 15:09:43,830 - utils - INFO - MAL Headers Loaded
2024-01-06 15:09:43,832 - utils - INFO - 
        SELECT date_pulled
        FROM `mal-data-engineering.my_anime_list.top_airing_anime`
        WHERE DATE(date_pulled) = DATE('2024-01-07')
        
2024-01-06 15:09:45,496 - utils - INFO - Table exists
2024-01-06 15:09:48,498 - utils - INFO - Top Airing Anime updated
