2024-12-08 15:12:47,456 - utils - INFO - Getting Keys. Current Working Directory: /__w/data_engineering_learning/data_engineering_learning
2024-12-08 15:12:47,456 - utils - INFO - Google Application Credentials Set
2024-12-08 15:12:47,456 - utils - INFO - /__w/data_engineering_learning/data_engineering_learning/secrets/headers.json
2024-12-08 15:12:47,456 - utils - INFO - MAL Headers Loaded
2024-12-08 15:12:47,456 - utils - INFO - Getting Keys. Current Working Directory: /__w/data_engineering_learning/data_engineering_learning
2024-12-08 15:12:47,456 - utils - INFO - Google Application Credentials Set
2024-12-08 15:12:47,456 - utils - INFO - /__w/data_engineering_learning/data_engineering_learning/secrets/headers.json
2024-12-08 15:12:47,456 - utils - INFO - MAL Headers Loaded
2024-12-08 15:12:47,460 - utils - INFO - 
        SELECT date_pulled
        FROM `mal-data-engineering.my_anime_list.top_airing_anime`
        WHERE DATE(date_pulled) = CURRENT_DATE('Asia/Tokyo')
        
2024-12-08 15:12:48,802 - utils - INFO - Top Airing Anime not yet updated. Pulling from API
2024-12-08 15:12:51,061 - utils - INFO - Getting Keys. Current Working Directory: /__w/data_engineering_learning/data_engineering_learning
2024-12-08 15:12:51,061 - utils - INFO - Google Application Credentials Set
2024-12-08 15:12:51,061 - utils - INFO - /__w/data_engineering_learning/data_engineering_learning/secrets/headers.json
2024-12-08 15:12:51,061 - utils - INFO - MAL Headers Loaded
2024-12-08 15:12:51,071 - utils - INFO - Getting Keys. Current Working Directory: /__w/data_engineering_learning/data_engineering_learning
2024-12-08 15:12:51,071 - utils - INFO - Google Application Credentials Set
2024-12-08 15:12:51,071 - utils - INFO - /__w/data_engineering_learning/data_engineering_learning/secrets/headers.json
2024-12-08 15:12:51,071 - utils - INFO - MAL Headers Loaded
2024-12-08 15:12:51,075 - utils - INFO - 
        SELECT date_pulled
        FROM `mal-data-engineering.my_anime_list.top_airing_anime`
        WHERE DATE(date_pulled) = DATE('2024-12-09')
        
2024-12-08 15:12:52,169 - utils - INFO - Table exists
2024-12-08 15:12:55,111 - utils - INFO - Top Airing Anime updated
2024-12-08 15:30:59,408 - utils - INFO - Getting Keys. Current Working Directory: /__w/data_engineering_learning/data_engineering_learning
2024-12-08 15:30:59,408 - utils - INFO - Google Application Credentials Set
2024-12-08 15:30:59,408 - utils - INFO - /__w/data_engineering_learning/data_engineering_learning/secrets/headers.json
2024-12-08 15:30:59,408 - utils - INFO - MAL Headers Loaded
2024-12-08 15:30:59,408 - utils - INFO - Getting Keys. Current Working Directory: /__w/data_engineering_learning/data_engineering_learning
2024-12-08 15:30:59,408 - utils - INFO - Google Application Credentials Set
2024-12-08 15:30:59,408 - utils - INFO - /__w/data_engineering_learning/data_engineering_learning/secrets/headers.json
2024-12-08 15:30:59,408 - utils - INFO - MAL Headers Loaded
2024-12-08 15:30:59,412 - utils - INFO - 
        SELECT date_pulled
        FROM `mal-data-engineering.my_anime_list.weekly_top_10`
        WHERE DATE(date_pulled) = CURRENT_DATE('Asia/Tokyo')
        
2024-12-08 15:31:00,728 - utils - INFO - 
        WITH ranked_anime AS (
            SELECT
                tw.date_pulled,
                tw.myanimelist_id,
                tw.title,
                tw.rank,
                tw.score,
                (tw.rank - lw.rank) as rank_change,
                (tw.score - lw.score) as score_change,
                ROW_NUMBER() OVER (PARTITION BY tw.date_pulled ORDER BY tw.rank) AS rank_within_date
            FROM
                (SELECT * FROM `mal-data-engineering.my_anime_list.top_airing_anime`
                  WHERE DATE(date_pulled) = CURRENT_DATE('Asia/Tokyo')
                ) AS tw
            LEFT JOIN
                (SELECT * FROM `mal-data-engineering.my_anime_list.top_airing_anime`
                  WHERE DATE(date_pulled) = DATE_ADD(CURRENT_DATE('Asia/Tokyo'), INTERVAL -7 DAY)
                ) AS lw
            ON
                tw.myanimelist_id = lw.myanimelist_id
            )

            SELECT
            date_pulled,
            myanimelist_id,
            title,
            rank,
            score,
            rank_change,
            score_change
            FROM
            ranked_anime
            WHERE
            rank_within_date <= 10
            ORDER BY
            rank_within_date,
            date_pulled DESC
            ;
        
2024-12-08 15:31:03,954 - utils - INFO - Table exists
2024-12-08 15:31:07,152 - utils - INFO - Weekly Top 10 table updated
2024-12-08 15:39:55,673 - utils - INFO - Getting Keys. Current Working Directory: /__w/data_engineering_learning/data_engineering_learning
2024-12-08 15:39:55,673 - utils - INFO - Google Application Credentials Set
2024-12-08 15:39:55,674 - utils - INFO - /__w/data_engineering_learning/data_engineering_learning/secrets/headers.json
2024-12-08 15:39:55,674 - utils - INFO - MAL Headers Loaded
2024-12-08 15:39:55,674 - utils - INFO - Getting Keys. Current Working Directory: /__w/data_engineering_learning/data_engineering_learning
2024-12-08 15:39:55,674 - utils - INFO - Google Application Credentials Set
2024-12-08 15:39:55,674 - utils - INFO - /__w/data_engineering_learning/data_engineering_learning/secrets/headers.json
2024-12-08 15:39:55,674 - utils - INFO - MAL Headers Loaded
2024-12-08 15:39:55,677 - utils - INFO - 
        SELECT DISTINCT(taa.myanimelist_id)
        FROM `mal-data-engineering.my_anime_list.top_airing_anime` AS taa
        LEFT JOIN `mal-data-engineering.my_anime_list.anime_info` AS ai
        ON taa.myanimelist_id = ai.myanimelist_id
        WHERE DATE(taa.date_pulled) = CURRENT_DATE()
        AND ai.myanimelist_id IS NULL
        
2024-12-08 15:39:56,886 - utils - INFO - Anime ids not in table yet: 3
2024-12-08 15:40:01,549 - utils - INFO - Getting Keys. Current Working Directory: /__w/data_engineering_learning/data_engineering_learning
2024-12-08 15:40:01,549 - utils - INFO - Google Application Credentials Set
2024-12-08 15:40:01,549 - utils - INFO - /__w/data_engineering_learning/data_engineering_learning/secrets/headers.json
2024-12-08 15:40:01,549 - utils - INFO - MAL Headers Loaded
2024-12-08 15:40:01,549 - utils - INFO - Getting Keys. Current Working Directory: /__w/data_engineering_learning/data_engineering_learning
2024-12-08 15:40:01,549 - utils - INFO - Google Application Credentials Set
2024-12-08 15:40:01,549 - utils - INFO - /__w/data_engineering_learning/data_engineering_learning/secrets/headers.json
2024-12-08 15:40:01,549 - utils - INFO - MAL Headers Loaded
2024-12-08 15:40:01,551 - utils - INFO - 
        SELECT DISTINCT(taa.myanimelist_id)
        FROM `mal-data-engineering.my_anime_list.top_airing_anime` AS taa
        LEFT JOIN `mal-data-engineering.my_anime_list.anime_info` AS ai
        ON taa.myanimelist_id = ai.myanimelist_id
        WHERE DATE(taa.date_pulled) = CURRENT_DATE()
        AND ai.myanimelist_id IS NULL
        
2024-12-08 15:40:02,724 - utils - INFO - Anime ids not in table yet: 3
2024-12-08 15:40:02,741 - utils - INFO - Anime Info rows to upload:1
2024-12-08 15:40:03,076 - utils - INFO - Table exists
