2024-02-21 15:10:40,707 - utils - INFO - Getting Keys. Current Working Directory: /__w/data_engineering_learning/data_engineering_learning
2024-02-21 15:10:40,707 - utils - INFO - Google Application Credentials Set
2024-02-21 15:10:40,707 - utils - INFO - /__w/data_engineering_learning/data_engineering_learning/secrets/headers.json
2024-02-21 15:10:40,707 - utils - INFO - MAL Headers Loaded
2024-02-21 15:10:40,707 - utils - INFO - Getting Keys. Current Working Directory: /__w/data_engineering_learning/data_engineering_learning
2024-02-21 15:10:40,707 - utils - INFO - Google Application Credentials Set
2024-02-21 15:10:40,707 - utils - INFO - /__w/data_engineering_learning/data_engineering_learning/secrets/headers.json
2024-02-21 15:10:40,707 - utils - INFO - MAL Headers Loaded
2024-02-21 15:10:40,711 - utils - INFO - 
        SELECT date_pulled
        FROM `mal-data-engineering.my_anime_list.top_airing_anime`
        WHERE DATE(date_pulled) = CURRENT_DATE('Asia/Tokyo')
        
2024-02-21 15:10:42,275 - utils - INFO - Top Airing Anime not yet updated. Pulling from API
2024-02-21 15:10:44,510 - utils - INFO - Getting Keys. Current Working Directory: /__w/data_engineering_learning/data_engineering_learning
2024-02-21 15:10:44,510 - utils - INFO - Google Application Credentials Set
2024-02-21 15:10:44,510 - utils - INFO - /__w/data_engineering_learning/data_engineering_learning/secrets/headers.json
2024-02-21 15:10:44,510 - utils - INFO - MAL Headers Loaded
2024-02-21 15:10:44,520 - utils - INFO - Getting Keys. Current Working Directory: /__w/data_engineering_learning/data_engineering_learning
2024-02-21 15:10:44,520 - utils - INFO - Google Application Credentials Set
2024-02-21 15:10:44,520 - utils - INFO - /__w/data_engineering_learning/data_engineering_learning/secrets/headers.json
2024-02-21 15:10:44,520 - utils - INFO - MAL Headers Loaded
2024-02-21 15:10:44,522 - utils - INFO - 
        SELECT date_pulled
        FROM `mal-data-engineering.my_anime_list.top_airing_anime`
        WHERE DATE(date_pulled) = DATE('2024-02-22')
        
2024-02-21 15:10:45,961 - utils - INFO - Table exists
2024-02-21 15:10:49,201 - utils - INFO - Top Airing Anime updated
