2024-04-04 15:10:40,291 - utils - INFO - Getting Keys. Current Working Directory: /__w/data_engineering_learning/data_engineering_learning
2024-04-04 15:10:40,291 - utils - INFO - Google Application Credentials Set
2024-04-04 15:10:40,291 - utils - INFO - /__w/data_engineering_learning/data_engineering_learning/secrets/headers.json
2024-04-04 15:10:40,291 - utils - INFO - MAL Headers Loaded
2024-04-04 15:10:40,292 - utils - INFO - Getting Keys. Current Working Directory: /__w/data_engineering_learning/data_engineering_learning
2024-04-04 15:10:40,292 - utils - INFO - Google Application Credentials Set
2024-04-04 15:10:40,292 - utils - INFO - /__w/data_engineering_learning/data_engineering_learning/secrets/headers.json
2024-04-04 15:10:40,292 - utils - INFO - MAL Headers Loaded
2024-04-04 15:10:40,296 - utils - INFO - 
        SELECT date_pulled
        FROM `mal-data-engineering.my_anime_list.top_airing_anime`
        WHERE DATE(date_pulled) = CURRENT_DATE('Asia/Tokyo')
        
2024-04-04 15:10:42,023 - utils - INFO - Top Airing Anime not yet updated. Pulling from API
2024-04-04 15:10:44,347 - utils - INFO - Getting Keys. Current Working Directory: /__w/data_engineering_learning/data_engineering_learning
2024-04-04 15:10:44,347 - utils - INFO - Google Application Credentials Set
2024-04-04 15:10:44,347 - utils - INFO - /__w/data_engineering_learning/data_engineering_learning/secrets/headers.json
2024-04-04 15:10:44,347 - utils - INFO - MAL Headers Loaded
2024-04-04 15:10:44,357 - utils - INFO - Getting Keys. Current Working Directory: /__w/data_engineering_learning/data_engineering_learning
2024-04-04 15:10:44,358 - utils - INFO - Google Application Credentials Set
2024-04-04 15:10:44,358 - utils - INFO - /__w/data_engineering_learning/data_engineering_learning/secrets/headers.json
2024-04-04 15:10:44,358 - utils - INFO - MAL Headers Loaded
2024-04-04 15:10:44,360 - utils - INFO - 
        SELECT date_pulled
        FROM `mal-data-engineering.my_anime_list.top_airing_anime`
        WHERE DATE(date_pulled) = DATE('2024-04-05')
        
2024-04-04 15:10:46,292 - utils - INFO - Table exists
2024-04-04 15:10:52,134 - utils - INFO - Top Airing Anime updated
