2024-12-03 15:14:49,945 - utils - INFO - Getting Keys. Current Working Directory: /__w/data_engineering_learning/data_engineering_learning
2024-12-03 15:14:49,945 - utils - INFO - Google Application Credentials Set
2024-12-03 15:14:49,945 - utils - INFO - /__w/data_engineering_learning/data_engineering_learning/secrets/headers.json
2024-12-03 15:14:49,945 - utils - INFO - MAL Headers Loaded
2024-12-03 15:14:49,945 - utils - INFO - Getting Keys. Current Working Directory: /__w/data_engineering_learning/data_engineering_learning
2024-12-03 15:14:49,945 - utils - INFO - Google Application Credentials Set
2024-12-03 15:14:49,945 - utils - INFO - /__w/data_engineering_learning/data_engineering_learning/secrets/headers.json
2024-12-03 15:14:49,945 - utils - INFO - MAL Headers Loaded
2024-12-03 15:14:49,949 - utils - INFO - 
        SELECT date_pulled
        FROM `mal-data-engineering.my_anime_list.top_airing_anime`
        WHERE DATE(date_pulled) = CURRENT_DATE('Asia/Tokyo')
        
2024-12-03 15:14:51,395 - utils - INFO - Top Airing Anime not yet updated. Pulling from API
2024-12-03 15:14:53,629 - utils - INFO - Getting Keys. Current Working Directory: /__w/data_engineering_learning/data_engineering_learning
2024-12-03 15:14:53,629 - utils - INFO - Google Application Credentials Set
2024-12-03 15:14:53,629 - utils - INFO - /__w/data_engineering_learning/data_engineering_learning/secrets/headers.json
2024-12-03 15:14:53,629 - utils - INFO - MAL Headers Loaded
2024-12-03 15:14:53,639 - utils - INFO - Getting Keys. Current Working Directory: /__w/data_engineering_learning/data_engineering_learning
2024-12-03 15:14:53,639 - utils - INFO - Google Application Credentials Set
2024-12-03 15:14:53,639 - utils - INFO - /__w/data_engineering_learning/data_engineering_learning/secrets/headers.json
2024-12-03 15:14:53,639 - utils - INFO - MAL Headers Loaded
2024-12-03 15:14:53,641 - utils - INFO - 
        SELECT date_pulled
        FROM `mal-data-engineering.my_anime_list.top_airing_anime`
        WHERE DATE(date_pulled) = DATE('2024-12-04')
        
2024-12-03 15:14:55,024 - utils - INFO - Table exists
2024-12-03 15:14:58,250 - utils - INFO - Top Airing Anime updated
