2024-06-22 15:11:27,610 - utils - INFO - Getting Keys. Current Working Directory: /__w/data_engineering_learning/data_engineering_learning
2024-06-22 15:11:27,610 - utils - INFO - Google Application Credentials Set
2024-06-22 15:11:27,610 - utils - INFO - /__w/data_engineering_learning/data_engineering_learning/secrets/headers.json
2024-06-22 15:11:27,610 - utils - INFO - MAL Headers Loaded
2024-06-22 15:11:27,610 - utils - INFO - Getting Keys. Current Working Directory: /__w/data_engineering_learning/data_engineering_learning
2024-06-22 15:11:27,610 - utils - INFO - Google Application Credentials Set
2024-06-22 15:11:27,611 - utils - INFO - /__w/data_engineering_learning/data_engineering_learning/secrets/headers.json
2024-06-22 15:11:27,611 - utils - INFO - MAL Headers Loaded
2024-06-22 15:11:27,614 - utils - INFO - 
        SELECT date_pulled
        FROM `mal-data-engineering.my_anime_list.top_airing_anime`
        WHERE DATE(date_pulled) = CURRENT_DATE('Asia/Tokyo')
        
2024-06-22 15:11:29,039 - utils - INFO - Top Airing Anime not yet updated. Pulling from API
2024-06-22 15:11:31,339 - utils - INFO - Getting Keys. Current Working Directory: /__w/data_engineering_learning/data_engineering_learning
2024-06-22 15:11:31,340 - utils - INFO - Google Application Credentials Set
2024-06-22 15:11:31,340 - utils - INFO - /__w/data_engineering_learning/data_engineering_learning/secrets/headers.json
2024-06-22 15:11:31,340 - utils - INFO - MAL Headers Loaded
2024-06-22 15:11:31,349 - utils - INFO - Getting Keys. Current Working Directory: /__w/data_engineering_learning/data_engineering_learning
2024-06-22 15:11:31,349 - utils - INFO - Google Application Credentials Set
2024-06-22 15:11:31,349 - utils - INFO - /__w/data_engineering_learning/data_engineering_learning/secrets/headers.json
2024-06-22 15:11:31,349 - utils - INFO - MAL Headers Loaded
2024-06-22 15:11:31,351 - utils - INFO - 
        SELECT date_pulled
        FROM `mal-data-engineering.my_anime_list.top_airing_anime`
        WHERE DATE(date_pulled) = DATE('2024-06-23')
        
2024-06-22 15:11:32,824 - utils - INFO - Table exists
2024-06-22 15:11:37,246 - utils - INFO - Top Airing Anime updated
