2024-04-22 15:11:29,542 - utils - INFO - Getting Keys. Current Working Directory: /__w/data_engineering_learning/data_engineering_learning
2024-04-22 15:11:29,542 - utils - INFO - Google Application Credentials Set
2024-04-22 15:11:29,542 - utils - INFO - /__w/data_engineering_learning/data_engineering_learning/secrets/headers.json
2024-04-22 15:11:29,543 - utils - INFO - MAL Headers Loaded
2024-04-22 15:11:29,543 - utils - INFO - Getting Keys. Current Working Directory: /__w/data_engineering_learning/data_engineering_learning
2024-04-22 15:11:29,543 - utils - INFO - Google Application Credentials Set
2024-04-22 15:11:29,543 - utils - INFO - /__w/data_engineering_learning/data_engineering_learning/secrets/headers.json
2024-04-22 15:11:29,543 - utils - INFO - MAL Headers Loaded
2024-04-22 15:11:29,547 - utils - INFO - 
        SELECT date_pulled
        FROM `mal-data-engineering.my_anime_list.top_airing_anime`
        WHERE DATE(date_pulled) = CURRENT_DATE('Asia/Tokyo')
        
2024-04-22 15:11:31,353 - utils - INFO - Top Airing Anime not yet updated. Pulling from API
2024-04-22 15:11:34,768 - utils - INFO - Getting Keys. Current Working Directory: /__w/data_engineering_learning/data_engineering_learning
2024-04-22 15:11:34,768 - utils - INFO - Google Application Credentials Set
2024-04-22 15:11:34,768 - utils - INFO - /__w/data_engineering_learning/data_engineering_learning/secrets/headers.json
2024-04-22 15:11:34,768 - utils - INFO - MAL Headers Loaded
2024-04-22 15:11:34,779 - utils - INFO - Getting Keys. Current Working Directory: /__w/data_engineering_learning/data_engineering_learning
2024-04-22 15:11:34,779 - utils - INFO - Google Application Credentials Set
2024-04-22 15:11:34,779 - utils - INFO - /__w/data_engineering_learning/data_engineering_learning/secrets/headers.json
2024-04-22 15:11:34,779 - utils - INFO - MAL Headers Loaded
2024-04-22 15:11:34,781 - utils - INFO - 
        SELECT date_pulled
        FROM `mal-data-engineering.my_anime_list.top_airing_anime`
        WHERE DATE(date_pulled) = DATE('2024-04-23')
        
2024-04-22 15:11:36,688 - utils - INFO - Table exists
2024-04-22 15:11:40,317 - utils - INFO - Top Airing Anime updated
