2024-01-04 15:11:45,631 - utils - INFO - Getting Keys. Current Working Directory: /__w/data_engineering_learning/data_engineering_learning
2024-01-04 15:11:45,631 - utils - INFO - Google Application Credentials Set
2024-01-04 15:11:45,631 - utils - INFO - /__w/data_engineering_learning/data_engineering_learning/secrets/headers.json
2024-01-04 15:11:45,631 - utils - INFO - MAL Headers Loaded
2024-01-04 15:11:45,631 - utils - INFO - Getting Keys. Current Working Directory: /__w/data_engineering_learning/data_engineering_learning
2024-01-04 15:11:45,631 - utils - INFO - Google Application Credentials Set
2024-01-04 15:11:45,632 - utils - INFO - /__w/data_engineering_learning/data_engineering_learning/secrets/headers.json
2024-01-04 15:11:45,632 - utils - INFO - MAL Headers Loaded
2024-01-04 15:11:45,635 - utils - INFO - 
        SELECT date_pulled
        FROM `mal-data-engineering.my_anime_list.top_airing_anime`
        WHERE DATE(date_pulled) = CURRENT_DATE('Asia/Tokyo')
        
2024-01-04 15:11:47,443 - utils - INFO - Top Airing Anime not yet updated. Pulling from API
2024-01-04 15:11:49,949 - utils - INFO - Getting Keys. Current Working Directory: /__w/data_engineering_learning/data_engineering_learning
2024-01-04 15:11:49,949 - utils - INFO - Google Application Credentials Set
2024-01-04 15:11:49,949 - utils - INFO - /__w/data_engineering_learning/data_engineering_learning/secrets/headers.json
2024-01-04 15:11:49,949 - utils - INFO - MAL Headers Loaded
2024-01-04 15:11:49,959 - utils - INFO - Getting Keys. Current Working Directory: /__w/data_engineering_learning/data_engineering_learning
2024-01-04 15:11:49,959 - utils - INFO - Google Application Credentials Set
2024-01-04 15:11:49,959 - utils - INFO - /__w/data_engineering_learning/data_engineering_learning/secrets/headers.json
2024-01-04 15:11:49,959 - utils - INFO - MAL Headers Loaded
2024-01-04 15:11:49,961 - utils - INFO - 
        SELECT date_pulled
        FROM `mal-data-engineering.my_anime_list.top_airing_anime`
        WHERE DATE(date_pulled) = DATE('2024-01-05')
        
2024-01-04 15:11:51,717 - utils - INFO - Table exists
2024-01-04 15:11:55,072 - utils - INFO - Top Airing Anime updated
