2024-07-19 15:12:45,826 - utils - INFO - Getting Keys. Current Working Directory: /__w/data_engineering_learning/data_engineering_learning
2024-07-19 15:12:45,826 - utils - INFO - Google Application Credentials Set
2024-07-19 15:12:45,826 - utils - INFO - /__w/data_engineering_learning/data_engineering_learning/secrets/headers.json
2024-07-19 15:12:45,826 - utils - INFO - MAL Headers Loaded
2024-07-19 15:12:45,826 - utils - INFO - Getting Keys. Current Working Directory: /__w/data_engineering_learning/data_engineering_learning
2024-07-19 15:12:45,826 - utils - INFO - Google Application Credentials Set
2024-07-19 15:12:45,826 - utils - INFO - /__w/data_engineering_learning/data_engineering_learning/secrets/headers.json
2024-07-19 15:12:45,827 - utils - INFO - MAL Headers Loaded
2024-07-19 15:12:45,830 - utils - INFO - 
        SELECT date_pulled
        FROM `mal-data-engineering.my_anime_list.top_airing_anime`
        WHERE DATE(date_pulled) = CURRENT_DATE('Asia/Tokyo')
        
2024-07-19 15:12:47,284 - utils - INFO - Top Airing Anime not yet updated. Pulling from API
2024-07-19 15:12:49,619 - utils - INFO - Getting Keys. Current Working Directory: /__w/data_engineering_learning/data_engineering_learning
2024-07-19 15:12:49,619 - utils - INFO - Google Application Credentials Set
2024-07-19 15:12:49,619 - utils - INFO - /__w/data_engineering_learning/data_engineering_learning/secrets/headers.json
2024-07-19 15:12:49,619 - utils - INFO - MAL Headers Loaded
2024-07-19 15:12:49,629 - utils - INFO - Getting Keys. Current Working Directory: /__w/data_engineering_learning/data_engineering_learning
2024-07-19 15:12:49,629 - utils - INFO - Google Application Credentials Set
2024-07-19 15:12:49,629 - utils - INFO - /__w/data_engineering_learning/data_engineering_learning/secrets/headers.json
2024-07-19 15:12:49,629 - utils - INFO - MAL Headers Loaded
2024-07-19 15:12:49,632 - utils - INFO - 
        SELECT date_pulled
        FROM `mal-data-engineering.my_anime_list.top_airing_anime`
        WHERE DATE(date_pulled) = DATE('2024-07-20')
        
2024-07-19 15:12:51,327 - utils - INFO - Table exists
2024-07-19 15:12:54,473 - utils - INFO - Top Airing Anime updated
