2024-01-15 15:11:11,662 - utils - INFO - Getting Keys. Current Working Directory: /__w/data_engineering_learning/data_engineering_learning
2024-01-15 15:11:11,662 - utils - INFO - Google Application Credentials Set
2024-01-15 15:11:11,662 - utils - INFO - /__w/data_engineering_learning/data_engineering_learning/secrets/headers.json
2024-01-15 15:11:11,663 - utils - INFO - MAL Headers Loaded
2024-01-15 15:11:11,663 - utils - INFO - Getting Keys. Current Working Directory: /__w/data_engineering_learning/data_engineering_learning
2024-01-15 15:11:11,663 - utils - INFO - Google Application Credentials Set
2024-01-15 15:11:11,663 - utils - INFO - /__w/data_engineering_learning/data_engineering_learning/secrets/headers.json
2024-01-15 15:11:11,663 - utils - INFO - MAL Headers Loaded
2024-01-15 15:11:11,666 - utils - INFO - 
        SELECT date_pulled
        FROM `mal-data-engineering.my_anime_list.top_airing_anime`
        WHERE DATE(date_pulled) = CURRENT_DATE('Asia/Tokyo')
        
2024-01-15 15:11:13,078 - utils - INFO - Top Airing Anime not yet updated. Pulling from API
2024-01-15 15:11:15,621 - utils - INFO - Getting Keys. Current Working Directory: /__w/data_engineering_learning/data_engineering_learning
2024-01-15 15:11:15,621 - utils - INFO - Google Application Credentials Set
2024-01-15 15:11:15,621 - utils - INFO - /__w/data_engineering_learning/data_engineering_learning/secrets/headers.json
2024-01-15 15:11:15,621 - utils - INFO - MAL Headers Loaded
2024-01-15 15:11:15,632 - utils - INFO - Getting Keys. Current Working Directory: /__w/data_engineering_learning/data_engineering_learning
2024-01-15 15:11:15,632 - utils - INFO - Google Application Credentials Set
2024-01-15 15:11:15,632 - utils - INFO - /__w/data_engineering_learning/data_engineering_learning/secrets/headers.json
2024-01-15 15:11:15,632 - utils - INFO - MAL Headers Loaded
2024-01-15 15:11:15,634 - utils - INFO - 
        SELECT date_pulled
        FROM `mal-data-engineering.my_anime_list.top_airing_anime`
        WHERE DATE(date_pulled) = DATE('2024-01-16')
        
2024-01-15 15:11:17,255 - utils - INFO - Table exists
2024-01-15 15:11:21,027 - utils - INFO - Top Airing Anime updated
