2024-09-30 15:14:11,667 - utils - INFO - Getting Keys. Current Working Directory: /__w/data_engineering_learning/data_engineering_learning
2024-09-30 15:14:11,667 - utils - INFO - Google Application Credentials Set
2024-09-30 15:14:11,667 - utils - INFO - /__w/data_engineering_learning/data_engineering_learning/secrets/headers.json
2024-09-30 15:14:11,667 - utils - INFO - MAL Headers Loaded
2024-09-30 15:14:11,667 - utils - INFO - Getting Keys. Current Working Directory: /__w/data_engineering_learning/data_engineering_learning
2024-09-30 15:14:11,667 - utils - INFO - Google Application Credentials Set
2024-09-30 15:14:11,667 - utils - INFO - /__w/data_engineering_learning/data_engineering_learning/secrets/headers.json
2024-09-30 15:14:11,667 - utils - INFO - MAL Headers Loaded
2024-09-30 15:14:11,671 - utils - INFO - 
        SELECT date_pulled
        FROM `mal-data-engineering.my_anime_list.top_airing_anime`
        WHERE DATE(date_pulled) = CURRENT_DATE('Asia/Tokyo')
        
2024-09-30 15:14:13,123 - utils - INFO - Top Airing Anime not yet updated. Pulling from API
2024-09-30 15:14:14,105 - utils - INFO - Getting Keys. Current Working Directory: /__w/data_engineering_learning/data_engineering_learning
2024-09-30 15:14:14,105 - utils - INFO - Google Application Credentials Set
2024-09-30 15:14:14,105 - utils - INFO - /__w/data_engineering_learning/data_engineering_learning/secrets/headers.json
2024-09-30 15:14:14,105 - utils - INFO - MAL Headers Loaded
2024-09-30 15:14:14,114 - utils - INFO - Getting Keys. Current Working Directory: /__w/data_engineering_learning/data_engineering_learning
2024-09-30 15:14:14,114 - utils - INFO - Google Application Credentials Set
2024-09-30 15:14:14,114 - utils - INFO - /__w/data_engineering_learning/data_engineering_learning/secrets/headers.json
2024-09-30 15:14:14,114 - utils - INFO - MAL Headers Loaded
2024-09-30 15:14:14,116 - utils - INFO - 
        SELECT date_pulled
        FROM `mal-data-engineering.my_anime_list.top_airing_anime`
        WHERE DATE(date_pulled) = DATE('2024-10-01')
        
2024-09-30 15:14:15,819 - utils - INFO - Table exists
2024-09-30 15:14:19,291 - utils - INFO - Top Airing Anime updated
