2024-06-15 15:11:36,040 - utils - INFO - Getting Keys. Current Working Directory: /__w/data_engineering_learning/data_engineering_learning
2024-06-15 15:11:36,040 - utils - INFO - Google Application Credentials Set
2024-06-15 15:11:36,040 - utils - INFO - /__w/data_engineering_learning/data_engineering_learning/secrets/headers.json
2024-06-15 15:11:36,041 - utils - INFO - MAL Headers Loaded
2024-06-15 15:11:36,041 - utils - INFO - Getting Keys. Current Working Directory: /__w/data_engineering_learning/data_engineering_learning
2024-06-15 15:11:36,041 - utils - INFO - Google Application Credentials Set
2024-06-15 15:11:36,041 - utils - INFO - /__w/data_engineering_learning/data_engineering_learning/secrets/headers.json
2024-06-15 15:11:36,041 - utils - INFO - MAL Headers Loaded
2024-06-15 15:11:36,044 - utils - INFO - 
        SELECT date_pulled
        FROM `mal-data-engineering.my_anime_list.top_airing_anime`
        WHERE DATE(date_pulled) = CURRENT_DATE('Asia/Tokyo')
        
2024-06-15 15:11:37,193 - utils - INFO - Top Airing Anime not yet updated. Pulling from API
2024-06-15 15:11:39,464 - utils - INFO - Getting Keys. Current Working Directory: /__w/data_engineering_learning/data_engineering_learning
2024-06-15 15:11:39,464 - utils - INFO - Google Application Credentials Set
2024-06-15 15:11:39,464 - utils - INFO - /__w/data_engineering_learning/data_engineering_learning/secrets/headers.json
2024-06-15 15:11:39,464 - utils - INFO - MAL Headers Loaded
2024-06-15 15:11:39,473 - utils - INFO - Getting Keys. Current Working Directory: /__w/data_engineering_learning/data_engineering_learning
2024-06-15 15:11:39,473 - utils - INFO - Google Application Credentials Set
2024-06-15 15:11:39,473 - utils - INFO - /__w/data_engineering_learning/data_engineering_learning/secrets/headers.json
2024-06-15 15:11:39,473 - utils - INFO - MAL Headers Loaded
2024-06-15 15:11:39,475 - utils - INFO - 
        SELECT date_pulled
        FROM `mal-data-engineering.my_anime_list.top_airing_anime`
        WHERE DATE(date_pulled) = DATE('2024-06-16')
        
2024-06-15 15:11:40,702 - utils - INFO - Table exists
2024-06-15 15:11:47,653 - utils - INFO - Top Airing Anime updated
