2024-12-14 15:12:53,844 - utils - INFO - Getting Keys. Current Working Directory: /__w/data_engineering_learning/data_engineering_learning
2024-12-14 15:12:53,844 - utils - INFO - Google Application Credentials Set
2024-12-14 15:12:53,844 - utils - INFO - /__w/data_engineering_learning/data_engineering_learning/secrets/headers.json
2024-12-14 15:12:53,844 - utils - INFO - MAL Headers Loaded
2024-12-14 15:12:53,844 - utils - INFO - Getting Keys. Current Working Directory: /__w/data_engineering_learning/data_engineering_learning
2024-12-14 15:12:53,844 - utils - INFO - Google Application Credentials Set
2024-12-14 15:12:53,844 - utils - INFO - /__w/data_engineering_learning/data_engineering_learning/secrets/headers.json
2024-12-14 15:12:53,844 - utils - INFO - MAL Headers Loaded
2024-12-14 15:12:53,848 - utils - INFO - 
        SELECT date_pulled
        FROM `mal-data-engineering.my_anime_list.top_airing_anime`
        WHERE DATE(date_pulled) = CURRENT_DATE('Asia/Tokyo')
        
2024-12-14 15:12:54,944 - utils - INFO - Top Airing Anime not yet updated. Pulling from API
2024-12-14 15:12:57,658 - utils - INFO - Getting Keys. Current Working Directory: /__w/data_engineering_learning/data_engineering_learning
2024-12-14 15:12:57,659 - utils - INFO - Google Application Credentials Set
2024-12-14 15:12:57,659 - utils - INFO - /__w/data_engineering_learning/data_engineering_learning/secrets/headers.json
2024-12-14 15:12:57,659 - utils - INFO - MAL Headers Loaded
2024-12-14 15:12:57,668 - utils - INFO - Getting Keys. Current Working Directory: /__w/data_engineering_learning/data_engineering_learning
2024-12-14 15:12:57,668 - utils - INFO - Google Application Credentials Set
2024-12-14 15:12:57,668 - utils - INFO - /__w/data_engineering_learning/data_engineering_learning/secrets/headers.json
2024-12-14 15:12:57,668 - utils - INFO - MAL Headers Loaded
2024-12-14 15:12:57,670 - utils - INFO - 
        SELECT date_pulled
        FROM `mal-data-engineering.my_anime_list.top_airing_anime`
        WHERE DATE(date_pulled) = DATE('2024-12-15')
        
2024-12-14 15:12:59,268 - utils - INFO - Table exists
2024-12-14 15:13:02,231 - utils - INFO - Top Airing Anime updated
