2024-09-13 15:13:38,481 - utils - INFO - Getting Keys. Current Working Directory: /__w/data_engineering_learning/data_engineering_learning
2024-09-13 15:13:38,482 - utils - INFO - Google Application Credentials Set
2024-09-13 15:13:38,482 - utils - INFO - /__w/data_engineering_learning/data_engineering_learning/secrets/headers.json
2024-09-13 15:13:38,482 - utils - INFO - MAL Headers Loaded
2024-09-13 15:13:38,482 - utils - INFO - Getting Keys. Current Working Directory: /__w/data_engineering_learning/data_engineering_learning
2024-09-13 15:13:38,482 - utils - INFO - Google Application Credentials Set
2024-09-13 15:13:38,482 - utils - INFO - /__w/data_engineering_learning/data_engineering_learning/secrets/headers.json
2024-09-13 15:13:38,482 - utils - INFO - MAL Headers Loaded
2024-09-13 15:13:38,486 - utils - INFO - 
        SELECT date_pulled
        FROM `mal-data-engineering.my_anime_list.top_airing_anime`
        WHERE DATE(date_pulled) = CURRENT_DATE('Asia/Tokyo')
        
2024-09-13 15:13:40,176 - utils - INFO - Top Airing Anime not yet updated. Pulling from API
2024-09-13 15:13:41,024 - utils - INFO - Getting Keys. Current Working Directory: /__w/data_engineering_learning/data_engineering_learning
2024-09-13 15:13:41,024 - utils - INFO - Google Application Credentials Set
2024-09-13 15:13:41,024 - utils - INFO - /__w/data_engineering_learning/data_engineering_learning/secrets/headers.json
2024-09-13 15:13:41,024 - utils - INFO - MAL Headers Loaded
2024-09-13 15:13:41,033 - utils - INFO - Getting Keys. Current Working Directory: /__w/data_engineering_learning/data_engineering_learning
2024-09-13 15:13:41,033 - utils - INFO - Google Application Credentials Set
2024-09-13 15:13:41,033 - utils - INFO - /__w/data_engineering_learning/data_engineering_learning/secrets/headers.json
2024-09-13 15:13:41,034 - utils - INFO - MAL Headers Loaded
2024-09-13 15:13:41,036 - utils - INFO - 
        SELECT date_pulled
        FROM `mal-data-engineering.my_anime_list.top_airing_anime`
        WHERE DATE(date_pulled) = DATE('2024-09-14')
        
2024-09-13 15:13:42,294 - utils - INFO - Table exists
2024-09-13 15:13:46,073 - utils - INFO - Top Airing Anime updated
