2024-01-19 15:11:44,412 - utils - INFO - Getting Keys. Current Working Directory: /__w/data_engineering_learning/data_engineering_learning
2024-01-19 15:11:44,412 - utils - INFO - Google Application Credentials Set
2024-01-19 15:11:44,412 - utils - INFO - /__w/data_engineering_learning/data_engineering_learning/secrets/headers.json
2024-01-19 15:11:44,412 - utils - INFO - MAL Headers Loaded
2024-01-19 15:11:44,412 - utils - INFO - Getting Keys. Current Working Directory: /__w/data_engineering_learning/data_engineering_learning
2024-01-19 15:11:44,413 - utils - INFO - Google Application Credentials Set
2024-01-19 15:11:44,413 - utils - INFO - /__w/data_engineering_learning/data_engineering_learning/secrets/headers.json
2024-01-19 15:11:44,413 - utils - INFO - MAL Headers Loaded
2024-01-19 15:11:44,416 - utils - INFO - 
        SELECT date_pulled
        FROM `mal-data-engineering.my_anime_list.top_airing_anime`
        WHERE DATE(date_pulled) = CURRENT_DATE('Asia/Tokyo')
        
2024-01-19 15:11:46,297 - utils - INFO - Top Airing Anime not yet updated. Pulling from API
2024-01-19 15:11:47,354 - utils - INFO - Getting Keys. Current Working Directory: /__w/data_engineering_learning/data_engineering_learning
2024-01-19 15:11:47,354 - utils - INFO - Google Application Credentials Set
2024-01-19 15:11:47,354 - utils - INFO - /__w/data_engineering_learning/data_engineering_learning/secrets/headers.json
2024-01-19 15:11:47,354 - utils - INFO - MAL Headers Loaded
2024-01-19 15:11:47,363 - utils - INFO - Getting Keys. Current Working Directory: /__w/data_engineering_learning/data_engineering_learning
2024-01-19 15:11:47,363 - utils - INFO - Google Application Credentials Set
2024-01-19 15:11:47,363 - utils - INFO - /__w/data_engineering_learning/data_engineering_learning/secrets/headers.json
2024-01-19 15:11:47,364 - utils - INFO - MAL Headers Loaded
2024-01-19 15:11:47,366 - utils - INFO - 
        SELECT date_pulled
        FROM `mal-data-engineering.my_anime_list.top_airing_anime`
        WHERE DATE(date_pulled) = DATE('2024-01-20')
        
2024-01-19 15:11:48,959 - utils - INFO - Table exists
2024-01-19 15:11:52,532 - utils - INFO - Top Airing Anime updated
