2024-05-09 15:12:27,776 - utils - INFO - Getting Keys. Current Working Directory: /__w/data_engineering_learning/data_engineering_learning
2024-05-09 15:12:27,776 - utils - INFO - Google Application Credentials Set
2024-05-09 15:12:27,777 - utils - INFO - /__w/data_engineering_learning/data_engineering_learning/secrets/headers.json
2024-05-09 15:12:27,777 - utils - INFO - MAL Headers Loaded
2024-05-09 15:12:27,777 - utils - INFO - Getting Keys. Current Working Directory: /__w/data_engineering_learning/data_engineering_learning
2024-05-09 15:12:27,777 - utils - INFO - Google Application Credentials Set
2024-05-09 15:12:27,777 - utils - INFO - /__w/data_engineering_learning/data_engineering_learning/secrets/headers.json
2024-05-09 15:12:27,777 - utils - INFO - MAL Headers Loaded
2024-05-09 15:12:27,781 - utils - INFO - 
        SELECT date_pulled
        FROM `mal-data-engineering.my_anime_list.top_airing_anime`
        WHERE DATE(date_pulled) = CURRENT_DATE('Asia/Tokyo')
        
2024-05-09 15:12:29,156 - utils - INFO - Top Airing Anime not yet updated. Pulling from API
2024-05-09 15:12:30,058 - utils - INFO - Getting Keys. Current Working Directory: /__w/data_engineering_learning/data_engineering_learning
2024-05-09 15:12:30,058 - utils - INFO - Google Application Credentials Set
2024-05-09 15:12:30,058 - utils - INFO - /__w/data_engineering_learning/data_engineering_learning/secrets/headers.json
2024-05-09 15:12:30,058 - utils - INFO - MAL Headers Loaded
2024-05-09 15:12:30,068 - utils - INFO - Getting Keys. Current Working Directory: /__w/data_engineering_learning/data_engineering_learning
2024-05-09 15:12:30,069 - utils - INFO - Google Application Credentials Set
2024-05-09 15:12:30,069 - utils - INFO - /__w/data_engineering_learning/data_engineering_learning/secrets/headers.json
2024-05-09 15:12:30,069 - utils - INFO - MAL Headers Loaded
2024-05-09 15:12:30,071 - utils - INFO - 
        SELECT date_pulled
        FROM `mal-data-engineering.my_anime_list.top_airing_anime`
        WHERE DATE(date_pulled) = DATE('2024-05-10')
        
2024-05-09 15:12:31,489 - utils - INFO - Table exists
2024-05-09 15:12:34,693 - utils - INFO - Top Airing Anime updated
