2024-02-07 15:09:58,404 - utils - INFO - Getting Keys. Current Working Directory: /__w/data_engineering_learning/data_engineering_learning
2024-02-07 15:09:58,404 - utils - INFO - Google Application Credentials Set
2024-02-07 15:09:58,404 - utils - INFO - /__w/data_engineering_learning/data_engineering_learning/secrets/headers.json
2024-02-07 15:09:58,404 - utils - INFO - MAL Headers Loaded
2024-02-07 15:09:58,404 - utils - INFO - Getting Keys. Current Working Directory: /__w/data_engineering_learning/data_engineering_learning
2024-02-07 15:09:58,404 - utils - INFO - Google Application Credentials Set
2024-02-07 15:09:58,404 - utils - INFO - /__w/data_engineering_learning/data_engineering_learning/secrets/headers.json
2024-02-07 15:09:58,404 - utils - INFO - MAL Headers Loaded
2024-02-07 15:09:58,408 - utils - INFO - 
        SELECT date_pulled
        FROM `mal-data-engineering.my_anime_list.top_airing_anime`
        WHERE DATE(date_pulled) = CURRENT_DATE('Asia/Tokyo')
        
2024-02-07 15:09:59,785 - utils - INFO - Top Airing Anime not yet updated. Pulling from API
2024-02-07 15:10:01,958 - utils - INFO - Getting Keys. Current Working Directory: /__w/data_engineering_learning/data_engineering_learning
2024-02-07 15:10:01,958 - utils - INFO - Google Application Credentials Set
2024-02-07 15:10:01,958 - utils - INFO - /__w/data_engineering_learning/data_engineering_learning/secrets/headers.json
2024-02-07 15:10:01,958 - utils - INFO - MAL Headers Loaded
2024-02-07 15:10:01,967 - utils - INFO - Getting Keys. Current Working Directory: /__w/data_engineering_learning/data_engineering_learning
2024-02-07 15:10:01,968 - utils - INFO - Google Application Credentials Set
2024-02-07 15:10:01,968 - utils - INFO - /__w/data_engineering_learning/data_engineering_learning/secrets/headers.json
2024-02-07 15:10:01,968 - utils - INFO - MAL Headers Loaded
2024-02-07 15:10:01,970 - utils - INFO - 
        SELECT date_pulled
        FROM `mal-data-engineering.my_anime_list.top_airing_anime`
        WHERE DATE(date_pulled) = DATE('2024-02-08')
        
2024-02-07 15:10:03,679 - utils - INFO - Table exists
2024-02-07 15:10:07,910 - utils - INFO - Top Airing Anime updated
