2024-09-24 15:13:57,039 - utils - INFO - Getting Keys. Current Working Directory: /__w/data_engineering_learning/data_engineering_learning
2024-09-24 15:13:57,039 - utils - INFO - Google Application Credentials Set
2024-09-24 15:13:57,039 - utils - INFO - /__w/data_engineering_learning/data_engineering_learning/secrets/headers.json
2024-09-24 15:13:57,039 - utils - INFO - MAL Headers Loaded
2024-09-24 15:13:57,039 - utils - INFO - Getting Keys. Current Working Directory: /__w/data_engineering_learning/data_engineering_learning
2024-09-24 15:13:57,039 - utils - INFO - Google Application Credentials Set
2024-09-24 15:13:57,039 - utils - INFO - /__w/data_engineering_learning/data_engineering_learning/secrets/headers.json
2024-09-24 15:13:57,040 - utils - INFO - MAL Headers Loaded
2024-09-24 15:13:57,043 - utils - INFO - 
        SELECT date_pulled
        FROM `mal-data-engineering.my_anime_list.top_airing_anime`
        WHERE DATE(date_pulled) = CURRENT_DATE('Asia/Tokyo')
        
2024-09-24 15:13:58,422 - utils - INFO - Top Airing Anime not yet updated. Pulling from API
2024-09-24 15:14:01,101 - utils - INFO - Getting Keys. Current Working Directory: /__w/data_engineering_learning/data_engineering_learning
2024-09-24 15:14:01,101 - utils - INFO - Google Application Credentials Set
2024-09-24 15:14:01,101 - utils - INFO - /__w/data_engineering_learning/data_engineering_learning/secrets/headers.json
2024-09-24 15:14:01,101 - utils - INFO - MAL Headers Loaded
2024-09-24 15:14:01,110 - utils - INFO - Getting Keys. Current Working Directory: /__w/data_engineering_learning/data_engineering_learning
2024-09-24 15:14:01,111 - utils - INFO - Google Application Credentials Set
2024-09-24 15:14:01,111 - utils - INFO - /__w/data_engineering_learning/data_engineering_learning/secrets/headers.json
2024-09-24 15:14:01,111 - utils - INFO - MAL Headers Loaded
2024-09-24 15:14:01,113 - utils - INFO - 
        SELECT date_pulled
        FROM `mal-data-engineering.my_anime_list.top_airing_anime`
        WHERE DATE(date_pulled) = DATE('2024-09-25')
        
2024-09-24 15:14:02,483 - utils - INFO - Table exists
2024-09-24 15:14:06,162 - utils - INFO - Top Airing Anime updated
