2024-12-09 15:15:12,441 - utils - INFO - Getting Keys. Current Working Directory: /__w/data_engineering_learning/data_engineering_learning
2024-12-09 15:15:12,441 - utils - INFO - Google Application Credentials Set
2024-12-09 15:15:12,441 - utils - INFO - /__w/data_engineering_learning/data_engineering_learning/secrets/headers.json
2024-12-09 15:15:12,441 - utils - INFO - MAL Headers Loaded
2024-12-09 15:15:12,441 - utils - INFO - Getting Keys. Current Working Directory: /__w/data_engineering_learning/data_engineering_learning
2024-12-09 15:15:12,441 - utils - INFO - Google Application Credentials Set
2024-12-09 15:15:12,441 - utils - INFO - /__w/data_engineering_learning/data_engineering_learning/secrets/headers.json
2024-12-09 15:15:12,441 - utils - INFO - MAL Headers Loaded
2024-12-09 15:15:12,445 - utils - INFO - 
        SELECT date_pulled
        FROM `mal-data-engineering.my_anime_list.top_airing_anime`
        WHERE DATE(date_pulled) = CURRENT_DATE('Asia/Tokyo')
        
2024-12-09 15:15:13,909 - utils - INFO - Top Airing Anime not yet updated. Pulling from API
2024-12-09 15:15:16,279 - utils - INFO - Getting Keys. Current Working Directory: /__w/data_engineering_learning/data_engineering_learning
2024-12-09 15:15:16,279 - utils - INFO - Google Application Credentials Set
2024-12-09 15:15:16,279 - utils - INFO - /__w/data_engineering_learning/data_engineering_learning/secrets/headers.json
2024-12-09 15:15:16,279 - utils - INFO - MAL Headers Loaded
2024-12-09 15:15:16,289 - utils - INFO - Getting Keys. Current Working Directory: /__w/data_engineering_learning/data_engineering_learning
2024-12-09 15:15:16,289 - utils - INFO - Google Application Credentials Set
2024-12-09 15:15:16,289 - utils - INFO - /__w/data_engineering_learning/data_engineering_learning/secrets/headers.json
2024-12-09 15:15:16,289 - utils - INFO - MAL Headers Loaded
2024-12-09 15:15:16,291 - utils - INFO - 
        SELECT date_pulled
        FROM `mal-data-engineering.my_anime_list.top_airing_anime`
        WHERE DATE(date_pulled) = DATE('2024-12-10')
        
2024-12-09 15:15:17,548 - utils - INFO - Table exists
2024-12-09 15:15:23,600 - utils - INFO - Top Airing Anime updated
