2024-03-21 15:11:37,054 - utils - INFO - Getting Keys. Current Working Directory: /__w/data_engineering_learning/data_engineering_learning
2024-03-21 15:11:37,054 - utils - INFO - Google Application Credentials Set
2024-03-21 15:11:37,054 - utils - INFO - /__w/data_engineering_learning/data_engineering_learning/secrets/headers.json
2024-03-21 15:11:37,054 - utils - INFO - MAL Headers Loaded
2024-03-21 15:11:37,054 - utils - INFO - Getting Keys. Current Working Directory: /__w/data_engineering_learning/data_engineering_learning
2024-03-21 15:11:37,054 - utils - INFO - Google Application Credentials Set
2024-03-21 15:11:37,054 - utils - INFO - /__w/data_engineering_learning/data_engineering_learning/secrets/headers.json
2024-03-21 15:11:37,055 - utils - INFO - MAL Headers Loaded
2024-03-21 15:11:37,058 - utils - INFO - 
        SELECT date_pulled
        FROM `mal-data-engineering.my_anime_list.top_airing_anime`
        WHERE DATE(date_pulled) = CURRENT_DATE('Asia/Tokyo')
        
2024-03-21 15:11:38,529 - utils - INFO - Top Airing Anime not yet updated. Pulling from API
2024-03-21 15:11:41,071 - utils - INFO - Getting Keys. Current Working Directory: /__w/data_engineering_learning/data_engineering_learning
2024-03-21 15:11:41,071 - utils - INFO - Google Application Credentials Set
2024-03-21 15:11:41,071 - utils - INFO - /__w/data_engineering_learning/data_engineering_learning/secrets/headers.json
2024-03-21 15:11:41,071 - utils - INFO - MAL Headers Loaded
2024-03-21 15:11:41,081 - utils - INFO - Getting Keys. Current Working Directory: /__w/data_engineering_learning/data_engineering_learning
2024-03-21 15:11:41,081 - utils - INFO - Google Application Credentials Set
2024-03-21 15:11:41,081 - utils - INFO - /__w/data_engineering_learning/data_engineering_learning/secrets/headers.json
2024-03-21 15:11:41,081 - utils - INFO - MAL Headers Loaded
2024-03-21 15:11:41,084 - utils - INFO - 
        SELECT date_pulled
        FROM `mal-data-engineering.my_anime_list.top_airing_anime`
        WHERE DATE(date_pulled) = DATE('2024-03-22')
        
2024-03-21 15:11:42,642 - utils - INFO - Table exists
2024-03-21 15:11:46,012 - utils - INFO - Top Airing Anime updated
