2024-12-30 15:13:13,193 - utils - INFO - Getting Keys. Current Working Directory: /__w/data_engineering_learning/data_engineering_learning
2024-12-30 15:13:13,193 - utils - INFO - Google Application Credentials Set
2024-12-30 15:13:13,193 - utils - INFO - /__w/data_engineering_learning/data_engineering_learning/secrets/headers.json
2024-12-30 15:13:13,193 - utils - INFO - MAL Headers Loaded
2024-12-30 15:13:13,193 - utils - INFO - Getting Keys. Current Working Directory: /__w/data_engineering_learning/data_engineering_learning
2024-12-30 15:13:13,193 - utils - INFO - Google Application Credentials Set
2024-12-30 15:13:13,194 - utils - INFO - /__w/data_engineering_learning/data_engineering_learning/secrets/headers.json
2024-12-30 15:13:13,194 - utils - INFO - MAL Headers Loaded
2024-12-30 15:13:13,197 - utils - INFO - 
        SELECT date_pulled
        FROM `mal-data-engineering.my_anime_list.top_airing_anime`
        WHERE DATE(date_pulled) = CURRENT_DATE('Asia/Tokyo')
        
2024-12-30 15:13:14,391 - utils - INFO - Top Airing Anime not yet updated. Pulling from API
2024-12-30 15:13:16,621 - utils - INFO - Getting Keys. Current Working Directory: /__w/data_engineering_learning/data_engineering_learning
2024-12-30 15:13:16,621 - utils - INFO - Google Application Credentials Set
2024-12-30 15:13:16,621 - utils - INFO - /__w/data_engineering_learning/data_engineering_learning/secrets/headers.json
2024-12-30 15:13:16,621 - utils - INFO - MAL Headers Loaded
2024-12-30 15:13:16,630 - utils - INFO - Getting Keys. Current Working Directory: /__w/data_engineering_learning/data_engineering_learning
2024-12-30 15:13:16,630 - utils - INFO - Google Application Credentials Set
2024-12-30 15:13:16,630 - utils - INFO - /__w/data_engineering_learning/data_engineering_learning/secrets/headers.json
2024-12-30 15:13:16,630 - utils - INFO - MAL Headers Loaded
2024-12-30 15:13:16,633 - utils - INFO - 
        SELECT date_pulled
        FROM `mal-data-engineering.my_anime_list.top_airing_anime`
        WHERE DATE(date_pulled) = DATE('2024-12-31')
        
2024-12-30 15:13:18,115 - utils - INFO - Table exists
2024-12-30 15:13:22,071 - utils - INFO - Top Airing Anime updated
