2024-02-16 15:10:57,973 - utils - INFO - Getting Keys. Current Working Directory: /__w/data_engineering_learning/data_engineering_learning
2024-02-16 15:10:57,974 - utils - INFO - Google Application Credentials Set
2024-02-16 15:10:57,974 - utils - INFO - /__w/data_engineering_learning/data_engineering_learning/secrets/headers.json
2024-02-16 15:10:57,974 - utils - INFO - MAL Headers Loaded
2024-02-16 15:10:57,974 - utils - INFO - Getting Keys. Current Working Directory: /__w/data_engineering_learning/data_engineering_learning
2024-02-16 15:10:57,974 - utils - INFO - Google Application Credentials Set
2024-02-16 15:10:57,974 - utils - INFO - /__w/data_engineering_learning/data_engineering_learning/secrets/headers.json
2024-02-16 15:10:57,974 - utils - INFO - MAL Headers Loaded
2024-02-16 15:10:57,978 - utils - INFO - 
        SELECT date_pulled
        FROM `mal-data-engineering.my_anime_list.top_airing_anime`
        WHERE DATE(date_pulled) = CURRENT_DATE('Asia/Tokyo')
        
2024-02-16 15:10:59,443 - utils - INFO - Top Airing Anime not yet updated. Pulling from API
2024-02-16 15:11:01,717 - utils - INFO - Getting Keys. Current Working Directory: /__w/data_engineering_learning/data_engineering_learning
2024-02-16 15:11:01,717 - utils - INFO - Google Application Credentials Set
2024-02-16 15:11:01,717 - utils - INFO - /__w/data_engineering_learning/data_engineering_learning/secrets/headers.json
2024-02-16 15:11:01,717 - utils - INFO - MAL Headers Loaded
2024-02-16 15:11:01,727 - utils - INFO - Getting Keys. Current Working Directory: /__w/data_engineering_learning/data_engineering_learning
2024-02-16 15:11:01,727 - utils - INFO - Google Application Credentials Set
2024-02-16 15:11:01,727 - utils - INFO - /__w/data_engineering_learning/data_engineering_learning/secrets/headers.json
2024-02-16 15:11:01,727 - utils - INFO - MAL Headers Loaded
2024-02-16 15:11:01,729 - utils - INFO - 
        SELECT date_pulled
        FROM `mal-data-engineering.my_anime_list.top_airing_anime`
        WHERE DATE(date_pulled) = DATE('2024-02-17')
        
2024-02-16 15:11:03,569 - utils - INFO - Table exists
2024-02-16 15:11:07,774 - utils - INFO - Top Airing Anime updated
