2024-03-30 15:11:05,226 - utils - INFO - Getting Keys. Current Working Directory: /__w/data_engineering_learning/data_engineering_learning
2024-03-30 15:11:05,226 - utils - INFO - Google Application Credentials Set
2024-03-30 15:11:05,226 - utils - INFO - /__w/data_engineering_learning/data_engineering_learning/secrets/headers.json
2024-03-30 15:11:05,226 - utils - INFO - MAL Headers Loaded
2024-03-30 15:11:05,227 - utils - INFO - Getting Keys. Current Working Directory: /__w/data_engineering_learning/data_engineering_learning
2024-03-30 15:11:05,227 - utils - INFO - Google Application Credentials Set
2024-03-30 15:11:05,227 - utils - INFO - /__w/data_engineering_learning/data_engineering_learning/secrets/headers.json
2024-03-30 15:11:05,227 - utils - INFO - MAL Headers Loaded
2024-03-30 15:11:05,230 - utils - INFO - 
        SELECT date_pulled
        FROM `mal-data-engineering.my_anime_list.top_airing_anime`
        WHERE DATE(date_pulled) = CURRENT_DATE('Asia/Tokyo')
        
2024-03-30 15:11:07,277 - utils - INFO - Top Airing Anime not yet updated. Pulling from API
2024-03-30 15:11:09,382 - utils - INFO - Getting Keys. Current Working Directory: /__w/data_engineering_learning/data_engineering_learning
2024-03-30 15:11:09,382 - utils - INFO - Google Application Credentials Set
2024-03-30 15:11:09,382 - utils - INFO - /__w/data_engineering_learning/data_engineering_learning/secrets/headers.json
2024-03-30 15:11:09,382 - utils - INFO - MAL Headers Loaded
2024-03-30 15:11:09,392 - utils - INFO - Getting Keys. Current Working Directory: /__w/data_engineering_learning/data_engineering_learning
2024-03-30 15:11:09,392 - utils - INFO - Google Application Credentials Set
2024-03-30 15:11:09,392 - utils - INFO - /__w/data_engineering_learning/data_engineering_learning/secrets/headers.json
2024-03-30 15:11:09,392 - utils - INFO - MAL Headers Loaded
2024-03-30 15:11:09,395 - utils - INFO - 
        SELECT date_pulled
        FROM `mal-data-engineering.my_anime_list.top_airing_anime`
        WHERE DATE(date_pulled) = DATE('2024-03-31')
        
2024-03-30 15:11:11,104 - utils - INFO - Table exists
2024-03-30 15:11:14,837 - utils - INFO - Top Airing Anime updated
