2024-06-05 15:11:42,224 - utils - INFO - Getting Keys. Current Working Directory: /__w/data_engineering_learning/data_engineering_learning
2024-06-05 15:11:42,224 - utils - INFO - Google Application Credentials Set
2024-06-05 15:11:42,224 - utils - INFO - /__w/data_engineering_learning/data_engineering_learning/secrets/headers.json
2024-06-05 15:11:42,224 - utils - INFO - MAL Headers Loaded
2024-06-05 15:11:42,224 - utils - INFO - Getting Keys. Current Working Directory: /__w/data_engineering_learning/data_engineering_learning
2024-06-05 15:11:42,224 - utils - INFO - Google Application Credentials Set
2024-06-05 15:11:42,224 - utils - INFO - /__w/data_engineering_learning/data_engineering_learning/secrets/headers.json
2024-06-05 15:11:42,224 - utils - INFO - MAL Headers Loaded
2024-06-05 15:11:42,228 - utils - INFO - 
        SELECT date_pulled
        FROM `mal-data-engineering.my_anime_list.top_airing_anime`
        WHERE DATE(date_pulled) = CURRENT_DATE('Asia/Tokyo')
        
2024-06-05 15:11:43,495 - utils - INFO - Top Airing Anime not yet updated. Pulling from API
2024-06-05 15:11:45,627 - utils - INFO - Getting Keys. Current Working Directory: /__w/data_engineering_learning/data_engineering_learning
2024-06-05 15:11:45,628 - utils - INFO - Google Application Credentials Set
2024-06-05 15:11:45,628 - utils - INFO - /__w/data_engineering_learning/data_engineering_learning/secrets/headers.json
2024-06-05 15:11:45,628 - utils - INFO - MAL Headers Loaded
2024-06-05 15:11:45,637 - utils - INFO - Getting Keys. Current Working Directory: /__w/data_engineering_learning/data_engineering_learning
2024-06-05 15:11:45,637 - utils - INFO - Google Application Credentials Set
2024-06-05 15:11:45,637 - utils - INFO - /__w/data_engineering_learning/data_engineering_learning/secrets/headers.json
2024-06-05 15:11:45,638 - utils - INFO - MAL Headers Loaded
2024-06-05 15:11:45,640 - utils - INFO - 
        SELECT date_pulled
        FROM `mal-data-engineering.my_anime_list.top_airing_anime`
        WHERE DATE(date_pulled) = DATE('2024-06-06')
        
2024-06-05 15:11:47,004 - utils - INFO - Table exists
2024-06-05 15:11:51,438 - utils - INFO - Top Airing Anime updated
