2024-10-10 15:13:37,328 - utils - INFO - Getting Keys. Current Working Directory: /__w/data_engineering_learning/data_engineering_learning
2024-10-10 15:13:37,328 - utils - INFO - Google Application Credentials Set
2024-10-10 15:13:37,328 - utils - INFO - /__w/data_engineering_learning/data_engineering_learning/secrets/headers.json
2024-10-10 15:13:37,328 - utils - INFO - MAL Headers Loaded
2024-10-10 15:13:37,328 - utils - INFO - Getting Keys. Current Working Directory: /__w/data_engineering_learning/data_engineering_learning
2024-10-10 15:13:37,328 - utils - INFO - Google Application Credentials Set
2024-10-10 15:13:37,328 - utils - INFO - /__w/data_engineering_learning/data_engineering_learning/secrets/headers.json
2024-10-10 15:13:37,328 - utils - INFO - MAL Headers Loaded
2024-10-10 15:13:37,332 - utils - INFO - 
        SELECT date_pulled
        FROM `mal-data-engineering.my_anime_list.top_airing_anime`
        WHERE DATE(date_pulled) = CURRENT_DATE('Asia/Tokyo')
        
2024-10-10 15:13:38,745 - utils - INFO - Top Airing Anime not yet updated. Pulling from API
2024-10-10 15:13:41,302 - utils - INFO - Getting Keys. Current Working Directory: /__w/data_engineering_learning/data_engineering_learning
2024-10-10 15:13:41,302 - utils - INFO - Google Application Credentials Set
2024-10-10 15:13:41,302 - utils - INFO - /__w/data_engineering_learning/data_engineering_learning/secrets/headers.json
2024-10-10 15:13:41,302 - utils - INFO - MAL Headers Loaded
2024-10-10 15:13:41,311 - utils - INFO - Getting Keys. Current Working Directory: /__w/data_engineering_learning/data_engineering_learning
2024-10-10 15:13:41,312 - utils - INFO - Google Application Credentials Set
2024-10-10 15:13:41,312 - utils - INFO - /__w/data_engineering_learning/data_engineering_learning/secrets/headers.json
2024-10-10 15:13:41,312 - utils - INFO - MAL Headers Loaded
2024-10-10 15:13:41,314 - utils - INFO - 
        SELECT date_pulled
        FROM `mal-data-engineering.my_anime_list.top_airing_anime`
        WHERE DATE(date_pulled) = DATE('2024-10-11')
        
2024-10-10 15:13:42,953 - utils - INFO - Table exists
2024-10-10 15:13:46,125 - utils - INFO - Top Airing Anime updated
