2024-04-11 15:11:23,356 - utils - INFO - Getting Keys. Current Working Directory: /__w/data_engineering_learning/data_engineering_learning
2024-04-11 15:11:23,356 - utils - INFO - Google Application Credentials Set
2024-04-11 15:11:23,356 - utils - INFO - /__w/data_engineering_learning/data_engineering_learning/secrets/headers.json
2024-04-11 15:11:23,357 - utils - INFO - MAL Headers Loaded
2024-04-11 15:11:23,357 - utils - INFO - Getting Keys. Current Working Directory: /__w/data_engineering_learning/data_engineering_learning
2024-04-11 15:11:23,357 - utils - INFO - Google Application Credentials Set
2024-04-11 15:11:23,357 - utils - INFO - /__w/data_engineering_learning/data_engineering_learning/secrets/headers.json
2024-04-11 15:11:23,357 - utils - INFO - MAL Headers Loaded
2024-04-11 15:11:23,360 - utils - INFO - 
        SELECT date_pulled
        FROM `mal-data-engineering.my_anime_list.top_airing_anime`
        WHERE DATE(date_pulled) = CURRENT_DATE('Asia/Tokyo')
        
2024-04-11 15:11:24,846 - utils - INFO - Top Airing Anime not yet updated. Pulling from API
2024-04-11 15:11:25,637 - utils - INFO - Getting Keys. Current Working Directory: /__w/data_engineering_learning/data_engineering_learning
2024-04-11 15:11:25,637 - utils - INFO - Google Application Credentials Set
2024-04-11 15:11:25,637 - utils - INFO - /__w/data_engineering_learning/data_engineering_learning/secrets/headers.json
2024-04-11 15:11:25,637 - utils - INFO - MAL Headers Loaded
2024-04-11 15:11:25,647 - utils - INFO - Getting Keys. Current Working Directory: /__w/data_engineering_learning/data_engineering_learning
2024-04-11 15:11:25,647 - utils - INFO - Google Application Credentials Set
2024-04-11 15:11:25,647 - utils - INFO - /__w/data_engineering_learning/data_engineering_learning/secrets/headers.json
2024-04-11 15:11:25,647 - utils - INFO - MAL Headers Loaded
2024-04-11 15:11:25,649 - utils - INFO - 
        SELECT date_pulled
        FROM `mal-data-engineering.my_anime_list.top_airing_anime`
        WHERE DATE(date_pulled) = DATE('2024-04-12')
        
2024-04-11 15:11:27,072 - utils - INFO - Table exists
2024-04-11 15:11:29,904 - utils - INFO - Top Airing Anime updated
