2024-05-24 15:12:32,334 - utils - INFO - Getting Keys. Current Working Directory: /__w/data_engineering_learning/data_engineering_learning
2024-05-24 15:12:32,334 - utils - INFO - Google Application Credentials Set
2024-05-24 15:12:32,334 - utils - INFO - /__w/data_engineering_learning/data_engineering_learning/secrets/headers.json
2024-05-24 15:12:32,334 - utils - INFO - MAL Headers Loaded
2024-05-24 15:12:32,334 - utils - INFO - Getting Keys. Current Working Directory: /__w/data_engineering_learning/data_engineering_learning
2024-05-24 15:12:32,334 - utils - INFO - Google Application Credentials Set
2024-05-24 15:12:32,334 - utils - INFO - /__w/data_engineering_learning/data_engineering_learning/secrets/headers.json
2024-05-24 15:12:32,334 - utils - INFO - MAL Headers Loaded
2024-05-24 15:12:32,338 - utils - INFO - 
        SELECT date_pulled
        FROM `mal-data-engineering.my_anime_list.top_airing_anime`
        WHERE DATE(date_pulled) = CURRENT_DATE('Asia/Tokyo')
        
2024-05-24 15:12:33,585 - utils - INFO - Top Airing Anime not yet updated. Pulling from API
2024-05-24 15:12:35,854 - utils - INFO - Getting Keys. Current Working Directory: /__w/data_engineering_learning/data_engineering_learning
2024-05-24 15:12:35,854 - utils - INFO - Google Application Credentials Set
2024-05-24 15:12:35,854 - utils - INFO - /__w/data_engineering_learning/data_engineering_learning/secrets/headers.json
2024-05-24 15:12:35,854 - utils - INFO - MAL Headers Loaded
2024-05-24 15:12:35,864 - utils - INFO - Getting Keys. Current Working Directory: /__w/data_engineering_learning/data_engineering_learning
2024-05-24 15:12:35,864 - utils - INFO - Google Application Credentials Set
2024-05-24 15:12:35,865 - utils - INFO - /__w/data_engineering_learning/data_engineering_learning/secrets/headers.json
2024-05-24 15:12:35,865 - utils - INFO - MAL Headers Loaded
2024-05-24 15:12:35,867 - utils - INFO - 
        SELECT date_pulled
        FROM `mal-data-engineering.my_anime_list.top_airing_anime`
        WHERE DATE(date_pulled) = DATE('2024-05-25')
        
2024-05-24 15:12:37,236 - utils - INFO - Table exists
2024-05-24 15:12:40,935 - utils - INFO - Top Airing Anime updated
