2024-02-13 15:09:21,408 - utils - INFO - Getting Keys. Current Working Directory: /__w/data_engineering_learning/data_engineering_learning
2024-02-13 15:09:21,408 - utils - INFO - Google Application Credentials Set
2024-02-13 15:09:21,408 - utils - INFO - /__w/data_engineering_learning/data_engineering_learning/secrets/headers.json
2024-02-13 15:09:21,408 - utils - INFO - MAL Headers Loaded
2024-02-13 15:09:21,408 - utils - INFO - Getting Keys. Current Working Directory: /__w/data_engineering_learning/data_engineering_learning
2024-02-13 15:09:21,408 - utils - INFO - Google Application Credentials Set
2024-02-13 15:09:21,408 - utils - INFO - /__w/data_engineering_learning/data_engineering_learning/secrets/headers.json
2024-02-13 15:09:21,408 - utils - INFO - MAL Headers Loaded
2024-02-13 15:09:21,412 - utils - INFO - 
        SELECT date_pulled
        FROM `mal-data-engineering.my_anime_list.top_airing_anime`
        WHERE DATE(date_pulled) = CURRENT_DATE('Asia/Tokyo')
        
2024-02-13 15:09:23,035 - utils - INFO - Top Airing Anime not yet updated. Pulling from API
2024-02-13 15:09:25,288 - utils - INFO - Getting Keys. Current Working Directory: /__w/data_engineering_learning/data_engineering_learning
2024-02-13 15:09:25,288 - utils - INFO - Google Application Credentials Set
2024-02-13 15:09:25,288 - utils - INFO - /__w/data_engineering_learning/data_engineering_learning/secrets/headers.json
2024-02-13 15:09:25,288 - utils - INFO - MAL Headers Loaded
2024-02-13 15:09:25,299 - utils - INFO - Getting Keys. Current Working Directory: /__w/data_engineering_learning/data_engineering_learning
2024-02-13 15:09:25,299 - utils - INFO - Google Application Credentials Set
2024-02-13 15:09:25,299 - utils - INFO - /__w/data_engineering_learning/data_engineering_learning/secrets/headers.json
2024-02-13 15:09:25,299 - utils - INFO - MAL Headers Loaded
2024-02-13 15:09:25,301 - utils - INFO - 
        SELECT date_pulled
        FROM `mal-data-engineering.my_anime_list.top_airing_anime`
        WHERE DATE(date_pulled) = DATE('2024-02-14')
        
2024-02-13 15:09:26,854 - utils - INFO - Table exists
2024-02-13 15:09:30,616 - utils - INFO - Top Airing Anime updated
