2024-12-20 15:13:01,482 - utils - INFO - Getting Keys. Current Working Directory: /__w/data_engineering_learning/data_engineering_learning
2024-12-20 15:13:01,482 - utils - INFO - Google Application Credentials Set
2024-12-20 15:13:01,482 - utils - INFO - /__w/data_engineering_learning/data_engineering_learning/secrets/headers.json
2024-12-20 15:13:01,483 - utils - INFO - MAL Headers Loaded
2024-12-20 15:13:01,483 - utils - INFO - Getting Keys. Current Working Directory: /__w/data_engineering_learning/data_engineering_learning
2024-12-20 15:13:01,483 - utils - INFO - Google Application Credentials Set
2024-12-20 15:13:01,483 - utils - INFO - /__w/data_engineering_learning/data_engineering_learning/secrets/headers.json
2024-12-20 15:13:01,483 - utils - INFO - MAL Headers Loaded
2024-12-20 15:13:01,486 - utils - INFO - 
        SELECT date_pulled
        FROM `mal-data-engineering.my_anime_list.top_airing_anime`
        WHERE DATE(date_pulled) = CURRENT_DATE('Asia/Tokyo')
        
2024-12-20 15:13:02,850 - utils - INFO - Top Airing Anime not yet updated. Pulling from API
2024-12-20 15:13:05,102 - utils - INFO - Getting Keys. Current Working Directory: /__w/data_engineering_learning/data_engineering_learning
2024-12-20 15:13:05,102 - utils - INFO - Google Application Credentials Set
2024-12-20 15:13:05,102 - utils - INFO - /__w/data_engineering_learning/data_engineering_learning/secrets/headers.json
2024-12-20 15:13:05,102 - utils - INFO - MAL Headers Loaded
2024-12-20 15:13:05,111 - utils - INFO - Getting Keys. Current Working Directory: /__w/data_engineering_learning/data_engineering_learning
2024-12-20 15:13:05,111 - utils - INFO - Google Application Credentials Set
2024-12-20 15:13:05,111 - utils - INFO - /__w/data_engineering_learning/data_engineering_learning/secrets/headers.json
2024-12-20 15:13:05,111 - utils - INFO - MAL Headers Loaded
2024-12-20 15:13:05,113 - utils - INFO - 
        SELECT date_pulled
        FROM `mal-data-engineering.my_anime_list.top_airing_anime`
        WHERE DATE(date_pulled) = DATE('2024-12-21')
        
2024-12-20 15:13:06,446 - utils - INFO - Table exists
2024-12-20 15:13:09,475 - utils - INFO - Top Airing Anime updated
