2024-05-25 15:11:12,389 - utils - INFO - Getting Keys. Current Working Directory: /__w/data_engineering_learning/data_engineering_learning
2024-05-25 15:11:12,389 - utils - INFO - Google Application Credentials Set
2024-05-25 15:11:12,389 - utils - INFO - /__w/data_engineering_learning/data_engineering_learning/secrets/headers.json
2024-05-25 15:11:12,389 - utils - INFO - MAL Headers Loaded
2024-05-25 15:11:12,390 - utils - INFO - Getting Keys. Current Working Directory: /__w/data_engineering_learning/data_engineering_learning
2024-05-25 15:11:12,390 - utils - INFO - Google Application Credentials Set
2024-05-25 15:11:12,390 - utils - INFO - /__w/data_engineering_learning/data_engineering_learning/secrets/headers.json
2024-05-25 15:11:12,390 - utils - INFO - MAL Headers Loaded
2024-05-25 15:11:12,395 - utils - INFO - 
        SELECT date_pulled
        FROM `mal-data-engineering.my_anime_list.top_airing_anime`
        WHERE DATE(date_pulled) = CURRENT_DATE('Asia/Tokyo')
        
2024-05-25 15:11:13,630 - utils - INFO - Top Airing Anime not yet updated. Pulling from API
2024-05-25 15:11:15,803 - utils - INFO - Getting Keys. Current Working Directory: /__w/data_engineering_learning/data_engineering_learning
2024-05-25 15:11:15,803 - utils - INFO - Google Application Credentials Set
2024-05-25 15:11:15,803 - utils - INFO - /__w/data_engineering_learning/data_engineering_learning/secrets/headers.json
2024-05-25 15:11:15,803 - utils - INFO - MAL Headers Loaded
2024-05-25 15:11:15,813 - utils - INFO - Getting Keys. Current Working Directory: /__w/data_engineering_learning/data_engineering_learning
2024-05-25 15:11:15,813 - utils - INFO - Google Application Credentials Set
2024-05-25 15:11:15,813 - utils - INFO - /__w/data_engineering_learning/data_engineering_learning/secrets/headers.json
2024-05-25 15:11:15,813 - utils - INFO - MAL Headers Loaded
2024-05-25 15:11:15,815 - utils - INFO - 
        SELECT date_pulled
        FROM `mal-data-engineering.my_anime_list.top_airing_anime`
        WHERE DATE(date_pulled) = DATE('2024-05-26')
        
2024-05-25 15:11:17,131 - utils - INFO - Table exists
2024-05-25 15:11:23,035 - utils - INFO - Top Airing Anime updated
