2024-09-29 15:13:05,360 - utils - INFO - Getting Keys. Current Working Directory: /__w/data_engineering_learning/data_engineering_learning
2024-09-29 15:13:05,360 - utils - INFO - Google Application Credentials Set
2024-09-29 15:13:05,360 - utils - INFO - /__w/data_engineering_learning/data_engineering_learning/secrets/headers.json
2024-09-29 15:13:05,360 - utils - INFO - MAL Headers Loaded
2024-09-29 15:13:05,360 - utils - INFO - Getting Keys. Current Working Directory: /__w/data_engineering_learning/data_engineering_learning
2024-09-29 15:13:05,360 - utils - INFO - Google Application Credentials Set
2024-09-29 15:13:05,360 - utils - INFO - /__w/data_engineering_learning/data_engineering_learning/secrets/headers.json
2024-09-29 15:13:05,360 - utils - INFO - MAL Headers Loaded
2024-09-29 15:13:05,364 - utils - INFO - 
        SELECT date_pulled
        FROM `mal-data-engineering.my_anime_list.top_airing_anime`
        WHERE DATE(date_pulled) = CURRENT_DATE('Asia/Tokyo')
        
2024-09-29 15:13:07,085 - utils - INFO - Top Airing Anime not yet updated. Pulling from API
2024-09-29 15:13:09,793 - utils - INFO - Getting Keys. Current Working Directory: /__w/data_engineering_learning/data_engineering_learning
2024-09-29 15:13:09,793 - utils - INFO - Google Application Credentials Set
2024-09-29 15:13:09,793 - utils - INFO - /__w/data_engineering_learning/data_engineering_learning/secrets/headers.json
2024-09-29 15:13:09,793 - utils - INFO - MAL Headers Loaded
2024-09-29 15:13:09,802 - utils - INFO - Getting Keys. Current Working Directory: /__w/data_engineering_learning/data_engineering_learning
2024-09-29 15:13:09,803 - utils - INFO - Google Application Credentials Set
2024-09-29 15:13:09,803 - utils - INFO - /__w/data_engineering_learning/data_engineering_learning/secrets/headers.json
2024-09-29 15:13:09,803 - utils - INFO - MAL Headers Loaded
2024-09-29 15:13:09,805 - utils - INFO - 
        SELECT date_pulled
        FROM `mal-data-engineering.my_anime_list.top_airing_anime`
        WHERE DATE(date_pulled) = DATE('2024-09-30')
        
2024-09-29 15:13:11,303 - utils - INFO - Table exists
2024-09-29 15:13:14,691 - utils - INFO - Top Airing Anime updated
