2024-06-16 15:11:52,377 - utils - INFO - Getting Keys. Current Working Directory: /__w/data_engineering_learning/data_engineering_learning
2024-06-16 15:11:52,377 - utils - INFO - Google Application Credentials Set
2024-06-16 15:11:52,377 - utils - INFO - /__w/data_engineering_learning/data_engineering_learning/secrets/headers.json
2024-06-16 15:11:52,377 - utils - INFO - MAL Headers Loaded
2024-06-16 15:11:52,377 - utils - INFO - Getting Keys. Current Working Directory: /__w/data_engineering_learning/data_engineering_learning
2024-06-16 15:11:52,377 - utils - INFO - Google Application Credentials Set
2024-06-16 15:11:52,377 - utils - INFO - /__w/data_engineering_learning/data_engineering_learning/secrets/headers.json
2024-06-16 15:11:52,377 - utils - INFO - MAL Headers Loaded
2024-06-16 15:11:52,381 - utils - INFO - 
        SELECT date_pulled
        FROM `mal-data-engineering.my_anime_list.top_airing_anime`
        WHERE DATE(date_pulled) = CURRENT_DATE('Asia/Tokyo')
        
2024-06-16 15:11:53,660 - utils - INFO - Top Airing Anime not yet updated. Pulling from API
2024-06-16 15:11:54,601 - utils - INFO - Getting Keys. Current Working Directory: /__w/data_engineering_learning/data_engineering_learning
2024-06-16 15:11:54,601 - utils - INFO - Google Application Credentials Set
2024-06-16 15:11:54,602 - utils - INFO - /__w/data_engineering_learning/data_engineering_learning/secrets/headers.json
2024-06-16 15:11:54,602 - utils - INFO - MAL Headers Loaded
2024-06-16 15:11:54,611 - utils - INFO - Getting Keys. Current Working Directory: /__w/data_engineering_learning/data_engineering_learning
2024-06-16 15:11:54,611 - utils - INFO - Google Application Credentials Set
2024-06-16 15:11:54,611 - utils - INFO - /__w/data_engineering_learning/data_engineering_learning/secrets/headers.json
2024-06-16 15:11:54,611 - utils - INFO - MAL Headers Loaded
2024-06-16 15:11:54,614 - utils - INFO - 
        SELECT date_pulled
        FROM `mal-data-engineering.my_anime_list.top_airing_anime`
        WHERE DATE(date_pulled) = DATE('2024-06-17')
        
2024-06-16 15:11:55,950 - utils - INFO - Table exists
2024-06-16 15:11:59,578 - utils - INFO - Top Airing Anime updated
2024-06-16 15:26:00,888 - utils - INFO - Getting Keys. Current Working Directory: /__w/data_engineering_learning/data_engineering_learning
2024-06-16 15:26:00,888 - utils - INFO - Google Application Credentials Set
2024-06-16 15:26:00,888 - utils - INFO - /__w/data_engineering_learning/data_engineering_learning/secrets/headers.json
2024-06-16 15:26:00,889 - utils - INFO - MAL Headers Loaded
2024-06-16 15:26:00,889 - utils - INFO - Getting Keys. Current Working Directory: /__w/data_engineering_learning/data_engineering_learning
2024-06-16 15:26:00,889 - utils - INFO - Google Application Credentials Set
2024-06-16 15:26:00,889 - utils - INFO - /__w/data_engineering_learning/data_engineering_learning/secrets/headers.json
2024-06-16 15:26:00,889 - utils - INFO - MAL Headers Loaded
2024-06-16 15:26:00,892 - utils - INFO - 
        SELECT date_pulled
        FROM `mal-data-engineering.my_anime_list.weekly_top_10`
        WHERE DATE(date_pulled) = CURRENT_DATE('Asia/Tokyo')
        
2024-06-16 15:26:02,176 - utils - INFO - 
        WITH ranked_anime AS (
            SELECT
                tw.date_pulled,
                tw.myanimelist_id,
                tw.title,
                tw.rank,
                tw.score,
                (tw.rank - lw.rank) as rank_change,
                (tw.score - lw.score) as score_change,
                ROW_NUMBER() OVER (PARTITION BY tw.date_pulled ORDER BY tw.rank) AS rank_within_date
            FROM
                (SELECT * FROM `mal-data-engineering.my_anime_list.top_airing_anime`
                  WHERE DATE(date_pulled) = CURRENT_DATE('Asia/Tokyo')
                ) AS tw
            LEFT JOIN
                (SELECT * FROM `mal-data-engineering.my_anime_list.top_airing_anime`
                  WHERE DATE(date_pulled) = DATE_ADD(CURRENT_DATE('Asia/Tokyo'), INTERVAL -7 DAY)
                ) AS lw
            ON
                tw.myanimelist_id = lw.myanimelist_id
            )

            SELECT
            date_pulled,
            myanimelist_id,
            title,
            rank,
            score,
            rank_change,
            score_change
            FROM
            ranked_anime
            WHERE
            rank_within_date <= 10
            ORDER BY
            rank_within_date,
            date_pulled DESC
            ;
        
2024-06-16 15:26:05,058 - utils - INFO - Table exists
2024-06-16 15:26:09,880 - utils - INFO - Weekly Top 10 table updated
2024-06-16 15:35:51,901 - utils - INFO - Getting Keys. Current Working Directory: /__w/data_engineering_learning/data_engineering_learning
2024-06-16 15:35:51,901 - utils - INFO - Google Application Credentials Set
2024-06-16 15:35:51,901 - utils - INFO - /__w/data_engineering_learning/data_engineering_learning/secrets/headers.json
2024-06-16 15:35:51,901 - utils - INFO - MAL Headers Loaded
2024-06-16 15:35:51,901 - utils - INFO - Getting Keys. Current Working Directory: /__w/data_engineering_learning/data_engineering_learning
2024-06-16 15:35:51,901 - utils - INFO - Google Application Credentials Set
2024-06-16 15:35:51,901 - utils - INFO - /__w/data_engineering_learning/data_engineering_learning/secrets/headers.json
2024-06-16 15:35:51,901 - utils - INFO - MAL Headers Loaded
2024-06-16 15:35:51,905 - utils - INFO - 
        SELECT DISTINCT(taa.myanimelist_id)
        FROM `mal-data-engineering.my_anime_list.top_airing_anime` AS taa
        LEFT JOIN `mal-data-engineering.my_anime_list.anime_info` AS ai
        ON taa.myanimelist_id = ai.myanimelist_id
        WHERE DATE(taa.date_pulled) = CURRENT_DATE()
        AND ai.myanimelist_id IS NULL
        
2024-06-16 15:35:53,345 - utils - INFO - Anime ids not in table yet: 4
2024-06-16 15:35:56,789 - utils - INFO - Getting Keys. Current Working Directory: /__w/data_engineering_learning/data_engineering_learning
2024-06-16 15:35:56,789 - utils - INFO - Google Application Credentials Set
2024-06-16 15:35:56,789 - utils - INFO - /__w/data_engineering_learning/data_engineering_learning/secrets/headers.json
2024-06-16 15:35:56,789 - utils - INFO - MAL Headers Loaded
2024-06-16 15:35:56,789 - utils - INFO - Getting Keys. Current Working Directory: /__w/data_engineering_learning/data_engineering_learning
2024-06-16 15:35:56,789 - utils - INFO - Google Application Credentials Set
2024-06-16 15:35:56,789 - utils - INFO - /__w/data_engineering_learning/data_engineering_learning/secrets/headers.json
2024-06-16 15:35:56,789 - utils - INFO - MAL Headers Loaded
2024-06-16 15:35:56,792 - utils - INFO - 
        SELECT DISTINCT(taa.myanimelist_id)
        FROM `mal-data-engineering.my_anime_list.top_airing_anime` AS taa
        LEFT JOIN `mal-data-engineering.my_anime_list.anime_info` AS ai
        ON taa.myanimelist_id = ai.myanimelist_id
        WHERE DATE(taa.date_pulled) = CURRENT_DATE()
        AND ai.myanimelist_id IS NULL
        
2024-06-16 15:35:58,119 - utils - INFO - Anime ids not in table yet: 4
2024-06-16 15:35:58,134 - utils - INFO - Anime Info rows to upload:1
2024-06-16 15:35:58,406 - utils - INFO - Table exists
