2024-09-04 15:13:23,880 - utils - INFO - Getting Keys. Current Working Directory: /__w/data_engineering_learning/data_engineering_learning
2024-09-04 15:13:23,880 - utils - INFO - Google Application Credentials Set
2024-09-04 15:13:23,880 - utils - INFO - /__w/data_engineering_learning/data_engineering_learning/secrets/headers.json
2024-09-04 15:13:23,880 - utils - INFO - MAL Headers Loaded
2024-09-04 15:13:23,880 - utils - INFO - Getting Keys. Current Working Directory: /__w/data_engineering_learning/data_engineering_learning
2024-09-04 15:13:23,880 - utils - INFO - Google Application Credentials Set
2024-09-04 15:13:23,881 - utils - INFO - /__w/data_engineering_learning/data_engineering_learning/secrets/headers.json
2024-09-04 15:13:23,881 - utils - INFO - MAL Headers Loaded
2024-09-04 15:13:23,884 - utils - INFO - 
        SELECT date_pulled
        FROM `mal-data-engineering.my_anime_list.top_airing_anime`
        WHERE DATE(date_pulled) = CURRENT_DATE('Asia/Tokyo')
        
2024-09-04 15:13:25,335 - utils - INFO - Top Airing Anime not yet updated. Pulling from API
2024-09-04 15:13:28,384 - utils - INFO - Getting Keys. Current Working Directory: /__w/data_engineering_learning/data_engineering_learning
2024-09-04 15:13:28,384 - utils - INFO - Google Application Credentials Set
2024-09-04 15:13:28,384 - utils - INFO - /__w/data_engineering_learning/data_engineering_learning/secrets/headers.json
2024-09-04 15:13:28,384 - utils - INFO - MAL Headers Loaded
2024-09-04 15:13:28,394 - utils - INFO - Getting Keys. Current Working Directory: /__w/data_engineering_learning/data_engineering_learning
2024-09-04 15:13:28,394 - utils - INFO - Google Application Credentials Set
2024-09-04 15:13:28,394 - utils - INFO - /__w/data_engineering_learning/data_engineering_learning/secrets/headers.json
2024-09-04 15:13:28,394 - utils - INFO - MAL Headers Loaded
2024-09-04 15:13:28,396 - utils - INFO - 
        SELECT date_pulled
        FROM `mal-data-engineering.my_anime_list.top_airing_anime`
        WHERE DATE(date_pulled) = DATE('2024-09-05')
        
2024-09-04 15:13:29,679 - utils - INFO - Table exists
2024-09-04 15:13:33,678 - utils - INFO - Top Airing Anime updated
