2024-04-13 15:07:43,534 - utils - INFO - Getting Keys. Current Working Directory: /__w/data_engineering_learning/data_engineering_learning
2024-04-13 15:07:43,534 - utils - INFO - Google Application Credentials Set
2024-04-13 15:07:43,535 - utils - INFO - /__w/data_engineering_learning/data_engineering_learning/secrets/headers.json
2024-04-13 15:07:43,535 - utils - INFO - MAL Headers Loaded
2024-04-13 15:07:43,535 - utils - INFO - Getting Keys. Current Working Directory: /__w/data_engineering_learning/data_engineering_learning
2024-04-13 15:07:43,535 - utils - INFO - Google Application Credentials Set
2024-04-13 15:07:43,535 - utils - INFO - /__w/data_engineering_learning/data_engineering_learning/secrets/headers.json
2024-04-13 15:07:43,535 - utils - INFO - MAL Headers Loaded
2024-04-13 15:07:43,539 - utils - INFO - 
        SELECT date_pulled
        FROM `mal-data-engineering.my_anime_list.top_airing_anime`
        WHERE DATE(date_pulled) = CURRENT_DATE('Asia/Tokyo')
        
2024-04-13 15:07:45,057 - utils - INFO - Top Airing Anime not yet updated. Pulling from API
2024-04-13 15:07:46,075 - utils - INFO - Getting Keys. Current Working Directory: /__w/data_engineering_learning/data_engineering_learning
2024-04-13 15:07:46,075 - utils - INFO - Google Application Credentials Set
2024-04-13 15:07:46,075 - utils - INFO - /__w/data_engineering_learning/data_engineering_learning/secrets/headers.json
2024-04-13 15:07:46,075 - utils - INFO - MAL Headers Loaded
2024-04-13 15:07:46,085 - utils - INFO - Getting Keys. Current Working Directory: /__w/data_engineering_learning/data_engineering_learning
2024-04-13 15:07:46,085 - utils - INFO - Google Application Credentials Set
2024-04-13 15:07:46,085 - utils - INFO - /__w/data_engineering_learning/data_engineering_learning/secrets/headers.json
2024-04-13 15:07:46,085 - utils - INFO - MAL Headers Loaded
2024-04-13 15:07:46,087 - utils - INFO - 
        SELECT date_pulled
        FROM `mal-data-engineering.my_anime_list.top_airing_anime`
        WHERE DATE(date_pulled) = DATE('2024-04-14')
        
2024-04-13 15:07:47,922 - utils - INFO - Table exists
2024-04-13 15:07:51,300 - utils - INFO - Top Airing Anime updated
