2024-11-03 15:12:26,142 - utils - INFO - Getting Keys. Current Working Directory: /__w/data_engineering_learning/data_engineering_learning
2024-11-03 15:12:26,143 - utils - INFO - Google Application Credentials Set
2024-11-03 15:12:26,143 - utils - INFO - /__w/data_engineering_learning/data_engineering_learning/secrets/headers.json
2024-11-03 15:12:26,143 - utils - INFO - MAL Headers Loaded
2024-11-03 15:12:26,143 - utils - INFO - Getting Keys. Current Working Directory: /__w/data_engineering_learning/data_engineering_learning
2024-11-03 15:12:26,143 - utils - INFO - Google Application Credentials Set
2024-11-03 15:12:26,143 - utils - INFO - /__w/data_engineering_learning/data_engineering_learning/secrets/headers.json
2024-11-03 15:12:26,143 - utils - INFO - MAL Headers Loaded
2024-11-03 15:12:26,146 - utils - INFO - 
        SELECT date_pulled
        FROM `mal-data-engineering.my_anime_list.top_airing_anime`
        WHERE DATE(date_pulled) = CURRENT_DATE('Asia/Tokyo')
        
2024-11-03 15:12:28,202 - utils - INFO - Top Airing Anime not yet updated. Pulling from API
2024-11-03 15:12:30,910 - utils - INFO - Getting Keys. Current Working Directory: /__w/data_engineering_learning/data_engineering_learning
2024-11-03 15:12:30,911 - utils - INFO - Google Application Credentials Set
2024-11-03 15:12:30,911 - utils - INFO - /__w/data_engineering_learning/data_engineering_learning/secrets/headers.json
2024-11-03 15:12:30,911 - utils - INFO - MAL Headers Loaded
2024-11-03 15:12:30,920 - utils - INFO - Getting Keys. Current Working Directory: /__w/data_engineering_learning/data_engineering_learning
2024-11-03 15:12:30,920 - utils - INFO - Google Application Credentials Set
2024-11-03 15:12:30,920 - utils - INFO - /__w/data_engineering_learning/data_engineering_learning/secrets/headers.json
2024-11-03 15:12:30,920 - utils - INFO - MAL Headers Loaded
2024-11-03 15:12:30,922 - utils - INFO - 
        SELECT date_pulled
        FROM `mal-data-engineering.my_anime_list.top_airing_anime`
        WHERE DATE(date_pulled) = DATE('2024-11-04')
        
2024-11-03 15:12:32,288 - utils - INFO - Table exists
2024-11-03 15:12:36,471 - utils - INFO - Top Airing Anime updated
