2024-09-19 15:13:38,253 - utils - INFO - Getting Keys. Current Working Directory: /__w/data_engineering_learning/data_engineering_learning
2024-09-19 15:13:38,253 - utils - INFO - Google Application Credentials Set
2024-09-19 15:13:38,253 - utils - INFO - /__w/data_engineering_learning/data_engineering_learning/secrets/headers.json
2024-09-19 15:13:38,253 - utils - INFO - MAL Headers Loaded
2024-09-19 15:13:38,253 - utils - INFO - Getting Keys. Current Working Directory: /__w/data_engineering_learning/data_engineering_learning
2024-09-19 15:13:38,253 - utils - INFO - Google Application Credentials Set
2024-09-19 15:13:38,253 - utils - INFO - /__w/data_engineering_learning/data_engineering_learning/secrets/headers.json
2024-09-19 15:13:38,253 - utils - INFO - MAL Headers Loaded
2024-09-19 15:13:38,257 - utils - INFO - 
        SELECT date_pulled
        FROM `mal-data-engineering.my_anime_list.top_airing_anime`
        WHERE DATE(date_pulled) = CURRENT_DATE('Asia/Tokyo')
        
2024-09-19 15:13:39,640 - utils - INFO - Top Airing Anime not yet updated. Pulling from API
2024-09-19 15:13:42,100 - utils - INFO - Getting Keys. Current Working Directory: /__w/data_engineering_learning/data_engineering_learning
2024-09-19 15:13:42,100 - utils - INFO - Google Application Credentials Set
2024-09-19 15:13:42,100 - utils - INFO - /__w/data_engineering_learning/data_engineering_learning/secrets/headers.json
2024-09-19 15:13:42,100 - utils - INFO - MAL Headers Loaded
2024-09-19 15:13:42,110 - utils - INFO - Getting Keys. Current Working Directory: /__w/data_engineering_learning/data_engineering_learning
2024-09-19 15:13:42,110 - utils - INFO - Google Application Credentials Set
2024-09-19 15:13:42,110 - utils - INFO - /__w/data_engineering_learning/data_engineering_learning/secrets/headers.json
2024-09-19 15:13:42,110 - utils - INFO - MAL Headers Loaded
2024-09-19 15:13:42,112 - utils - INFO - 
        SELECT date_pulled
        FROM `mal-data-engineering.my_anime_list.top_airing_anime`
        WHERE DATE(date_pulled) = DATE('2024-09-20')
        
2024-09-19 15:13:43,689 - utils - INFO - Table exists
2024-09-19 15:13:47,298 - utils - INFO - Top Airing Anime updated
