2024-07-18 15:13:01,664 - utils - INFO - Getting Keys. Current Working Directory: /__w/data_engineering_learning/data_engineering_learning
2024-07-18 15:13:01,664 - utils - INFO - Google Application Credentials Set
2024-07-18 15:13:01,664 - utils - INFO - /__w/data_engineering_learning/data_engineering_learning/secrets/headers.json
2024-07-18 15:13:01,664 - utils - INFO - MAL Headers Loaded
2024-07-18 15:13:01,664 - utils - INFO - Getting Keys. Current Working Directory: /__w/data_engineering_learning/data_engineering_learning
2024-07-18 15:13:01,665 - utils - INFO - Google Application Credentials Set
2024-07-18 15:13:01,665 - utils - INFO - /__w/data_engineering_learning/data_engineering_learning/secrets/headers.json
2024-07-18 15:13:01,665 - utils - INFO - MAL Headers Loaded
2024-07-18 15:13:01,668 - utils - INFO - 
        SELECT date_pulled
        FROM `mal-data-engineering.my_anime_list.top_airing_anime`
        WHERE DATE(date_pulled) = CURRENT_DATE('Asia/Tokyo')
        
2024-07-18 15:13:03,164 - utils - INFO - Top Airing Anime not yet updated. Pulling from API
2024-07-18 15:13:06,176 - utils - INFO - Getting Keys. Current Working Directory: /__w/data_engineering_learning/data_engineering_learning
2024-07-18 15:13:06,176 - utils - INFO - Google Application Credentials Set
2024-07-18 15:13:06,176 - utils - INFO - /__w/data_engineering_learning/data_engineering_learning/secrets/headers.json
2024-07-18 15:13:06,176 - utils - INFO - MAL Headers Loaded
2024-07-18 15:13:06,186 - utils - INFO - Getting Keys. Current Working Directory: /__w/data_engineering_learning/data_engineering_learning
2024-07-18 15:13:06,186 - utils - INFO - Google Application Credentials Set
2024-07-18 15:13:06,186 - utils - INFO - /__w/data_engineering_learning/data_engineering_learning/secrets/headers.json
2024-07-18 15:13:06,186 - utils - INFO - MAL Headers Loaded
2024-07-18 15:13:06,188 - utils - INFO - 
        SELECT date_pulled
        FROM `mal-data-engineering.my_anime_list.top_airing_anime`
        WHERE DATE(date_pulled) = DATE('2024-07-19')
        
2024-07-18 15:13:07,824 - utils - INFO - Table exists
2024-07-18 15:13:11,790 - utils - INFO - Top Airing Anime updated
