2023-12-31 15:09:32,458 - utils - INFO - Getting Keys. Current Working Directory: /__w/data_engineering_learning/data_engineering_learning
2023-12-31 15:09:32,459 - utils - INFO - Google Application Credentials Set
2023-12-31 15:09:32,459 - utils - INFO - /__w/data_engineering_learning/data_engineering_learning/secrets/headers.json
2023-12-31 15:09:32,459 - utils - INFO - MAL Headers Loaded
2023-12-31 15:09:32,459 - utils - INFO - Getting Keys. Current Working Directory: /__w/data_engineering_learning/data_engineering_learning
2023-12-31 15:09:32,459 - utils - INFO - Google Application Credentials Set
2023-12-31 15:09:32,459 - utils - INFO - /__w/data_engineering_learning/data_engineering_learning/secrets/headers.json
2023-12-31 15:09:32,459 - utils - INFO - MAL Headers Loaded
2023-12-31 15:09:32,463 - utils - INFO - 
        SELECT date_pulled
        FROM `mal-data-engineering.my_anime_list.top_airing_anime`
        WHERE DATE(date_pulled) = CURRENT_DATE('Asia/Tokyo')
        
2023-12-31 15:09:33,927 - utils - INFO - Top Airing Anime not yet updated. Pulling from API
2023-12-31 15:09:36,148 - utils - INFO - Getting Keys. Current Working Directory: /__w/data_engineering_learning/data_engineering_learning
2023-12-31 15:09:36,148 - utils - INFO - Google Application Credentials Set
2023-12-31 15:09:36,148 - utils - INFO - /__w/data_engineering_learning/data_engineering_learning/secrets/headers.json
2023-12-31 15:09:36,148 - utils - INFO - MAL Headers Loaded
2023-12-31 15:09:36,159 - utils - INFO - Getting Keys. Current Working Directory: /__w/data_engineering_learning/data_engineering_learning
2023-12-31 15:09:36,159 - utils - INFO - Google Application Credentials Set
2023-12-31 15:09:36,159 - utils - INFO - /__w/data_engineering_learning/data_engineering_learning/secrets/headers.json
2023-12-31 15:09:36,159 - utils - INFO - MAL Headers Loaded
2023-12-31 15:09:36,161 - utils - INFO - 
        SELECT date_pulled
        FROM `mal-data-engineering.my_anime_list.top_airing_anime`
        WHERE DATE(date_pulled) = DATE('2024-01-01')
        
2023-12-31 15:09:37,809 - utils - INFO - Table exists
2023-12-31 15:09:40,817 - utils - INFO - Top Airing Anime updated
2023-12-31 15:22:57,595 - utils - INFO - Getting Keys. Current Working Directory: /__w/data_engineering_learning/data_engineering_learning
2023-12-31 15:22:57,595 - utils - INFO - Google Application Credentials Set
2023-12-31 15:22:57,595 - utils - INFO - /__w/data_engineering_learning/data_engineering_learning/secrets/headers.json
2023-12-31 15:22:57,595 - utils - INFO - MAL Headers Loaded
2023-12-31 15:22:57,595 - utils - INFO - Getting Keys. Current Working Directory: /__w/data_engineering_learning/data_engineering_learning
2023-12-31 15:22:57,595 - utils - INFO - Google Application Credentials Set
2023-12-31 15:22:57,595 - utils - INFO - /__w/data_engineering_learning/data_engineering_learning/secrets/headers.json
2023-12-31 15:22:57,595 - utils - INFO - MAL Headers Loaded
2023-12-31 15:22:57,599 - utils - INFO - 
        SELECT date_pulled
        FROM `mal-data-engineering.my_anime_list.weekly_top_10`
        WHERE DATE(date_pulled) = CURRENT_DATE('Asia/Tokyo')
        
2023-12-31 15:22:59,177 - utils - INFO - 
        WITH ranked_anime AS (
            SELECT
                tw.date_pulled,
                tw.myanimelist_id,
                tw.title,
                tw.rank,
                tw.score,
                (tw.rank - lw.rank) as rank_change,
                (tw.score - lw.score) as score_change,
                ROW_NUMBER() OVER (PARTITION BY tw.date_pulled ORDER BY tw.rank) AS rank_within_date
            FROM
                (SELECT * FROM `mal-data-engineering.my_anime_list.top_airing_anime`
                  WHERE DATE(date_pulled) = CURRENT_DATE('Asia/Tokyo')
                ) AS tw
            LEFT JOIN
                (SELECT * FROM `mal-data-engineering.my_anime_list.top_airing_anime`
                  WHERE DATE(date_pulled) = DATE_ADD(CURRENT_DATE('Asia/Tokyo'), INTERVAL -7 DAY)
                ) AS lw
            ON
                tw.myanimelist_id = lw.myanimelist_id
            )

            SELECT
            date_pulled,
            myanimelist_id,
            title,
            rank,
            score,
            rank_change,
            score_change
            FROM
            ranked_anime
            WHERE
            rank_within_date <= 10
            ORDER BY
            rank_within_date,
            date_pulled DESC
            ;
        
2023-12-31 15:23:01,965 - utils - INFO - Table exists
2023-12-31 15:23:06,044 - utils - INFO - Weekly Top 10 table updated
