2024-01-26 15:10:36,876 - utils - INFO - Getting Keys. Current Working Directory: /__w/data_engineering_learning/data_engineering_learning
2024-01-26 15:10:36,876 - utils - INFO - Google Application Credentials Set
2024-01-26 15:10:36,876 - utils - INFO - /__w/data_engineering_learning/data_engineering_learning/secrets/headers.json
2024-01-26 15:10:36,876 - utils - INFO - MAL Headers Loaded
2024-01-26 15:10:36,876 - utils - INFO - Getting Keys. Current Working Directory: /__w/data_engineering_learning/data_engineering_learning
2024-01-26 15:10:36,876 - utils - INFO - Google Application Credentials Set
2024-01-26 15:10:36,876 - utils - INFO - /__w/data_engineering_learning/data_engineering_learning/secrets/headers.json
2024-01-26 15:10:36,876 - utils - INFO - MAL Headers Loaded
2024-01-26 15:10:36,880 - utils - INFO - 
        SELECT date_pulled
        FROM `mal-data-engineering.my_anime_list.top_airing_anime`
        WHERE DATE(date_pulled) = CURRENT_DATE('Asia/Tokyo')
        
2024-01-26 15:10:38,495 - utils - INFO - Top Airing Anime not yet updated. Pulling from API
2024-01-26 15:10:39,775 - utils - INFO - Getting Keys. Current Working Directory: /__w/data_engineering_learning/data_engineering_learning
2024-01-26 15:10:39,775 - utils - INFO - Google Application Credentials Set
2024-01-26 15:10:39,775 - utils - INFO - /__w/data_engineering_learning/data_engineering_learning/secrets/headers.json
2024-01-26 15:10:39,776 - utils - INFO - MAL Headers Loaded
2024-01-26 15:10:39,786 - utils - INFO - Getting Keys. Current Working Directory: /__w/data_engineering_learning/data_engineering_learning
2024-01-26 15:10:39,786 - utils - INFO - Google Application Credentials Set
2024-01-26 15:10:39,786 - utils - INFO - /__w/data_engineering_learning/data_engineering_learning/secrets/headers.json
2024-01-26 15:10:39,786 - utils - INFO - MAL Headers Loaded
2024-01-26 15:10:39,788 - utils - INFO - 
        SELECT date_pulled
        FROM `mal-data-engineering.my_anime_list.top_airing_anime`
        WHERE DATE(date_pulled) = DATE('2024-01-27')
        
2024-01-26 15:10:41,346 - utils - INFO - Table exists
2024-01-26 15:10:44,676 - utils - INFO - Top Airing Anime updated
