2024-06-01 15:10:39,400 - utils - INFO - Getting Keys. Current Working Directory: /__w/data_engineering_learning/data_engineering_learning
2024-06-01 15:10:39,400 - utils - INFO - Google Application Credentials Set
2024-06-01 15:10:39,400 - utils - INFO - /__w/data_engineering_learning/data_engineering_learning/secrets/headers.json
2024-06-01 15:10:39,401 - utils - INFO - MAL Headers Loaded
2024-06-01 15:10:39,401 - utils - INFO - Getting Keys. Current Working Directory: /__w/data_engineering_learning/data_engineering_learning
2024-06-01 15:10:39,401 - utils - INFO - Google Application Credentials Set
2024-06-01 15:10:39,401 - utils - INFO - /__w/data_engineering_learning/data_engineering_learning/secrets/headers.json
2024-06-01 15:10:39,401 - utils - INFO - MAL Headers Loaded
2024-06-01 15:10:39,404 - utils - INFO - 
        SELECT date_pulled
        FROM `mal-data-engineering.my_anime_list.top_airing_anime`
        WHERE DATE(date_pulled) = CURRENT_DATE('Asia/Tokyo')
        
2024-06-01 15:10:41,135 - utils - INFO - Top Airing Anime not yet updated. Pulling from API
2024-06-01 15:10:43,593 - utils - INFO - Getting Keys. Current Working Directory: /__w/data_engineering_learning/data_engineering_learning
2024-06-01 15:10:43,593 - utils - INFO - Google Application Credentials Set
2024-06-01 15:10:43,593 - utils - INFO - /__w/data_engineering_learning/data_engineering_learning/secrets/headers.json
2024-06-01 15:10:43,593 - utils - INFO - MAL Headers Loaded
2024-06-01 15:10:43,603 - utils - INFO - Getting Keys. Current Working Directory: /__w/data_engineering_learning/data_engineering_learning
2024-06-01 15:10:43,603 - utils - INFO - Google Application Credentials Set
2024-06-01 15:10:43,603 - utils - INFO - /__w/data_engineering_learning/data_engineering_learning/secrets/headers.json
2024-06-01 15:10:43,603 - utils - INFO - MAL Headers Loaded
2024-06-01 15:10:43,605 - utils - INFO - 
        SELECT date_pulled
        FROM `mal-data-engineering.my_anime_list.top_airing_anime`
        WHERE DATE(date_pulled) = DATE('2024-06-02')
        
2024-06-01 15:10:45,221 - utils - INFO - Table exists
2024-06-01 15:10:48,392 - utils - INFO - Top Airing Anime updated
