2024-03-18 15:10:23,272 - utils - INFO - Getting Keys. Current Working Directory: /__w/data_engineering_learning/data_engineering_learning
2024-03-18 15:10:23,272 - utils - INFO - Google Application Credentials Set
2024-03-18 15:10:23,272 - utils - INFO - /__w/data_engineering_learning/data_engineering_learning/secrets/headers.json
2024-03-18 15:10:23,272 - utils - INFO - MAL Headers Loaded
2024-03-18 15:10:23,272 - utils - INFO - Getting Keys. Current Working Directory: /__w/data_engineering_learning/data_engineering_learning
2024-03-18 15:10:23,272 - utils - INFO - Google Application Credentials Set
2024-03-18 15:10:23,272 - utils - INFO - /__w/data_engineering_learning/data_engineering_learning/secrets/headers.json
2024-03-18 15:10:23,273 - utils - INFO - MAL Headers Loaded
2024-03-18 15:10:23,276 - utils - INFO - 
        SELECT date_pulled
        FROM `mal-data-engineering.my_anime_list.top_airing_anime`
        WHERE DATE(date_pulled) = CURRENT_DATE('Asia/Tokyo')
        
2024-03-18 15:10:24,804 - utils - INFO - Top Airing Anime not yet updated. Pulling from API
2024-03-18 15:10:25,699 - utils - INFO - Getting Keys. Current Working Directory: /__w/data_engineering_learning/data_engineering_learning
2024-03-18 15:10:25,699 - utils - INFO - Google Application Credentials Set
2024-03-18 15:10:25,699 - utils - INFO - /__w/data_engineering_learning/data_engineering_learning/secrets/headers.json
2024-03-18 15:10:25,699 - utils - INFO - MAL Headers Loaded
2024-03-18 15:10:25,708 - utils - INFO - Getting Keys. Current Working Directory: /__w/data_engineering_learning/data_engineering_learning
2024-03-18 15:10:25,708 - utils - INFO - Google Application Credentials Set
2024-03-18 15:10:25,708 - utils - INFO - /__w/data_engineering_learning/data_engineering_learning/secrets/headers.json
2024-03-18 15:10:25,708 - utils - INFO - MAL Headers Loaded
2024-03-18 15:10:25,710 - utils - INFO - 
        SELECT date_pulled
        FROM `mal-data-engineering.my_anime_list.top_airing_anime`
        WHERE DATE(date_pulled) = DATE('2024-03-19')
        
2024-03-18 15:10:27,370 - utils - INFO - Table exists
2024-03-18 15:10:30,420 - utils - INFO - Top Airing Anime updated
