2024-04-27 15:09:46,871 - utils - INFO - Getting Keys. Current Working Directory: /__w/data_engineering_learning/data_engineering_learning
2024-04-27 15:09:46,871 - utils - INFO - Google Application Credentials Set
2024-04-27 15:09:46,871 - utils - INFO - /__w/data_engineering_learning/data_engineering_learning/secrets/headers.json
2024-04-27 15:09:46,871 - utils - INFO - MAL Headers Loaded
2024-04-27 15:09:46,872 - utils - INFO - Getting Keys. Current Working Directory: /__w/data_engineering_learning/data_engineering_learning
2024-04-27 15:09:46,872 - utils - INFO - Google Application Credentials Set
2024-04-27 15:09:46,872 - utils - INFO - /__w/data_engineering_learning/data_engineering_learning/secrets/headers.json
2024-04-27 15:09:46,872 - utils - INFO - MAL Headers Loaded
2024-04-27 15:09:46,875 - utils - INFO - 
        SELECT date_pulled
        FROM `mal-data-engineering.my_anime_list.top_airing_anime`
        WHERE DATE(date_pulled) = CURRENT_DATE('Asia/Tokyo')
        
2024-04-27 15:09:48,513 - utils - INFO - Top Airing Anime not yet updated. Pulling from API
2024-04-27 15:09:50,849 - utils - INFO - Getting Keys. Current Working Directory: /__w/data_engineering_learning/data_engineering_learning
2024-04-27 15:09:50,849 - utils - INFO - Google Application Credentials Set
2024-04-27 15:09:50,849 - utils - INFO - /__w/data_engineering_learning/data_engineering_learning/secrets/headers.json
2024-04-27 15:09:50,849 - utils - INFO - MAL Headers Loaded
2024-04-27 15:09:50,858 - utils - INFO - Getting Keys. Current Working Directory: /__w/data_engineering_learning/data_engineering_learning
2024-04-27 15:09:50,859 - utils - INFO - Google Application Credentials Set
2024-04-27 15:09:50,859 - utils - INFO - /__w/data_engineering_learning/data_engineering_learning/secrets/headers.json
2024-04-27 15:09:50,859 - utils - INFO - MAL Headers Loaded
2024-04-27 15:09:50,861 - utils - INFO - 
        SELECT date_pulled
        FROM `mal-data-engineering.my_anime_list.top_airing_anime`
        WHERE DATE(date_pulled) = DATE('2024-04-28')
        
2024-04-27 15:09:52,338 - utils - INFO - Table exists
2024-04-27 15:09:55,778 - utils - INFO - Top Airing Anime updated
