2024-01-18 15:11:15,534 - utils - INFO - Getting Keys. Current Working Directory: /__w/data_engineering_learning/data_engineering_learning
2024-01-18 15:11:15,534 - utils - INFO - Google Application Credentials Set
2024-01-18 15:11:15,534 - utils - INFO - /__w/data_engineering_learning/data_engineering_learning/secrets/headers.json
2024-01-18 15:11:15,534 - utils - INFO - MAL Headers Loaded
2024-01-18 15:11:15,534 - utils - INFO - Getting Keys. Current Working Directory: /__w/data_engineering_learning/data_engineering_learning
2024-01-18 15:11:15,534 - utils - INFO - Google Application Credentials Set
2024-01-18 15:11:15,534 - utils - INFO - /__w/data_engineering_learning/data_engineering_learning/secrets/headers.json
2024-01-18 15:11:15,535 - utils - INFO - MAL Headers Loaded
2024-01-18 15:11:15,538 - utils - INFO - 
        SELECT date_pulled
        FROM `mal-data-engineering.my_anime_list.top_airing_anime`
        WHERE DATE(date_pulled) = CURRENT_DATE('Asia/Tokyo')
        
2024-01-18 15:11:17,142 - utils - INFO - Top Airing Anime not yet updated. Pulling from API
2024-01-18 15:11:20,348 - utils - INFO - Getting Keys. Current Working Directory: /__w/data_engineering_learning/data_engineering_learning
2024-01-18 15:11:20,348 - utils - INFO - Google Application Credentials Set
2024-01-18 15:11:20,348 - utils - INFO - /__w/data_engineering_learning/data_engineering_learning/secrets/headers.json
2024-01-18 15:11:20,348 - utils - INFO - MAL Headers Loaded
2024-01-18 15:11:20,358 - utils - INFO - Getting Keys. Current Working Directory: /__w/data_engineering_learning/data_engineering_learning
2024-01-18 15:11:20,358 - utils - INFO - Google Application Credentials Set
2024-01-18 15:11:20,359 - utils - INFO - /__w/data_engineering_learning/data_engineering_learning/secrets/headers.json
2024-01-18 15:11:20,359 - utils - INFO - MAL Headers Loaded
2024-01-18 15:11:20,361 - utils - INFO - 
        SELECT date_pulled
        FROM `mal-data-engineering.my_anime_list.top_airing_anime`
        WHERE DATE(date_pulled) = DATE('2024-01-19')
        
2024-01-18 15:11:21,910 - utils - INFO - Table exists
2024-01-18 15:11:25,132 - utils - INFO - Top Airing Anime updated
