2024-10-06 15:12:57,257 - utils - INFO - Getting Keys. Current Working Directory: /__w/data_engineering_learning/data_engineering_learning
2024-10-06 15:12:57,257 - utils - INFO - Google Application Credentials Set
2024-10-06 15:12:57,257 - utils - INFO - /__w/data_engineering_learning/data_engineering_learning/secrets/headers.json
2024-10-06 15:12:57,257 - utils - INFO - MAL Headers Loaded
2024-10-06 15:12:57,258 - utils - INFO - Getting Keys. Current Working Directory: /__w/data_engineering_learning/data_engineering_learning
2024-10-06 15:12:57,258 - utils - INFO - Google Application Credentials Set
2024-10-06 15:12:57,258 - utils - INFO - /__w/data_engineering_learning/data_engineering_learning/secrets/headers.json
2024-10-06 15:12:57,258 - utils - INFO - MAL Headers Loaded
2024-10-06 15:12:57,261 - utils - INFO - 
        SELECT date_pulled
        FROM `mal-data-engineering.my_anime_list.top_airing_anime`
        WHERE DATE(date_pulled) = CURRENT_DATE('Asia/Tokyo')
        
2024-10-06 15:12:58,422 - utils - INFO - Top Airing Anime not yet updated. Pulling from API
2024-10-06 15:13:00,781 - utils - INFO - Getting Keys. Current Working Directory: /__w/data_engineering_learning/data_engineering_learning
2024-10-06 15:13:00,781 - utils - INFO - Google Application Credentials Set
2024-10-06 15:13:00,781 - utils - INFO - /__w/data_engineering_learning/data_engineering_learning/secrets/headers.json
2024-10-06 15:13:00,781 - utils - INFO - MAL Headers Loaded
2024-10-06 15:13:00,790 - utils - INFO - Getting Keys. Current Working Directory: /__w/data_engineering_learning/data_engineering_learning
2024-10-06 15:13:00,790 - utils - INFO - Google Application Credentials Set
2024-10-06 15:13:00,790 - utils - INFO - /__w/data_engineering_learning/data_engineering_learning/secrets/headers.json
2024-10-06 15:13:00,790 - utils - INFO - MAL Headers Loaded
2024-10-06 15:13:00,792 - utils - INFO - 
        SELECT date_pulled
        FROM `mal-data-engineering.my_anime_list.top_airing_anime`
        WHERE DATE(date_pulled) = DATE('2024-10-07')
        
2024-10-06 15:13:01,992 - utils - INFO - Table exists
2024-10-06 15:13:05,321 - utils - INFO - Top Airing Anime updated
