2024-08-01 15:12:28,121 - utils - INFO - Getting Keys. Current Working Directory: /__w/data_engineering_learning/data_engineering_learning
2024-08-01 15:12:28,122 - utils - INFO - Google Application Credentials Set
2024-08-01 15:12:28,122 - utils - INFO - /__w/data_engineering_learning/data_engineering_learning/secrets/headers.json
2024-08-01 15:12:28,122 - utils - INFO - MAL Headers Loaded
2024-08-01 15:12:28,122 - utils - INFO - Getting Keys. Current Working Directory: /__w/data_engineering_learning/data_engineering_learning
2024-08-01 15:12:28,122 - utils - INFO - Google Application Credentials Set
2024-08-01 15:12:28,122 - utils - INFO - /__w/data_engineering_learning/data_engineering_learning/secrets/headers.json
2024-08-01 15:12:28,122 - utils - INFO - MAL Headers Loaded
2024-08-01 15:12:28,125 - utils - INFO - 
        SELECT date_pulled
        FROM `mal-data-engineering.my_anime_list.top_airing_anime`
        WHERE DATE(date_pulled) = CURRENT_DATE('Asia/Tokyo')
        
2024-08-01 15:12:29,917 - utils - INFO - Top Airing Anime not yet updated. Pulling from API
2024-08-01 15:12:32,802 - utils - INFO - Getting Keys. Current Working Directory: /__w/data_engineering_learning/data_engineering_learning
2024-08-01 15:12:32,802 - utils - INFO - Google Application Credentials Set
2024-08-01 15:12:32,802 - utils - INFO - /__w/data_engineering_learning/data_engineering_learning/secrets/headers.json
2024-08-01 15:12:32,802 - utils - INFO - MAL Headers Loaded
2024-08-01 15:12:32,812 - utils - INFO - Getting Keys. Current Working Directory: /__w/data_engineering_learning/data_engineering_learning
2024-08-01 15:12:32,812 - utils - INFO - Google Application Credentials Set
2024-08-01 15:12:32,812 - utils - INFO - /__w/data_engineering_learning/data_engineering_learning/secrets/headers.json
2024-08-01 15:12:32,813 - utils - INFO - MAL Headers Loaded
2024-08-01 15:12:32,815 - utils - INFO - 
        SELECT date_pulled
        FROM `mal-data-engineering.my_anime_list.top_airing_anime`
        WHERE DATE(date_pulled) = DATE('2024-08-02')
        
2024-08-01 15:12:34,482 - utils - INFO - Table exists
2024-08-01 15:12:40,335 - utils - INFO - Top Airing Anime updated
