2024-08-17 15:11:08,907 - utils - INFO - Getting Keys. Current Working Directory: /__w/data_engineering_learning/data_engineering_learning
2024-08-17 15:11:08,907 - utils - INFO - Google Application Credentials Set
2024-08-17 15:11:08,907 - utils - INFO - /__w/data_engineering_learning/data_engineering_learning/secrets/headers.json
2024-08-17 15:11:08,907 - utils - INFO - MAL Headers Loaded
2024-08-17 15:11:08,907 - utils - INFO - Getting Keys. Current Working Directory: /__w/data_engineering_learning/data_engineering_learning
2024-08-17 15:11:08,907 - utils - INFO - Google Application Credentials Set
2024-08-17 15:11:08,907 - utils - INFO - /__w/data_engineering_learning/data_engineering_learning/secrets/headers.json
2024-08-17 15:11:08,907 - utils - INFO - MAL Headers Loaded
2024-08-17 15:11:08,911 - utils - INFO - 
        SELECT date_pulled
        FROM `mal-data-engineering.my_anime_list.top_airing_anime`
        WHERE DATE(date_pulled) = CURRENT_DATE('Asia/Tokyo')
        
2024-08-17 15:11:10,080 - utils - INFO - Top Airing Anime not yet updated. Pulling from API
2024-08-17 15:11:12,415 - utils - INFO - Getting Keys. Current Working Directory: /__w/data_engineering_learning/data_engineering_learning
2024-08-17 15:11:12,415 - utils - INFO - Google Application Credentials Set
2024-08-17 15:11:12,415 - utils - INFO - /__w/data_engineering_learning/data_engineering_learning/secrets/headers.json
2024-08-17 15:11:12,415 - utils - INFO - MAL Headers Loaded
2024-08-17 15:11:12,424 - utils - INFO - Getting Keys. Current Working Directory: /__w/data_engineering_learning/data_engineering_learning
2024-08-17 15:11:12,424 - utils - INFO - Google Application Credentials Set
2024-08-17 15:11:12,424 - utils - INFO - /__w/data_engineering_learning/data_engineering_learning/secrets/headers.json
2024-08-17 15:11:12,424 - utils - INFO - MAL Headers Loaded
2024-08-17 15:11:12,427 - utils - INFO - 
        SELECT date_pulled
        FROM `mal-data-engineering.my_anime_list.top_airing_anime`
        WHERE DATE(date_pulled) = DATE('2024-08-18')
        
2024-08-17 15:11:13,645 - utils - INFO - Table exists
2024-08-17 15:11:17,156 - utils - INFO - Top Airing Anime updated
