2024-03-22 15:10:43,280 - utils - INFO - Getting Keys. Current Working Directory: /__w/data_engineering_learning/data_engineering_learning
2024-03-22 15:10:43,280 - utils - INFO - Google Application Credentials Set
2024-03-22 15:10:43,280 - utils - INFO - /__w/data_engineering_learning/data_engineering_learning/secrets/headers.json
2024-03-22 15:10:43,280 - utils - INFO - MAL Headers Loaded
2024-03-22 15:10:43,280 - utils - INFO - Getting Keys. Current Working Directory: /__w/data_engineering_learning/data_engineering_learning
2024-03-22 15:10:43,280 - utils - INFO - Google Application Credentials Set
2024-03-22 15:10:43,280 - utils - INFO - /__w/data_engineering_learning/data_engineering_learning/secrets/headers.json
2024-03-22 15:10:43,280 - utils - INFO - MAL Headers Loaded
2024-03-22 15:10:43,284 - utils - INFO - 
        SELECT date_pulled
        FROM `mal-data-engineering.my_anime_list.top_airing_anime`
        WHERE DATE(date_pulled) = CURRENT_DATE('Asia/Tokyo')
        
2024-03-22 15:10:44,703 - utils - INFO - Top Airing Anime not yet updated. Pulling from API
2024-03-22 15:10:46,904 - utils - INFO - Getting Keys. Current Working Directory: /__w/data_engineering_learning/data_engineering_learning
2024-03-22 15:10:46,904 - utils - INFO - Google Application Credentials Set
2024-03-22 15:10:46,904 - utils - INFO - /__w/data_engineering_learning/data_engineering_learning/secrets/headers.json
2024-03-22 15:10:46,904 - utils - INFO - MAL Headers Loaded
2024-03-22 15:10:46,914 - utils - INFO - Getting Keys. Current Working Directory: /__w/data_engineering_learning/data_engineering_learning
2024-03-22 15:10:46,914 - utils - INFO - Google Application Credentials Set
2024-03-22 15:10:46,914 - utils - INFO - /__w/data_engineering_learning/data_engineering_learning/secrets/headers.json
2024-03-22 15:10:46,914 - utils - INFO - MAL Headers Loaded
2024-03-22 15:10:46,916 - utils - INFO - 
        SELECT date_pulled
        FROM `mal-data-engineering.my_anime_list.top_airing_anime`
        WHERE DATE(date_pulled) = DATE('2024-03-23')
        
2024-03-22 15:10:48,694 - utils - INFO - Table exists
2024-03-22 15:10:52,034 - utils - INFO - Top Airing Anime updated
