2024-07-04 15:11:57,014 - utils - INFO - Getting Keys. Current Working Directory: /__w/data_engineering_learning/data_engineering_learning
2024-07-04 15:11:57,014 - utils - INFO - Google Application Credentials Set
2024-07-04 15:11:57,015 - utils - INFO - /__w/data_engineering_learning/data_engineering_learning/secrets/headers.json
2024-07-04 15:11:57,015 - utils - INFO - MAL Headers Loaded
2024-07-04 15:11:57,015 - utils - INFO - Getting Keys. Current Working Directory: /__w/data_engineering_learning/data_engineering_learning
2024-07-04 15:11:57,015 - utils - INFO - Google Application Credentials Set
2024-07-04 15:11:57,015 - utils - INFO - /__w/data_engineering_learning/data_engineering_learning/secrets/headers.json
2024-07-04 15:11:57,015 - utils - INFO - MAL Headers Loaded
2024-07-04 15:11:57,018 - utils - INFO - 
        SELECT date_pulled
        FROM `mal-data-engineering.my_anime_list.top_airing_anime`
        WHERE DATE(date_pulled) = CURRENT_DATE('Asia/Tokyo')
        
2024-07-04 15:11:58,560 - utils - INFO - Top Airing Anime not yet updated. Pulling from API
2024-07-04 15:12:00,001 - utils - INFO - Getting Keys. Current Working Directory: /__w/data_engineering_learning/data_engineering_learning
2024-07-04 15:12:00,001 - utils - INFO - Google Application Credentials Set
2024-07-04 15:12:00,001 - utils - INFO - /__w/data_engineering_learning/data_engineering_learning/secrets/headers.json
2024-07-04 15:12:00,002 - utils - INFO - MAL Headers Loaded
2024-07-04 15:12:00,012 - utils - INFO - Getting Keys. Current Working Directory: /__w/data_engineering_learning/data_engineering_learning
2024-07-04 15:12:00,012 - utils - INFO - Google Application Credentials Set
2024-07-04 15:12:00,012 - utils - INFO - /__w/data_engineering_learning/data_engineering_learning/secrets/headers.json
2024-07-04 15:12:00,012 - utils - INFO - MAL Headers Loaded
2024-07-04 15:12:00,014 - utils - INFO - 
        SELECT date_pulled
        FROM `mal-data-engineering.my_anime_list.top_airing_anime`
        WHERE DATE(date_pulled) = DATE('2024-07-05')
        
2024-07-04 15:12:01,600 - utils - INFO - Table exists
2024-07-04 15:12:07,025 - utils - INFO - Top Airing Anime updated
