2024-06-17 15:13:07,163 - utils - INFO - Getting Keys. Current Working Directory: /__w/data_engineering_learning/data_engineering_learning
2024-06-17 15:13:07,163 - utils - INFO - Google Application Credentials Set
2024-06-17 15:13:07,163 - utils - INFO - /__w/data_engineering_learning/data_engineering_learning/secrets/headers.json
2024-06-17 15:13:07,163 - utils - INFO - MAL Headers Loaded
2024-06-17 15:13:07,163 - utils - INFO - Getting Keys. Current Working Directory: /__w/data_engineering_learning/data_engineering_learning
2024-06-17 15:13:07,163 - utils - INFO - Google Application Credentials Set
2024-06-17 15:13:07,163 - utils - INFO - /__w/data_engineering_learning/data_engineering_learning/secrets/headers.json
2024-06-17 15:13:07,164 - utils - INFO - MAL Headers Loaded
2024-06-17 15:13:07,167 - utils - INFO - 
        SELECT date_pulled
        FROM `mal-data-engineering.my_anime_list.top_airing_anime`
        WHERE DATE(date_pulled) = CURRENT_DATE('Asia/Tokyo')
        
2024-06-17 15:13:08,514 - utils - INFO - Top Airing Anime not yet updated. Pulling from API
2024-06-17 15:13:09,694 - utils - INFO - Getting Keys. Current Working Directory: /__w/data_engineering_learning/data_engineering_learning
2024-06-17 15:13:09,694 - utils - INFO - Google Application Credentials Set
2024-06-17 15:13:09,695 - utils - INFO - /__w/data_engineering_learning/data_engineering_learning/secrets/headers.json
2024-06-17 15:13:09,695 - utils - INFO - MAL Headers Loaded
2024-06-17 15:13:09,704 - utils - INFO - Getting Keys. Current Working Directory: /__w/data_engineering_learning/data_engineering_learning
2024-06-17 15:13:09,704 - utils - INFO - Google Application Credentials Set
2024-06-17 15:13:09,704 - utils - INFO - /__w/data_engineering_learning/data_engineering_learning/secrets/headers.json
2024-06-17 15:13:09,705 - utils - INFO - MAL Headers Loaded
2024-06-17 15:13:09,707 - utils - INFO - 
        SELECT date_pulled
        FROM `mal-data-engineering.my_anime_list.top_airing_anime`
        WHERE DATE(date_pulled) = DATE('2024-06-18')
        
2024-06-17 15:13:11,273 - utils - INFO - Table exists
2024-06-17 15:13:16,924 - utils - INFO - Top Airing Anime updated
