2024-08-13 15:12:30,056 - utils - INFO - Getting Keys. Current Working Directory: /__w/data_engineering_learning/data_engineering_learning
2024-08-13 15:12:30,057 - utils - INFO - Google Application Credentials Set
2024-08-13 15:12:30,057 - utils - INFO - /__w/data_engineering_learning/data_engineering_learning/secrets/headers.json
2024-08-13 15:12:30,057 - utils - INFO - MAL Headers Loaded
2024-08-13 15:12:30,057 - utils - INFO - Getting Keys. Current Working Directory: /__w/data_engineering_learning/data_engineering_learning
2024-08-13 15:12:30,057 - utils - INFO - Google Application Credentials Set
2024-08-13 15:12:30,057 - utils - INFO - /__w/data_engineering_learning/data_engineering_learning/secrets/headers.json
2024-08-13 15:12:30,057 - utils - INFO - MAL Headers Loaded
2024-08-13 15:12:30,061 - utils - INFO - 
        SELECT date_pulled
        FROM `mal-data-engineering.my_anime_list.top_airing_anime`
        WHERE DATE(date_pulled) = CURRENT_DATE('Asia/Tokyo')
        
2024-08-13 15:12:31,607 - utils - INFO - Top Airing Anime not yet updated. Pulling from API
2024-08-13 15:12:33,830 - utils - INFO - Getting Keys. Current Working Directory: /__w/data_engineering_learning/data_engineering_learning
2024-08-13 15:12:33,830 - utils - INFO - Google Application Credentials Set
2024-08-13 15:12:33,831 - utils - INFO - /__w/data_engineering_learning/data_engineering_learning/secrets/headers.json
2024-08-13 15:12:33,831 - utils - INFO - MAL Headers Loaded
2024-08-13 15:12:33,840 - utils - INFO - Getting Keys. Current Working Directory: /__w/data_engineering_learning/data_engineering_learning
2024-08-13 15:12:33,841 - utils - INFO - Google Application Credentials Set
2024-08-13 15:12:33,841 - utils - INFO - /__w/data_engineering_learning/data_engineering_learning/secrets/headers.json
2024-08-13 15:12:33,841 - utils - INFO - MAL Headers Loaded
2024-08-13 15:12:33,843 - utils - INFO - 
        SELECT date_pulled
        FROM `mal-data-engineering.my_anime_list.top_airing_anime`
        WHERE DATE(date_pulled) = DATE('2024-08-14')
        
2024-08-13 15:12:35,202 - utils - INFO - Table exists
2024-08-13 15:12:39,659 - utils - INFO - Top Airing Anime updated
