2024-03-28 15:11:09,715 - utils - INFO - Getting Keys. Current Working Directory: /__w/data_engineering_learning/data_engineering_learning
2024-03-28 15:11:09,715 - utils - INFO - Google Application Credentials Set
2024-03-28 15:11:09,715 - utils - INFO - /__w/data_engineering_learning/data_engineering_learning/secrets/headers.json
2024-03-28 15:11:09,715 - utils - INFO - MAL Headers Loaded
2024-03-28 15:11:09,716 - utils - INFO - Getting Keys. Current Working Directory: /__w/data_engineering_learning/data_engineering_learning
2024-03-28 15:11:09,716 - utils - INFO - Google Application Credentials Set
2024-03-28 15:11:09,716 - utils - INFO - /__w/data_engineering_learning/data_engineering_learning/secrets/headers.json
2024-03-28 15:11:09,716 - utils - INFO - MAL Headers Loaded
2024-03-28 15:11:09,719 - utils - INFO - 
        SELECT date_pulled
        FROM `mal-data-engineering.my_anime_list.top_airing_anime`
        WHERE DATE(date_pulled) = CURRENT_DATE('Asia/Tokyo')
        
2024-03-28 15:11:11,466 - utils - INFO - Top Airing Anime not yet updated. Pulling from API
2024-03-28 15:11:13,947 - utils - INFO - Getting Keys. Current Working Directory: /__w/data_engineering_learning/data_engineering_learning
2024-03-28 15:11:13,947 - utils - INFO - Google Application Credentials Set
2024-03-28 15:11:13,947 - utils - INFO - /__w/data_engineering_learning/data_engineering_learning/secrets/headers.json
2024-03-28 15:11:13,947 - utils - INFO - MAL Headers Loaded
2024-03-28 15:11:13,956 - utils - INFO - Getting Keys. Current Working Directory: /__w/data_engineering_learning/data_engineering_learning
2024-03-28 15:11:13,957 - utils - INFO - Google Application Credentials Set
2024-03-28 15:11:13,957 - utils - INFO - /__w/data_engineering_learning/data_engineering_learning/secrets/headers.json
2024-03-28 15:11:13,957 - utils - INFO - MAL Headers Loaded
2024-03-28 15:11:13,959 - utils - INFO - 
        SELECT date_pulled
        FROM `mal-data-engineering.my_anime_list.top_airing_anime`
        WHERE DATE(date_pulled) = DATE('2024-03-29')
        
2024-03-28 15:11:15,637 - utils - INFO - Table exists
2024-03-28 15:11:20,463 - utils - INFO - Top Airing Anime updated
