2024-12-22 15:11:40,586 - utils - INFO - Getting Keys. Current Working Directory: /__w/data_engineering_learning/data_engineering_learning
2024-12-22 15:11:40,586 - utils - INFO - Google Application Credentials Set
2024-12-22 15:11:40,586 - utils - INFO - /__w/data_engineering_learning/data_engineering_learning/secrets/headers.json
2024-12-22 15:11:40,586 - utils - INFO - MAL Headers Loaded
2024-12-22 15:11:40,586 - utils - INFO - Getting Keys. Current Working Directory: /__w/data_engineering_learning/data_engineering_learning
2024-12-22 15:11:40,586 - utils - INFO - Google Application Credentials Set
2024-12-22 15:11:40,586 - utils - INFO - /__w/data_engineering_learning/data_engineering_learning/secrets/headers.json
2024-12-22 15:11:40,586 - utils - INFO - MAL Headers Loaded
2024-12-22 15:11:40,590 - utils - INFO - 
        SELECT date_pulled
        FROM `mal-data-engineering.my_anime_list.top_airing_anime`
        WHERE DATE(date_pulled) = CURRENT_DATE('Asia/Tokyo')
        
2024-12-22 15:11:41,951 - utils - INFO - Top Airing Anime not yet updated. Pulling from API
2024-12-22 15:11:44,124 - utils - INFO - Getting Keys. Current Working Directory: /__w/data_engineering_learning/data_engineering_learning
2024-12-22 15:11:44,124 - utils - INFO - Google Application Credentials Set
2024-12-22 15:11:44,124 - utils - INFO - /__w/data_engineering_learning/data_engineering_learning/secrets/headers.json
2024-12-22 15:11:44,124 - utils - INFO - MAL Headers Loaded
2024-12-22 15:11:44,133 - utils - INFO - Getting Keys. Current Working Directory: /__w/data_engineering_learning/data_engineering_learning
2024-12-22 15:11:44,134 - utils - INFO - Google Application Credentials Set
2024-12-22 15:11:44,134 - utils - INFO - /__w/data_engineering_learning/data_engineering_learning/secrets/headers.json
2024-12-22 15:11:44,134 - utils - INFO - MAL Headers Loaded
2024-12-22 15:11:44,136 - utils - INFO - 
        SELECT date_pulled
        FROM `mal-data-engineering.my_anime_list.top_airing_anime`
        WHERE DATE(date_pulled) = DATE('2024-12-23')
        
2024-12-22 15:11:45,421 - utils - INFO - Table exists
2024-12-22 15:11:49,417 - utils - INFO - Top Airing Anime updated
