2024-04-08 15:10:11,070 - utils - INFO - Getting Keys. Current Working Directory: /__w/data_engineering_learning/data_engineering_learning
2024-04-08 15:10:11,070 - utils - INFO - Google Application Credentials Set
2024-04-08 15:10:11,070 - utils - INFO - /__w/data_engineering_learning/data_engineering_learning/secrets/headers.json
2024-04-08 15:10:11,070 - utils - INFO - MAL Headers Loaded
2024-04-08 15:10:11,070 - utils - INFO - Getting Keys. Current Working Directory: /__w/data_engineering_learning/data_engineering_learning
2024-04-08 15:10:11,070 - utils - INFO - Google Application Credentials Set
2024-04-08 15:10:11,071 - utils - INFO - /__w/data_engineering_learning/data_engineering_learning/secrets/headers.json
2024-04-08 15:10:11,071 - utils - INFO - MAL Headers Loaded
2024-04-08 15:10:11,074 - utils - INFO - 
        SELECT date_pulled
        FROM `mal-data-engineering.my_anime_list.top_airing_anime`
        WHERE DATE(date_pulled) = CURRENT_DATE('Asia/Tokyo')
        
2024-04-08 15:10:12,504 - utils - INFO - Top Airing Anime not yet updated. Pulling from API
2024-04-08 15:10:13,302 - utils - INFO - Getting Keys. Current Working Directory: /__w/data_engineering_learning/data_engineering_learning
2024-04-08 15:10:13,303 - utils - INFO - Google Application Credentials Set
2024-04-08 15:10:13,303 - utils - INFO - /__w/data_engineering_learning/data_engineering_learning/secrets/headers.json
2024-04-08 15:10:13,303 - utils - INFO - MAL Headers Loaded
2024-04-08 15:10:13,313 - utils - INFO - Getting Keys. Current Working Directory: /__w/data_engineering_learning/data_engineering_learning
2024-04-08 15:10:13,313 - utils - INFO - Google Application Credentials Set
2024-04-08 15:10:13,313 - utils - INFO - /__w/data_engineering_learning/data_engineering_learning/secrets/headers.json
2024-04-08 15:10:13,313 - utils - INFO - MAL Headers Loaded
2024-04-08 15:10:13,315 - utils - INFO - 
        SELECT date_pulled
        FROM `mal-data-engineering.my_anime_list.top_airing_anime`
        WHERE DATE(date_pulled) = DATE('2024-04-09')
        
2024-04-08 15:10:15,356 - utils - INFO - Table exists
2024-04-08 15:10:18,597 - utils - INFO - Top Airing Anime updated
