2024-08-10 15:11:43,738 - utils - INFO - Getting Keys. Current Working Directory: /__w/data_engineering_learning/data_engineering_learning
2024-08-10 15:11:43,738 - utils - INFO - Google Application Credentials Set
2024-08-10 15:11:43,738 - utils - INFO - /__w/data_engineering_learning/data_engineering_learning/secrets/headers.json
2024-08-10 15:11:43,738 - utils - INFO - MAL Headers Loaded
2024-08-10 15:11:43,738 - utils - INFO - Getting Keys. Current Working Directory: /__w/data_engineering_learning/data_engineering_learning
2024-08-10 15:11:43,738 - utils - INFO - Google Application Credentials Set
2024-08-10 15:11:43,738 - utils - INFO - /__w/data_engineering_learning/data_engineering_learning/secrets/headers.json
2024-08-10 15:11:43,738 - utils - INFO - MAL Headers Loaded
2024-08-10 15:11:43,742 - utils - INFO - 
        SELECT date_pulled
        FROM `mal-data-engineering.my_anime_list.top_airing_anime`
        WHERE DATE(date_pulled) = CURRENT_DATE('Asia/Tokyo')
        
2024-08-10 15:11:45,088 - utils - INFO - Top Airing Anime not yet updated. Pulling from API
2024-08-10 15:11:47,560 - utils - INFO - Getting Keys. Current Working Directory: /__w/data_engineering_learning/data_engineering_learning
2024-08-10 15:11:47,561 - utils - INFO - Google Application Credentials Set
2024-08-10 15:11:47,561 - utils - INFO - /__w/data_engineering_learning/data_engineering_learning/secrets/headers.json
2024-08-10 15:11:47,561 - utils - INFO - MAL Headers Loaded
2024-08-10 15:11:47,570 - utils - INFO - Getting Keys. Current Working Directory: /__w/data_engineering_learning/data_engineering_learning
2024-08-10 15:11:47,570 - utils - INFO - Google Application Credentials Set
2024-08-10 15:11:47,570 - utils - INFO - /__w/data_engineering_learning/data_engineering_learning/secrets/headers.json
2024-08-10 15:11:47,570 - utils - INFO - MAL Headers Loaded
2024-08-10 15:11:47,573 - utils - INFO - 
        SELECT date_pulled
        FROM `mal-data-engineering.my_anime_list.top_airing_anime`
        WHERE DATE(date_pulled) = DATE('2024-08-11')
        
2024-08-10 15:11:49,033 - utils - INFO - Table exists
2024-08-10 15:11:52,015 - utils - INFO - Top Airing Anime updated
