2024-06-29 15:10:44,281 - utils - INFO - Getting Keys. Current Working Directory: /__w/data_engineering_learning/data_engineering_learning
2024-06-29 15:10:44,281 - utils - INFO - Google Application Credentials Set
2024-06-29 15:10:44,281 - utils - INFO - /__w/data_engineering_learning/data_engineering_learning/secrets/headers.json
2024-06-29 15:10:44,281 - utils - INFO - MAL Headers Loaded
2024-06-29 15:10:44,281 - utils - INFO - Getting Keys. Current Working Directory: /__w/data_engineering_learning/data_engineering_learning
2024-06-29 15:10:44,281 - utils - INFO - Google Application Credentials Set
2024-06-29 15:10:44,281 - utils - INFO - /__w/data_engineering_learning/data_engineering_learning/secrets/headers.json
2024-06-29 15:10:44,282 - utils - INFO - MAL Headers Loaded
2024-06-29 15:10:44,285 - utils - INFO - 
        SELECT date_pulled
        FROM `mal-data-engineering.my_anime_list.top_airing_anime`
        WHERE DATE(date_pulled) = CURRENT_DATE('Asia/Tokyo')
        
2024-06-29 15:10:45,578 - utils - INFO - Top Airing Anime not yet updated. Pulling from API
2024-06-29 15:10:47,933 - utils - INFO - Getting Keys. Current Working Directory: /__w/data_engineering_learning/data_engineering_learning
2024-06-29 15:10:47,933 - utils - INFO - Google Application Credentials Set
2024-06-29 15:10:47,933 - utils - INFO - /__w/data_engineering_learning/data_engineering_learning/secrets/headers.json
2024-06-29 15:10:47,933 - utils - INFO - MAL Headers Loaded
2024-06-29 15:10:47,942 - utils - INFO - Getting Keys. Current Working Directory: /__w/data_engineering_learning/data_engineering_learning
2024-06-29 15:10:47,942 - utils - INFO - Google Application Credentials Set
2024-06-29 15:10:47,942 - utils - INFO - /__w/data_engineering_learning/data_engineering_learning/secrets/headers.json
2024-06-29 15:10:47,943 - utils - INFO - MAL Headers Loaded
2024-06-29 15:10:47,945 - utils - INFO - 
        SELECT date_pulled
        FROM `mal-data-engineering.my_anime_list.top_airing_anime`
        WHERE DATE(date_pulled) = DATE('2024-06-30')
        
2024-06-29 15:10:49,314 - utils - INFO - Table exists
2024-06-29 15:10:52,284 - utils - INFO - Top Airing Anime updated
