2024-02-05 15:10:18,008 - utils - INFO - Getting Keys. Current Working Directory: /__w/data_engineering_learning/data_engineering_learning
2024-02-05 15:10:18,008 - utils - INFO - Google Application Credentials Set
2024-02-05 15:10:18,008 - utils - INFO - /__w/data_engineering_learning/data_engineering_learning/secrets/headers.json
2024-02-05 15:10:18,009 - utils - INFO - MAL Headers Loaded
2024-02-05 15:10:18,009 - utils - INFO - Getting Keys. Current Working Directory: /__w/data_engineering_learning/data_engineering_learning
2024-02-05 15:10:18,009 - utils - INFO - Google Application Credentials Set
2024-02-05 15:10:18,009 - utils - INFO - /__w/data_engineering_learning/data_engineering_learning/secrets/headers.json
2024-02-05 15:10:18,009 - utils - INFO - MAL Headers Loaded
2024-02-05 15:10:18,012 - utils - INFO - 
        SELECT date_pulled
        FROM `mal-data-engineering.my_anime_list.top_airing_anime`
        WHERE DATE(date_pulled) = CURRENT_DATE('Asia/Tokyo')
        
2024-02-05 15:10:19,703 - utils - INFO - Top Airing Anime not yet updated. Pulling from API
2024-02-05 15:10:21,926 - utils - INFO - Getting Keys. Current Working Directory: /__w/data_engineering_learning/data_engineering_learning
2024-02-05 15:10:21,926 - utils - INFO - Google Application Credentials Set
2024-02-05 15:10:21,926 - utils - INFO - /__w/data_engineering_learning/data_engineering_learning/secrets/headers.json
2024-02-05 15:10:21,927 - utils - INFO - MAL Headers Loaded
2024-02-05 15:10:21,937 - utils - INFO - Getting Keys. Current Working Directory: /__w/data_engineering_learning/data_engineering_learning
2024-02-05 15:10:21,937 - utils - INFO - Google Application Credentials Set
2024-02-05 15:10:21,937 - utils - INFO - /__w/data_engineering_learning/data_engineering_learning/secrets/headers.json
2024-02-05 15:10:21,937 - utils - INFO - MAL Headers Loaded
2024-02-05 15:10:21,939 - utils - INFO - 
        SELECT date_pulled
        FROM `mal-data-engineering.my_anime_list.top_airing_anime`
        WHERE DATE(date_pulled) = DATE('2024-02-06')
        
2024-02-05 15:10:23,619 - utils - INFO - Table exists
2024-02-05 15:10:26,840 - utils - INFO - Top Airing Anime updated
