2024-04-25 15:10:12,853 - utils - INFO - Getting Keys. Current Working Directory: /__w/data_engineering_learning/data_engineering_learning
2024-04-25 15:10:12,853 - utils - INFO - Google Application Credentials Set
2024-04-25 15:10:12,854 - utils - INFO - /__w/data_engineering_learning/data_engineering_learning/secrets/headers.json
2024-04-25 15:10:12,854 - utils - INFO - MAL Headers Loaded
2024-04-25 15:10:12,854 - utils - INFO - Getting Keys. Current Working Directory: /__w/data_engineering_learning/data_engineering_learning
2024-04-25 15:10:12,854 - utils - INFO - Google Application Credentials Set
2024-04-25 15:10:12,854 - utils - INFO - /__w/data_engineering_learning/data_engineering_learning/secrets/headers.json
2024-04-25 15:10:12,854 - utils - INFO - MAL Headers Loaded
2024-04-25 15:10:12,857 - utils - INFO - 
        SELECT date_pulled
        FROM `mal-data-engineering.my_anime_list.top_airing_anime`
        WHERE DATE(date_pulled) = CURRENT_DATE('Asia/Tokyo')
        
2024-04-25 15:10:15,509 - utils - INFO - Top Airing Anime not yet updated. Pulling from API
2024-04-25 15:10:16,318 - utils - INFO - Getting Keys. Current Working Directory: /__w/data_engineering_learning/data_engineering_learning
2024-04-25 15:10:16,318 - utils - INFO - Google Application Credentials Set
2024-04-25 15:10:16,318 - utils - INFO - /__w/data_engineering_learning/data_engineering_learning/secrets/headers.json
2024-04-25 15:10:16,318 - utils - INFO - MAL Headers Loaded
2024-04-25 15:10:16,328 - utils - INFO - Getting Keys. Current Working Directory: /__w/data_engineering_learning/data_engineering_learning
2024-04-25 15:10:16,328 - utils - INFO - Google Application Credentials Set
2024-04-25 15:10:16,328 - utils - INFO - /__w/data_engineering_learning/data_engineering_learning/secrets/headers.json
2024-04-25 15:10:16,328 - utils - INFO - MAL Headers Loaded
2024-04-25 15:10:16,330 - utils - INFO - 
        SELECT date_pulled
        FROM `mal-data-engineering.my_anime_list.top_airing_anime`
        WHERE DATE(date_pulled) = DATE('2024-04-26')
        
2024-04-25 15:10:17,849 - utils - INFO - Table exists
2024-04-25 15:10:23,307 - utils - INFO - Top Airing Anime updated
