2024-11-11 15:13:21,532 - utils - INFO - Getting Keys. Current Working Directory: /__w/data_engineering_learning/data_engineering_learning
2024-11-11 15:13:21,532 - utils - INFO - Google Application Credentials Set
2024-11-11 15:13:21,532 - utils - INFO - /__w/data_engineering_learning/data_engineering_learning/secrets/headers.json
2024-11-11 15:13:21,532 - utils - INFO - MAL Headers Loaded
2024-11-11 15:13:21,532 - utils - INFO - Getting Keys. Current Working Directory: /__w/data_engineering_learning/data_engineering_learning
2024-11-11 15:13:21,532 - utils - INFO - Google Application Credentials Set
2024-11-11 15:13:21,532 - utils - INFO - /__w/data_engineering_learning/data_engineering_learning/secrets/headers.json
2024-11-11 15:13:21,532 - utils - INFO - MAL Headers Loaded
2024-11-11 15:13:21,535 - utils - INFO - 
        SELECT date_pulled
        FROM `mal-data-engineering.my_anime_list.top_airing_anime`
        WHERE DATE(date_pulled) = CURRENT_DATE('Asia/Tokyo')
        
2024-11-11 15:13:22,730 - utils - INFO - Top Airing Anime not yet updated. Pulling from API
2024-11-11 15:13:25,175 - utils - INFO - Getting Keys. Current Working Directory: /__w/data_engineering_learning/data_engineering_learning
2024-11-11 15:13:25,176 - utils - INFO - Google Application Credentials Set
2024-11-11 15:13:25,176 - utils - INFO - /__w/data_engineering_learning/data_engineering_learning/secrets/headers.json
2024-11-11 15:13:25,176 - utils - INFO - MAL Headers Loaded
2024-11-11 15:13:25,185 - utils - INFO - Getting Keys. Current Working Directory: /__w/data_engineering_learning/data_engineering_learning
2024-11-11 15:13:25,185 - utils - INFO - Google Application Credentials Set
2024-11-11 15:13:25,185 - utils - INFO - /__w/data_engineering_learning/data_engineering_learning/secrets/headers.json
2024-11-11 15:13:25,185 - utils - INFO - MAL Headers Loaded
2024-11-11 15:13:25,187 - utils - INFO - 
        SELECT date_pulled
        FROM `mal-data-engineering.my_anime_list.top_airing_anime`
        WHERE DATE(date_pulled) = DATE('2024-11-12')
        
2024-11-11 15:13:26,465 - utils - INFO - Table exists
2024-11-11 15:13:30,744 - utils - INFO - Top Airing Anime updated
