2024-01-09 15:11:10,031 - utils - INFO - Getting Keys. Current Working Directory: /__w/data_engineering_learning/data_engineering_learning
2024-01-09 15:11:10,031 - utils - INFO - Google Application Credentials Set
2024-01-09 15:11:10,031 - utils - INFO - /__w/data_engineering_learning/data_engineering_learning/secrets/headers.json
2024-01-09 15:11:10,031 - utils - INFO - MAL Headers Loaded
2024-01-09 15:11:10,031 - utils - INFO - Getting Keys. Current Working Directory: /__w/data_engineering_learning/data_engineering_learning
2024-01-09 15:11:10,031 - utils - INFO - Google Application Credentials Set
2024-01-09 15:11:10,031 - utils - INFO - /__w/data_engineering_learning/data_engineering_learning/secrets/headers.json
2024-01-09 15:11:10,032 - utils - INFO - MAL Headers Loaded
2024-01-09 15:11:10,035 - utils - INFO - 
        SELECT date_pulled
        FROM `mal-data-engineering.my_anime_list.top_airing_anime`
        WHERE DATE(date_pulled) = CURRENT_DATE('Asia/Tokyo')
        
2024-01-09 15:11:11,697 - utils - INFO - Top Airing Anime not yet updated. Pulling from API
2024-01-09 15:11:12,573 - utils - INFO - Getting Keys. Current Working Directory: /__w/data_engineering_learning/data_engineering_learning
2024-01-09 15:11:12,573 - utils - INFO - Google Application Credentials Set
2024-01-09 15:11:12,573 - utils - INFO - /__w/data_engineering_learning/data_engineering_learning/secrets/headers.json
2024-01-09 15:11:12,573 - utils - INFO - MAL Headers Loaded
2024-01-09 15:11:12,583 - utils - INFO - Getting Keys. Current Working Directory: /__w/data_engineering_learning/data_engineering_learning
2024-01-09 15:11:12,584 - utils - INFO - Google Application Credentials Set
2024-01-09 15:11:12,584 - utils - INFO - /__w/data_engineering_learning/data_engineering_learning/secrets/headers.json
2024-01-09 15:11:12,584 - utils - INFO - MAL Headers Loaded
2024-01-09 15:11:12,586 - utils - INFO - 
        SELECT date_pulled
        FROM `mal-data-engineering.my_anime_list.top_airing_anime`
        WHERE DATE(date_pulled) = DATE('2024-01-10')
        
2024-01-09 15:11:14,111 - utils - INFO - Table exists
2024-01-09 15:11:17,999 - utils - INFO - Top Airing Anime updated
