2024-08-23 15:14:10,013 - utils - INFO - Getting Keys. Current Working Directory: /__w/data_engineering_learning/data_engineering_learning
2024-08-23 15:14:10,013 - utils - INFO - Google Application Credentials Set
2024-08-23 15:14:10,013 - utils - INFO - /__w/data_engineering_learning/data_engineering_learning/secrets/headers.json
2024-08-23 15:14:10,013 - utils - INFO - MAL Headers Loaded
2024-08-23 15:14:10,013 - utils - INFO - Getting Keys. Current Working Directory: /__w/data_engineering_learning/data_engineering_learning
2024-08-23 15:14:10,013 - utils - INFO - Google Application Credentials Set
2024-08-23 15:14:10,013 - utils - INFO - /__w/data_engineering_learning/data_engineering_learning/secrets/headers.json
2024-08-23 15:14:10,013 - utils - INFO - MAL Headers Loaded
2024-08-23 15:14:10,017 - utils - INFO - 
        SELECT date_pulled
        FROM `mal-data-engineering.my_anime_list.top_airing_anime`
        WHERE DATE(date_pulled) = CURRENT_DATE('Asia/Tokyo')
        
2024-08-23 15:14:11,212 - utils - INFO - Top Airing Anime not yet updated. Pulling from API
2024-08-23 15:14:11,972 - utils - INFO - Getting Keys. Current Working Directory: /__w/data_engineering_learning/data_engineering_learning
2024-08-23 15:14:11,972 - utils - INFO - Google Application Credentials Set
2024-08-23 15:14:11,972 - utils - INFO - /__w/data_engineering_learning/data_engineering_learning/secrets/headers.json
2024-08-23 15:14:11,972 - utils - INFO - MAL Headers Loaded
2024-08-23 15:14:11,982 - utils - INFO - Getting Keys. Current Working Directory: /__w/data_engineering_learning/data_engineering_learning
2024-08-23 15:14:11,982 - utils - INFO - Google Application Credentials Set
2024-08-23 15:14:11,982 - utils - INFO - /__w/data_engineering_learning/data_engineering_learning/secrets/headers.json
2024-08-23 15:14:11,982 - utils - INFO - MAL Headers Loaded
2024-08-23 15:14:11,985 - utils - INFO - 
        SELECT date_pulled
        FROM `mal-data-engineering.my_anime_list.top_airing_anime`
        WHERE DATE(date_pulled) = DATE('2024-08-24')
        
2024-08-23 15:14:13,123 - utils - INFO - Table exists
2024-08-23 15:14:16,718 - utils - INFO - Top Airing Anime updated
