2024-07-05 15:12:46,760 - utils - INFO - Getting Keys. Current Working Directory: /__w/data_engineering_learning/data_engineering_learning
2024-07-05 15:12:46,760 - utils - INFO - Google Application Credentials Set
2024-07-05 15:12:46,760 - utils - INFO - /__w/data_engineering_learning/data_engineering_learning/secrets/headers.json
2024-07-05 15:12:46,761 - utils - INFO - MAL Headers Loaded
2024-07-05 15:12:46,761 - utils - INFO - Getting Keys. Current Working Directory: /__w/data_engineering_learning/data_engineering_learning
2024-07-05 15:12:46,761 - utils - INFO - Google Application Credentials Set
2024-07-05 15:12:46,761 - utils - INFO - /__w/data_engineering_learning/data_engineering_learning/secrets/headers.json
2024-07-05 15:12:46,761 - utils - INFO - MAL Headers Loaded
2024-07-05 15:12:46,764 - utils - INFO - 
        SELECT date_pulled
        FROM `mal-data-engineering.my_anime_list.top_airing_anime`
        WHERE DATE(date_pulled) = CURRENT_DATE('Asia/Tokyo')
        
2024-07-05 15:12:48,259 - utils - INFO - Top Airing Anime not yet updated. Pulling from API
2024-07-05 15:12:49,315 - utils - INFO - Getting Keys. Current Working Directory: /__w/data_engineering_learning/data_engineering_learning
2024-07-05 15:12:49,315 - utils - INFO - Google Application Credentials Set
2024-07-05 15:12:49,315 - utils - INFO - /__w/data_engineering_learning/data_engineering_learning/secrets/headers.json
2024-07-05 15:12:49,315 - utils - INFO - MAL Headers Loaded
2024-07-05 15:12:49,325 - utils - INFO - Getting Keys. Current Working Directory: /__w/data_engineering_learning/data_engineering_learning
2024-07-05 15:12:49,325 - utils - INFO - Google Application Credentials Set
2024-07-05 15:12:49,325 - utils - INFO - /__w/data_engineering_learning/data_engineering_learning/secrets/headers.json
2024-07-05 15:12:49,325 - utils - INFO - MAL Headers Loaded
2024-07-05 15:12:49,327 - utils - INFO - 
        SELECT date_pulled
        FROM `mal-data-engineering.my_anime_list.top_airing_anime`
        WHERE DATE(date_pulled) = DATE('2024-07-06')
        
2024-07-05 15:12:50,691 - utils - INFO - Table exists
2024-07-05 15:12:54,054 - utils - INFO - Top Airing Anime updated
