2024-01-22 15:11:46,290 - utils - INFO - Getting Keys. Current Working Directory: /__w/data_engineering_learning/data_engineering_learning
2024-01-22 15:11:46,290 - utils - INFO - Google Application Credentials Set
2024-01-22 15:11:46,290 - utils - INFO - /__w/data_engineering_learning/data_engineering_learning/secrets/headers.json
2024-01-22 15:11:46,290 - utils - INFO - MAL Headers Loaded
2024-01-22 15:11:46,290 - utils - INFO - Getting Keys. Current Working Directory: /__w/data_engineering_learning/data_engineering_learning
2024-01-22 15:11:46,290 - utils - INFO - Google Application Credentials Set
2024-01-22 15:11:46,290 - utils - INFO - /__w/data_engineering_learning/data_engineering_learning/secrets/headers.json
2024-01-22 15:11:46,290 - utils - INFO - MAL Headers Loaded
2024-01-22 15:11:46,294 - utils - INFO - 
        SELECT date_pulled
        FROM `mal-data-engineering.my_anime_list.top_airing_anime`
        WHERE DATE(date_pulled) = CURRENT_DATE('Asia/Tokyo')
        
2024-01-22 15:11:47,679 - utils - INFO - Top Airing Anime not yet updated. Pulling from API
2024-01-22 15:11:52,162 - utils - INFO - Getting Keys. Current Working Directory: /__w/data_engineering_learning/data_engineering_learning
2024-01-22 15:11:52,162 - utils - INFO - Google Application Credentials Set
2024-01-22 15:11:52,162 - utils - INFO - /__w/data_engineering_learning/data_engineering_learning/secrets/headers.json
2024-01-22 15:11:52,162 - utils - INFO - MAL Headers Loaded
2024-01-22 15:11:52,172 - utils - INFO - Getting Keys. Current Working Directory: /__w/data_engineering_learning/data_engineering_learning
2024-01-22 15:11:52,172 - utils - INFO - Google Application Credentials Set
2024-01-22 15:11:52,172 - utils - INFO - /__w/data_engineering_learning/data_engineering_learning/secrets/headers.json
2024-01-22 15:11:52,173 - utils - INFO - MAL Headers Loaded
2024-01-22 15:11:52,175 - utils - INFO - 
        SELECT date_pulled
        FROM `mal-data-engineering.my_anime_list.top_airing_anime`
        WHERE DATE(date_pulled) = DATE('2024-01-23')
        
2024-01-22 15:11:53,606 - utils - INFO - Table exists
2024-01-22 15:11:57,034 - utils - INFO - Top Airing Anime updated
