2024-07-08 15:12:35,082 - utils - INFO - Getting Keys. Current Working Directory: /__w/data_engineering_learning/data_engineering_learning
2024-07-08 15:12:35,083 - utils - INFO - Google Application Credentials Set
2024-07-08 15:12:35,083 - utils - INFO - /__w/data_engineering_learning/data_engineering_learning/secrets/headers.json
2024-07-08 15:12:35,083 - utils - INFO - MAL Headers Loaded
2024-07-08 15:12:35,083 - utils - INFO - Getting Keys. Current Working Directory: /__w/data_engineering_learning/data_engineering_learning
2024-07-08 15:12:35,083 - utils - INFO - Google Application Credentials Set
2024-07-08 15:12:35,083 - utils - INFO - /__w/data_engineering_learning/data_engineering_learning/secrets/headers.json
2024-07-08 15:12:35,083 - utils - INFO - MAL Headers Loaded
2024-07-08 15:12:35,087 - utils - INFO - 
        SELECT date_pulled
        FROM `mal-data-engineering.my_anime_list.top_airing_anime`
        WHERE DATE(date_pulled) = CURRENT_DATE('Asia/Tokyo')
        
2024-07-08 15:12:36,372 - utils - INFO - Top Airing Anime not yet updated. Pulling from API
2024-07-08 15:12:38,441 - utils - INFO - Getting Keys. Current Working Directory: /__w/data_engineering_learning/data_engineering_learning
2024-07-08 15:12:38,441 - utils - INFO - Google Application Credentials Set
2024-07-08 15:12:38,441 - utils - INFO - /__w/data_engineering_learning/data_engineering_learning/secrets/headers.json
2024-07-08 15:12:38,441 - utils - INFO - MAL Headers Loaded
2024-07-08 15:12:38,451 - utils - INFO - Getting Keys. Current Working Directory: /__w/data_engineering_learning/data_engineering_learning
2024-07-08 15:12:38,451 - utils - INFO - Google Application Credentials Set
2024-07-08 15:12:38,451 - utils - INFO - /__w/data_engineering_learning/data_engineering_learning/secrets/headers.json
2024-07-08 15:12:38,451 - utils - INFO - MAL Headers Loaded
2024-07-08 15:12:38,453 - utils - INFO - 
        SELECT date_pulled
        FROM `mal-data-engineering.my_anime_list.top_airing_anime`
        WHERE DATE(date_pulled) = DATE('2024-07-09')
        
2024-07-08 15:12:39,790 - utils - INFO - Table exists
2024-07-08 15:20:58,820 - utils - INFO - Top Airing Anime updated
