2024-09-26 15:13:47,130 - utils - INFO - Getting Keys. Current Working Directory: /__w/data_engineering_learning/data_engineering_learning
2024-09-26 15:13:47,130 - utils - INFO - Google Application Credentials Set
2024-09-26 15:13:47,130 - utils - INFO - /__w/data_engineering_learning/data_engineering_learning/secrets/headers.json
2024-09-26 15:13:47,130 - utils - INFO - MAL Headers Loaded
2024-09-26 15:13:47,130 - utils - INFO - Getting Keys. Current Working Directory: /__w/data_engineering_learning/data_engineering_learning
2024-09-26 15:13:47,130 - utils - INFO - Google Application Credentials Set
2024-09-26 15:13:47,130 - utils - INFO - /__w/data_engineering_learning/data_engineering_learning/secrets/headers.json
2024-09-26 15:13:47,130 - utils - INFO - MAL Headers Loaded
2024-09-26 15:13:47,133 - utils - INFO - 
        SELECT date_pulled
        FROM `mal-data-engineering.my_anime_list.top_airing_anime`
        WHERE DATE(date_pulled) = CURRENT_DATE('Asia/Tokyo')
        
2024-09-26 15:13:48,518 - utils - INFO - Top Airing Anime not yet updated. Pulling from API
2024-09-26 15:13:51,211 - utils - INFO - Getting Keys. Current Working Directory: /__w/data_engineering_learning/data_engineering_learning
2024-09-26 15:13:51,211 - utils - INFO - Google Application Credentials Set
2024-09-26 15:13:51,211 - utils - INFO - /__w/data_engineering_learning/data_engineering_learning/secrets/headers.json
2024-09-26 15:13:51,211 - utils - INFO - MAL Headers Loaded
2024-09-26 15:13:51,220 - utils - INFO - Getting Keys. Current Working Directory: /__w/data_engineering_learning/data_engineering_learning
2024-09-26 15:13:51,220 - utils - INFO - Google Application Credentials Set
2024-09-26 15:13:51,220 - utils - INFO - /__w/data_engineering_learning/data_engineering_learning/secrets/headers.json
2024-09-26 15:13:51,221 - utils - INFO - MAL Headers Loaded
2024-09-26 15:13:51,223 - utils - INFO - 
        SELECT date_pulled
        FROM `mal-data-engineering.my_anime_list.top_airing_anime`
        WHERE DATE(date_pulled) = DATE('2024-09-27')
        
2024-09-26 15:13:52,526 - utils - INFO - Table exists
2024-09-26 15:13:55,634 - utils - INFO - Top Airing Anime updated
