2024-01-12 15:10:12,525 - utils - INFO - Getting Keys. Current Working Directory: /__w/data_engineering_learning/data_engineering_learning
2024-01-12 15:10:12,525 - utils - INFO - Google Application Credentials Set
2024-01-12 15:10:12,525 - utils - INFO - /__w/data_engineering_learning/data_engineering_learning/secrets/headers.json
2024-01-12 15:10:12,525 - utils - INFO - MAL Headers Loaded
2024-01-12 15:10:12,525 - utils - INFO - Getting Keys. Current Working Directory: /__w/data_engineering_learning/data_engineering_learning
2024-01-12 15:10:12,525 - utils - INFO - Google Application Credentials Set
2024-01-12 15:10:12,525 - utils - INFO - /__w/data_engineering_learning/data_engineering_learning/secrets/headers.json
2024-01-12 15:10:12,525 - utils - INFO - MAL Headers Loaded
2024-01-12 15:10:12,529 - utils - INFO - 
        SELECT date_pulled
        FROM `mal-data-engineering.my_anime_list.top_airing_anime`
        WHERE DATE(date_pulled) = CURRENT_DATE('Asia/Tokyo')
        
2024-01-12 15:10:13,911 - utils - INFO - Top Airing Anime not yet updated. Pulling from API
2024-01-12 15:10:16,448 - utils - INFO - Getting Keys. Current Working Directory: /__w/data_engineering_learning/data_engineering_learning
2024-01-12 15:10:16,448 - utils - INFO - Google Application Credentials Set
2024-01-12 15:10:16,448 - utils - INFO - /__w/data_engineering_learning/data_engineering_learning/secrets/headers.json
2024-01-12 15:10:16,448 - utils - INFO - MAL Headers Loaded
2024-01-12 15:10:16,458 - utils - INFO - Getting Keys. Current Working Directory: /__w/data_engineering_learning/data_engineering_learning
2024-01-12 15:10:16,458 - utils - INFO - Google Application Credentials Set
2024-01-12 15:10:16,458 - utils - INFO - /__w/data_engineering_learning/data_engineering_learning/secrets/headers.json
2024-01-12 15:10:16,458 - utils - INFO - MAL Headers Loaded
2024-01-12 15:10:16,460 - utils - INFO - 
        SELECT date_pulled
        FROM `mal-data-engineering.my_anime_list.top_airing_anime`
        WHERE DATE(date_pulled) = DATE('2024-01-13')
        
2024-01-12 15:10:18,449 - utils - INFO - Table exists
2024-01-12 15:10:22,004 - utils - INFO - Top Airing Anime updated
