2024-12-12 15:14:58,308 - utils - INFO - Getting Keys. Current Working Directory: /__w/data_engineering_learning/data_engineering_learning
2024-12-12 15:14:58,308 - utils - INFO - Google Application Credentials Set
2024-12-12 15:14:58,308 - utils - INFO - /__w/data_engineering_learning/data_engineering_learning/secrets/headers.json
2024-12-12 15:14:58,308 - utils - INFO - MAL Headers Loaded
2024-12-12 15:14:58,308 - utils - INFO - Getting Keys. Current Working Directory: /__w/data_engineering_learning/data_engineering_learning
2024-12-12 15:14:58,308 - utils - INFO - Google Application Credentials Set
2024-12-12 15:14:58,308 - utils - INFO - /__w/data_engineering_learning/data_engineering_learning/secrets/headers.json
2024-12-12 15:14:58,309 - utils - INFO - MAL Headers Loaded
2024-12-12 15:14:58,312 - utils - INFO - 
        SELECT date_pulled
        FROM `mal-data-engineering.my_anime_list.top_airing_anime`
        WHERE DATE(date_pulled) = CURRENT_DATE('Asia/Tokyo')
        
2024-12-12 15:14:59,889 - utils - INFO - Top Airing Anime not yet updated. Pulling from API
2024-12-12 15:15:02,540 - utils - INFO - Getting Keys. Current Working Directory: /__w/data_engineering_learning/data_engineering_learning
2024-12-12 15:15:02,540 - utils - INFO - Google Application Credentials Set
2024-12-12 15:15:02,541 - utils - INFO - /__w/data_engineering_learning/data_engineering_learning/secrets/headers.json
2024-12-12 15:15:02,541 - utils - INFO - MAL Headers Loaded
2024-12-12 15:15:02,550 - utils - INFO - Getting Keys. Current Working Directory: /__w/data_engineering_learning/data_engineering_learning
2024-12-12 15:15:02,550 - utils - INFO - Google Application Credentials Set
2024-12-12 15:15:02,550 - utils - INFO - /__w/data_engineering_learning/data_engineering_learning/secrets/headers.json
2024-12-12 15:15:02,550 - utils - INFO - MAL Headers Loaded
2024-12-12 15:15:02,553 - utils - INFO - 
        SELECT date_pulled
        FROM `mal-data-engineering.my_anime_list.top_airing_anime`
        WHERE DATE(date_pulled) = DATE('2024-12-13')
        
2024-12-12 15:15:04,035 - utils - INFO - Table exists
2024-12-12 15:15:10,867 - utils - INFO - Top Airing Anime updated
