2024-10-08 15:13:44,917 - utils - INFO - Getting Keys. Current Working Directory: /__w/data_engineering_learning/data_engineering_learning
2024-10-08 15:13:44,917 - utils - INFO - Google Application Credentials Set
2024-10-08 15:13:44,917 - utils - INFO - /__w/data_engineering_learning/data_engineering_learning/secrets/headers.json
2024-10-08 15:13:44,917 - utils - INFO - MAL Headers Loaded
2024-10-08 15:13:44,917 - utils - INFO - Getting Keys. Current Working Directory: /__w/data_engineering_learning/data_engineering_learning
2024-10-08 15:13:44,917 - utils - INFO - Google Application Credentials Set
2024-10-08 15:13:44,917 - utils - INFO - /__w/data_engineering_learning/data_engineering_learning/secrets/headers.json
2024-10-08 15:13:44,917 - utils - INFO - MAL Headers Loaded
2024-10-08 15:13:44,921 - utils - INFO - 
        SELECT date_pulled
        FROM `mal-data-engineering.my_anime_list.top_airing_anime`
        WHERE DATE(date_pulled) = CURRENT_DATE('Asia/Tokyo')
        
2024-10-08 15:13:46,272 - utils - INFO - Top Airing Anime not yet updated. Pulling from API
2024-10-08 15:13:49,684 - utils - INFO - Getting Keys. Current Working Directory: /__w/data_engineering_learning/data_engineering_learning
2024-10-08 15:13:49,685 - utils - INFO - Google Application Credentials Set
2024-10-08 15:13:49,685 - utils - INFO - /__w/data_engineering_learning/data_engineering_learning/secrets/headers.json
2024-10-08 15:13:49,685 - utils - INFO - MAL Headers Loaded
2024-10-08 15:13:49,694 - utils - INFO - Getting Keys. Current Working Directory: /__w/data_engineering_learning/data_engineering_learning
2024-10-08 15:13:49,694 - utils - INFO - Google Application Credentials Set
2024-10-08 15:13:49,694 - utils - INFO - /__w/data_engineering_learning/data_engineering_learning/secrets/headers.json
2024-10-08 15:13:49,694 - utils - INFO - MAL Headers Loaded
2024-10-08 15:13:49,697 - utils - INFO - 
        SELECT date_pulled
        FROM `mal-data-engineering.my_anime_list.top_airing_anime`
        WHERE DATE(date_pulled) = DATE('2024-10-09')
        
2024-10-08 15:13:51,129 - utils - INFO - Table exists
2024-10-08 15:13:57,163 - utils - INFO - Top Airing Anime updated
