2024-11-05 15:13:46,800 - utils - INFO - Getting Keys. Current Working Directory: /__w/data_engineering_learning/data_engineering_learning
2024-11-05 15:13:46,800 - utils - INFO - Google Application Credentials Set
2024-11-05 15:13:46,800 - utils - INFO - /__w/data_engineering_learning/data_engineering_learning/secrets/headers.json
2024-11-05 15:13:46,801 - utils - INFO - MAL Headers Loaded
2024-11-05 15:13:46,801 - utils - INFO - Getting Keys. Current Working Directory: /__w/data_engineering_learning/data_engineering_learning
2024-11-05 15:13:46,801 - utils - INFO - Google Application Credentials Set
2024-11-05 15:13:46,801 - utils - INFO - /__w/data_engineering_learning/data_engineering_learning/secrets/headers.json
2024-11-05 15:13:46,801 - utils - INFO - MAL Headers Loaded
2024-11-05 15:13:46,804 - utils - INFO - 
        SELECT date_pulled
        FROM `mal-data-engineering.my_anime_list.top_airing_anime`
        WHERE DATE(date_pulled) = CURRENT_DATE('Asia/Tokyo')
        
2024-11-05 15:13:48,178 - utils - INFO - Top Airing Anime not yet updated. Pulling from API
2024-11-05 15:13:50,629 - utils - INFO - Getting Keys. Current Working Directory: /__w/data_engineering_learning/data_engineering_learning
2024-11-05 15:13:50,629 - utils - INFO - Google Application Credentials Set
2024-11-05 15:13:50,629 - utils - INFO - /__w/data_engineering_learning/data_engineering_learning/secrets/headers.json
2024-11-05 15:13:50,629 - utils - INFO - MAL Headers Loaded
2024-11-05 15:13:50,638 - utils - INFO - Getting Keys. Current Working Directory: /__w/data_engineering_learning/data_engineering_learning
2024-11-05 15:13:50,638 - utils - INFO - Google Application Credentials Set
2024-11-05 15:13:50,638 - utils - INFO - /__w/data_engineering_learning/data_engineering_learning/secrets/headers.json
2024-11-05 15:13:50,639 - utils - INFO - MAL Headers Loaded
2024-11-05 15:13:50,641 - utils - INFO - 
        SELECT date_pulled
        FROM `mal-data-engineering.my_anime_list.top_airing_anime`
        WHERE DATE(date_pulled) = DATE('2024-11-06')
        
2024-11-05 15:13:52,126 - utils - INFO - Table exists
2024-11-05 15:13:58,184 - utils - INFO - Top Airing Anime updated
