2024-05-22 15:12:22,192 - utils - INFO - Getting Keys. Current Working Directory: /__w/data_engineering_learning/data_engineering_learning
2024-05-22 15:12:22,192 - utils - INFO - Google Application Credentials Set
2024-05-22 15:12:22,192 - utils - INFO - /__w/data_engineering_learning/data_engineering_learning/secrets/headers.json
2024-05-22 15:12:22,192 - utils - INFO - MAL Headers Loaded
2024-05-22 15:12:22,192 - utils - INFO - Getting Keys. Current Working Directory: /__w/data_engineering_learning/data_engineering_learning
2024-05-22 15:12:22,193 - utils - INFO - Google Application Credentials Set
2024-05-22 15:12:22,193 - utils - INFO - /__w/data_engineering_learning/data_engineering_learning/secrets/headers.json
2024-05-22 15:12:22,193 - utils - INFO - MAL Headers Loaded
2024-05-22 15:12:22,196 - utils - INFO - 
        SELECT date_pulled
        FROM `mal-data-engineering.my_anime_list.top_airing_anime`
        WHERE DATE(date_pulled) = CURRENT_DATE('Asia/Tokyo')
        
2024-05-22 15:12:23,504 - utils - INFO - Top Airing Anime not yet updated. Pulling from API
2024-05-22 15:12:25,734 - utils - INFO - Getting Keys. Current Working Directory: /__w/data_engineering_learning/data_engineering_learning
2024-05-22 15:12:25,734 - utils - INFO - Google Application Credentials Set
2024-05-22 15:12:25,734 - utils - INFO - /__w/data_engineering_learning/data_engineering_learning/secrets/headers.json
2024-05-22 15:12:25,734 - utils - INFO - MAL Headers Loaded
2024-05-22 15:12:25,744 - utils - INFO - Getting Keys. Current Working Directory: /__w/data_engineering_learning/data_engineering_learning
2024-05-22 15:12:25,744 - utils - INFO - Google Application Credentials Set
2024-05-22 15:12:25,744 - utils - INFO - /__w/data_engineering_learning/data_engineering_learning/secrets/headers.json
2024-05-22 15:12:25,744 - utils - INFO - MAL Headers Loaded
2024-05-22 15:12:25,746 - utils - INFO - 
        SELECT date_pulled
        FROM `mal-data-engineering.my_anime_list.top_airing_anime`
        WHERE DATE(date_pulled) = DATE('2024-05-23')
        
2024-05-22 15:12:27,023 - utils - INFO - Table exists
2024-05-22 15:12:31,410 - utils - INFO - Top Airing Anime updated
