2024-05-02 15:11:41,048 - utils - INFO - Getting Keys. Current Working Directory: /__w/data_engineering_learning/data_engineering_learning
2024-05-02 15:11:41,048 - utils - INFO - Google Application Credentials Set
2024-05-02 15:11:41,048 - utils - INFO - /__w/data_engineering_learning/data_engineering_learning/secrets/headers.json
2024-05-02 15:11:41,048 - utils - INFO - MAL Headers Loaded
2024-05-02 15:11:41,048 - utils - INFO - Getting Keys. Current Working Directory: /__w/data_engineering_learning/data_engineering_learning
2024-05-02 15:11:41,048 - utils - INFO - Google Application Credentials Set
2024-05-02 15:11:41,048 - utils - INFO - /__w/data_engineering_learning/data_engineering_learning/secrets/headers.json
2024-05-02 15:11:41,048 - utils - INFO - MAL Headers Loaded
2024-05-02 15:11:41,051 - utils - INFO - 
        SELECT date_pulled
        FROM `mal-data-engineering.my_anime_list.top_airing_anime`
        WHERE DATE(date_pulled) = CURRENT_DATE('Asia/Tokyo')
        
2024-05-02 15:11:42,713 - utils - INFO - Top Airing Anime not yet updated. Pulling from API
2024-05-02 15:11:43,747 - utils - INFO - Getting Keys. Current Working Directory: /__w/data_engineering_learning/data_engineering_learning
2024-05-02 15:11:43,748 - utils - INFO - Google Application Credentials Set
2024-05-02 15:11:43,748 - utils - INFO - /__w/data_engineering_learning/data_engineering_learning/secrets/headers.json
2024-05-02 15:11:43,748 - utils - INFO - MAL Headers Loaded
2024-05-02 15:11:43,757 - utils - INFO - Getting Keys. Current Working Directory: /__w/data_engineering_learning/data_engineering_learning
2024-05-02 15:11:43,757 - utils - INFO - Google Application Credentials Set
2024-05-02 15:11:43,757 - utils - INFO - /__w/data_engineering_learning/data_engineering_learning/secrets/headers.json
2024-05-02 15:11:43,757 - utils - INFO - MAL Headers Loaded
2024-05-02 15:11:43,759 - utils - INFO - 
        SELECT date_pulled
        FROM `mal-data-engineering.my_anime_list.top_airing_anime`
        WHERE DATE(date_pulled) = DATE('2024-05-03')
        
2024-05-02 15:11:45,454 - utils - INFO - Table exists
2024-05-02 15:11:49,861 - utils - INFO - Top Airing Anime updated
