2024-09-18 15:13:50,555 - utils - INFO - Getting Keys. Current Working Directory: /__w/data_engineering_learning/data_engineering_learning
2024-09-18 15:13:50,555 - utils - INFO - Google Application Credentials Set
2024-09-18 15:13:50,555 - utils - INFO - /__w/data_engineering_learning/data_engineering_learning/secrets/headers.json
2024-09-18 15:13:50,555 - utils - INFO - MAL Headers Loaded
2024-09-18 15:13:50,555 - utils - INFO - Getting Keys. Current Working Directory: /__w/data_engineering_learning/data_engineering_learning
2024-09-18 15:13:50,555 - utils - INFO - Google Application Credentials Set
2024-09-18 15:13:50,555 - utils - INFO - /__w/data_engineering_learning/data_engineering_learning/secrets/headers.json
2024-09-18 15:13:50,555 - utils - INFO - MAL Headers Loaded
2024-09-18 15:13:50,559 - utils - INFO - 
        SELECT date_pulled
        FROM `mal-data-engineering.my_anime_list.top_airing_anime`
        WHERE DATE(date_pulled) = CURRENT_DATE('Asia/Tokyo')
        
2024-09-18 15:13:52,256 - utils - INFO - Top Airing Anime not yet updated. Pulling from API
2024-09-18 15:13:55,232 - utils - INFO - Getting Keys. Current Working Directory: /__w/data_engineering_learning/data_engineering_learning
2024-09-18 15:13:55,232 - utils - INFO - Google Application Credentials Set
2024-09-18 15:13:55,233 - utils - INFO - /__w/data_engineering_learning/data_engineering_learning/secrets/headers.json
2024-09-18 15:13:55,233 - utils - INFO - MAL Headers Loaded
2024-09-18 15:13:55,242 - utils - INFO - Getting Keys. Current Working Directory: /__w/data_engineering_learning/data_engineering_learning
2024-09-18 15:13:55,242 - utils - INFO - Google Application Credentials Set
2024-09-18 15:13:55,242 - utils - INFO - /__w/data_engineering_learning/data_engineering_learning/secrets/headers.json
2024-09-18 15:13:55,242 - utils - INFO - MAL Headers Loaded
2024-09-18 15:13:55,245 - utils - INFO - 
        SELECT date_pulled
        FROM `mal-data-engineering.my_anime_list.top_airing_anime`
        WHERE DATE(date_pulled) = DATE('2024-09-19')
        
2024-09-18 15:13:56,914 - utils - INFO - Table exists
2024-09-18 15:14:00,276 - utils - INFO - Top Airing Anime updated
