2024-08-28 15:12:49,367 - utils - INFO - Getting Keys. Current Working Directory: /__w/data_engineering_learning/data_engineering_learning
2024-08-28 15:12:49,367 - utils - INFO - Google Application Credentials Set
2024-08-28 15:12:49,367 - utils - INFO - /__w/data_engineering_learning/data_engineering_learning/secrets/headers.json
2024-08-28 15:12:49,367 - utils - INFO - MAL Headers Loaded
2024-08-28 15:12:49,368 - utils - INFO - Getting Keys. Current Working Directory: /__w/data_engineering_learning/data_engineering_learning
2024-08-28 15:12:49,368 - utils - INFO - Google Application Credentials Set
2024-08-28 15:12:49,368 - utils - INFO - /__w/data_engineering_learning/data_engineering_learning/secrets/headers.json
2024-08-28 15:12:49,368 - utils - INFO - MAL Headers Loaded
2024-08-28 15:12:49,371 - utils - INFO - 
        SELECT date_pulled
        FROM `mal-data-engineering.my_anime_list.top_airing_anime`
        WHERE DATE(date_pulled) = CURRENT_DATE('Asia/Tokyo')
        
2024-08-28 15:12:50,859 - utils - INFO - Top Airing Anime not yet updated. Pulling from API
2024-08-28 15:12:53,463 - utils - INFO - Getting Keys. Current Working Directory: /__w/data_engineering_learning/data_engineering_learning
2024-08-28 15:12:53,463 - utils - INFO - Google Application Credentials Set
2024-08-28 15:12:53,463 - utils - INFO - /__w/data_engineering_learning/data_engineering_learning/secrets/headers.json
2024-08-28 15:12:53,463 - utils - INFO - MAL Headers Loaded
2024-08-28 15:12:53,473 - utils - INFO - Getting Keys. Current Working Directory: /__w/data_engineering_learning/data_engineering_learning
2024-08-28 15:12:53,473 - utils - INFO - Google Application Credentials Set
2024-08-28 15:12:53,473 - utils - INFO - /__w/data_engineering_learning/data_engineering_learning/secrets/headers.json
2024-08-28 15:12:53,473 - utils - INFO - MAL Headers Loaded
2024-08-28 15:12:53,475 - utils - INFO - 
        SELECT date_pulled
        FROM `mal-data-engineering.my_anime_list.top_airing_anime`
        WHERE DATE(date_pulled) = DATE('2024-08-29')
        
2024-08-28 15:12:54,803 - utils - INFO - Table exists
2024-08-28 15:12:58,766 - utils - INFO - Top Airing Anime updated
