2024-05-05 15:11:46,720 - utils - INFO - Getting Keys. Current Working Directory: /__w/data_engineering_learning/data_engineering_learning
2024-05-05 15:11:46,720 - utils - INFO - Google Application Credentials Set
2024-05-05 15:11:46,720 - utils - INFO - /__w/data_engineering_learning/data_engineering_learning/secrets/headers.json
2024-05-05 15:11:46,720 - utils - INFO - MAL Headers Loaded
2024-05-05 15:11:46,720 - utils - INFO - Getting Keys. Current Working Directory: /__w/data_engineering_learning/data_engineering_learning
2024-05-05 15:11:46,720 - utils - INFO - Google Application Credentials Set
2024-05-05 15:11:46,720 - utils - INFO - /__w/data_engineering_learning/data_engineering_learning/secrets/headers.json
2024-05-05 15:11:46,721 - utils - INFO - MAL Headers Loaded
2024-05-05 15:11:46,724 - utils - INFO - 
        SELECT date_pulled
        FROM `mal-data-engineering.my_anime_list.top_airing_anime`
        WHERE DATE(date_pulled) = CURRENT_DATE('Asia/Tokyo')
        
2024-05-05 15:11:48,116 - utils - INFO - Top Airing Anime not yet updated. Pulling from API
2024-05-05 15:11:48,897 - utils - INFO - Getting Keys. Current Working Directory: /__w/data_engineering_learning/data_engineering_learning
2024-05-05 15:11:48,897 - utils - INFO - Google Application Credentials Set
2024-05-05 15:11:48,897 - utils - INFO - /__w/data_engineering_learning/data_engineering_learning/secrets/headers.json
2024-05-05 15:11:48,897 - utils - INFO - MAL Headers Loaded
2024-05-05 15:11:48,907 - utils - INFO - Getting Keys. Current Working Directory: /__w/data_engineering_learning/data_engineering_learning
2024-05-05 15:11:48,907 - utils - INFO - Google Application Credentials Set
2024-05-05 15:11:48,907 - utils - INFO - /__w/data_engineering_learning/data_engineering_learning/secrets/headers.json
2024-05-05 15:11:48,907 - utils - INFO - MAL Headers Loaded
2024-05-05 15:11:48,910 - utils - INFO - 
        SELECT date_pulled
        FROM `mal-data-engineering.my_anime_list.top_airing_anime`
        WHERE DATE(date_pulled) = DATE('2024-05-06')
        
2024-05-05 15:11:50,390 - utils - INFO - Table exists
2024-05-05 15:11:54,116 - utils - INFO - Top Airing Anime updated
