2024-07-16 15:10:46,494 - utils - INFO - Getting Keys. Current Working Directory: /__w/data_engineering_learning/data_engineering_learning
2024-07-16 15:10:46,494 - utils - INFO - Google Application Credentials Set
2024-07-16 15:10:46,494 - utils - INFO - /__w/data_engineering_learning/data_engineering_learning/secrets/headers.json
2024-07-16 15:10:46,494 - utils - INFO - MAL Headers Loaded
2024-07-16 15:10:46,494 - utils - INFO - Getting Keys. Current Working Directory: /__w/data_engineering_learning/data_engineering_learning
2024-07-16 15:10:46,494 - utils - INFO - Google Application Credentials Set
2024-07-16 15:10:46,494 - utils - INFO - /__w/data_engineering_learning/data_engineering_learning/secrets/headers.json
2024-07-16 15:10:46,494 - utils - INFO - MAL Headers Loaded
2024-07-16 15:10:46,498 - utils - INFO - 
        SELECT date_pulled
        FROM `mal-data-engineering.my_anime_list.top_airing_anime`
        WHERE DATE(date_pulled) = CURRENT_DATE('Asia/Tokyo')
        
2024-07-16 15:10:47,967 - utils - INFO - Top Airing Anime not yet updated. Pulling from API
2024-07-16 15:10:51,228 - utils - INFO - Getting Keys. Current Working Directory: /__w/data_engineering_learning/data_engineering_learning
2024-07-16 15:10:51,228 - utils - INFO - Google Application Credentials Set
2024-07-16 15:10:51,228 - utils - INFO - /__w/data_engineering_learning/data_engineering_learning/secrets/headers.json
2024-07-16 15:10:51,228 - utils - INFO - MAL Headers Loaded
2024-07-16 15:10:51,237 - utils - INFO - Getting Keys. Current Working Directory: /__w/data_engineering_learning/data_engineering_learning
2024-07-16 15:10:51,237 - utils - INFO - Google Application Credentials Set
2024-07-16 15:10:51,238 - utils - INFO - /__w/data_engineering_learning/data_engineering_learning/secrets/headers.json
2024-07-16 15:10:51,238 - utils - INFO - MAL Headers Loaded
2024-07-16 15:10:51,240 - utils - INFO - 
        SELECT date_pulled
        FROM `mal-data-engineering.my_anime_list.top_airing_anime`
        WHERE DATE(date_pulled) = DATE('2024-07-17')
        
2024-07-16 15:10:52,932 - utils - INFO - Table exists
2024-07-16 15:10:57,569 - utils - INFO - Top Airing Anime updated
