2024-06-18 15:12:00,724 - utils - INFO - Getting Keys. Current Working Directory: /__w/data_engineering_learning/data_engineering_learning
2024-06-18 15:12:00,724 - utils - INFO - Google Application Credentials Set
2024-06-18 15:12:00,725 - utils - INFO - /__w/data_engineering_learning/data_engineering_learning/secrets/headers.json
2024-06-18 15:12:00,725 - utils - INFO - MAL Headers Loaded
2024-06-18 15:12:00,725 - utils - INFO - Getting Keys. Current Working Directory: /__w/data_engineering_learning/data_engineering_learning
2024-06-18 15:12:00,725 - utils - INFO - Google Application Credentials Set
2024-06-18 15:12:00,725 - utils - INFO - /__w/data_engineering_learning/data_engineering_learning/secrets/headers.json
2024-06-18 15:12:00,725 - utils - INFO - MAL Headers Loaded
2024-06-18 15:12:00,729 - utils - INFO - 
        SELECT date_pulled
        FROM `mal-data-engineering.my_anime_list.top_airing_anime`
        WHERE DATE(date_pulled) = CURRENT_DATE('Asia/Tokyo')
        
2024-06-18 15:12:02,225 - utils - INFO - Top Airing Anime not yet updated. Pulling from API
2024-06-18 15:12:04,610 - utils - INFO - Getting Keys. Current Working Directory: /__w/data_engineering_learning/data_engineering_learning
2024-06-18 15:12:04,611 - utils - INFO - Google Application Credentials Set
2024-06-18 15:12:04,611 - utils - INFO - /__w/data_engineering_learning/data_engineering_learning/secrets/headers.json
2024-06-18 15:12:04,611 - utils - INFO - MAL Headers Loaded
2024-06-18 15:12:04,621 - utils - INFO - Getting Keys. Current Working Directory: /__w/data_engineering_learning/data_engineering_learning
2024-06-18 15:12:04,621 - utils - INFO - Google Application Credentials Set
2024-06-18 15:12:04,621 - utils - INFO - /__w/data_engineering_learning/data_engineering_learning/secrets/headers.json
2024-06-18 15:12:04,621 - utils - INFO - MAL Headers Loaded
2024-06-18 15:12:04,623 - utils - INFO - 
        SELECT date_pulled
        FROM `mal-data-engineering.my_anime_list.top_airing_anime`
        WHERE DATE(date_pulled) = DATE('2024-06-19')
        
2024-06-18 15:12:06,148 - utils - INFO - Table exists
2024-06-18 15:12:10,171 - utils - INFO - Top Airing Anime updated
