2024-09-17 15:13:31,380 - utils - INFO - Getting Keys. Current Working Directory: /__w/data_engineering_learning/data_engineering_learning
2024-09-17 15:13:31,380 - utils - INFO - Google Application Credentials Set
2024-09-17 15:13:31,381 - utils - INFO - /__w/data_engineering_learning/data_engineering_learning/secrets/headers.json
2024-09-17 15:13:31,381 - utils - INFO - MAL Headers Loaded
2024-09-17 15:13:31,381 - utils - INFO - Getting Keys. Current Working Directory: /__w/data_engineering_learning/data_engineering_learning
2024-09-17 15:13:31,381 - utils - INFO - Google Application Credentials Set
2024-09-17 15:13:31,381 - utils - INFO - /__w/data_engineering_learning/data_engineering_learning/secrets/headers.json
2024-09-17 15:13:31,381 - utils - INFO - MAL Headers Loaded
2024-09-17 15:13:31,385 - utils - INFO - 
        SELECT date_pulled
        FROM `mal-data-engineering.my_anime_list.top_airing_anime`
        WHERE DATE(date_pulled) = CURRENT_DATE('Asia/Tokyo')
        
2024-09-17 15:13:33,017 - utils - INFO - Top Airing Anime not yet updated. Pulling from API
2024-09-17 15:13:35,820 - utils - INFO - Getting Keys. Current Working Directory: /__w/data_engineering_learning/data_engineering_learning
2024-09-17 15:13:35,820 - utils - INFO - Google Application Credentials Set
2024-09-17 15:13:35,820 - utils - INFO - /__w/data_engineering_learning/data_engineering_learning/secrets/headers.json
2024-09-17 15:13:35,821 - utils - INFO - MAL Headers Loaded
2024-09-17 15:13:35,831 - utils - INFO - Getting Keys. Current Working Directory: /__w/data_engineering_learning/data_engineering_learning
2024-09-17 15:13:35,831 - utils - INFO - Google Application Credentials Set
2024-09-17 15:13:35,831 - utils - INFO - /__w/data_engineering_learning/data_engineering_learning/secrets/headers.json
2024-09-17 15:13:35,832 - utils - INFO - MAL Headers Loaded
2024-09-17 15:13:35,834 - utils - INFO - 
        SELECT date_pulled
        FROM `mal-data-engineering.my_anime_list.top_airing_anime`
        WHERE DATE(date_pulled) = DATE('2024-09-18')
        
2024-09-17 15:13:37,302 - utils - INFO - Table exists
2024-09-17 15:13:41,714 - utils - INFO - Top Airing Anime updated
