2024-04-20 15:10:18,593 - utils - INFO - Getting Keys. Current Working Directory: /__w/data_engineering_learning/data_engineering_learning
2024-04-20 15:10:18,593 - utils - INFO - Google Application Credentials Set
2024-04-20 15:10:18,593 - utils - INFO - /__w/data_engineering_learning/data_engineering_learning/secrets/headers.json
2024-04-20 15:10:18,593 - utils - INFO - MAL Headers Loaded
2024-04-20 15:10:18,593 - utils - INFO - Getting Keys. Current Working Directory: /__w/data_engineering_learning/data_engineering_learning
2024-04-20 15:10:18,593 - utils - INFO - Google Application Credentials Set
2024-04-20 15:10:18,593 - utils - INFO - /__w/data_engineering_learning/data_engineering_learning/secrets/headers.json
2024-04-20 15:10:18,593 - utils - INFO - MAL Headers Loaded
2024-04-20 15:10:18,597 - utils - INFO - 
        SELECT date_pulled
        FROM `mal-data-engineering.my_anime_list.top_airing_anime`
        WHERE DATE(date_pulled) = CURRENT_DATE('Asia/Tokyo')
        
2024-04-20 15:10:19,998 - utils - INFO - Top Airing Anime not yet updated. Pulling from API
2024-04-20 15:10:22,175 - utils - INFO - Getting Keys. Current Working Directory: /__w/data_engineering_learning/data_engineering_learning
2024-04-20 15:10:22,175 - utils - INFO - Google Application Credentials Set
2024-04-20 15:10:22,175 - utils - INFO - /__w/data_engineering_learning/data_engineering_learning/secrets/headers.json
2024-04-20 15:10:22,175 - utils - INFO - MAL Headers Loaded
2024-04-20 15:10:22,185 - utils - INFO - Getting Keys. Current Working Directory: /__w/data_engineering_learning/data_engineering_learning
2024-04-20 15:10:22,185 - utils - INFO - Google Application Credentials Set
2024-04-20 15:10:22,185 - utils - INFO - /__w/data_engineering_learning/data_engineering_learning/secrets/headers.json
2024-04-20 15:10:22,185 - utils - INFO - MAL Headers Loaded
2024-04-20 15:10:22,187 - utils - INFO - 
        SELECT date_pulled
        FROM `mal-data-engineering.my_anime_list.top_airing_anime`
        WHERE DATE(date_pulled) = DATE('2024-04-21')
        
2024-04-20 15:10:23,680 - utils - INFO - Table exists
2024-04-20 15:10:26,670 - utils - INFO - Top Airing Anime updated
