2024-04-02 15:10:23,962 - utils - INFO - Getting Keys. Current Working Directory: /__w/data_engineering_learning/data_engineering_learning
2024-04-02 15:10:23,962 - utils - INFO - Google Application Credentials Set
2024-04-02 15:10:23,962 - utils - INFO - /__w/data_engineering_learning/data_engineering_learning/secrets/headers.json
2024-04-02 15:10:23,962 - utils - INFO - MAL Headers Loaded
2024-04-02 15:10:23,963 - utils - INFO - Getting Keys. Current Working Directory: /__w/data_engineering_learning/data_engineering_learning
2024-04-02 15:10:23,963 - utils - INFO - Google Application Credentials Set
2024-04-02 15:10:23,963 - utils - INFO - /__w/data_engineering_learning/data_engineering_learning/secrets/headers.json
2024-04-02 15:10:23,963 - utils - INFO - MAL Headers Loaded
2024-04-02 15:10:23,966 - utils - INFO - 
        SELECT date_pulled
        FROM `mal-data-engineering.my_anime_list.top_airing_anime`
        WHERE DATE(date_pulled) = CURRENT_DATE('Asia/Tokyo')
        
2024-04-02 15:10:25,498 - utils - INFO - Top Airing Anime not yet updated. Pulling from API
2024-04-02 15:10:27,392 - utils - INFO - Getting Keys. Current Working Directory: /__w/data_engineering_learning/data_engineering_learning
2024-04-02 15:10:27,392 - utils - INFO - Google Application Credentials Set
2024-04-02 15:10:27,392 - utils - INFO - /__w/data_engineering_learning/data_engineering_learning/secrets/headers.json
2024-04-02 15:10:27,392 - utils - INFO - MAL Headers Loaded
2024-04-02 15:10:27,402 - utils - INFO - Getting Keys. Current Working Directory: /__w/data_engineering_learning/data_engineering_learning
2024-04-02 15:10:27,402 - utils - INFO - Google Application Credentials Set
2024-04-02 15:10:27,402 - utils - INFO - /__w/data_engineering_learning/data_engineering_learning/secrets/headers.json
2024-04-02 15:10:27,402 - utils - INFO - MAL Headers Loaded
2024-04-02 15:10:27,404 - utils - INFO - 
        SELECT date_pulled
        FROM `mal-data-engineering.my_anime_list.top_airing_anime`
        WHERE DATE(date_pulled) = DATE('2024-04-03')
        
2024-04-02 15:10:29,178 - utils - INFO - Table exists
2024-04-02 15:10:32,976 - utils - INFO - Top Airing Anime updated
