2024-11-04 15:14:37,919 - utils - INFO - Getting Keys. Current Working Directory: /__w/data_engineering_learning/data_engineering_learning
2024-11-04 15:14:37,919 - utils - INFO - Google Application Credentials Set
2024-11-04 15:14:37,919 - utils - INFO - /__w/data_engineering_learning/data_engineering_learning/secrets/headers.json
2024-11-04 15:14:37,919 - utils - INFO - MAL Headers Loaded
2024-11-04 15:14:37,919 - utils - INFO - Getting Keys. Current Working Directory: /__w/data_engineering_learning/data_engineering_learning
2024-11-04 15:14:37,919 - utils - INFO - Google Application Credentials Set
2024-11-04 15:14:37,919 - utils - INFO - /__w/data_engineering_learning/data_engineering_learning/secrets/headers.json
2024-11-04 15:14:37,919 - utils - INFO - MAL Headers Loaded
2024-11-04 15:14:37,923 - utils - INFO - 
        SELECT date_pulled
        FROM `mal-data-engineering.my_anime_list.top_airing_anime`
        WHERE DATE(date_pulled) = CURRENT_DATE('Asia/Tokyo')
        
2024-11-04 15:14:39,051 - utils - INFO - Top Airing Anime not yet updated. Pulling from API
2024-11-04 15:14:41,853 - utils - INFO - Getting Keys. Current Working Directory: /__w/data_engineering_learning/data_engineering_learning
2024-11-04 15:14:41,853 - utils - INFO - Google Application Credentials Set
2024-11-04 15:14:41,853 - utils - INFO - /__w/data_engineering_learning/data_engineering_learning/secrets/headers.json
2024-11-04 15:14:41,854 - utils - INFO - MAL Headers Loaded
2024-11-04 15:14:41,862 - utils - INFO - Getting Keys. Current Working Directory: /__w/data_engineering_learning/data_engineering_learning
2024-11-04 15:14:41,862 - utils - INFO - Google Application Credentials Set
2024-11-04 15:14:41,862 - utils - INFO - /__w/data_engineering_learning/data_engineering_learning/secrets/headers.json
2024-11-04 15:14:41,863 - utils - INFO - MAL Headers Loaded
2024-11-04 15:14:41,865 - utils - INFO - 
        SELECT date_pulled
        FROM `mal-data-engineering.my_anime_list.top_airing_anime`
        WHERE DATE(date_pulled) = DATE('2024-11-05')
        
2024-11-04 15:14:43,408 - utils - INFO - Table exists
2024-11-04 15:14:47,543 - utils - INFO - Top Airing Anime updated
