2024-08-08 15:12:43,997 - utils - INFO - Getting Keys. Current Working Directory: /__w/data_engineering_learning/data_engineering_learning
2024-08-08 15:12:43,997 - utils - INFO - Google Application Credentials Set
2024-08-08 15:12:43,997 - utils - INFO - /__w/data_engineering_learning/data_engineering_learning/secrets/headers.json
2024-08-08 15:12:43,998 - utils - INFO - MAL Headers Loaded
2024-08-08 15:12:43,998 - utils - INFO - Getting Keys. Current Working Directory: /__w/data_engineering_learning/data_engineering_learning
2024-08-08 15:12:43,998 - utils - INFO - Google Application Credentials Set
2024-08-08 15:12:43,998 - utils - INFO - /__w/data_engineering_learning/data_engineering_learning/secrets/headers.json
2024-08-08 15:12:43,998 - utils - INFO - MAL Headers Loaded
2024-08-08 15:12:44,002 - utils - INFO - 
        SELECT date_pulled
        FROM `mal-data-engineering.my_anime_list.top_airing_anime`
        WHERE DATE(date_pulled) = CURRENT_DATE('Asia/Tokyo')
        
2024-08-08 15:12:45,413 - utils - INFO - Top Airing Anime not yet updated. Pulling from API
2024-08-08 15:12:46,261 - utils - INFO - Getting Keys. Current Working Directory: /__w/data_engineering_learning/data_engineering_learning
2024-08-08 15:12:46,261 - utils - INFO - Google Application Credentials Set
2024-08-08 15:12:46,261 - utils - INFO - /__w/data_engineering_learning/data_engineering_learning/secrets/headers.json
2024-08-08 15:12:46,261 - utils - INFO - MAL Headers Loaded
2024-08-08 15:12:46,271 - utils - INFO - Getting Keys. Current Working Directory: /__w/data_engineering_learning/data_engineering_learning
2024-08-08 15:12:46,271 - utils - INFO - Google Application Credentials Set
2024-08-08 15:12:46,271 - utils - INFO - /__w/data_engineering_learning/data_engineering_learning/secrets/headers.json
2024-08-08 15:12:46,271 - utils - INFO - MAL Headers Loaded
2024-08-08 15:12:46,273 - utils - INFO - 
        SELECT date_pulled
        FROM `mal-data-engineering.my_anime_list.top_airing_anime`
        WHERE DATE(date_pulled) = DATE('2024-08-09')
        
2024-08-08 15:12:47,710 - utils - INFO - Table exists
2024-08-08 15:12:53,047 - utils - INFO - Top Airing Anime updated
