2024-06-07 15:12:03,325 - utils - INFO - Getting Keys. Current Working Directory: /__w/data_engineering_learning/data_engineering_learning
2024-06-07 15:12:03,325 - utils - INFO - Google Application Credentials Set
2024-06-07 15:12:03,325 - utils - INFO - /__w/data_engineering_learning/data_engineering_learning/secrets/headers.json
2024-06-07 15:12:03,325 - utils - INFO - MAL Headers Loaded
2024-06-07 15:12:03,325 - utils - INFO - Getting Keys. Current Working Directory: /__w/data_engineering_learning/data_engineering_learning
2024-06-07 15:12:03,325 - utils - INFO - Google Application Credentials Set
2024-06-07 15:12:03,325 - utils - INFO - /__w/data_engineering_learning/data_engineering_learning/secrets/headers.json
2024-06-07 15:12:03,325 - utils - INFO - MAL Headers Loaded
2024-06-07 15:12:03,329 - utils - INFO - 
        SELECT date_pulled
        FROM `mal-data-engineering.my_anime_list.top_airing_anime`
        WHERE DATE(date_pulled) = CURRENT_DATE('Asia/Tokyo')
        
2024-06-07 15:12:04,571 - utils - INFO - Top Airing Anime not yet updated. Pulling from API
2024-06-07 15:12:06,765 - utils - INFO - Getting Keys. Current Working Directory: /__w/data_engineering_learning/data_engineering_learning
2024-06-07 15:12:06,765 - utils - INFO - Google Application Credentials Set
2024-06-07 15:12:06,765 - utils - INFO - /__w/data_engineering_learning/data_engineering_learning/secrets/headers.json
2024-06-07 15:12:06,765 - utils - INFO - MAL Headers Loaded
2024-06-07 15:12:06,775 - utils - INFO - Getting Keys. Current Working Directory: /__w/data_engineering_learning/data_engineering_learning
2024-06-07 15:12:06,775 - utils - INFO - Google Application Credentials Set
2024-06-07 15:12:06,775 - utils - INFO - /__w/data_engineering_learning/data_engineering_learning/secrets/headers.json
2024-06-07 15:12:06,775 - utils - INFO - MAL Headers Loaded
2024-06-07 15:12:06,778 - utils - INFO - 
        SELECT date_pulled
        FROM `mal-data-engineering.my_anime_list.top_airing_anime`
        WHERE DATE(date_pulled) = DATE('2024-06-08')
        
2024-06-07 15:12:08,091 - utils - INFO - Table exists
2024-06-07 15:12:12,118 - utils - INFO - Top Airing Anime updated
