2024-11-12 15:14:07,213 - utils - INFO - Getting Keys. Current Working Directory: /__w/data_engineering_learning/data_engineering_learning
2024-11-12 15:14:07,213 - utils - INFO - Google Application Credentials Set
2024-11-12 15:14:07,213 - utils - INFO - /__w/data_engineering_learning/data_engineering_learning/secrets/headers.json
2024-11-12 15:14:07,213 - utils - INFO - MAL Headers Loaded
2024-11-12 15:14:07,213 - utils - INFO - Getting Keys. Current Working Directory: /__w/data_engineering_learning/data_engineering_learning
2024-11-12 15:14:07,213 - utils - INFO - Google Application Credentials Set
2024-11-12 15:14:07,213 - utils - INFO - /__w/data_engineering_learning/data_engineering_learning/secrets/headers.json
2024-11-12 15:14:07,213 - utils - INFO - MAL Headers Loaded
2024-11-12 15:14:07,217 - utils - INFO - 
        SELECT date_pulled
        FROM `mal-data-engineering.my_anime_list.top_airing_anime`
        WHERE DATE(date_pulled) = CURRENT_DATE('Asia/Tokyo')
        
2024-11-12 15:14:08,607 - utils - INFO - Top Airing Anime not yet updated. Pulling from API
2024-11-12 15:14:11,126 - utils - INFO - Getting Keys. Current Working Directory: /__w/data_engineering_learning/data_engineering_learning
2024-11-12 15:14:11,126 - utils - INFO - Google Application Credentials Set
2024-11-12 15:14:11,126 - utils - INFO - /__w/data_engineering_learning/data_engineering_learning/secrets/headers.json
2024-11-12 15:14:11,126 - utils - INFO - MAL Headers Loaded
2024-11-12 15:14:11,135 - utils - INFO - Getting Keys. Current Working Directory: /__w/data_engineering_learning/data_engineering_learning
2024-11-12 15:14:11,136 - utils - INFO - Google Application Credentials Set
2024-11-12 15:14:11,136 - utils - INFO - /__w/data_engineering_learning/data_engineering_learning/secrets/headers.json
2024-11-12 15:14:11,136 - utils - INFO - MAL Headers Loaded
2024-11-12 15:14:11,138 - utils - INFO - 
        SELECT date_pulled
        FROM `mal-data-engineering.my_anime_list.top_airing_anime`
        WHERE DATE(date_pulled) = DATE('2024-11-13')
        
2024-11-12 15:14:12,658 - utils - INFO - Table exists
2024-11-12 15:14:16,245 - utils - INFO - Top Airing Anime updated
