2024-06-11 15:11:50,409 - utils - INFO - Getting Keys. Current Working Directory: /__w/data_engineering_learning/data_engineering_learning
2024-06-11 15:11:50,409 - utils - INFO - Google Application Credentials Set
2024-06-11 15:11:50,409 - utils - INFO - /__w/data_engineering_learning/data_engineering_learning/secrets/headers.json
2024-06-11 15:11:50,409 - utils - INFO - MAL Headers Loaded
2024-06-11 15:11:50,409 - utils - INFO - Getting Keys. Current Working Directory: /__w/data_engineering_learning/data_engineering_learning
2024-06-11 15:11:50,409 - utils - INFO - Google Application Credentials Set
2024-06-11 15:11:50,409 - utils - INFO - /__w/data_engineering_learning/data_engineering_learning/secrets/headers.json
2024-06-11 15:11:50,409 - utils - INFO - MAL Headers Loaded
2024-06-11 15:11:50,413 - utils - INFO - 
        SELECT date_pulled
        FROM `mal-data-engineering.my_anime_list.top_airing_anime`
        WHERE DATE(date_pulled) = CURRENT_DATE('Asia/Tokyo')
        
2024-06-11 15:11:51,786 - utils - INFO - Top Airing Anime not yet updated. Pulling from API
2024-06-11 15:11:54,327 - utils - INFO - Getting Keys. Current Working Directory: /__w/data_engineering_learning/data_engineering_learning
2024-06-11 15:11:54,327 - utils - INFO - Google Application Credentials Set
2024-06-11 15:11:54,327 - utils - INFO - /__w/data_engineering_learning/data_engineering_learning/secrets/headers.json
2024-06-11 15:11:54,327 - utils - INFO - MAL Headers Loaded
2024-06-11 15:11:54,337 - utils - INFO - Getting Keys. Current Working Directory: /__w/data_engineering_learning/data_engineering_learning
2024-06-11 15:11:54,338 - utils - INFO - Google Application Credentials Set
2024-06-11 15:11:54,338 - utils - INFO - /__w/data_engineering_learning/data_engineering_learning/secrets/headers.json
2024-06-11 15:11:54,338 - utils - INFO - MAL Headers Loaded
2024-06-11 15:11:54,340 - utils - INFO - 
        SELECT date_pulled
        FROM `mal-data-engineering.my_anime_list.top_airing_anime`
        WHERE DATE(date_pulled) = DATE('2024-06-12')
        
2024-06-11 15:11:56,387 - utils - INFO - Table exists
2024-06-11 15:11:59,993 - utils - INFO - Top Airing Anime updated
