2024-07-28 15:11:05,940 - utils - INFO - Getting Keys. Current Working Directory: /__w/data_engineering_learning/data_engineering_learning
2024-07-28 15:11:05,940 - utils - INFO - Google Application Credentials Set
2024-07-28 15:11:05,940 - utils - INFO - /__w/data_engineering_learning/data_engineering_learning/secrets/headers.json
2024-07-28 15:11:05,940 - utils - INFO - MAL Headers Loaded
2024-07-28 15:11:05,940 - utils - INFO - Getting Keys. Current Working Directory: /__w/data_engineering_learning/data_engineering_learning
2024-07-28 15:11:05,940 - utils - INFO - Google Application Credentials Set
2024-07-28 15:11:05,940 - utils - INFO - /__w/data_engineering_learning/data_engineering_learning/secrets/headers.json
2024-07-28 15:11:05,941 - utils - INFO - MAL Headers Loaded
2024-07-28 15:11:05,946 - utils - INFO - 
        SELECT date_pulled
        FROM `mal-data-engineering.my_anime_list.top_airing_anime`
        WHERE DATE(date_pulled) = CURRENT_DATE('Asia/Tokyo')
        
2024-07-28 15:11:07,274 - utils - INFO - Top Airing Anime not yet updated. Pulling from API
2024-07-28 15:11:09,944 - utils - INFO - Getting Keys. Current Working Directory: /__w/data_engineering_learning/data_engineering_learning
2024-07-28 15:11:09,944 - utils - INFO - Google Application Credentials Set
2024-07-28 15:11:09,944 - utils - INFO - /__w/data_engineering_learning/data_engineering_learning/secrets/headers.json
2024-07-28 15:11:09,944 - utils - INFO - MAL Headers Loaded
2024-07-28 15:11:09,953 - utils - INFO - Getting Keys. Current Working Directory: /__w/data_engineering_learning/data_engineering_learning
2024-07-28 15:11:09,953 - utils - INFO - Google Application Credentials Set
2024-07-28 15:11:09,953 - utils - INFO - /__w/data_engineering_learning/data_engineering_learning/secrets/headers.json
2024-07-28 15:11:09,954 - utils - INFO - MAL Headers Loaded
2024-07-28 15:11:09,956 - utils - INFO - 
        SELECT date_pulled
        FROM `mal-data-engineering.my_anime_list.top_airing_anime`
        WHERE DATE(date_pulled) = DATE('2024-07-29')
        
2024-07-28 15:11:11,501 - utils - INFO - Table exists
2024-07-28 15:11:15,466 - utils - INFO - Top Airing Anime updated
2024-07-28 15:25:39,330 - utils - INFO - Getting Keys. Current Working Directory: /__w/data_engineering_learning/data_engineering_learning
2024-07-28 15:25:39,330 - utils - INFO - Google Application Credentials Set
2024-07-28 15:25:39,330 - utils - INFO - /__w/data_engineering_learning/data_engineering_learning/secrets/headers.json
2024-07-28 15:25:39,330 - utils - INFO - MAL Headers Loaded
2024-07-28 15:25:39,330 - utils - INFO - Getting Keys. Current Working Directory: /__w/data_engineering_learning/data_engineering_learning
2024-07-28 15:25:39,330 - utils - INFO - Google Application Credentials Set
2024-07-28 15:25:39,330 - utils - INFO - /__w/data_engineering_learning/data_engineering_learning/secrets/headers.json
2024-07-28 15:25:39,330 - utils - INFO - MAL Headers Loaded
2024-07-28 15:25:39,334 - utils - INFO - 
        SELECT date_pulled
        FROM `mal-data-engineering.my_anime_list.weekly_top_10`
        WHERE DATE(date_pulled) = CURRENT_DATE('Asia/Tokyo')
        
2024-07-28 15:25:40,552 - utils - INFO - 
        WITH ranked_anime AS (
            SELECT
                tw.date_pulled,
                tw.myanimelist_id,
                tw.title,
                tw.rank,
                tw.score,
                (tw.rank - lw.rank) as rank_change,
                (tw.score - lw.score) as score_change,
                ROW_NUMBER() OVER (PARTITION BY tw.date_pulled ORDER BY tw.rank) AS rank_within_date
            FROM
                (SELECT * FROM `mal-data-engineering.my_anime_list.top_airing_anime`
                  WHERE DATE(date_pulled) = CURRENT_DATE('Asia/Tokyo')
                ) AS tw
            LEFT JOIN
                (SELECT * FROM `mal-data-engineering.my_anime_list.top_airing_anime`
                  WHERE DATE(date_pulled) = DATE_ADD(CURRENT_DATE('Asia/Tokyo'), INTERVAL -7 DAY)
                ) AS lw
            ON
                tw.myanimelist_id = lw.myanimelist_id
            )

            SELECT
            date_pulled,
            myanimelist_id,
            title,
            rank,
            score,
            rank_change,
            score_change
            FROM
            ranked_anime
            WHERE
            rank_within_date <= 10
            ORDER BY
            rank_within_date,
            date_pulled DESC
            ;
        
2024-07-28 15:25:44,774 - utils - INFO - Table exists
2024-07-28 15:25:47,753 - utils - INFO - Weekly Top 10 table updated
