2024-06-02 15:10:31,846 - utils - INFO - Getting Keys. Current Working Directory: /__w/data_engineering_learning/data_engineering_learning
2024-06-02 15:10:31,847 - utils - INFO - Google Application Credentials Set
2024-06-02 15:10:31,847 - utils - INFO - /__w/data_engineering_learning/data_engineering_learning/secrets/headers.json
2024-06-02 15:10:31,847 - utils - INFO - MAL Headers Loaded
2024-06-02 15:10:31,847 - utils - INFO - Getting Keys. Current Working Directory: /__w/data_engineering_learning/data_engineering_learning
2024-06-02 15:10:31,847 - utils - INFO - Google Application Credentials Set
2024-06-02 15:10:31,847 - utils - INFO - /__w/data_engineering_learning/data_engineering_learning/secrets/headers.json
2024-06-02 15:10:31,847 - utils - INFO - MAL Headers Loaded
2024-06-02 15:10:31,850 - utils - INFO - 
        SELECT date_pulled
        FROM `mal-data-engineering.my_anime_list.top_airing_anime`
        WHERE DATE(date_pulled) = CURRENT_DATE('Asia/Tokyo')
        
2024-06-02 15:10:33,115 - utils - INFO - Top Airing Anime not yet updated. Pulling from API
2024-06-02 15:10:35,338 - utils - INFO - Getting Keys. Current Working Directory: /__w/data_engineering_learning/data_engineering_learning
2024-06-02 15:10:35,338 - utils - INFO - Google Application Credentials Set
2024-06-02 15:10:35,338 - utils - INFO - /__w/data_engineering_learning/data_engineering_learning/secrets/headers.json
2024-06-02 15:10:35,338 - utils - INFO - MAL Headers Loaded
2024-06-02 15:10:35,348 - utils - INFO - Getting Keys. Current Working Directory: /__w/data_engineering_learning/data_engineering_learning
2024-06-02 15:10:35,348 - utils - INFO - Google Application Credentials Set
2024-06-02 15:10:35,348 - utils - INFO - /__w/data_engineering_learning/data_engineering_learning/secrets/headers.json
2024-06-02 15:10:35,348 - utils - INFO - MAL Headers Loaded
2024-06-02 15:10:35,350 - utils - INFO - 
        SELECT date_pulled
        FROM `mal-data-engineering.my_anime_list.top_airing_anime`
        WHERE DATE(date_pulled) = DATE('2024-06-03')
        
2024-06-02 15:10:36,631 - utils - INFO - Table exists
2024-06-02 15:10:40,165 - utils - INFO - Top Airing Anime updated
2024-06-02 15:25:08,491 - utils - INFO - Getting Keys. Current Working Directory: /__w/data_engineering_learning/data_engineering_learning
2024-06-02 15:25:08,491 - utils - INFO - Google Application Credentials Set
2024-06-02 15:25:08,491 - utils - INFO - /__w/data_engineering_learning/data_engineering_learning/secrets/headers.json
2024-06-02 15:25:08,491 - utils - INFO - MAL Headers Loaded
2024-06-02 15:25:08,492 - utils - INFO - Getting Keys. Current Working Directory: /__w/data_engineering_learning/data_engineering_learning
2024-06-02 15:25:08,492 - utils - INFO - Google Application Credentials Set
2024-06-02 15:25:08,492 - utils - INFO - /__w/data_engineering_learning/data_engineering_learning/secrets/headers.json
2024-06-02 15:25:08,492 - utils - INFO - MAL Headers Loaded
2024-06-02 15:25:08,495 - utils - INFO - 
        SELECT date_pulled
        FROM `mal-data-engineering.my_anime_list.weekly_top_10`
        WHERE DATE(date_pulled) = CURRENT_DATE('Asia/Tokyo')
        
2024-06-02 15:25:09,627 - utils - INFO - 
        WITH ranked_anime AS (
            SELECT
                tw.date_pulled,
                tw.myanimelist_id,
                tw.title,
                tw.rank,
                tw.score,
                (tw.rank - lw.rank) as rank_change,
                (tw.score - lw.score) as score_change,
                ROW_NUMBER() OVER (PARTITION BY tw.date_pulled ORDER BY tw.rank) AS rank_within_date
            FROM
                (SELECT * FROM `mal-data-engineering.my_anime_list.top_airing_anime`
                  WHERE DATE(date_pulled) = CURRENT_DATE('Asia/Tokyo')
                ) AS tw
            LEFT JOIN
                (SELECT * FROM `mal-data-engineering.my_anime_list.top_airing_anime`
                  WHERE DATE(date_pulled) = DATE_ADD(CURRENT_DATE('Asia/Tokyo'), INTERVAL -7 DAY)
                ) AS lw
            ON
                tw.myanimelist_id = lw.myanimelist_id
            )

            SELECT
            date_pulled,
            myanimelist_id,
            title,
            rank,
            score,
            rank_change,
            score_change
            FROM
            ranked_anime
            WHERE
            rank_within_date <= 10
            ORDER BY
            rank_within_date,
            date_pulled DESC
            ;
        
2024-06-02 15:25:12,306 - utils - INFO - Table exists
2024-06-02 15:25:16,741 - utils - INFO - Weekly Top 10 table updated
2024-06-02 15:37:08,609 - utils - INFO - Getting Keys. Current Working Directory: /__w/data_engineering_learning/data_engineering_learning
2024-06-02 15:37:08,609 - utils - INFO - Google Application Credentials Set
2024-06-02 15:37:08,609 - utils - INFO - /__w/data_engineering_learning/data_engineering_learning/secrets/headers.json
2024-06-02 15:37:08,610 - utils - INFO - MAL Headers Loaded
2024-06-02 15:37:08,610 - utils - INFO - Getting Keys. Current Working Directory: /__w/data_engineering_learning/data_engineering_learning
2024-06-02 15:37:08,610 - utils - INFO - Google Application Credentials Set
2024-06-02 15:37:08,610 - utils - INFO - /__w/data_engineering_learning/data_engineering_learning/secrets/headers.json
2024-06-02 15:37:08,610 - utils - INFO - MAL Headers Loaded
2024-06-02 15:37:08,613 - utils - INFO - 
        SELECT DISTINCT(taa.myanimelist_id)
        FROM `mal-data-engineering.my_anime_list.top_airing_anime` AS taa
        LEFT JOIN `mal-data-engineering.my_anime_list.anime_info` AS ai
        ON taa.myanimelist_id = ai.myanimelist_id
        WHERE DATE(taa.date_pulled) = CURRENT_DATE()
        AND ai.myanimelist_id IS NULL
        
2024-06-02 15:37:10,003 - utils - INFO - Anime ids not in table yet: 4
2024-06-02 15:37:21,951 - utils - INFO - Failed to fetch data for myanimelist_id: 58509
2024-06-02 15:37:25,010 - utils - INFO - Getting Keys. Current Working Directory: /__w/data_engineering_learning/data_engineering_learning
2024-06-02 15:37:25,010 - utils - INFO - Google Application Credentials Set
2024-06-02 15:37:25,010 - utils - INFO - /__w/data_engineering_learning/data_engineering_learning/secrets/headers.json
2024-06-02 15:37:25,010 - utils - INFO - MAL Headers Loaded
2024-06-02 15:37:25,010 - utils - INFO - Getting Keys. Current Working Directory: /__w/data_engineering_learning/data_engineering_learning
2024-06-02 15:37:25,010 - utils - INFO - Google Application Credentials Set
2024-06-02 15:37:25,011 - utils - INFO - /__w/data_engineering_learning/data_engineering_learning/secrets/headers.json
2024-06-02 15:37:25,011 - utils - INFO - MAL Headers Loaded
2024-06-02 15:37:25,013 - utils - INFO - 
        SELECT DISTINCT(taa.myanimelist_id)
        FROM `mal-data-engineering.my_anime_list.top_airing_anime` AS taa
        LEFT JOIN `mal-data-engineering.my_anime_list.anime_info` AS ai
        ON taa.myanimelist_id = ai.myanimelist_id
        WHERE DATE(taa.date_pulled) = CURRENT_DATE()
        AND ai.myanimelist_id IS NULL
        
2024-06-02 15:37:26,418 - utils - INFO - Anime ids not in table yet: 4
2024-06-02 15:37:26,432 - utils - INFO - Anime Info already updated
