2024-02-24 15:09:16,913 - utils - INFO - Getting Keys. Current Working Directory: /__w/data_engineering_learning/data_engineering_learning
2024-02-24 15:09:16,913 - utils - INFO - Google Application Credentials Set
2024-02-24 15:09:16,913 - utils - INFO - /__w/data_engineering_learning/data_engineering_learning/secrets/headers.json
2024-02-24 15:09:16,913 - utils - INFO - MAL Headers Loaded
2024-02-24 15:09:16,913 - utils - INFO - Getting Keys. Current Working Directory: /__w/data_engineering_learning/data_engineering_learning
2024-02-24 15:09:16,913 - utils - INFO - Google Application Credentials Set
2024-02-24 15:09:16,913 - utils - INFO - /__w/data_engineering_learning/data_engineering_learning/secrets/headers.json
2024-02-24 15:09:16,913 - utils - INFO - MAL Headers Loaded
2024-02-24 15:09:16,917 - utils - INFO - 
        SELECT date_pulled
        FROM `mal-data-engineering.my_anime_list.top_airing_anime`
        WHERE DATE(date_pulled) = CURRENT_DATE('Asia/Tokyo')
        
2024-02-24 15:09:18,505 - utils - INFO - Top Airing Anime not yet updated. Pulling from API
2024-02-24 15:09:19,645 - utils - INFO - Getting Keys. Current Working Directory: /__w/data_engineering_learning/data_engineering_learning
2024-02-24 15:09:19,645 - utils - INFO - Google Application Credentials Set
2024-02-24 15:09:19,645 - utils - INFO - /__w/data_engineering_learning/data_engineering_learning/secrets/headers.json
2024-02-24 15:09:19,645 - utils - INFO - MAL Headers Loaded
2024-02-24 15:09:19,655 - utils - INFO - Getting Keys. Current Working Directory: /__w/data_engineering_learning/data_engineering_learning
2024-02-24 15:09:19,655 - utils - INFO - Google Application Credentials Set
2024-02-24 15:09:19,655 - utils - INFO - /__w/data_engineering_learning/data_engineering_learning/secrets/headers.json
2024-02-24 15:09:19,655 - utils - INFO - MAL Headers Loaded
2024-02-24 15:09:19,657 - utils - INFO - 
        SELECT date_pulled
        FROM `mal-data-engineering.my_anime_list.top_airing_anime`
        WHERE DATE(date_pulled) = DATE('2024-02-25')
        
2024-02-24 15:09:21,320 - utils - INFO - Table exists
2024-02-24 15:09:25,488 - utils - INFO - Top Airing Anime updated
