2024-10-05 15:12:51,014 - utils - INFO - Getting Keys. Current Working Directory: /__w/data_engineering_learning/data_engineering_learning
2024-10-05 15:12:51,015 - utils - INFO - Google Application Credentials Set
2024-10-05 15:12:51,015 - utils - INFO - /__w/data_engineering_learning/data_engineering_learning/secrets/headers.json
2024-10-05 15:12:51,015 - utils - INFO - MAL Headers Loaded
2024-10-05 15:12:51,015 - utils - INFO - Getting Keys. Current Working Directory: /__w/data_engineering_learning/data_engineering_learning
2024-10-05 15:12:51,015 - utils - INFO - Google Application Credentials Set
2024-10-05 15:12:51,015 - utils - INFO - /__w/data_engineering_learning/data_engineering_learning/secrets/headers.json
2024-10-05 15:12:51,015 - utils - INFO - MAL Headers Loaded
2024-10-05 15:12:51,018 - utils - INFO - 
        SELECT date_pulled
        FROM `mal-data-engineering.my_anime_list.top_airing_anime`
        WHERE DATE(date_pulled) = CURRENT_DATE('Asia/Tokyo')
        
2024-10-05 15:12:52,380 - utils - INFO - Top Airing Anime not yet updated. Pulling from API
2024-10-05 15:12:54,884 - utils - INFO - Getting Keys. Current Working Directory: /__w/data_engineering_learning/data_engineering_learning
2024-10-05 15:12:54,884 - utils - INFO - Google Application Credentials Set
2024-10-05 15:12:54,884 - utils - INFO - /__w/data_engineering_learning/data_engineering_learning/secrets/headers.json
2024-10-05 15:12:54,884 - utils - INFO - MAL Headers Loaded
2024-10-05 15:12:54,892 - utils - INFO - Getting Keys. Current Working Directory: /__w/data_engineering_learning/data_engineering_learning
2024-10-05 15:12:54,893 - utils - INFO - Google Application Credentials Set
2024-10-05 15:12:54,893 - utils - INFO - /__w/data_engineering_learning/data_engineering_learning/secrets/headers.json
2024-10-05 15:12:54,893 - utils - INFO - MAL Headers Loaded
2024-10-05 15:12:54,895 - utils - INFO - 
        SELECT date_pulled
        FROM `mal-data-engineering.my_anime_list.top_airing_anime`
        WHERE DATE(date_pulled) = DATE('2024-10-06')
        
2024-10-05 15:12:56,269 - utils - INFO - Table exists
2024-10-05 15:12:59,221 - utils - INFO - Top Airing Anime updated
