2024-03-20 15:11:34,028 - utils - INFO - Getting Keys. Current Working Directory: /__w/data_engineering_learning/data_engineering_learning
2024-03-20 15:11:34,028 - utils - INFO - Google Application Credentials Set
2024-03-20 15:11:34,028 - utils - INFO - /__w/data_engineering_learning/data_engineering_learning/secrets/headers.json
2024-03-20 15:11:34,028 - utils - INFO - MAL Headers Loaded
2024-03-20 15:11:34,028 - utils - INFO - Getting Keys. Current Working Directory: /__w/data_engineering_learning/data_engineering_learning
2024-03-20 15:11:34,028 - utils - INFO - Google Application Credentials Set
2024-03-20 15:11:34,028 - utils - INFO - /__w/data_engineering_learning/data_engineering_learning/secrets/headers.json
2024-03-20 15:11:34,028 - utils - INFO - MAL Headers Loaded
2024-03-20 15:11:34,032 - utils - INFO - 
        SELECT date_pulled
        FROM `mal-data-engineering.my_anime_list.top_airing_anime`
        WHERE DATE(date_pulled) = CURRENT_DATE('Asia/Tokyo')
        
2024-03-20 15:11:35,519 - utils - INFO - Top Airing Anime not yet updated. Pulling from API
2024-03-20 15:11:36,346 - utils - INFO - Getting Keys. Current Working Directory: /__w/data_engineering_learning/data_engineering_learning
2024-03-20 15:11:36,346 - utils - INFO - Google Application Credentials Set
2024-03-20 15:11:36,346 - utils - INFO - /__w/data_engineering_learning/data_engineering_learning/secrets/headers.json
2024-03-20 15:11:36,346 - utils - INFO - MAL Headers Loaded
2024-03-20 15:11:36,356 - utils - INFO - Getting Keys. Current Working Directory: /__w/data_engineering_learning/data_engineering_learning
2024-03-20 15:11:36,356 - utils - INFO - Google Application Credentials Set
2024-03-20 15:11:36,356 - utils - INFO - /__w/data_engineering_learning/data_engineering_learning/secrets/headers.json
2024-03-20 15:11:36,356 - utils - INFO - MAL Headers Loaded
2024-03-20 15:11:36,358 - utils - INFO - 
        SELECT date_pulled
        FROM `mal-data-engineering.my_anime_list.top_airing_anime`
        WHERE DATE(date_pulled) = DATE('2024-03-21')
        
2024-03-20 15:11:37,938 - utils - INFO - Table exists
2024-03-20 15:11:43,370 - utils - INFO - Top Airing Anime updated
