2024-08-06 15:13:33,651 - utils - INFO - Getting Keys. Current Working Directory: /__w/data_engineering_learning/data_engineering_learning
2024-08-06 15:13:33,651 - utils - INFO - Google Application Credentials Set
2024-08-06 15:13:33,651 - utils - INFO - /__w/data_engineering_learning/data_engineering_learning/secrets/headers.json
2024-08-06 15:13:33,651 - utils - INFO - MAL Headers Loaded
2024-08-06 15:13:33,651 - utils - INFO - Getting Keys. Current Working Directory: /__w/data_engineering_learning/data_engineering_learning
2024-08-06 15:13:33,651 - utils - INFO - Google Application Credentials Set
2024-08-06 15:13:33,651 - utils - INFO - /__w/data_engineering_learning/data_engineering_learning/secrets/headers.json
2024-08-06 15:13:33,651 - utils - INFO - MAL Headers Loaded
2024-08-06 15:13:33,655 - utils - INFO - 
        SELECT date_pulled
        FROM `mal-data-engineering.my_anime_list.top_airing_anime`
        WHERE DATE(date_pulled) = CURRENT_DATE('Asia/Tokyo')
        
2024-08-06 15:13:35,010 - utils - INFO - Top Airing Anime not yet updated. Pulling from API
2024-08-06 15:13:37,482 - utils - INFO - Getting Keys. Current Working Directory: /__w/data_engineering_learning/data_engineering_learning
2024-08-06 15:13:37,482 - utils - INFO - Google Application Credentials Set
2024-08-06 15:13:37,482 - utils - INFO - /__w/data_engineering_learning/data_engineering_learning/secrets/headers.json
2024-08-06 15:13:37,482 - utils - INFO - MAL Headers Loaded
2024-08-06 15:13:37,492 - utils - INFO - Getting Keys. Current Working Directory: /__w/data_engineering_learning/data_engineering_learning
2024-08-06 15:13:37,492 - utils - INFO - Google Application Credentials Set
2024-08-06 15:13:37,492 - utils - INFO - /__w/data_engineering_learning/data_engineering_learning/secrets/headers.json
2024-08-06 15:13:37,492 - utils - INFO - MAL Headers Loaded
2024-08-06 15:13:37,494 - utils - INFO - 
        SELECT date_pulled
        FROM `mal-data-engineering.my_anime_list.top_airing_anime`
        WHERE DATE(date_pulled) = DATE('2024-08-07')
        
2024-08-06 15:13:38,814 - utils - INFO - Table exists
2024-08-06 15:13:42,467 - utils - INFO - Top Airing Anime updated
