2024-12-23 15:13:23,197 - utils - INFO - Getting Keys. Current Working Directory: /__w/data_engineering_learning/data_engineering_learning
2024-12-23 15:13:23,197 - utils - INFO - Google Application Credentials Set
2024-12-23 15:13:23,197 - utils - INFO - /__w/data_engineering_learning/data_engineering_learning/secrets/headers.json
2024-12-23 15:13:23,197 - utils - INFO - MAL Headers Loaded
2024-12-23 15:13:23,197 - utils - INFO - Getting Keys. Current Working Directory: /__w/data_engineering_learning/data_engineering_learning
2024-12-23 15:13:23,197 - utils - INFO - Google Application Credentials Set
2024-12-23 15:13:23,197 - utils - INFO - /__w/data_engineering_learning/data_engineering_learning/secrets/headers.json
2024-12-23 15:13:23,198 - utils - INFO - MAL Headers Loaded
2024-12-23 15:13:23,201 - utils - INFO - 
        SELECT date_pulled
        FROM `mal-data-engineering.my_anime_list.top_airing_anime`
        WHERE DATE(date_pulled) = CURRENT_DATE('Asia/Tokyo')
        
2024-12-23 15:13:24,333 - utils - INFO - Top Airing Anime not yet updated. Pulling from API
2024-12-23 15:13:26,655 - utils - INFO - Getting Keys. Current Working Directory: /__w/data_engineering_learning/data_engineering_learning
2024-12-23 15:13:26,655 - utils - INFO - Google Application Credentials Set
2024-12-23 15:13:26,655 - utils - INFO - /__w/data_engineering_learning/data_engineering_learning/secrets/headers.json
2024-12-23 15:13:26,655 - utils - INFO - MAL Headers Loaded
2024-12-23 15:13:26,664 - utils - INFO - Getting Keys. Current Working Directory: /__w/data_engineering_learning/data_engineering_learning
2024-12-23 15:13:26,664 - utils - INFO - Google Application Credentials Set
2024-12-23 15:13:26,664 - utils - INFO - /__w/data_engineering_learning/data_engineering_learning/secrets/headers.json
2024-12-23 15:13:26,664 - utils - INFO - MAL Headers Loaded
2024-12-23 15:13:26,667 - utils - INFO - 
        SELECT date_pulled
        FROM `mal-data-engineering.my_anime_list.top_airing_anime`
        WHERE DATE(date_pulled) = DATE('2024-12-24')
        
2024-12-23 15:13:27,932 - utils - INFO - Table exists
2024-12-23 15:13:32,887 - utils - INFO - Top Airing Anime updated
