2024-07-23 15:13:08,128 - utils - INFO - Getting Keys. Current Working Directory: /__w/data_engineering_learning/data_engineering_learning
2024-07-23 15:13:08,129 - utils - INFO - Google Application Credentials Set
2024-07-23 15:13:08,129 - utils - INFO - /__w/data_engineering_learning/data_engineering_learning/secrets/headers.json
2024-07-23 15:13:08,129 - utils - INFO - MAL Headers Loaded
2024-07-23 15:13:08,129 - utils - INFO - Getting Keys. Current Working Directory: /__w/data_engineering_learning/data_engineering_learning
2024-07-23 15:13:08,129 - utils - INFO - Google Application Credentials Set
2024-07-23 15:13:08,129 - utils - INFO - /__w/data_engineering_learning/data_engineering_learning/secrets/headers.json
2024-07-23 15:13:08,129 - utils - INFO - MAL Headers Loaded
2024-07-23 15:13:08,132 - utils - INFO - 
        SELECT date_pulled
        FROM `mal-data-engineering.my_anime_list.top_airing_anime`
        WHERE DATE(date_pulled) = CURRENT_DATE('Asia/Tokyo')
        
2024-07-23 15:13:09,671 - utils - INFO - Top Airing Anime not yet updated. Pulling from API
2024-07-23 15:13:11,652 - utils - INFO - Getting Keys. Current Working Directory: /__w/data_engineering_learning/data_engineering_learning
2024-07-23 15:13:11,652 - utils - INFO - Google Application Credentials Set
2024-07-23 15:13:11,652 - utils - INFO - /__w/data_engineering_learning/data_engineering_learning/secrets/headers.json
2024-07-23 15:13:11,652 - utils - INFO - MAL Headers Loaded
2024-07-23 15:13:11,661 - utils - INFO - Getting Keys. Current Working Directory: /__w/data_engineering_learning/data_engineering_learning
2024-07-23 15:13:11,661 - utils - INFO - Google Application Credentials Set
2024-07-23 15:13:11,662 - utils - INFO - /__w/data_engineering_learning/data_engineering_learning/secrets/headers.json
2024-07-23 15:13:11,662 - utils - INFO - MAL Headers Loaded
2024-07-23 15:13:11,664 - utils - INFO - 
        SELECT date_pulled
        FROM `mal-data-engineering.my_anime_list.top_airing_anime`
        WHERE DATE(date_pulled) = DATE('2024-07-24')
        
2024-07-23 15:13:13,168 - utils - INFO - Table exists
2024-07-23 15:13:16,063 - utils - INFO - Top Airing Anime updated
