2024-06-25 15:12:07,671 - utils - INFO - Getting Keys. Current Working Directory: /__w/data_engineering_learning/data_engineering_learning
2024-06-25 15:12:07,671 - utils - INFO - Google Application Credentials Set
2024-06-25 15:12:07,671 - utils - INFO - /__w/data_engineering_learning/data_engineering_learning/secrets/headers.json
2024-06-25 15:12:07,671 - utils - INFO - MAL Headers Loaded
2024-06-25 15:12:07,671 - utils - INFO - Getting Keys. Current Working Directory: /__w/data_engineering_learning/data_engineering_learning
2024-06-25 15:12:07,671 - utils - INFO - Google Application Credentials Set
2024-06-25 15:12:07,671 - utils - INFO - /__w/data_engineering_learning/data_engineering_learning/secrets/headers.json
2024-06-25 15:12:07,671 - utils - INFO - MAL Headers Loaded
2024-06-25 15:12:07,675 - utils - INFO - 
        SELECT date_pulled
        FROM `mal-data-engineering.my_anime_list.top_airing_anime`
        WHERE DATE(date_pulled) = CURRENT_DATE('Asia/Tokyo')
        
2024-06-25 15:12:09,209 - utils - INFO - Top Airing Anime not yet updated. Pulling from API
2024-06-25 15:12:11,570 - utils - INFO - Getting Keys. Current Working Directory: /__w/data_engineering_learning/data_engineering_learning
2024-06-25 15:12:11,571 - utils - INFO - Google Application Credentials Set
2024-06-25 15:12:11,571 - utils - INFO - /__w/data_engineering_learning/data_engineering_learning/secrets/headers.json
2024-06-25 15:12:11,571 - utils - INFO - MAL Headers Loaded
2024-06-25 15:12:11,580 - utils - INFO - Getting Keys. Current Working Directory: /__w/data_engineering_learning/data_engineering_learning
2024-06-25 15:12:11,580 - utils - INFO - Google Application Credentials Set
2024-06-25 15:12:11,580 - utils - INFO - /__w/data_engineering_learning/data_engineering_learning/secrets/headers.json
2024-06-25 15:12:11,580 - utils - INFO - MAL Headers Loaded
2024-06-25 15:12:11,582 - utils - INFO - 
        SELECT date_pulled
        FROM `mal-data-engineering.my_anime_list.top_airing_anime`
        WHERE DATE(date_pulled) = DATE('2024-06-26')
        
2024-06-25 15:12:13,056 - utils - INFO - Table exists
2024-06-25 15:12:20,641 - utils - INFO - Top Airing Anime updated
