2024-12-10 15:15:20,179 - utils - INFO - Getting Keys. Current Working Directory: /__w/data_engineering_learning/data_engineering_learning
2024-12-10 15:15:20,179 - utils - INFO - Google Application Credentials Set
2024-12-10 15:15:20,179 - utils - INFO - /__w/data_engineering_learning/data_engineering_learning/secrets/headers.json
2024-12-10 15:15:20,179 - utils - INFO - MAL Headers Loaded
2024-12-10 15:15:20,179 - utils - INFO - Getting Keys. Current Working Directory: /__w/data_engineering_learning/data_engineering_learning
2024-12-10 15:15:20,179 - utils - INFO - Google Application Credentials Set
2024-12-10 15:15:20,179 - utils - INFO - /__w/data_engineering_learning/data_engineering_learning/secrets/headers.json
2024-12-10 15:15:20,179 - utils - INFO - MAL Headers Loaded
2024-12-10 15:15:20,183 - utils - INFO - 
        SELECT date_pulled
        FROM `mal-data-engineering.my_anime_list.top_airing_anime`
        WHERE DATE(date_pulled) = CURRENT_DATE('Asia/Tokyo')
        
2024-12-10 15:15:21,657 - utils - INFO - Top Airing Anime not yet updated. Pulling from API
2024-12-10 15:15:23,855 - utils - INFO - Getting Keys. Current Working Directory: /__w/data_engineering_learning/data_engineering_learning
2024-12-10 15:15:23,855 - utils - INFO - Google Application Credentials Set
2024-12-10 15:15:23,855 - utils - INFO - /__w/data_engineering_learning/data_engineering_learning/secrets/headers.json
2024-12-10 15:15:23,855 - utils - INFO - MAL Headers Loaded
2024-12-10 15:15:23,864 - utils - INFO - Getting Keys. Current Working Directory: /__w/data_engineering_learning/data_engineering_learning
2024-12-10 15:15:23,864 - utils - INFO - Google Application Credentials Set
2024-12-10 15:15:23,864 - utils - INFO - /__w/data_engineering_learning/data_engineering_learning/secrets/headers.json
2024-12-10 15:15:23,865 - utils - INFO - MAL Headers Loaded
2024-12-10 15:15:23,867 - utils - INFO - 
        SELECT date_pulled
        FROM `mal-data-engineering.my_anime_list.top_airing_anime`
        WHERE DATE(date_pulled) = DATE('2024-12-11')
        
2024-12-10 15:15:25,083 - utils - INFO - Table exists
2024-12-10 15:15:28,739 - utils - INFO - Top Airing Anime updated
