2024-07-06 15:11:48,442 - utils - INFO - Getting Keys. Current Working Directory: /__w/data_engineering_learning/data_engineering_learning
2024-07-06 15:11:48,442 - utils - INFO - Google Application Credentials Set
2024-07-06 15:11:48,442 - utils - INFO - /__w/data_engineering_learning/data_engineering_learning/secrets/headers.json
2024-07-06 15:11:48,442 - utils - INFO - MAL Headers Loaded
2024-07-06 15:11:48,442 - utils - INFO - Getting Keys. Current Working Directory: /__w/data_engineering_learning/data_engineering_learning
2024-07-06 15:11:48,442 - utils - INFO - Google Application Credentials Set
2024-07-06 15:11:48,442 - utils - INFO - /__w/data_engineering_learning/data_engineering_learning/secrets/headers.json
2024-07-06 15:11:48,442 - utils - INFO - MAL Headers Loaded
2024-07-06 15:11:48,446 - utils - INFO - 
        SELECT date_pulled
        FROM `mal-data-engineering.my_anime_list.top_airing_anime`
        WHERE DATE(date_pulled) = CURRENT_DATE('Asia/Tokyo')
        
2024-07-06 15:11:49,726 - utils - INFO - Top Airing Anime not yet updated. Pulling from API
2024-07-06 15:11:51,035 - utils - INFO - Getting Keys. Current Working Directory: /__w/data_engineering_learning/data_engineering_learning
2024-07-06 15:11:51,035 - utils - INFO - Google Application Credentials Set
2024-07-06 15:11:51,035 - utils - INFO - /__w/data_engineering_learning/data_engineering_learning/secrets/headers.json
2024-07-06 15:11:51,035 - utils - INFO - MAL Headers Loaded
2024-07-06 15:11:51,045 - utils - INFO - Getting Keys. Current Working Directory: /__w/data_engineering_learning/data_engineering_learning
2024-07-06 15:11:51,045 - utils - INFO - Google Application Credentials Set
2024-07-06 15:11:51,045 - utils - INFO - /__w/data_engineering_learning/data_engineering_learning/secrets/headers.json
2024-07-06 15:11:51,045 - utils - INFO - MAL Headers Loaded
2024-07-06 15:11:51,047 - utils - INFO - 
        SELECT date_pulled
        FROM `mal-data-engineering.my_anime_list.top_airing_anime`
        WHERE DATE(date_pulled) = DATE('2024-07-07')
        
2024-07-06 15:11:52,301 - utils - INFO - Table exists
2024-07-06 15:11:55,511 - utils - INFO - Top Airing Anime updated
