2025-03-05 15:15:25,085 - utils - INFO - Getting Keys. Current Working Directory: /__w/data_engineering_learning/data_engineering_learning
2025-03-05 15:15:25,086 - utils - INFO - Google Application Credentials Set
2025-03-05 15:15:25,086 - utils - INFO - /__w/data_engineering_learning/data_engineering_learning/secrets/headers.json
2025-03-05 15:15:25,086 - utils - INFO - MAL Headers Loaded
2025-03-05 15:15:25,086 - utils - INFO - Getting Keys. Current Working Directory: /__w/data_engineering_learning/data_engineering_learning
2025-03-05 15:15:25,086 - utils - INFO - Google Application Credentials Set
2025-03-05 15:15:25,086 - utils - INFO - /__w/data_engineering_learning/data_engineering_learning/secrets/headers.json
2025-03-05 15:15:25,086 - utils - INFO - MAL Headers Loaded
2025-03-05 15:15:25,090 - utils - INFO - 
        SELECT date_pulled
        FROM `mal-data-engineering.my_anime_list.top_airing_anime`
        WHERE DATE(date_pulled) = CURRENT_DATE('Asia/Tokyo')
        
2025-03-05 15:15:26,468 - utils - INFO - Top Airing Anime not yet updated. Pulling from API
2025-03-05 15:15:28,913 - utils - INFO - Getting Keys. Current Working Directory: /__w/data_engineering_learning/data_engineering_learning
2025-03-05 15:15:28,913 - utils - INFO - Google Application Credentials Set
2025-03-05 15:15:28,913 - utils - INFO - /__w/data_engineering_learning/data_engineering_learning/secrets/headers.json
2025-03-05 15:15:28,913 - utils - INFO - MAL Headers Loaded
2025-03-05 15:15:28,922 - utils - INFO - Getting Keys. Current Working Directory: /__w/data_engineering_learning/data_engineering_learning
2025-03-05 15:15:28,922 - utils - INFO - Google Application Credentials Set
2025-03-05 15:15:28,922 - utils - INFO - /__w/data_engineering_learning/data_engineering_learning/secrets/headers.json
2025-03-05 15:15:28,923 - utils - INFO - MAL Headers Loaded
2025-03-05 15:15:28,925 - utils - INFO - 
        SELECT date_pulled
        FROM `mal-data-engineering.my_anime_list.top_airing_anime`
        WHERE DATE(date_pulled) = DATE('2025-03-06')
        
2025-03-05 15:15:30,360 - utils - INFO - Table exists
2025-03-05 15:15:34,042 - utils - INFO - Top Airing Anime updated
