2025-02-25 15:14:51,970 - utils - INFO - Getting Keys. Current Working Directory: /__w/data_engineering_learning/data_engineering_learning
2025-02-25 15:14:51,970 - utils - INFO - Google Application Credentials Set
2025-02-25 15:14:51,970 - utils - INFO - /__w/data_engineering_learning/data_engineering_learning/secrets/headers.json
2025-02-25 15:14:51,970 - utils - INFO - MAL Headers Loaded
2025-02-25 15:14:51,970 - utils - INFO - Getting Keys. Current Working Directory: /__w/data_engineering_learning/data_engineering_learning
2025-02-25 15:14:51,970 - utils - INFO - Google Application Credentials Set
2025-02-25 15:14:51,970 - utils - INFO - /__w/data_engineering_learning/data_engineering_learning/secrets/headers.json
2025-02-25 15:14:51,970 - utils - INFO - MAL Headers Loaded
2025-02-25 15:14:51,974 - utils - INFO - 
        SELECT date_pulled
        FROM `mal-data-engineering.my_anime_list.top_airing_anime`
        WHERE DATE(date_pulled) = CURRENT_DATE('Asia/Tokyo')
        
2025-02-25 15:14:53,160 - utils - INFO - Top Airing Anime not yet updated. Pulling from API
2025-02-25 15:14:56,154 - utils - INFO - Getting Keys. Current Working Directory: /__w/data_engineering_learning/data_engineering_learning
2025-02-25 15:14:56,155 - utils - INFO - Google Application Credentials Set
2025-02-25 15:14:56,155 - utils - INFO - /__w/data_engineering_learning/data_engineering_learning/secrets/headers.json
2025-02-25 15:14:56,155 - utils - INFO - MAL Headers Loaded
2025-02-25 15:14:56,164 - utils - INFO - Getting Keys. Current Working Directory: /__w/data_engineering_learning/data_engineering_learning
2025-02-25 15:14:56,164 - utils - INFO - Google Application Credentials Set
2025-02-25 15:14:56,164 - utils - INFO - /__w/data_engineering_learning/data_engineering_learning/secrets/headers.json
2025-02-25 15:14:56,164 - utils - INFO - MAL Headers Loaded
2025-02-25 15:14:56,166 - utils - INFO - 
        SELECT date_pulled
        FROM `mal-data-engineering.my_anime_list.top_airing_anime`
        WHERE DATE(date_pulled) = DATE('2025-02-26')
        
2025-02-25 15:14:57,471 - utils - INFO - Table exists
2025-02-25 15:15:01,736 - utils - INFO - Top Airing Anime updated
