2025-03-09 15:11:49,485 - utils - INFO - Getting Keys. Current Working Directory: /__w/data_engineering_learning/data_engineering_learning
2025-03-09 15:11:49,485 - utils - INFO - Google Application Credentials Set
2025-03-09 15:11:49,485 - utils - INFO - /__w/data_engineering_learning/data_engineering_learning/secrets/headers.json
2025-03-09 15:11:49,485 - utils - INFO - MAL Headers Loaded
2025-03-09 15:11:49,485 - utils - INFO - Getting Keys. Current Working Directory: /__w/data_engineering_learning/data_engineering_learning
2025-03-09 15:11:49,485 - utils - INFO - Google Application Credentials Set
2025-03-09 15:11:49,485 - utils - INFO - /__w/data_engineering_learning/data_engineering_learning/secrets/headers.json
2025-03-09 15:11:49,486 - utils - INFO - MAL Headers Loaded
2025-03-09 15:11:49,489 - utils - INFO - 
        SELECT date_pulled
        FROM `mal-data-engineering.my_anime_list.top_airing_anime`
        WHERE DATE(date_pulled) = CURRENT_DATE('Asia/Tokyo')
        
2025-03-09 15:11:50,893 - utils - INFO - Top Airing Anime not yet updated. Pulling from API
2025-03-09 15:11:53,415 - utils - INFO - Getting Keys. Current Working Directory: /__w/data_engineering_learning/data_engineering_learning
2025-03-09 15:11:53,415 - utils - INFO - Google Application Credentials Set
2025-03-09 15:11:53,415 - utils - INFO - /__w/data_engineering_learning/data_engineering_learning/secrets/headers.json
2025-03-09 15:11:53,415 - utils - INFO - MAL Headers Loaded
2025-03-09 15:11:53,424 - utils - INFO - Getting Keys. Current Working Directory: /__w/data_engineering_learning/data_engineering_learning
2025-03-09 15:11:53,424 - utils - INFO - Google Application Credentials Set
2025-03-09 15:11:53,424 - utils - INFO - /__w/data_engineering_learning/data_engineering_learning/secrets/headers.json
2025-03-09 15:11:53,424 - utils - INFO - MAL Headers Loaded
2025-03-09 15:11:53,426 - utils - INFO - 
        SELECT date_pulled
        FROM `mal-data-engineering.my_anime_list.top_airing_anime`
        WHERE DATE(date_pulled) = DATE('2025-03-10')
        
2025-03-09 15:11:54,631 - utils - INFO - Table exists
2025-03-09 15:11:59,386 - utils - INFO - Top Airing Anime updated
