2025-02-04 15:13:33,192 - utils - INFO - Getting Keys. Current Working Directory: /__w/data_engineering_learning/data_engineering_learning
2025-02-04 15:13:33,192 - utils - INFO - Google Application Credentials Set
2025-02-04 15:13:33,192 - utils - INFO - /__w/data_engineering_learning/data_engineering_learning/secrets/headers.json
2025-02-04 15:13:33,192 - utils - INFO - MAL Headers Loaded
2025-02-04 15:13:33,192 - utils - INFO - Getting Keys. Current Working Directory: /__w/data_engineering_learning/data_engineering_learning
2025-02-04 15:13:33,192 - utils - INFO - Google Application Credentials Set
2025-02-04 15:13:33,192 - utils - INFO - /__w/data_engineering_learning/data_engineering_learning/secrets/headers.json
2025-02-04 15:13:33,193 - utils - INFO - MAL Headers Loaded
2025-02-04 15:13:33,196 - utils - INFO - 
        SELECT date_pulled
        FROM `mal-data-engineering.my_anime_list.top_airing_anime`
        WHERE DATE(date_pulled) = CURRENT_DATE('Asia/Tokyo')
        
2025-02-04 15:13:34,567 - utils - INFO - Top Airing Anime not yet updated. Pulling from API
2025-02-04 15:13:37,468 - utils - INFO - Getting Keys. Current Working Directory: /__w/data_engineering_learning/data_engineering_learning
2025-02-04 15:13:37,468 - utils - INFO - Google Application Credentials Set
2025-02-04 15:13:37,468 - utils - INFO - /__w/data_engineering_learning/data_engineering_learning/secrets/headers.json
2025-02-04 15:13:37,468 - utils - INFO - MAL Headers Loaded
2025-02-04 15:13:37,478 - utils - INFO - Getting Keys. Current Working Directory: /__w/data_engineering_learning/data_engineering_learning
2025-02-04 15:13:37,479 - utils - INFO - Google Application Credentials Set
2025-02-04 15:13:37,479 - utils - INFO - /__w/data_engineering_learning/data_engineering_learning/secrets/headers.json
2025-02-04 15:13:37,479 - utils - INFO - MAL Headers Loaded
2025-02-04 15:13:37,481 - utils - INFO - 
        SELECT date_pulled
        FROM `mal-data-engineering.my_anime_list.top_airing_anime`
        WHERE DATE(date_pulled) = DATE('2025-02-05')
        
2025-02-04 15:13:38,837 - utils - INFO - Table exists
2025-02-04 15:13:42,366 - utils - INFO - Top Airing Anime updated
