2025-02-22 15:11:51,061 - utils - INFO - Getting Keys. Current Working Directory: /__w/data_engineering_learning/data_engineering_learning
2025-02-22 15:11:51,061 - utils - INFO - Google Application Credentials Set
2025-02-22 15:11:51,061 - utils - INFO - /__w/data_engineering_learning/data_engineering_learning/secrets/headers.json
2025-02-22 15:11:51,061 - utils - INFO - MAL Headers Loaded
2025-02-22 15:11:51,061 - utils - INFO - Getting Keys. Current Working Directory: /__w/data_engineering_learning/data_engineering_learning
2025-02-22 15:11:51,061 - utils - INFO - Google Application Credentials Set
2025-02-22 15:11:51,061 - utils - INFO - /__w/data_engineering_learning/data_engineering_learning/secrets/headers.json
2025-02-22 15:11:51,062 - utils - INFO - MAL Headers Loaded
2025-02-22 15:11:51,065 - utils - INFO - 
        SELECT date_pulled
        FROM `mal-data-engineering.my_anime_list.top_airing_anime`
        WHERE DATE(date_pulled) = CURRENT_DATE('Asia/Tokyo')
        
2025-02-22 15:11:52,435 - utils - INFO - Top Airing Anime not yet updated. Pulling from API
2025-02-22 15:11:54,515 - utils - INFO - Getting Keys. Current Working Directory: /__w/data_engineering_learning/data_engineering_learning
2025-02-22 15:11:54,515 - utils - INFO - Google Application Credentials Set
2025-02-22 15:11:54,515 - utils - INFO - /__w/data_engineering_learning/data_engineering_learning/secrets/headers.json
2025-02-22 15:11:54,515 - utils - INFO - MAL Headers Loaded
2025-02-22 15:11:54,524 - utils - INFO - Getting Keys. Current Working Directory: /__w/data_engineering_learning/data_engineering_learning
2025-02-22 15:11:54,524 - utils - INFO - Google Application Credentials Set
2025-02-22 15:11:54,524 - utils - INFO - /__w/data_engineering_learning/data_engineering_learning/secrets/headers.json
2025-02-22 15:11:54,525 - utils - INFO - MAL Headers Loaded
2025-02-22 15:11:54,527 - utils - INFO - 
        SELECT date_pulled
        FROM `mal-data-engineering.my_anime_list.top_airing_anime`
        WHERE DATE(date_pulled) = DATE('2025-02-23')
        
2025-02-22 15:11:55,741 - utils - INFO - Table exists
2025-02-22 15:11:59,337 - utils - INFO - Top Airing Anime updated
