2025-02-18 15:14:33,654 - utils - INFO - Getting Keys. Current Working Directory: /__w/data_engineering_learning/data_engineering_learning
2025-02-18 15:14:33,655 - utils - INFO - Google Application Credentials Set
2025-02-18 15:14:33,655 - utils - INFO - /__w/data_engineering_learning/data_engineering_learning/secrets/headers.json
2025-02-18 15:14:33,655 - utils - INFO - MAL Headers Loaded
2025-02-18 15:14:33,655 - utils - INFO - Getting Keys. Current Working Directory: /__w/data_engineering_learning/data_engineering_learning
2025-02-18 15:14:33,655 - utils - INFO - Google Application Credentials Set
2025-02-18 15:14:33,655 - utils - INFO - /__w/data_engineering_learning/data_engineering_learning/secrets/headers.json
2025-02-18 15:14:33,655 - utils - INFO - MAL Headers Loaded
2025-02-18 15:14:33,659 - utils - INFO - 
        SELECT date_pulled
        FROM `mal-data-engineering.my_anime_list.top_airing_anime`
        WHERE DATE(date_pulled) = CURRENT_DATE('Asia/Tokyo')
        
2025-02-18 15:14:35,038 - utils - INFO - Top Airing Anime not yet updated. Pulling from API
2025-02-18 15:14:37,251 - utils - INFO - Getting Keys. Current Working Directory: /__w/data_engineering_learning/data_engineering_learning
2025-02-18 15:14:37,252 - utils - INFO - Google Application Credentials Set
2025-02-18 15:14:37,252 - utils - INFO - /__w/data_engineering_learning/data_engineering_learning/secrets/headers.json
2025-02-18 15:14:37,252 - utils - INFO - MAL Headers Loaded
2025-02-18 15:14:37,261 - utils - INFO - Getting Keys. Current Working Directory: /__w/data_engineering_learning/data_engineering_learning
2025-02-18 15:14:37,261 - utils - INFO - Google Application Credentials Set
2025-02-18 15:14:37,261 - utils - INFO - /__w/data_engineering_learning/data_engineering_learning/secrets/headers.json
2025-02-18 15:14:37,261 - utils - INFO - MAL Headers Loaded
2025-02-18 15:14:37,264 - utils - INFO - 
        SELECT date_pulled
        FROM `mal-data-engineering.my_anime_list.top_airing_anime`
        WHERE DATE(date_pulled) = DATE('2025-02-19')
        
2025-02-18 15:14:38,715 - utils - INFO - Table exists
2025-02-18 15:14:43,980 - utils - INFO - Top Airing Anime updated
