2025-01-31 15:12:33,650 - utils - INFO - Getting Keys. Current Working Directory: /__w/data_engineering_learning/data_engineering_learning
2025-01-31 15:12:33,650 - utils - INFO - Google Application Credentials Set
2025-01-31 15:12:33,650 - utils - INFO - /__w/data_engineering_learning/data_engineering_learning/secrets/headers.json
2025-01-31 15:12:33,650 - utils - INFO - MAL Headers Loaded
2025-01-31 15:12:33,650 - utils - INFO - Getting Keys. Current Working Directory: /__w/data_engineering_learning/data_engineering_learning
2025-01-31 15:12:33,650 - utils - INFO - Google Application Credentials Set
2025-01-31 15:12:33,650 - utils - INFO - /__w/data_engineering_learning/data_engineering_learning/secrets/headers.json
2025-01-31 15:12:33,650 - utils - INFO - MAL Headers Loaded
2025-01-31 15:12:33,654 - utils - INFO - 
        SELECT date_pulled
        FROM `mal-data-engineering.my_anime_list.top_airing_anime`
        WHERE DATE(date_pulled) = CURRENT_DATE('Asia/Tokyo')
        
2025-01-31 15:12:34,835 - utils - INFO - Top Airing Anime not yet updated. Pulling from API
2025-01-31 15:12:37,082 - utils - INFO - Getting Keys. Current Working Directory: /__w/data_engineering_learning/data_engineering_learning
2025-01-31 15:12:37,083 - utils - INFO - Google Application Credentials Set
2025-01-31 15:12:37,083 - utils - INFO - /__w/data_engineering_learning/data_engineering_learning/secrets/headers.json
2025-01-31 15:12:37,083 - utils - INFO - MAL Headers Loaded
2025-01-31 15:12:37,091 - utils - INFO - Getting Keys. Current Working Directory: /__w/data_engineering_learning/data_engineering_learning
2025-01-31 15:12:37,091 - utils - INFO - Google Application Credentials Set
2025-01-31 15:12:37,092 - utils - INFO - /__w/data_engineering_learning/data_engineering_learning/secrets/headers.json
2025-01-31 15:12:37,092 - utils - INFO - MAL Headers Loaded
2025-01-31 15:12:37,094 - utils - INFO - 
        SELECT date_pulled
        FROM `mal-data-engineering.my_anime_list.top_airing_anime`
        WHERE DATE(date_pulled) = DATE('2025-02-01')
        
2025-01-31 15:12:38,362 - utils - INFO - Table exists
2025-01-31 15:12:43,923 - utils - INFO - Top Airing Anime updated
