2025-03-03 15:14:44,754 - utils - INFO - Getting Keys. Current Working Directory: /__w/data_engineering_learning/data_engineering_learning
2025-03-03 15:14:44,754 - utils - INFO - Google Application Credentials Set
2025-03-03 15:14:44,754 - utils - INFO - /__w/data_engineering_learning/data_engineering_learning/secrets/headers.json
2025-03-03 15:14:44,754 - utils - INFO - MAL Headers Loaded
2025-03-03 15:14:44,754 - utils - INFO - Getting Keys. Current Working Directory: /__w/data_engineering_learning/data_engineering_learning
2025-03-03 15:14:44,754 - utils - INFO - Google Application Credentials Set
2025-03-03 15:14:44,754 - utils - INFO - /__w/data_engineering_learning/data_engineering_learning/secrets/headers.json
2025-03-03 15:14:44,754 - utils - INFO - MAL Headers Loaded
2025-03-03 15:14:44,758 - utils - INFO - 
        SELECT date_pulled
        FROM `mal-data-engineering.my_anime_list.top_airing_anime`
        WHERE DATE(date_pulled) = CURRENT_DATE('Asia/Tokyo')
        
2025-03-03 15:14:46,118 - utils - INFO - Top Airing Anime not yet updated. Pulling from API
2025-03-03 15:14:48,460 - utils - INFO - Getting Keys. Current Working Directory: /__w/data_engineering_learning/data_engineering_learning
2025-03-03 15:14:48,460 - utils - INFO - Google Application Credentials Set
2025-03-03 15:14:48,460 - utils - INFO - /__w/data_engineering_learning/data_engineering_learning/secrets/headers.json
2025-03-03 15:14:48,460 - utils - INFO - MAL Headers Loaded
2025-03-03 15:14:48,469 - utils - INFO - Getting Keys. Current Working Directory: /__w/data_engineering_learning/data_engineering_learning
2025-03-03 15:14:48,469 - utils - INFO - Google Application Credentials Set
2025-03-03 15:14:48,470 - utils - INFO - /__w/data_engineering_learning/data_engineering_learning/secrets/headers.json
2025-03-03 15:14:48,470 - utils - INFO - MAL Headers Loaded
2025-03-03 15:14:48,472 - utils - INFO - 
        SELECT date_pulled
        FROM `mal-data-engineering.my_anime_list.top_airing_anime`
        WHERE DATE(date_pulled) = DATE('2025-03-04')
        
2025-03-03 15:14:49,856 - utils - INFO - Table exists
2025-03-03 15:14:53,648 - utils - INFO - Top Airing Anime updated
