2025-01-17 15:13:03,105 - utils - INFO - Getting Keys. Current Working Directory: /__w/data_engineering_learning/data_engineering_learning
2025-01-17 15:13:03,105 - utils - INFO - Google Application Credentials Set
2025-01-17 15:13:03,105 - utils - INFO - /__w/data_engineering_learning/data_engineering_learning/secrets/headers.json
2025-01-17 15:13:03,105 - utils - INFO - MAL Headers Loaded
2025-01-17 15:13:03,105 - utils - INFO - Getting Keys. Current Working Directory: /__w/data_engineering_learning/data_engineering_learning
2025-01-17 15:13:03,105 - utils - INFO - Google Application Credentials Set
2025-01-17 15:13:03,105 - utils - INFO - /__w/data_engineering_learning/data_engineering_learning/secrets/headers.json
2025-01-17 15:13:03,105 - utils - INFO - MAL Headers Loaded
2025-01-17 15:13:03,109 - utils - INFO - 
        SELECT date_pulled
        FROM `mal-data-engineering.my_anime_list.top_airing_anime`
        WHERE DATE(date_pulled) = CURRENT_DATE('Asia/Tokyo')
        
2025-01-17 15:13:04,535 - utils - INFO - Top Airing Anime not yet updated. Pulling from API
2025-01-17 15:13:06,906 - utils - INFO - Getting Keys. Current Working Directory: /__w/data_engineering_learning/data_engineering_learning
2025-01-17 15:13:06,906 - utils - INFO - Google Application Credentials Set
2025-01-17 15:13:06,906 - utils - INFO - /__w/data_engineering_learning/data_engineering_learning/secrets/headers.json
2025-01-17 15:13:06,906 - utils - INFO - MAL Headers Loaded
2025-01-17 15:13:06,915 - utils - INFO - Getting Keys. Current Working Directory: /__w/data_engineering_learning/data_engineering_learning
2025-01-17 15:13:06,916 - utils - INFO - Google Application Credentials Set
2025-01-17 15:13:06,916 - utils - INFO - /__w/data_engineering_learning/data_engineering_learning/secrets/headers.json
2025-01-17 15:13:06,916 - utils - INFO - MAL Headers Loaded
2025-01-17 15:13:06,918 - utils - INFO - 
        SELECT date_pulled
        FROM `mal-data-engineering.my_anime_list.top_airing_anime`
        WHERE DATE(date_pulled) = DATE('2025-01-18')
        
2025-01-17 15:13:08,320 - utils - INFO - Table exists
2025-01-17 15:13:11,201 - utils - INFO - Top Airing Anime updated
