2025-01-11 15:12:02,333 - utils - INFO - Getting Keys. Current Working Directory: /__w/data_engineering_learning/data_engineering_learning
2025-01-11 15:12:02,333 - utils - INFO - Google Application Credentials Set
2025-01-11 15:12:02,333 - utils - INFO - /__w/data_engineering_learning/data_engineering_learning/secrets/headers.json
2025-01-11 15:12:02,334 - utils - INFO - MAL Headers Loaded
2025-01-11 15:12:02,334 - utils - INFO - Getting Keys. Current Working Directory: /__w/data_engineering_learning/data_engineering_learning
2025-01-11 15:12:02,334 - utils - INFO - Google Application Credentials Set
2025-01-11 15:12:02,334 - utils - INFO - /__w/data_engineering_learning/data_engineering_learning/secrets/headers.json
2025-01-11 15:12:02,334 - utils - INFO - MAL Headers Loaded
2025-01-11 15:12:02,337 - utils - INFO - 
        SELECT date_pulled
        FROM `mal-data-engineering.my_anime_list.top_airing_anime`
        WHERE DATE(date_pulled) = CURRENT_DATE('Asia/Tokyo')
        
2025-01-11 15:12:03,609 - utils - INFO - Top Airing Anime not yet updated. Pulling from API
2025-01-11 15:12:05,772 - utils - INFO - Getting Keys. Current Working Directory: /__w/data_engineering_learning/data_engineering_learning
2025-01-11 15:12:05,772 - utils - INFO - Google Application Credentials Set
2025-01-11 15:12:05,772 - utils - INFO - /__w/data_engineering_learning/data_engineering_learning/secrets/headers.json
2025-01-11 15:12:05,772 - utils - INFO - MAL Headers Loaded
2025-01-11 15:12:05,781 - utils - INFO - Getting Keys. Current Working Directory: /__w/data_engineering_learning/data_engineering_learning
2025-01-11 15:12:05,781 - utils - INFO - Google Application Credentials Set
2025-01-11 15:12:05,781 - utils - INFO - /__w/data_engineering_learning/data_engineering_learning/secrets/headers.json
2025-01-11 15:12:05,781 - utils - INFO - MAL Headers Loaded
2025-01-11 15:12:05,784 - utils - INFO - 
        SELECT date_pulled
        FROM `mal-data-engineering.my_anime_list.top_airing_anime`
        WHERE DATE(date_pulled) = DATE('2025-01-12')
        
2025-01-11 15:12:06,944 - utils - INFO - Table exists
2025-01-11 15:12:11,274 - utils - INFO - Top Airing Anime updated
