2025-02-26 15:15:05,217 - utils - INFO - Getting Keys. Current Working Directory: /__w/data_engineering_learning/data_engineering_learning
2025-02-26 15:15:05,217 - utils - INFO - Google Application Credentials Set
2025-02-26 15:15:05,217 - utils - INFO - /__w/data_engineering_learning/data_engineering_learning/secrets/headers.json
2025-02-26 15:15:05,217 - utils - INFO - MAL Headers Loaded
2025-02-26 15:15:05,217 - utils - INFO - Getting Keys. Current Working Directory: /__w/data_engineering_learning/data_engineering_learning
2025-02-26 15:15:05,217 - utils - INFO - Google Application Credentials Set
2025-02-26 15:15:05,217 - utils - INFO - /__w/data_engineering_learning/data_engineering_learning/secrets/headers.json
2025-02-26 15:15:05,218 - utils - INFO - MAL Headers Loaded
2025-02-26 15:15:05,221 - utils - INFO - 
        SELECT date_pulled
        FROM `mal-data-engineering.my_anime_list.top_airing_anime`
        WHERE DATE(date_pulled) = CURRENT_DATE('Asia/Tokyo')
        
2025-02-26 15:15:06,773 - utils - INFO - Top Airing Anime not yet updated. Pulling from API
2025-02-26 15:15:09,308 - utils - INFO - Getting Keys. Current Working Directory: /__w/data_engineering_learning/data_engineering_learning
2025-02-26 15:15:09,308 - utils - INFO - Google Application Credentials Set
2025-02-26 15:15:09,308 - utils - INFO - /__w/data_engineering_learning/data_engineering_learning/secrets/headers.json
2025-02-26 15:15:09,309 - utils - INFO - MAL Headers Loaded
2025-02-26 15:15:09,317 - utils - INFO - Getting Keys. Current Working Directory: /__w/data_engineering_learning/data_engineering_learning
2025-02-26 15:15:09,317 - utils - INFO - Google Application Credentials Set
2025-02-26 15:15:09,317 - utils - INFO - /__w/data_engineering_learning/data_engineering_learning/secrets/headers.json
2025-02-26 15:15:09,318 - utils - INFO - MAL Headers Loaded
2025-02-26 15:15:09,320 - utils - INFO - 
        SELECT date_pulled
        FROM `mal-data-engineering.my_anime_list.top_airing_anime`
        WHERE DATE(date_pulled) = DATE('2025-02-27')
        
2025-02-26 15:15:10,676 - utils - INFO - Table exists
2025-02-26 15:15:14,161 - utils - INFO - Top Airing Anime updated
