2025-03-13 15:16:02,896 - utils - INFO - Getting Keys. Current Working Directory: /__w/data_engineering_learning/data_engineering_learning
2025-03-13 15:16:02,896 - utils - INFO - Google Application Credentials Set
2025-03-13 15:16:02,896 - utils - INFO - /__w/data_engineering_learning/data_engineering_learning/secrets/headers.json
2025-03-13 15:16:02,897 - utils - INFO - MAL Headers Loaded
2025-03-13 15:16:02,897 - utils - INFO - Getting Keys. Current Working Directory: /__w/data_engineering_learning/data_engineering_learning
2025-03-13 15:16:02,897 - utils - INFO - Google Application Credentials Set
2025-03-13 15:16:02,897 - utils - INFO - /__w/data_engineering_learning/data_engineering_learning/secrets/headers.json
2025-03-13 15:16:02,897 - utils - INFO - MAL Headers Loaded
2025-03-13 15:16:02,900 - utils - INFO - 
        SELECT date_pulled
        FROM `mal-data-engineering.my_anime_list.top_airing_anime`
        WHERE DATE(date_pulled) = CURRENT_DATE('Asia/Tokyo')
        
2025-03-13 15:16:04,326 - utils - INFO - Top Airing Anime not yet updated. Pulling from API
2025-03-13 15:16:07,680 - utils - INFO - Getting Keys. Current Working Directory: /__w/data_engineering_learning/data_engineering_learning
2025-03-13 15:16:07,680 - utils - INFO - Google Application Credentials Set
2025-03-13 15:16:07,680 - utils - INFO - /__w/data_engineering_learning/data_engineering_learning/secrets/headers.json
2025-03-13 15:16:07,681 - utils - INFO - MAL Headers Loaded
2025-03-13 15:16:07,689 - utils - INFO - Getting Keys. Current Working Directory: /__w/data_engineering_learning/data_engineering_learning
2025-03-13 15:16:07,689 - utils - INFO - Google Application Credentials Set
2025-03-13 15:16:07,690 - utils - INFO - /__w/data_engineering_learning/data_engineering_learning/secrets/headers.json
2025-03-13 15:16:07,690 - utils - INFO - MAL Headers Loaded
2025-03-13 15:16:07,692 - utils - INFO - 
        SELECT date_pulled
        FROM `mal-data-engineering.my_anime_list.top_airing_anime`
        WHERE DATE(date_pulled) = DATE('2025-03-14')
        
2025-03-13 15:16:09,242 - utils - INFO - Table exists
2025-03-13 15:16:12,678 - utils - INFO - Top Airing Anime updated
