2025-01-03 15:13:34,261 - utils - INFO - Getting Keys. Current Working Directory: /__w/data_engineering_learning/data_engineering_learning
2025-01-03 15:13:34,261 - utils - INFO - Google Application Credentials Set
2025-01-03 15:13:34,261 - utils - INFO - /__w/data_engineering_learning/data_engineering_learning/secrets/headers.json
2025-01-03 15:13:34,261 - utils - INFO - MAL Headers Loaded
2025-01-03 15:13:34,261 - utils - INFO - Getting Keys. Current Working Directory: /__w/data_engineering_learning/data_engineering_learning
2025-01-03 15:13:34,261 - utils - INFO - Google Application Credentials Set
2025-01-03 15:13:34,261 - utils - INFO - /__w/data_engineering_learning/data_engineering_learning/secrets/headers.json
2025-01-03 15:13:34,261 - utils - INFO - MAL Headers Loaded
2025-01-03 15:13:34,264 - utils - INFO - 
        SELECT date_pulled
        FROM `mal-data-engineering.my_anime_list.top_airing_anime`
        WHERE DATE(date_pulled) = CURRENT_DATE('Asia/Tokyo')
        
2025-01-03 15:13:35,797 - utils - INFO - Top Airing Anime not yet updated. Pulling from API
2025-01-03 15:13:38,148 - utils - INFO - Getting Keys. Current Working Directory: /__w/data_engineering_learning/data_engineering_learning
2025-01-03 15:13:38,148 - utils - INFO - Google Application Credentials Set
2025-01-03 15:13:38,148 - utils - INFO - /__w/data_engineering_learning/data_engineering_learning/secrets/headers.json
2025-01-03 15:13:38,148 - utils - INFO - MAL Headers Loaded
2025-01-03 15:13:38,157 - utils - INFO - Getting Keys. Current Working Directory: /__w/data_engineering_learning/data_engineering_learning
2025-01-03 15:13:38,157 - utils - INFO - Google Application Credentials Set
2025-01-03 15:13:38,157 - utils - INFO - /__w/data_engineering_learning/data_engineering_learning/secrets/headers.json
2025-01-03 15:13:38,157 - utils - INFO - MAL Headers Loaded
2025-01-03 15:13:38,159 - utils - INFO - 
        SELECT date_pulled
        FROM `mal-data-engineering.my_anime_list.top_airing_anime`
        WHERE DATE(date_pulled) = DATE('2025-01-04')
        
2025-01-03 15:13:39,637 - utils - INFO - Table exists
2025-01-03 15:13:43,513 - utils - INFO - Top Airing Anime updated
