2025-03-01 15:12:21,028 - utils - INFO - Getting Keys. Current Working Directory: /__w/data_engineering_learning/data_engineering_learning
2025-03-01 15:12:21,028 - utils - INFO - Google Application Credentials Set
2025-03-01 15:12:21,028 - utils - INFO - /__w/data_engineering_learning/data_engineering_learning/secrets/headers.json
2025-03-01 15:12:21,028 - utils - INFO - MAL Headers Loaded
2025-03-01 15:12:21,028 - utils - INFO - Getting Keys. Current Working Directory: /__w/data_engineering_learning/data_engineering_learning
2025-03-01 15:12:21,028 - utils - INFO - Google Application Credentials Set
2025-03-01 15:12:21,028 - utils - INFO - /__w/data_engineering_learning/data_engineering_learning/secrets/headers.json
2025-03-01 15:12:21,028 - utils - INFO - MAL Headers Loaded
2025-03-01 15:12:21,031 - utils - INFO - 
        SELECT date_pulled
        FROM `mal-data-engineering.my_anime_list.top_airing_anime`
        WHERE DATE(date_pulled) = CURRENT_DATE('Asia/Tokyo')
        
2025-03-01 15:12:22,606 - utils - INFO - Top Airing Anime not yet updated. Pulling from API
2025-03-01 15:12:25,056 - utils - INFO - Getting Keys. Current Working Directory: /__w/data_engineering_learning/data_engineering_learning
2025-03-01 15:12:25,056 - utils - INFO - Google Application Credentials Set
2025-03-01 15:12:25,056 - utils - INFO - /__w/data_engineering_learning/data_engineering_learning/secrets/headers.json
2025-03-01 15:12:25,056 - utils - INFO - MAL Headers Loaded
2025-03-01 15:12:25,065 - utils - INFO - Getting Keys. Current Working Directory: /__w/data_engineering_learning/data_engineering_learning
2025-03-01 15:12:25,065 - utils - INFO - Google Application Credentials Set
2025-03-01 15:12:25,065 - utils - INFO - /__w/data_engineering_learning/data_engineering_learning/secrets/headers.json
2025-03-01 15:12:25,065 - utils - INFO - MAL Headers Loaded
2025-03-01 15:12:25,068 - utils - INFO - 
        SELECT date_pulled
        FROM `mal-data-engineering.my_anime_list.top_airing_anime`
        WHERE DATE(date_pulled) = DATE('2025-03-02')
        
2025-03-01 15:12:26,593 - utils - INFO - Table exists
2025-03-01 15:12:29,798 - utils - INFO - Top Airing Anime updated
