2025-01-13 15:14:40,804 - utils - INFO - Getting Keys. Current Working Directory: /__w/data_engineering_learning/data_engineering_learning
2025-01-13 15:14:40,804 - utils - INFO - Google Application Credentials Set
2025-01-13 15:14:40,804 - utils - INFO - /__w/data_engineering_learning/data_engineering_learning/secrets/headers.json
2025-01-13 15:14:40,805 - utils - INFO - MAL Headers Loaded
2025-01-13 15:14:40,805 - utils - INFO - Getting Keys. Current Working Directory: /__w/data_engineering_learning/data_engineering_learning
2025-01-13 15:14:40,805 - utils - INFO - Google Application Credentials Set
2025-01-13 15:14:40,805 - utils - INFO - /__w/data_engineering_learning/data_engineering_learning/secrets/headers.json
2025-01-13 15:14:40,805 - utils - INFO - MAL Headers Loaded
2025-01-13 15:14:40,808 - utils - INFO - 
        SELECT date_pulled
        FROM `mal-data-engineering.my_anime_list.top_airing_anime`
        WHERE DATE(date_pulled) = CURRENT_DATE('Asia/Tokyo')
        
2025-01-13 15:14:42,054 - utils - INFO - Top Airing Anime not yet updated. Pulling from API
2025-01-13 15:14:44,266 - utils - INFO - Getting Keys. Current Working Directory: /__w/data_engineering_learning/data_engineering_learning
2025-01-13 15:14:44,266 - utils - INFO - Google Application Credentials Set
2025-01-13 15:14:44,266 - utils - INFO - /__w/data_engineering_learning/data_engineering_learning/secrets/headers.json
2025-01-13 15:14:44,266 - utils - INFO - MAL Headers Loaded
2025-01-13 15:14:44,276 - utils - INFO - Getting Keys. Current Working Directory: /__w/data_engineering_learning/data_engineering_learning
2025-01-13 15:14:44,276 - utils - INFO - Google Application Credentials Set
2025-01-13 15:14:44,276 - utils - INFO - /__w/data_engineering_learning/data_engineering_learning/secrets/headers.json
2025-01-13 15:14:44,276 - utils - INFO - MAL Headers Loaded
2025-01-13 15:14:44,278 - utils - INFO - 
        SELECT date_pulled
        FROM `mal-data-engineering.my_anime_list.top_airing_anime`
        WHERE DATE(date_pulled) = DATE('2025-01-14')
        
2025-01-13 15:14:45,622 - utils - INFO - Table exists
2025-01-13 15:14:49,008 - utils - INFO - Top Airing Anime updated
