2025-03-04 15:14:51,557 - utils - INFO - Getting Keys. Current Working Directory: /__w/data_engineering_learning/data_engineering_learning
2025-03-04 15:14:51,557 - utils - INFO - Google Application Credentials Set
2025-03-04 15:14:51,557 - utils - INFO - /__w/data_engineering_learning/data_engineering_learning/secrets/headers.json
2025-03-04 15:14:51,557 - utils - INFO - MAL Headers Loaded
2025-03-04 15:14:51,557 - utils - INFO - Getting Keys. Current Working Directory: /__w/data_engineering_learning/data_engineering_learning
2025-03-04 15:14:51,557 - utils - INFO - Google Application Credentials Set
2025-03-04 15:14:51,557 - utils - INFO - /__w/data_engineering_learning/data_engineering_learning/secrets/headers.json
2025-03-04 15:14:51,557 - utils - INFO - MAL Headers Loaded
2025-03-04 15:14:51,561 - utils - INFO - 
        SELECT date_pulled
        FROM `mal-data-engineering.my_anime_list.top_airing_anime`
        WHERE DATE(date_pulled) = CURRENT_DATE('Asia/Tokyo')
        
2025-03-04 15:14:53,054 - utils - INFO - Top Airing Anime not yet updated. Pulling from API
2025-03-04 15:14:55,414 - utils - INFO - Getting Keys. Current Working Directory: /__w/data_engineering_learning/data_engineering_learning
2025-03-04 15:14:55,414 - utils - INFO - Google Application Credentials Set
2025-03-04 15:14:55,414 - utils - INFO - /__w/data_engineering_learning/data_engineering_learning/secrets/headers.json
2025-03-04 15:14:55,414 - utils - INFO - MAL Headers Loaded
2025-03-04 15:14:55,423 - utils - INFO - Getting Keys. Current Working Directory: /__w/data_engineering_learning/data_engineering_learning
2025-03-04 15:14:55,423 - utils - INFO - Google Application Credentials Set
2025-03-04 15:14:55,423 - utils - INFO - /__w/data_engineering_learning/data_engineering_learning/secrets/headers.json
2025-03-04 15:14:55,423 - utils - INFO - MAL Headers Loaded
2025-03-04 15:14:55,425 - utils - INFO - 
        SELECT date_pulled
        FROM `mal-data-engineering.my_anime_list.top_airing_anime`
        WHERE DATE(date_pulled) = DATE('2025-03-05')
        
2025-03-04 15:14:56,779 - utils - INFO - Table exists
2025-03-04 15:15:00,845 - utils - INFO - Top Airing Anime updated
