2025-02-08 15:11:37,145 - utils - INFO - Getting Keys. Current Working Directory: /__w/data_engineering_learning/data_engineering_learning
2025-02-08 15:11:37,145 - utils - INFO - Google Application Credentials Set
2025-02-08 15:11:37,145 - utils - INFO - /__w/data_engineering_learning/data_engineering_learning/secrets/headers.json
2025-02-08 15:11:37,145 - utils - INFO - MAL Headers Loaded
2025-02-08 15:11:37,145 - utils - INFO - Getting Keys. Current Working Directory: /__w/data_engineering_learning/data_engineering_learning
2025-02-08 15:11:37,145 - utils - INFO - Google Application Credentials Set
2025-02-08 15:11:37,145 - utils - INFO - /__w/data_engineering_learning/data_engineering_learning/secrets/headers.json
2025-02-08 15:11:37,145 - utils - INFO - MAL Headers Loaded
2025-02-08 15:11:37,149 - utils - INFO - 
        SELECT date_pulled
        FROM `mal-data-engineering.my_anime_list.top_airing_anime`
        WHERE DATE(date_pulled) = CURRENT_DATE('Asia/Tokyo')
        
2025-02-08 15:11:38,471 - utils - INFO - Top Airing Anime not yet updated. Pulling from API
2025-02-08 15:11:40,791 - utils - INFO - Getting Keys. Current Working Directory: /__w/data_engineering_learning/data_engineering_learning
2025-02-08 15:11:40,791 - utils - INFO - Google Application Credentials Set
2025-02-08 15:11:40,791 - utils - INFO - /__w/data_engineering_learning/data_engineering_learning/secrets/headers.json
2025-02-08 15:11:40,792 - utils - INFO - MAL Headers Loaded
2025-02-08 15:11:40,800 - utils - INFO - Getting Keys. Current Working Directory: /__w/data_engineering_learning/data_engineering_learning
2025-02-08 15:11:40,800 - utils - INFO - Google Application Credentials Set
2025-02-08 15:11:40,800 - utils - INFO - /__w/data_engineering_learning/data_engineering_learning/secrets/headers.json
2025-02-08 15:11:40,800 - utils - INFO - MAL Headers Loaded
2025-02-08 15:11:40,803 - utils - INFO - 
        SELECT date_pulled
        FROM `mal-data-engineering.my_anime_list.top_airing_anime`
        WHERE DATE(date_pulled) = DATE('2025-02-09')
        
2025-02-08 15:11:41,979 - utils - INFO - Table exists
2025-02-08 15:11:46,604 - utils - INFO - Top Airing Anime updated
