2025-01-29 15:13:25,940 - utils - INFO - Getting Keys. Current Working Directory: /__w/data_engineering_learning/data_engineering_learning
2025-01-29 15:13:25,940 - utils - INFO - Google Application Credentials Set
2025-01-29 15:13:25,940 - utils - INFO - /__w/data_engineering_learning/data_engineering_learning/secrets/headers.json
2025-01-29 15:13:25,940 - utils - INFO - MAL Headers Loaded
2025-01-29 15:13:25,940 - utils - INFO - Getting Keys. Current Working Directory: /__w/data_engineering_learning/data_engineering_learning
2025-01-29 15:13:25,940 - utils - INFO - Google Application Credentials Set
2025-01-29 15:13:25,940 - utils - INFO - /__w/data_engineering_learning/data_engineering_learning/secrets/headers.json
2025-01-29 15:13:25,941 - utils - INFO - MAL Headers Loaded
2025-01-29 15:13:25,945 - utils - INFO - 
        SELECT date_pulled
        FROM `mal-data-engineering.my_anime_list.top_airing_anime`
        WHERE DATE(date_pulled) = CURRENT_DATE('Asia/Tokyo')
        
2025-01-29 15:13:27,622 - utils - INFO - Top Airing Anime not yet updated. Pulling from API
2025-01-29 15:13:29,911 - utils - INFO - Getting Keys. Current Working Directory: /__w/data_engineering_learning/data_engineering_learning
2025-01-29 15:13:29,911 - utils - INFO - Google Application Credentials Set
2025-01-29 15:13:29,911 - utils - INFO - /__w/data_engineering_learning/data_engineering_learning/secrets/headers.json
2025-01-29 15:13:29,911 - utils - INFO - MAL Headers Loaded
2025-01-29 15:13:29,921 - utils - INFO - Getting Keys. Current Working Directory: /__w/data_engineering_learning/data_engineering_learning
2025-01-29 15:13:29,921 - utils - INFO - Google Application Credentials Set
2025-01-29 15:13:29,921 - utils - INFO - /__w/data_engineering_learning/data_engineering_learning/secrets/headers.json
2025-01-29 15:13:29,921 - utils - INFO - MAL Headers Loaded
2025-01-29 15:13:29,923 - utils - INFO - 
        SELECT date_pulled
        FROM `mal-data-engineering.my_anime_list.top_airing_anime`
        WHERE DATE(date_pulled) = DATE('2025-01-30')
        
2025-01-29 15:13:31,164 - utils - INFO - Table exists
2025-01-29 15:13:34,202 - utils - INFO - Top Airing Anime updated
