2025-02-11 15:14:44,146 - utils - INFO - Getting Keys. Current Working Directory: /__w/data_engineering_learning/data_engineering_learning
2025-02-11 15:14:44,146 - utils - INFO - Google Application Credentials Set
2025-02-11 15:14:44,146 - utils - INFO - /__w/data_engineering_learning/data_engineering_learning/secrets/headers.json
2025-02-11 15:14:44,146 - utils - INFO - MAL Headers Loaded
2025-02-11 15:14:44,146 - utils - INFO - Getting Keys. Current Working Directory: /__w/data_engineering_learning/data_engineering_learning
2025-02-11 15:14:44,147 - utils - INFO - Google Application Credentials Set
2025-02-11 15:14:44,147 - utils - INFO - /__w/data_engineering_learning/data_engineering_learning/secrets/headers.json
2025-02-11 15:14:44,147 - utils - INFO - MAL Headers Loaded
2025-02-11 15:14:44,150 - utils - INFO - 
        SELECT date_pulled
        FROM `mal-data-engineering.my_anime_list.top_airing_anime`
        WHERE DATE(date_pulled) = CURRENT_DATE('Asia/Tokyo')
        
2025-02-11 15:14:45,538 - utils - INFO - Top Airing Anime not yet updated. Pulling from API
2025-02-11 15:14:47,645 - utils - INFO - Getting Keys. Current Working Directory: /__w/data_engineering_learning/data_engineering_learning
2025-02-11 15:14:47,645 - utils - INFO - Google Application Credentials Set
2025-02-11 15:14:47,646 - utils - INFO - /__w/data_engineering_learning/data_engineering_learning/secrets/headers.json
2025-02-11 15:14:47,646 - utils - INFO - MAL Headers Loaded
2025-02-11 15:14:47,655 - utils - INFO - Getting Keys. Current Working Directory: /__w/data_engineering_learning/data_engineering_learning
2025-02-11 15:14:47,655 - utils - INFO - Google Application Credentials Set
2025-02-11 15:14:47,655 - utils - INFO - /__w/data_engineering_learning/data_engineering_learning/secrets/headers.json
2025-02-11 15:14:47,655 - utils - INFO - MAL Headers Loaded
2025-02-11 15:14:47,657 - utils - INFO - 
        SELECT date_pulled
        FROM `mal-data-engineering.my_anime_list.top_airing_anime`
        WHERE DATE(date_pulled) = DATE('2025-02-12')
        
2025-02-11 15:14:48,905 - utils - INFO - Table exists
2025-02-11 15:14:51,860 - utils - INFO - Top Airing Anime updated
