2025-01-28 15:13:52,511 - utils - INFO - Getting Keys. Current Working Directory: /__w/data_engineering_learning/data_engineering_learning
2025-01-28 15:13:52,511 - utils - INFO - Google Application Credentials Set
2025-01-28 15:13:52,511 - utils - INFO - /__w/data_engineering_learning/data_engineering_learning/secrets/headers.json
2025-01-28 15:13:52,511 - utils - INFO - MAL Headers Loaded
2025-01-28 15:13:52,512 - utils - INFO - Getting Keys. Current Working Directory: /__w/data_engineering_learning/data_engineering_learning
2025-01-28 15:13:52,512 - utils - INFO - Google Application Credentials Set
2025-01-28 15:13:52,512 - utils - INFO - /__w/data_engineering_learning/data_engineering_learning/secrets/headers.json
2025-01-28 15:13:52,512 - utils - INFO - MAL Headers Loaded
2025-01-28 15:13:52,515 - utils - INFO - 
        SELECT date_pulled
        FROM `mal-data-engineering.my_anime_list.top_airing_anime`
        WHERE DATE(date_pulled) = CURRENT_DATE('Asia/Tokyo')
        
2025-01-28 15:13:54,034 - utils - INFO - Top Airing Anime not yet updated. Pulling from API
2025-01-28 15:13:56,210 - utils - INFO - Getting Keys. Current Working Directory: /__w/data_engineering_learning/data_engineering_learning
2025-01-28 15:13:56,210 - utils - INFO - Google Application Credentials Set
2025-01-28 15:13:56,210 - utils - INFO - /__w/data_engineering_learning/data_engineering_learning/secrets/headers.json
2025-01-28 15:13:56,210 - utils - INFO - MAL Headers Loaded
2025-01-28 15:13:56,219 - utils - INFO - Getting Keys. Current Working Directory: /__w/data_engineering_learning/data_engineering_learning
2025-01-28 15:13:56,219 - utils - INFO - Google Application Credentials Set
2025-01-28 15:13:56,219 - utils - INFO - /__w/data_engineering_learning/data_engineering_learning/secrets/headers.json
2025-01-28 15:13:56,219 - utils - INFO - MAL Headers Loaded
2025-01-28 15:13:56,222 - utils - INFO - 
        SELECT date_pulled
        FROM `mal-data-engineering.my_anime_list.top_airing_anime`
        WHERE DATE(date_pulled) = DATE('2025-01-29')
        
2025-01-28 15:13:57,608 - utils - INFO - Table exists
2025-01-28 15:14:02,648 - utils - INFO - Top Airing Anime updated
