2025-03-06 15:14:35,451 - utils - INFO - Getting Keys. Current Working Directory: /__w/data_engineering_learning/data_engineering_learning
2025-03-06 15:14:35,451 - utils - INFO - Google Application Credentials Set
2025-03-06 15:14:35,451 - utils - INFO - /__w/data_engineering_learning/data_engineering_learning/secrets/headers.json
2025-03-06 15:14:35,451 - utils - INFO - MAL Headers Loaded
2025-03-06 15:14:35,451 - utils - INFO - Getting Keys. Current Working Directory: /__w/data_engineering_learning/data_engineering_learning
2025-03-06 15:14:35,451 - utils - INFO - Google Application Credentials Set
2025-03-06 15:14:35,451 - utils - INFO - /__w/data_engineering_learning/data_engineering_learning/secrets/headers.json
2025-03-06 15:14:35,451 - utils - INFO - MAL Headers Loaded
2025-03-06 15:14:35,455 - utils - INFO - 
        SELECT date_pulled
        FROM `mal-data-engineering.my_anime_list.top_airing_anime`
        WHERE DATE(date_pulled) = CURRENT_DATE('Asia/Tokyo')
        
2025-03-06 15:14:36,695 - utils - INFO - Top Airing Anime not yet updated. Pulling from API
2025-03-06 15:14:39,292 - utils - INFO - Getting Keys. Current Working Directory: /__w/data_engineering_learning/data_engineering_learning
2025-03-06 15:14:39,292 - utils - INFO - Google Application Credentials Set
2025-03-06 15:14:39,292 - utils - INFO - /__w/data_engineering_learning/data_engineering_learning/secrets/headers.json
2025-03-06 15:14:39,292 - utils - INFO - MAL Headers Loaded
2025-03-06 15:14:39,301 - utils - INFO - Getting Keys. Current Working Directory: /__w/data_engineering_learning/data_engineering_learning
2025-03-06 15:14:39,302 - utils - INFO - Google Application Credentials Set
2025-03-06 15:14:39,302 - utils - INFO - /__w/data_engineering_learning/data_engineering_learning/secrets/headers.json
2025-03-06 15:14:39,302 - utils - INFO - MAL Headers Loaded
2025-03-06 15:14:39,304 - utils - INFO - 
        SELECT date_pulled
        FROM `mal-data-engineering.my_anime_list.top_airing_anime`
        WHERE DATE(date_pulled) = DATE('2025-03-07')
        
2025-03-06 15:14:40,913 - utils - INFO - Table exists
2025-03-06 15:14:43,869 - utils - INFO - Top Airing Anime updated
