2025-03-12 15:15:16,271 - utils - INFO - Getting Keys. Current Working Directory: /__w/data_engineering_learning/data_engineering_learning
2025-03-12 15:15:16,271 - utils - INFO - Google Application Credentials Set
2025-03-12 15:15:16,271 - utils - INFO - /__w/data_engineering_learning/data_engineering_learning/secrets/headers.json
2025-03-12 15:15:16,271 - utils - INFO - MAL Headers Loaded
2025-03-12 15:15:16,271 - utils - INFO - Getting Keys. Current Working Directory: /__w/data_engineering_learning/data_engineering_learning
2025-03-12 15:15:16,271 - utils - INFO - Google Application Credentials Set
2025-03-12 15:15:16,271 - utils - INFO - /__w/data_engineering_learning/data_engineering_learning/secrets/headers.json
2025-03-12 15:15:16,271 - utils - INFO - MAL Headers Loaded
2025-03-12 15:15:16,275 - utils - INFO - 
        SELECT date_pulled
        FROM `mal-data-engineering.my_anime_list.top_airing_anime`
        WHERE DATE(date_pulled) = CURRENT_DATE('Asia/Tokyo')
        
2025-03-12 15:15:17,607 - utils - INFO - Top Airing Anime not yet updated. Pulling from API
2025-03-12 15:15:20,306 - utils - INFO - Getting Keys. Current Working Directory: /__w/data_engineering_learning/data_engineering_learning
2025-03-12 15:15:20,306 - utils - INFO - Google Application Credentials Set
2025-03-12 15:15:20,306 - utils - INFO - /__w/data_engineering_learning/data_engineering_learning/secrets/headers.json
2025-03-12 15:15:20,306 - utils - INFO - MAL Headers Loaded
2025-03-12 15:15:20,315 - utils - INFO - Getting Keys. Current Working Directory: /__w/data_engineering_learning/data_engineering_learning
2025-03-12 15:15:20,315 - utils - INFO - Google Application Credentials Set
2025-03-12 15:15:20,315 - utils - INFO - /__w/data_engineering_learning/data_engineering_learning/secrets/headers.json
2025-03-12 15:15:20,315 - utils - INFO - MAL Headers Loaded
2025-03-12 15:15:20,317 - utils - INFO - 
        SELECT date_pulled
        FROM `mal-data-engineering.my_anime_list.top_airing_anime`
        WHERE DATE(date_pulled) = DATE('2025-03-13')
        
2025-03-12 15:15:21,640 - utils - INFO - Table exists
2025-03-12 15:15:27,243 - utils - INFO - Top Airing Anime updated
