2025-01-12 15:11:53,731 - utils - INFO - Getting Keys. Current Working Directory: /__w/data_engineering_learning/data_engineering_learning
2025-01-12 15:11:53,731 - utils - INFO - Google Application Credentials Set
2025-01-12 15:11:53,731 - utils - INFO - /__w/data_engineering_learning/data_engineering_learning/secrets/headers.json
2025-01-12 15:11:53,731 - utils - INFO - MAL Headers Loaded
2025-01-12 15:11:53,731 - utils - INFO - Getting Keys. Current Working Directory: /__w/data_engineering_learning/data_engineering_learning
2025-01-12 15:11:53,731 - utils - INFO - Google Application Credentials Set
2025-01-12 15:11:53,731 - utils - INFO - /__w/data_engineering_learning/data_engineering_learning/secrets/headers.json
2025-01-12 15:11:53,731 - utils - INFO - MAL Headers Loaded
2025-01-12 15:11:53,735 - utils - INFO - 
        SELECT date_pulled
        FROM `mal-data-engineering.my_anime_list.top_airing_anime`
        WHERE DATE(date_pulled) = CURRENT_DATE('Asia/Tokyo')
        
2025-01-12 15:11:55,110 - utils - INFO - Top Airing Anime not yet updated. Pulling from API
2025-01-12 15:11:58,143 - utils - INFO - Getting Keys. Current Working Directory: /__w/data_engineering_learning/data_engineering_learning
2025-01-12 15:11:58,143 - utils - INFO - Google Application Credentials Set
2025-01-12 15:11:58,144 - utils - INFO - /__w/data_engineering_learning/data_engineering_learning/secrets/headers.json
2025-01-12 15:11:58,144 - utils - INFO - MAL Headers Loaded
2025-01-12 15:11:58,153 - utils - INFO - Getting Keys. Current Working Directory: /__w/data_engineering_learning/data_engineering_learning
2025-01-12 15:11:58,153 - utils - INFO - Google Application Credentials Set
2025-01-12 15:11:58,153 - utils - INFO - /__w/data_engineering_learning/data_engineering_learning/secrets/headers.json
2025-01-12 15:11:58,153 - utils - INFO - MAL Headers Loaded
2025-01-12 15:11:58,156 - utils - INFO - 
        SELECT date_pulled
        FROM `mal-data-engineering.my_anime_list.top_airing_anime`
        WHERE DATE(date_pulled) = DATE('2025-01-13')
        
2025-01-12 15:11:59,486 - utils - INFO - Table exists
2025-01-12 15:12:02,473 - utils - INFO - Top Airing Anime updated
