2025-01-26 15:12:17,102 - utils - INFO - Getting Keys. Current Working Directory: /__w/data_engineering_learning/data_engineering_learning
2025-01-26 15:12:17,102 - utils - INFO - Google Application Credentials Set
2025-01-26 15:12:17,102 - utils - INFO - /__w/data_engineering_learning/data_engineering_learning/secrets/headers.json
2025-01-26 15:12:17,102 - utils - INFO - MAL Headers Loaded
2025-01-26 15:12:17,102 - utils - INFO - Getting Keys. Current Working Directory: /__w/data_engineering_learning/data_engineering_learning
2025-01-26 15:12:17,102 - utils - INFO - Google Application Credentials Set
2025-01-26 15:12:17,102 - utils - INFO - /__w/data_engineering_learning/data_engineering_learning/secrets/headers.json
2025-01-26 15:12:17,103 - utils - INFO - MAL Headers Loaded
2025-01-26 15:12:17,106 - utils - INFO - 
        SELECT date_pulled
        FROM `mal-data-engineering.my_anime_list.top_airing_anime`
        WHERE DATE(date_pulled) = CURRENT_DATE('Asia/Tokyo')
        
2025-01-26 15:12:18,640 - utils - INFO - Top Airing Anime not yet updated. Pulling from API
2025-01-26 15:12:20,158 - utils - INFO - Getting Keys. Current Working Directory: /__w/data_engineering_learning/data_engineering_learning
2025-01-26 15:12:20,158 - utils - INFO - Google Application Credentials Set
2025-01-26 15:12:20,158 - utils - INFO - /__w/data_engineering_learning/data_engineering_learning/secrets/headers.json
2025-01-26 15:12:20,158 - utils - INFO - MAL Headers Loaded
2025-01-26 15:12:20,168 - utils - INFO - Getting Keys. Current Working Directory: /__w/data_engineering_learning/data_engineering_learning
2025-01-26 15:12:20,168 - utils - INFO - Google Application Credentials Set
2025-01-26 15:12:20,168 - utils - INFO - /__w/data_engineering_learning/data_engineering_learning/secrets/headers.json
2025-01-26 15:12:20,168 - utils - INFO - MAL Headers Loaded
2025-01-26 15:12:20,170 - utils - INFO - 
        SELECT date_pulled
        FROM `mal-data-engineering.my_anime_list.top_airing_anime`
        WHERE DATE(date_pulled) = DATE('2025-01-27')
        
2025-01-26 15:12:21,804 - utils - INFO - Table exists
2025-01-26 15:12:25,490 - utils - INFO - Top Airing Anime updated
