2025-01-22 15:13:32,566 - utils - INFO - Getting Keys. Current Working Directory: /__w/data_engineering_learning/data_engineering_learning
2025-01-22 15:13:32,566 - utils - INFO - Google Application Credentials Set
2025-01-22 15:13:32,566 - utils - INFO - /__w/data_engineering_learning/data_engineering_learning/secrets/headers.json
2025-01-22 15:13:32,566 - utils - INFO - MAL Headers Loaded
2025-01-22 15:13:32,566 - utils - INFO - Getting Keys. Current Working Directory: /__w/data_engineering_learning/data_engineering_learning
2025-01-22 15:13:32,566 - utils - INFO - Google Application Credentials Set
2025-01-22 15:13:32,566 - utils - INFO - /__w/data_engineering_learning/data_engineering_learning/secrets/headers.json
2025-01-22 15:13:32,566 - utils - INFO - MAL Headers Loaded
2025-01-22 15:13:32,570 - utils - INFO - 
        SELECT date_pulled
        FROM `mal-data-engineering.my_anime_list.top_airing_anime`
        WHERE DATE(date_pulled) = CURRENT_DATE('Asia/Tokyo')
        
2025-01-22 15:13:34,387 - utils - INFO - Top Airing Anime not yet updated. Pulling from API
2025-01-22 15:13:36,598 - utils - INFO - Getting Keys. Current Working Directory: /__w/data_engineering_learning/data_engineering_learning
2025-01-22 15:13:36,598 - utils - INFO - Google Application Credentials Set
2025-01-22 15:13:36,598 - utils - INFO - /__w/data_engineering_learning/data_engineering_learning/secrets/headers.json
2025-01-22 15:13:36,598 - utils - INFO - MAL Headers Loaded
2025-01-22 15:13:36,608 - utils - INFO - Getting Keys. Current Working Directory: /__w/data_engineering_learning/data_engineering_learning
2025-01-22 15:13:36,608 - utils - INFO - Google Application Credentials Set
2025-01-22 15:13:36,608 - utils - INFO - /__w/data_engineering_learning/data_engineering_learning/secrets/headers.json
2025-01-22 15:13:36,608 - utils - INFO - MAL Headers Loaded
2025-01-22 15:13:36,610 - utils - INFO - 
        SELECT date_pulled
        FROM `mal-data-engineering.my_anime_list.top_airing_anime`
        WHERE DATE(date_pulled) = DATE('2025-01-23')
        
2025-01-22 15:13:38,075 - utils - INFO - Table exists
2025-01-22 15:13:41,397 - utils - INFO - Top Airing Anime updated
