2025-01-20 15:13:35,737 - utils - INFO - Getting Keys. Current Working Directory: /__w/data_engineering_learning/data_engineering_learning
2025-01-20 15:13:35,737 - utils - INFO - Google Application Credentials Set
2025-01-20 15:13:35,737 - utils - INFO - /__w/data_engineering_learning/data_engineering_learning/secrets/headers.json
2025-01-20 15:13:35,737 - utils - INFO - MAL Headers Loaded
2025-01-20 15:13:35,737 - utils - INFO - Getting Keys. Current Working Directory: /__w/data_engineering_learning/data_engineering_learning
2025-01-20 15:13:35,737 - utils - INFO - Google Application Credentials Set
2025-01-20 15:13:35,737 - utils - INFO - /__w/data_engineering_learning/data_engineering_learning/secrets/headers.json
2025-01-20 15:13:35,737 - utils - INFO - MAL Headers Loaded
2025-01-20 15:13:35,741 - utils - INFO - 
        SELECT date_pulled
        FROM `mal-data-engineering.my_anime_list.top_airing_anime`
        WHERE DATE(date_pulled) = CURRENT_DATE('Asia/Tokyo')
        
2025-01-20 15:13:37,158 - utils - INFO - Top Airing Anime not yet updated. Pulling from API
2025-01-20 15:13:39,233 - utils - INFO - Getting Keys. Current Working Directory: /__w/data_engineering_learning/data_engineering_learning
2025-01-20 15:13:39,233 - utils - INFO - Google Application Credentials Set
2025-01-20 15:13:39,233 - utils - INFO - /__w/data_engineering_learning/data_engineering_learning/secrets/headers.json
2025-01-20 15:13:39,233 - utils - INFO - MAL Headers Loaded
2025-01-20 15:13:39,243 - utils - INFO - Getting Keys. Current Working Directory: /__w/data_engineering_learning/data_engineering_learning
2025-01-20 15:13:39,243 - utils - INFO - Google Application Credentials Set
2025-01-20 15:13:39,243 - utils - INFO - /__w/data_engineering_learning/data_engineering_learning/secrets/headers.json
2025-01-20 15:13:39,243 - utils - INFO - MAL Headers Loaded
2025-01-20 15:13:39,245 - utils - INFO - 
        SELECT date_pulled
        FROM `mal-data-engineering.my_anime_list.top_airing_anime`
        WHERE DATE(date_pulled) = DATE('2025-01-21')
        
2025-01-20 15:13:40,589 - utils - INFO - Table exists
2025-01-20 15:13:44,337 - utils - INFO - Top Airing Anime updated
