2025-01-21 15:13:46,801 - utils - INFO - Getting Keys. Current Working Directory: /__w/data_engineering_learning/data_engineering_learning
2025-01-21 15:13:46,801 - utils - INFO - Google Application Credentials Set
2025-01-21 15:13:46,801 - utils - INFO - /__w/data_engineering_learning/data_engineering_learning/secrets/headers.json
2025-01-21 15:13:46,801 - utils - INFO - MAL Headers Loaded
2025-01-21 15:13:46,801 - utils - INFO - Getting Keys. Current Working Directory: /__w/data_engineering_learning/data_engineering_learning
2025-01-21 15:13:46,801 - utils - INFO - Google Application Credentials Set
2025-01-21 15:13:46,801 - utils - INFO - /__w/data_engineering_learning/data_engineering_learning/secrets/headers.json
2025-01-21 15:13:46,801 - utils - INFO - MAL Headers Loaded
2025-01-21 15:13:46,805 - utils - INFO - 
        SELECT date_pulled
        FROM `mal-data-engineering.my_anime_list.top_airing_anime`
        WHERE DATE(date_pulled) = CURRENT_DATE('Asia/Tokyo')
        
2025-01-21 15:13:48,462 - utils - INFO - Top Airing Anime not yet updated. Pulling from API
2025-01-21 15:13:51,223 - utils - INFO - Getting Keys. Current Working Directory: /__w/data_engineering_learning/data_engineering_learning
2025-01-21 15:13:51,223 - utils - INFO - Google Application Credentials Set
2025-01-21 15:13:51,223 - utils - INFO - /__w/data_engineering_learning/data_engineering_learning/secrets/headers.json
2025-01-21 15:13:51,223 - utils - INFO - MAL Headers Loaded
2025-01-21 15:13:51,233 - utils - INFO - Getting Keys. Current Working Directory: /__w/data_engineering_learning/data_engineering_learning
2025-01-21 15:13:51,233 - utils - INFO - Google Application Credentials Set
2025-01-21 15:13:51,233 - utils - INFO - /__w/data_engineering_learning/data_engineering_learning/secrets/headers.json
2025-01-21 15:13:51,233 - utils - INFO - MAL Headers Loaded
2025-01-21 15:13:51,235 - utils - INFO - 
        SELECT date_pulled
        FROM `mal-data-engineering.my_anime_list.top_airing_anime`
        WHERE DATE(date_pulled) = DATE('2025-01-22')
        
2025-01-21 15:13:52,925 - utils - INFO - Table exists
2025-01-21 15:13:58,120 - utils - INFO - Top Airing Anime updated
