2025-01-04 15:12:15,435 - utils - INFO - Getting Keys. Current Working Directory: /__w/data_engineering_learning/data_engineering_learning
2025-01-04 15:12:15,435 - utils - INFO - Google Application Credentials Set
2025-01-04 15:12:15,435 - utils - INFO - /__w/data_engineering_learning/data_engineering_learning/secrets/headers.json
2025-01-04 15:12:15,435 - utils - INFO - MAL Headers Loaded
2025-01-04 15:12:15,435 - utils - INFO - Getting Keys. Current Working Directory: /__w/data_engineering_learning/data_engineering_learning
2025-01-04 15:12:15,435 - utils - INFO - Google Application Credentials Set
2025-01-04 15:12:15,435 - utils - INFO - /__w/data_engineering_learning/data_engineering_learning/secrets/headers.json
2025-01-04 15:12:15,435 - utils - INFO - MAL Headers Loaded
2025-01-04 15:12:15,439 - utils - INFO - 
        SELECT date_pulled
        FROM `mal-data-engineering.my_anime_list.top_airing_anime`
        WHERE DATE(date_pulled) = CURRENT_DATE('Asia/Tokyo')
        
2025-01-04 15:12:16,771 - utils - INFO - Top Airing Anime not yet updated. Pulling from API
2025-01-04 15:12:19,271 - utils - INFO - Getting Keys. Current Working Directory: /__w/data_engineering_learning/data_engineering_learning
2025-01-04 15:12:19,271 - utils - INFO - Google Application Credentials Set
2025-01-04 15:12:19,271 - utils - INFO - /__w/data_engineering_learning/data_engineering_learning/secrets/headers.json
2025-01-04 15:12:19,271 - utils - INFO - MAL Headers Loaded
2025-01-04 15:12:19,280 - utils - INFO - Getting Keys. Current Working Directory: /__w/data_engineering_learning/data_engineering_learning
2025-01-04 15:12:19,280 - utils - INFO - Google Application Credentials Set
2025-01-04 15:12:19,280 - utils - INFO - /__w/data_engineering_learning/data_engineering_learning/secrets/headers.json
2025-01-04 15:12:19,281 - utils - INFO - MAL Headers Loaded
2025-01-04 15:12:19,283 - utils - INFO - 
        SELECT date_pulled
        FROM `mal-data-engineering.my_anime_list.top_airing_anime`
        WHERE DATE(date_pulled) = DATE('2025-01-05')
        
2025-01-04 15:12:20,383 - utils - INFO - Table exists
2025-01-04 15:12:23,393 - utils - INFO - Top Airing Anime updated
