2025-02-05 15:13:38,207 - utils - INFO - Getting Keys. Current Working Directory: /__w/data_engineering_learning/data_engineering_learning
2025-02-05 15:13:38,207 - utils - INFO - Google Application Credentials Set
2025-02-05 15:13:38,207 - utils - INFO - /__w/data_engineering_learning/data_engineering_learning/secrets/headers.json
2025-02-05 15:13:38,207 - utils - INFO - MAL Headers Loaded
2025-02-05 15:13:38,207 - utils - INFO - Getting Keys. Current Working Directory: /__w/data_engineering_learning/data_engineering_learning
2025-02-05 15:13:38,207 - utils - INFO - Google Application Credentials Set
2025-02-05 15:13:38,207 - utils - INFO - /__w/data_engineering_learning/data_engineering_learning/secrets/headers.json
2025-02-05 15:13:38,207 - utils - INFO - MAL Headers Loaded
2025-02-05 15:13:38,211 - utils - INFO - 
        SELECT date_pulled
        FROM `mal-data-engineering.my_anime_list.top_airing_anime`
        WHERE DATE(date_pulled) = CURRENT_DATE('Asia/Tokyo')
        
2025-02-05 15:13:39,606 - utils - INFO - Top Airing Anime not yet updated. Pulling from API
2025-02-05 15:13:41,664 - utils - INFO - Getting Keys. Current Working Directory: /__w/data_engineering_learning/data_engineering_learning
2025-02-05 15:13:41,664 - utils - INFO - Google Application Credentials Set
2025-02-05 15:13:41,664 - utils - INFO - /__w/data_engineering_learning/data_engineering_learning/secrets/headers.json
2025-02-05 15:13:41,665 - utils - INFO - MAL Headers Loaded
2025-02-05 15:13:41,673 - utils - INFO - Getting Keys. Current Working Directory: /__w/data_engineering_learning/data_engineering_learning
2025-02-05 15:13:41,673 - utils - INFO - Google Application Credentials Set
2025-02-05 15:13:41,673 - utils - INFO - /__w/data_engineering_learning/data_engineering_learning/secrets/headers.json
2025-02-05 15:13:41,673 - utils - INFO - MAL Headers Loaded
2025-02-05 15:13:41,676 - utils - INFO - 
        SELECT date_pulled
        FROM `mal-data-engineering.my_anime_list.top_airing_anime`
        WHERE DATE(date_pulled) = DATE('2025-02-06')
        
2025-02-05 15:13:43,152 - utils - INFO - Table exists
2025-02-05 15:13:47,819 - utils - INFO - Top Airing Anime updated
