2025-01-19 15:12:30,312 - utils - INFO - Getting Keys. Current Working Directory: /__w/data_engineering_learning/data_engineering_learning
2025-01-19 15:12:30,312 - utils - INFO - Google Application Credentials Set
2025-01-19 15:12:30,312 - utils - INFO - /__w/data_engineering_learning/data_engineering_learning/secrets/headers.json
2025-01-19 15:12:30,313 - utils - INFO - MAL Headers Loaded
2025-01-19 15:12:30,313 - utils - INFO - Getting Keys. Current Working Directory: /__w/data_engineering_learning/data_engineering_learning
2025-01-19 15:12:30,313 - utils - INFO - Google Application Credentials Set
2025-01-19 15:12:30,313 - utils - INFO - /__w/data_engineering_learning/data_engineering_learning/secrets/headers.json
2025-01-19 15:12:30,313 - utils - INFO - MAL Headers Loaded
2025-01-19 15:12:30,316 - utils - INFO - 
        SELECT date_pulled
        FROM `mal-data-engineering.my_anime_list.top_airing_anime`
        WHERE DATE(date_pulled) = CURRENT_DATE('Asia/Tokyo')
        
2025-01-19 15:12:31,620 - utils - INFO - Top Airing Anime not yet updated. Pulling from API
2025-01-19 15:12:33,858 - utils - INFO - Getting Keys. Current Working Directory: /__w/data_engineering_learning/data_engineering_learning
2025-01-19 15:12:33,858 - utils - INFO - Google Application Credentials Set
2025-01-19 15:12:33,858 - utils - INFO - /__w/data_engineering_learning/data_engineering_learning/secrets/headers.json
2025-01-19 15:12:33,858 - utils - INFO - MAL Headers Loaded
2025-01-19 15:12:33,867 - utils - INFO - Getting Keys. Current Working Directory: /__w/data_engineering_learning/data_engineering_learning
2025-01-19 15:12:33,867 - utils - INFO - Google Application Credentials Set
2025-01-19 15:12:33,867 - utils - INFO - /__w/data_engineering_learning/data_engineering_learning/secrets/headers.json
2025-01-19 15:12:33,867 - utils - INFO - MAL Headers Loaded
2025-01-19 15:12:33,870 - utils - INFO - 
        SELECT date_pulled
        FROM `mal-data-engineering.my_anime_list.top_airing_anime`
        WHERE DATE(date_pulled) = DATE('2025-01-20')
        
2025-01-19 15:12:35,261 - utils - INFO - Table exists
2025-01-19 15:12:39,306 - utils - INFO - Top Airing Anime updated
