2025-02-21 15:13:30,230 - utils - INFO - Getting Keys. Current Working Directory: /__w/data_engineering_learning/data_engineering_learning
2025-02-21 15:13:30,230 - utils - INFO - Google Application Credentials Set
2025-02-21 15:13:30,230 - utils - INFO - /__w/data_engineering_learning/data_engineering_learning/secrets/headers.json
2025-02-21 15:13:30,230 - utils - INFO - MAL Headers Loaded
2025-02-21 15:13:30,230 - utils - INFO - Getting Keys. Current Working Directory: /__w/data_engineering_learning/data_engineering_learning
2025-02-21 15:13:30,230 - utils - INFO - Google Application Credentials Set
2025-02-21 15:13:30,230 - utils - INFO - /__w/data_engineering_learning/data_engineering_learning/secrets/headers.json
2025-02-21 15:13:30,230 - utils - INFO - MAL Headers Loaded
2025-02-21 15:13:30,234 - utils - INFO - 
        SELECT date_pulled
        FROM `mal-data-engineering.my_anime_list.top_airing_anime`
        WHERE DATE(date_pulled) = CURRENT_DATE('Asia/Tokyo')
        
2025-02-21 15:13:31,626 - utils - INFO - Top Airing Anime not yet updated. Pulling from API
2025-02-21 15:13:33,962 - utils - INFO - Getting Keys. Current Working Directory: /__w/data_engineering_learning/data_engineering_learning
2025-02-21 15:13:33,962 - utils - INFO - Google Application Credentials Set
2025-02-21 15:13:33,962 - utils - INFO - /__w/data_engineering_learning/data_engineering_learning/secrets/headers.json
2025-02-21 15:13:33,962 - utils - INFO - MAL Headers Loaded
2025-02-21 15:13:33,971 - utils - INFO - Getting Keys. Current Working Directory: /__w/data_engineering_learning/data_engineering_learning
2025-02-21 15:13:33,971 - utils - INFO - Google Application Credentials Set
2025-02-21 15:13:33,971 - utils - INFO - /__w/data_engineering_learning/data_engineering_learning/secrets/headers.json
2025-02-21 15:13:33,971 - utils - INFO - MAL Headers Loaded
2025-02-21 15:13:33,973 - utils - INFO - 
        SELECT date_pulled
        FROM `mal-data-engineering.my_anime_list.top_airing_anime`
        WHERE DATE(date_pulled) = DATE('2025-02-22')
        
2025-02-21 15:13:35,217 - utils - INFO - Table exists
2025-02-21 15:13:38,550 - utils - INFO - Top Airing Anime updated
