2025-01-23 15:13:36,493 - utils - INFO - Getting Keys. Current Working Directory: /__w/data_engineering_learning/data_engineering_learning
2025-01-23 15:13:36,494 - utils - INFO - Google Application Credentials Set
2025-01-23 15:13:36,494 - utils - INFO - /__w/data_engineering_learning/data_engineering_learning/secrets/headers.json
2025-01-23 15:13:36,494 - utils - INFO - MAL Headers Loaded
2025-01-23 15:13:36,494 - utils - INFO - Getting Keys. Current Working Directory: /__w/data_engineering_learning/data_engineering_learning
2025-01-23 15:13:36,494 - utils - INFO - Google Application Credentials Set
2025-01-23 15:13:36,494 - utils - INFO - /__w/data_engineering_learning/data_engineering_learning/secrets/headers.json
2025-01-23 15:13:36,494 - utils - INFO - MAL Headers Loaded
2025-01-23 15:13:36,498 - utils - INFO - 
        SELECT date_pulled
        FROM `mal-data-engineering.my_anime_list.top_airing_anime`
        WHERE DATE(date_pulled) = CURRENT_DATE('Asia/Tokyo')
        
2025-01-23 15:13:38,063 - utils - INFO - Top Airing Anime not yet updated. Pulling from API
2025-01-23 15:13:40,152 - utils - INFO - Getting Keys. Current Working Directory: /__w/data_engineering_learning/data_engineering_learning
2025-01-23 15:13:40,152 - utils - INFO - Google Application Credentials Set
2025-01-23 15:13:40,152 - utils - INFO - /__w/data_engineering_learning/data_engineering_learning/secrets/headers.json
2025-01-23 15:13:40,152 - utils - INFO - MAL Headers Loaded
2025-01-23 15:13:40,162 - utils - INFO - Getting Keys. Current Working Directory: /__w/data_engineering_learning/data_engineering_learning
2025-01-23 15:13:40,163 - utils - INFO - Google Application Credentials Set
2025-01-23 15:13:40,163 - utils - INFO - /__w/data_engineering_learning/data_engineering_learning/secrets/headers.json
2025-01-23 15:13:40,163 - utils - INFO - MAL Headers Loaded
2025-01-23 15:13:40,165 - utils - INFO - 
        SELECT date_pulled
        FROM `mal-data-engineering.my_anime_list.top_airing_anime`
        WHERE DATE(date_pulled) = DATE('2025-01-24')
        
2025-01-23 15:13:41,413 - utils - INFO - Table exists
2025-01-23 15:13:44,909 - utils - INFO - Top Airing Anime updated
