2025-02-12 15:14:20,775 - utils - INFO - Getting Keys. Current Working Directory: /__w/data_engineering_learning/data_engineering_learning
2025-02-12 15:14:20,775 - utils - INFO - Google Application Credentials Set
2025-02-12 15:14:20,775 - utils - INFO - /__w/data_engineering_learning/data_engineering_learning/secrets/headers.json
2025-02-12 15:14:20,775 - utils - INFO - MAL Headers Loaded
2025-02-12 15:14:20,775 - utils - INFO - Getting Keys. Current Working Directory: /__w/data_engineering_learning/data_engineering_learning
2025-02-12 15:14:20,775 - utils - INFO - Google Application Credentials Set
2025-02-12 15:14:20,775 - utils - INFO - /__w/data_engineering_learning/data_engineering_learning/secrets/headers.json
2025-02-12 15:14:20,776 - utils - INFO - MAL Headers Loaded
2025-02-12 15:14:20,779 - utils - INFO - 
        SELECT date_pulled
        FROM `mal-data-engineering.my_anime_list.top_airing_anime`
        WHERE DATE(date_pulled) = CURRENT_DATE('Asia/Tokyo')
        
2025-02-12 15:14:22,004 - utils - INFO - Top Airing Anime not yet updated. Pulling from API
2025-02-12 15:14:24,262 - utils - INFO - Getting Keys. Current Working Directory: /__w/data_engineering_learning/data_engineering_learning
2025-02-12 15:14:24,263 - utils - INFO - Google Application Credentials Set
2025-02-12 15:14:24,263 - utils - INFO - /__w/data_engineering_learning/data_engineering_learning/secrets/headers.json
2025-02-12 15:14:24,263 - utils - INFO - MAL Headers Loaded
2025-02-12 15:14:24,272 - utils - INFO - Getting Keys. Current Working Directory: /__w/data_engineering_learning/data_engineering_learning
2025-02-12 15:14:24,272 - utils - INFO - Google Application Credentials Set
2025-02-12 15:14:24,272 - utils - INFO - /__w/data_engineering_learning/data_engineering_learning/secrets/headers.json
2025-02-12 15:14:24,272 - utils - INFO - MAL Headers Loaded
2025-02-12 15:14:24,275 - utils - INFO - 
        SELECT date_pulled
        FROM `mal-data-engineering.my_anime_list.top_airing_anime`
        WHERE DATE(date_pulled) = DATE('2025-02-13')
        
2025-02-12 15:14:25,453 - utils - INFO - Table exists
2025-02-12 15:14:29,302 - utils - INFO - Top Airing Anime updated
