2025-03-07 15:14:05,404 - utils - INFO - Getting Keys. Current Working Directory: /__w/data_engineering_learning/data_engineering_learning
2025-03-07 15:14:05,405 - utils - INFO - Google Application Credentials Set
2025-03-07 15:14:05,405 - utils - INFO - /__w/data_engineering_learning/data_engineering_learning/secrets/headers.json
2025-03-07 15:14:05,405 - utils - INFO - MAL Headers Loaded
2025-03-07 15:14:05,405 - utils - INFO - Getting Keys. Current Working Directory: /__w/data_engineering_learning/data_engineering_learning
2025-03-07 15:14:05,405 - utils - INFO - Google Application Credentials Set
2025-03-07 15:14:05,405 - utils - INFO - /__w/data_engineering_learning/data_engineering_learning/secrets/headers.json
2025-03-07 15:14:05,405 - utils - INFO - MAL Headers Loaded
2025-03-07 15:14:05,409 - utils - INFO - 
        SELECT date_pulled
        FROM `mal-data-engineering.my_anime_list.top_airing_anime`
        WHERE DATE(date_pulled) = CURRENT_DATE('Asia/Tokyo')
        
2025-03-07 15:14:06,951 - utils - INFO - Top Airing Anime not yet updated. Pulling from API
2025-03-07 15:14:09,627 - utils - INFO - Getting Keys. Current Working Directory: /__w/data_engineering_learning/data_engineering_learning
2025-03-07 15:14:09,627 - utils - INFO - Google Application Credentials Set
2025-03-07 15:14:09,627 - utils - INFO - /__w/data_engineering_learning/data_engineering_learning/secrets/headers.json
2025-03-07 15:14:09,627 - utils - INFO - MAL Headers Loaded
2025-03-07 15:14:09,636 - utils - INFO - Getting Keys. Current Working Directory: /__w/data_engineering_learning/data_engineering_learning
2025-03-07 15:14:09,636 - utils - INFO - Google Application Credentials Set
2025-03-07 15:14:09,636 - utils - INFO - /__w/data_engineering_learning/data_engineering_learning/secrets/headers.json
2025-03-07 15:14:09,637 - utils - INFO - MAL Headers Loaded
2025-03-07 15:14:09,639 - utils - INFO - 
        SELECT date_pulled
        FROM `mal-data-engineering.my_anime_list.top_airing_anime`
        WHERE DATE(date_pulled) = DATE('2025-03-08')
        
2025-03-07 15:14:11,211 - utils - INFO - Table exists
2025-03-07 15:14:14,448 - utils - INFO - Top Airing Anime updated
