2025-03-08 15:11:29,924 - utils - INFO - Getting Keys. Current Working Directory: /__w/data_engineering_learning/data_engineering_learning
2025-03-08 15:11:29,924 - utils - INFO - Google Application Credentials Set
2025-03-08 15:11:29,924 - utils - INFO - /__w/data_engineering_learning/data_engineering_learning/secrets/headers.json
2025-03-08 15:11:29,924 - utils - INFO - MAL Headers Loaded
2025-03-08 15:11:29,924 - utils - INFO - Getting Keys. Current Working Directory: /__w/data_engineering_learning/data_engineering_learning
2025-03-08 15:11:29,924 - utils - INFO - Google Application Credentials Set
2025-03-08 15:11:29,924 - utils - INFO - /__w/data_engineering_learning/data_engineering_learning/secrets/headers.json
2025-03-08 15:11:29,924 - utils - INFO - MAL Headers Loaded
2025-03-08 15:11:29,928 - utils - INFO - 
        SELECT date_pulled
        FROM `mal-data-engineering.my_anime_list.top_airing_anime`
        WHERE DATE(date_pulled) = CURRENT_DATE('Asia/Tokyo')
        
2025-03-08 15:11:31,137 - utils - INFO - Top Airing Anime not yet updated. Pulling from API
2025-03-08 15:11:33,766 - utils - INFO - Getting Keys. Current Working Directory: /__w/data_engineering_learning/data_engineering_learning
2025-03-08 15:11:33,766 - utils - INFO - Google Application Credentials Set
2025-03-08 15:11:33,766 - utils - INFO - /__w/data_engineering_learning/data_engineering_learning/secrets/headers.json
2025-03-08 15:11:33,766 - utils - INFO - MAL Headers Loaded
2025-03-08 15:11:33,775 - utils - INFO - Getting Keys. Current Working Directory: /__w/data_engineering_learning/data_engineering_learning
2025-03-08 15:11:33,775 - utils - INFO - Google Application Credentials Set
2025-03-08 15:11:33,775 - utils - INFO - /__w/data_engineering_learning/data_engineering_learning/secrets/headers.json
2025-03-08 15:11:33,775 - utils - INFO - MAL Headers Loaded
2025-03-08 15:11:33,778 - utils - INFO - 
        SELECT date_pulled
        FROM `mal-data-engineering.my_anime_list.top_airing_anime`
        WHERE DATE(date_pulled) = DATE('2025-03-09')
        
2025-03-08 15:11:35,048 - utils - INFO - Table exists
2025-03-08 15:11:38,624 - utils - INFO - Top Airing Anime updated
