2025-02-02 15:13:14,468 - utils - INFO - Getting Keys. Current Working Directory: /__w/data_engineering_learning/data_engineering_learning
2025-02-02 15:13:14,468 - utils - INFO - Google Application Credentials Set
2025-02-02 15:13:14,468 - utils - INFO - /__w/data_engineering_learning/data_engineering_learning/secrets/headers.json
2025-02-02 15:13:14,468 - utils - INFO - MAL Headers Loaded
2025-02-02 15:13:14,468 - utils - INFO - Getting Keys. Current Working Directory: /__w/data_engineering_learning/data_engineering_learning
2025-02-02 15:13:14,468 - utils - INFO - Google Application Credentials Set
2025-02-02 15:13:14,468 - utils - INFO - /__w/data_engineering_learning/data_engineering_learning/secrets/headers.json
2025-02-02 15:13:14,468 - utils - INFO - MAL Headers Loaded
2025-02-02 15:13:14,472 - utils - INFO - 
        SELECT date_pulled
        FROM `mal-data-engineering.my_anime_list.top_airing_anime`
        WHERE DATE(date_pulled) = CURRENT_DATE('Asia/Tokyo')
        
2025-02-02 15:13:15,818 - utils - INFO - Top Airing Anime not yet updated. Pulling from API
2025-02-02 15:13:17,838 - utils - INFO - Getting Keys. Current Working Directory: /__w/data_engineering_learning/data_engineering_learning
2025-02-02 15:13:17,838 - utils - INFO - Google Application Credentials Set
2025-02-02 15:13:17,838 - utils - INFO - /__w/data_engineering_learning/data_engineering_learning/secrets/headers.json
2025-02-02 15:13:17,838 - utils - INFO - MAL Headers Loaded
2025-02-02 15:13:17,847 - utils - INFO - Getting Keys. Current Working Directory: /__w/data_engineering_learning/data_engineering_learning
2025-02-02 15:13:17,848 - utils - INFO - Google Application Credentials Set
2025-02-02 15:13:17,848 - utils - INFO - /__w/data_engineering_learning/data_engineering_learning/secrets/headers.json
2025-02-02 15:13:17,848 - utils - INFO - MAL Headers Loaded
2025-02-02 15:13:17,850 - utils - INFO - 
        SELECT date_pulled
        FROM `mal-data-engineering.my_anime_list.top_airing_anime`
        WHERE DATE(date_pulled) = DATE('2025-02-03')
        
2025-02-02 15:13:18,995 - utils - INFO - Table exists
2025-02-02 15:13:22,612 - utils - INFO - Top Airing Anime updated
2025-02-02 15:27:25,779 - utils - INFO - Getting Keys. Current Working Directory: /__w/data_engineering_learning/data_engineering_learning
2025-02-02 15:27:25,779 - utils - INFO - Google Application Credentials Set
2025-02-02 15:27:25,779 - utils - INFO - /__w/data_engineering_learning/data_engineering_learning/secrets/headers.json
2025-02-02 15:27:25,779 - utils - INFO - MAL Headers Loaded
2025-02-02 15:27:25,780 - utils - INFO - Getting Keys. Current Working Directory: /__w/data_engineering_learning/data_engineering_learning
2025-02-02 15:27:25,780 - utils - INFO - Google Application Credentials Set
2025-02-02 15:27:25,780 - utils - INFO - /__w/data_engineering_learning/data_engineering_learning/secrets/headers.json
2025-02-02 15:27:25,780 - utils - INFO - MAL Headers Loaded
2025-02-02 15:27:25,783 - utils - INFO - 
        SELECT date_pulled
        FROM `mal-data-engineering.my_anime_list.weekly_top_10`
        WHERE DATE(date_pulled) = CURRENT_DATE('Asia/Tokyo')
        
2025-02-02 15:27:26,906 - utils - INFO - 
        WITH ranked_anime AS (
            SELECT
                tw.date_pulled,
                tw.myanimelist_id,
                tw.title,
                tw.rank,
                tw.score,
                (tw.rank - lw.rank) as rank_change,
                (tw.score - lw.score) as score_change,
                ROW_NUMBER() OVER (PARTITION BY tw.date_pulled ORDER BY tw.rank) AS rank_within_date
            FROM
                (SELECT * FROM `mal-data-engineering.my_anime_list.top_airing_anime`
                  WHERE DATE(date_pulled) = CURRENT_DATE('Asia/Tokyo')
                ) AS tw
            LEFT JOIN
                (SELECT * FROM `mal-data-engineering.my_anime_list.top_airing_anime`
                  WHERE DATE(date_pulled) = DATE_ADD(CURRENT_DATE('Asia/Tokyo'), INTERVAL -7 DAY)
                ) AS lw
            ON
                tw.myanimelist_id = lw.myanimelist_id
            )

            SELECT
            date_pulled,
            myanimelist_id,
            title,
            rank,
            score,
            rank_change,
            score_change
            FROM
            ranked_anime
            WHERE
            rank_within_date <= 10
            ORDER BY
            rank_within_date,
            date_pulled DESC
            ;
        
2025-02-02 15:27:29,935 - utils - INFO - Table exists
2025-02-02 15:27:34,922 - utils - INFO - Weekly Top 10 table updated
