2025-02-10 15:13:57,515 - utils - INFO - Getting Keys. Current Working Directory: /__w/data_engineering_learning/data_engineering_learning
2025-02-10 15:13:57,515 - utils - INFO - Google Application Credentials Set
2025-02-10 15:13:57,515 - utils - INFO - /__w/data_engineering_learning/data_engineering_learning/secrets/headers.json
2025-02-10 15:13:57,515 - utils - INFO - MAL Headers Loaded
2025-02-10 15:13:57,515 - utils - INFO - Getting Keys. Current Working Directory: /__w/data_engineering_learning/data_engineering_learning
2025-02-10 15:13:57,515 - utils - INFO - Google Application Credentials Set
2025-02-10 15:13:57,516 - utils - INFO - /__w/data_engineering_learning/data_engineering_learning/secrets/headers.json
2025-02-10 15:13:57,516 - utils - INFO - MAL Headers Loaded
2025-02-10 15:13:57,519 - utils - INFO - 
        SELECT date_pulled
        FROM `mal-data-engineering.my_anime_list.top_airing_anime`
        WHERE DATE(date_pulled) = CURRENT_DATE('Asia/Tokyo')
        
2025-02-10 15:13:59,093 - utils - INFO - Top Airing Anime not yet updated. Pulling from API
2025-02-10 15:14:01,818 - utils - INFO - Getting Keys. Current Working Directory: /__w/data_engineering_learning/data_engineering_learning
2025-02-10 15:14:01,818 - utils - INFO - Google Application Credentials Set
2025-02-10 15:14:01,818 - utils - INFO - /__w/data_engineering_learning/data_engineering_learning/secrets/headers.json
2025-02-10 15:14:01,818 - utils - INFO - MAL Headers Loaded
2025-02-10 15:14:01,827 - utils - INFO - Getting Keys. Current Working Directory: /__w/data_engineering_learning/data_engineering_learning
2025-02-10 15:14:01,827 - utils - INFO - Google Application Credentials Set
2025-02-10 15:14:01,827 - utils - INFO - /__w/data_engineering_learning/data_engineering_learning/secrets/headers.json
2025-02-10 15:14:01,828 - utils - INFO - MAL Headers Loaded
2025-02-10 15:14:01,830 - utils - INFO - 
        SELECT date_pulled
        FROM `mal-data-engineering.my_anime_list.top_airing_anime`
        WHERE DATE(date_pulled) = DATE('2025-02-11')
        
2025-02-10 15:14:05,042 - utils - INFO - Table exists
2025-02-10 15:14:08,672 - utils - INFO - Top Airing Anime updated
