2025-01-08 15:13:43,237 - utils - INFO - Getting Keys. Current Working Directory: /__w/data_engineering_learning/data_engineering_learning
2025-01-08 15:13:43,237 - utils - INFO - Google Application Credentials Set
2025-01-08 15:13:43,237 - utils - INFO - /__w/data_engineering_learning/data_engineering_learning/secrets/headers.json
2025-01-08 15:13:43,237 - utils - INFO - MAL Headers Loaded
2025-01-08 15:13:43,237 - utils - INFO - Getting Keys. Current Working Directory: /__w/data_engineering_learning/data_engineering_learning
2025-01-08 15:13:43,237 - utils - INFO - Google Application Credentials Set
2025-01-08 15:13:43,237 - utils - INFO - /__w/data_engineering_learning/data_engineering_learning/secrets/headers.json
2025-01-08 15:13:43,237 - utils - INFO - MAL Headers Loaded
2025-01-08 15:13:43,241 - utils - INFO - 
        SELECT date_pulled
        FROM `mal-data-engineering.my_anime_list.top_airing_anime`
        WHERE DATE(date_pulled) = CURRENT_DATE('Asia/Tokyo')
        
2025-01-08 15:13:44,554 - utils - INFO - Top Airing Anime not yet updated. Pulling from API
2025-01-08 15:13:47,175 - utils - INFO - Getting Keys. Current Working Directory: /__w/data_engineering_learning/data_engineering_learning
2025-01-08 15:13:47,176 - utils - INFO - Google Application Credentials Set
2025-01-08 15:13:47,176 - utils - INFO - /__w/data_engineering_learning/data_engineering_learning/secrets/headers.json
2025-01-08 15:13:47,176 - utils - INFO - MAL Headers Loaded
2025-01-08 15:13:47,185 - utils - INFO - Getting Keys. Current Working Directory: /__w/data_engineering_learning/data_engineering_learning
2025-01-08 15:13:47,185 - utils - INFO - Google Application Credentials Set
2025-01-08 15:13:47,185 - utils - INFO - /__w/data_engineering_learning/data_engineering_learning/secrets/headers.json
2025-01-08 15:13:47,185 - utils - INFO - MAL Headers Loaded
2025-01-08 15:13:47,188 - utils - INFO - 
        SELECT date_pulled
        FROM `mal-data-engineering.my_anime_list.top_airing_anime`
        WHERE DATE(date_pulled) = DATE('2025-01-09')
        
2025-01-08 15:13:48,500 - utils - INFO - Table exists
2025-01-08 15:13:52,580 - utils - INFO - Top Airing Anime updated
