2025-02-07 15:13:22,953 - utils - INFO - Getting Keys. Current Working Directory: /__w/data_engineering_learning/data_engineering_learning
2025-02-07 15:13:22,953 - utils - INFO - Google Application Credentials Set
2025-02-07 15:13:22,953 - utils - INFO - /__w/data_engineering_learning/data_engineering_learning/secrets/headers.json
2025-02-07 15:13:22,953 - utils - INFO - MAL Headers Loaded
2025-02-07 15:13:22,953 - utils - INFO - Getting Keys. Current Working Directory: /__w/data_engineering_learning/data_engineering_learning
2025-02-07 15:13:22,954 - utils - INFO - Google Application Credentials Set
2025-02-07 15:13:22,954 - utils - INFO - /__w/data_engineering_learning/data_engineering_learning/secrets/headers.json
2025-02-07 15:13:22,954 - utils - INFO - MAL Headers Loaded
2025-02-07 15:13:22,957 - utils - INFO - 
        SELECT date_pulled
        FROM `mal-data-engineering.my_anime_list.top_airing_anime`
        WHERE DATE(date_pulled) = CURRENT_DATE('Asia/Tokyo')
        
2025-02-07 15:13:24,556 - utils - INFO - Top Airing Anime not yet updated. Pulling from API
2025-02-07 15:13:25,524 - utils - INFO - Getting Keys. Current Working Directory: /__w/data_engineering_learning/data_engineering_learning
2025-02-07 15:13:25,524 - utils - INFO - Google Application Credentials Set
2025-02-07 15:13:25,525 - utils - INFO - /__w/data_engineering_learning/data_engineering_learning/secrets/headers.json
2025-02-07 15:13:25,525 - utils - INFO - MAL Headers Loaded
2025-02-07 15:13:25,534 - utils - INFO - Getting Keys. Current Working Directory: /__w/data_engineering_learning/data_engineering_learning
2025-02-07 15:13:25,534 - utils - INFO - Google Application Credentials Set
2025-02-07 15:13:25,534 - utils - INFO - /__w/data_engineering_learning/data_engineering_learning/secrets/headers.json
2025-02-07 15:13:25,534 - utils - INFO - MAL Headers Loaded
2025-02-07 15:13:25,537 - utils - INFO - 
        SELECT date_pulled
        FROM `mal-data-engineering.my_anime_list.top_airing_anime`
        WHERE DATE(date_pulled) = DATE('2025-02-08')
        
2025-02-07 15:13:26,987 - utils - INFO - Table exists
2025-02-07 15:13:30,527 - utils - INFO - Top Airing Anime updated
