2025-02-23 15:12:00,596 - utils - INFO - Getting Keys. Current Working Directory: /__w/data_engineering_learning/data_engineering_learning
2025-02-23 15:12:00,597 - utils - INFO - Google Application Credentials Set
2025-02-23 15:12:00,597 - utils - INFO - /__w/data_engineering_learning/data_engineering_learning/secrets/headers.json
2025-02-23 15:12:00,597 - utils - INFO - MAL Headers Loaded
2025-02-23 15:12:00,597 - utils - INFO - Getting Keys. Current Working Directory: /__w/data_engineering_learning/data_engineering_learning
2025-02-23 15:12:00,597 - utils - INFO - Google Application Credentials Set
2025-02-23 15:12:00,597 - utils - INFO - /__w/data_engineering_learning/data_engineering_learning/secrets/headers.json
2025-02-23 15:12:00,597 - utils - INFO - MAL Headers Loaded
2025-02-23 15:12:00,600 - utils - INFO - 
        SELECT date_pulled
        FROM `mal-data-engineering.my_anime_list.top_airing_anime`
        WHERE DATE(date_pulled) = CURRENT_DATE('Asia/Tokyo')
        
2025-02-23 15:12:01,810 - utils - INFO - Top Airing Anime not yet updated. Pulling from API
2025-02-23 15:12:03,921 - utils - INFO - Getting Keys. Current Working Directory: /__w/data_engineering_learning/data_engineering_learning
2025-02-23 15:12:03,921 - utils - INFO - Google Application Credentials Set
2025-02-23 15:12:03,921 - utils - INFO - /__w/data_engineering_learning/data_engineering_learning/secrets/headers.json
2025-02-23 15:12:03,921 - utils - INFO - MAL Headers Loaded
2025-02-23 15:12:03,930 - utils - INFO - Getting Keys. Current Working Directory: /__w/data_engineering_learning/data_engineering_learning
2025-02-23 15:12:03,930 - utils - INFO - Google Application Credentials Set
2025-02-23 15:12:03,930 - utils - INFO - /__w/data_engineering_learning/data_engineering_learning/secrets/headers.json
2025-02-23 15:12:03,930 - utils - INFO - MAL Headers Loaded
2025-02-23 15:12:03,932 - utils - INFO - 
        SELECT date_pulled
        FROM `mal-data-engineering.my_anime_list.top_airing_anime`
        WHERE DATE(date_pulled) = DATE('2025-02-24')
        
2025-02-23 15:12:05,443 - utils - INFO - Table exists
2025-02-23 15:12:08,336 - utils - INFO - Top Airing Anime updated
2025-02-23 15:26:55,043 - utils - INFO - Getting Keys. Current Working Directory: /__w/data_engineering_learning/data_engineering_learning
2025-02-23 15:26:55,043 - utils - INFO - Google Application Credentials Set
2025-02-23 15:26:55,043 - utils - INFO - /__w/data_engineering_learning/data_engineering_learning/secrets/headers.json
2025-02-23 15:26:55,043 - utils - INFO - MAL Headers Loaded
2025-02-23 15:26:55,043 - utils - INFO - Getting Keys. Current Working Directory: /__w/data_engineering_learning/data_engineering_learning
2025-02-23 15:26:55,043 - utils - INFO - Google Application Credentials Set
2025-02-23 15:26:55,043 - utils - INFO - /__w/data_engineering_learning/data_engineering_learning/secrets/headers.json
2025-02-23 15:26:55,043 - utils - INFO - MAL Headers Loaded
2025-02-23 15:26:55,047 - utils - INFO - 
        SELECT date_pulled
        FROM `mal-data-engineering.my_anime_list.weekly_top_10`
        WHERE DATE(date_pulled) = CURRENT_DATE('Asia/Tokyo')
        
2025-02-23 15:26:56,320 - utils - INFO - 
        WITH ranked_anime AS (
            SELECT
                tw.date_pulled,
                tw.myanimelist_id,
                tw.title,
                tw.rank,
                tw.score,
                (tw.rank - lw.rank) as rank_change,
                (tw.score - lw.score) as score_change,
                ROW_NUMBER() OVER (PARTITION BY tw.date_pulled ORDER BY tw.rank) AS rank_within_date
            FROM
                (SELECT * FROM `mal-data-engineering.my_anime_list.top_airing_anime`
                  WHERE DATE(date_pulled) = CURRENT_DATE('Asia/Tokyo')
                ) AS tw
            LEFT JOIN
                (SELECT * FROM `mal-data-engineering.my_anime_list.top_airing_anime`
                  WHERE DATE(date_pulled) = DATE_ADD(CURRENT_DATE('Asia/Tokyo'), INTERVAL -7 DAY)
                ) AS lw
            ON
                tw.myanimelist_id = lw.myanimelist_id
            )

            SELECT
            date_pulled,
            myanimelist_id,
            title,
            rank,
            score,
            rank_change,
            score_change
            FROM
            ranked_anime
            WHERE
            rank_within_date <= 10
            ORDER BY
            rank_within_date,
            date_pulled DESC
            ;
        
2025-02-23 15:27:00,115 - utils - INFO - Table exists
2025-02-23 15:27:03,211 - utils - INFO - Weekly Top 10 table updated
