2025-01-25 15:11:51,724 - utils - INFO - Getting Keys. Current Working Directory: /__w/data_engineering_learning/data_engineering_learning
2025-01-25 15:11:51,724 - utils - INFO - Google Application Credentials Set
2025-01-25 15:11:51,724 - utils - INFO - /__w/data_engineering_learning/data_engineering_learning/secrets/headers.json
2025-01-25 15:11:51,724 - utils - INFO - MAL Headers Loaded
2025-01-25 15:11:51,724 - utils - INFO - Getting Keys. Current Working Directory: /__w/data_engineering_learning/data_engineering_learning
2025-01-25 15:11:51,724 - utils - INFO - Google Application Credentials Set
2025-01-25 15:11:51,724 - utils - INFO - /__w/data_engineering_learning/data_engineering_learning/secrets/headers.json
2025-01-25 15:11:51,725 - utils - INFO - MAL Headers Loaded
2025-01-25 15:11:51,728 - utils - INFO - 
        SELECT date_pulled
        FROM `mal-data-engineering.my_anime_list.top_airing_anime`
        WHERE DATE(date_pulled) = CURRENT_DATE('Asia/Tokyo')
        
2025-01-25 15:11:53,402 - utils - INFO - Top Airing Anime not yet updated. Pulling from API
2025-01-25 15:11:55,730 - utils - INFO - Getting Keys. Current Working Directory: /__w/data_engineering_learning/data_engineering_learning
2025-01-25 15:11:55,730 - utils - INFO - Google Application Credentials Set
2025-01-25 15:11:55,730 - utils - INFO - /__w/data_engineering_learning/data_engineering_learning/secrets/headers.json
2025-01-25 15:11:55,730 - utils - INFO - MAL Headers Loaded
2025-01-25 15:11:55,739 - utils - INFO - Getting Keys. Current Working Directory: /__w/data_engineering_learning/data_engineering_learning
2025-01-25 15:11:55,739 - utils - INFO - Google Application Credentials Set
2025-01-25 15:11:55,739 - utils - INFO - /__w/data_engineering_learning/data_engineering_learning/secrets/headers.json
2025-01-25 15:11:55,739 - utils - INFO - MAL Headers Loaded
2025-01-25 15:11:55,742 - utils - INFO - 
        SELECT date_pulled
        FROM `mal-data-engineering.my_anime_list.top_airing_anime`
        WHERE DATE(date_pulled) = DATE('2025-01-26')
        
2025-01-25 15:11:57,291 - utils - INFO - Table exists
2025-01-25 15:12:00,206 - utils - INFO - Top Airing Anime updated
