2025-01-27 15:12:29,113 - utils - INFO - Getting Keys. Current Working Directory: /__w/data_engineering_learning/data_engineering_learning
2025-01-27 15:12:29,113 - utils - INFO - Google Application Credentials Set
2025-01-27 15:12:29,113 - utils - INFO - /__w/data_engineering_learning/data_engineering_learning/secrets/headers.json
2025-01-27 15:12:29,113 - utils - INFO - MAL Headers Loaded
2025-01-27 15:12:29,113 - utils - INFO - Getting Keys. Current Working Directory: /__w/data_engineering_learning/data_engineering_learning
2025-01-27 15:12:29,113 - utils - INFO - Google Application Credentials Set
2025-01-27 15:12:29,114 - utils - INFO - /__w/data_engineering_learning/data_engineering_learning/secrets/headers.json
2025-01-27 15:12:29,114 - utils - INFO - MAL Headers Loaded
2025-01-27 15:12:29,117 - utils - INFO - 
        SELECT date_pulled
        FROM `mal-data-engineering.my_anime_list.top_airing_anime`
        WHERE DATE(date_pulled) = CURRENT_DATE('Asia/Tokyo')
        
2025-01-27 15:12:30,755 - utils - INFO - Top Airing Anime not yet updated. Pulling from API
2025-01-27 15:12:32,782 - utils - INFO - Getting Keys. Current Working Directory: /__w/data_engineering_learning/data_engineering_learning
2025-01-27 15:12:32,782 - utils - INFO - Google Application Credentials Set
2025-01-27 15:12:32,782 - utils - INFO - /__w/data_engineering_learning/data_engineering_learning/secrets/headers.json
2025-01-27 15:12:32,782 - utils - INFO - MAL Headers Loaded
2025-01-27 15:12:32,791 - utils - INFO - Getting Keys. Current Working Directory: /__w/data_engineering_learning/data_engineering_learning
2025-01-27 15:12:32,791 - utils - INFO - Google Application Credentials Set
2025-01-27 15:12:32,791 - utils - INFO - /__w/data_engineering_learning/data_engineering_learning/secrets/headers.json
2025-01-27 15:12:32,791 - utils - INFO - MAL Headers Loaded
2025-01-27 15:12:32,793 - utils - INFO - 
        SELECT date_pulled
        FROM `mal-data-engineering.my_anime_list.top_airing_anime`
        WHERE DATE(date_pulled) = DATE('2025-01-28')
        
2025-01-27 15:12:34,670 - utils - INFO - Table exists
2025-01-27 15:12:37,897 - utils - INFO - Top Airing Anime updated
