2025-02-16 15:11:47,179 - utils - INFO - Getting Keys. Current Working Directory: /__w/data_engineering_learning/data_engineering_learning
2025-02-16 15:11:47,179 - utils - INFO - Google Application Credentials Set
2025-02-16 15:11:47,179 - utils - INFO - /__w/data_engineering_learning/data_engineering_learning/secrets/headers.json
2025-02-16 15:11:47,180 - utils - INFO - MAL Headers Loaded
2025-02-16 15:11:47,180 - utils - INFO - Getting Keys. Current Working Directory: /__w/data_engineering_learning/data_engineering_learning
2025-02-16 15:11:47,180 - utils - INFO - Google Application Credentials Set
2025-02-16 15:11:47,180 - utils - INFO - /__w/data_engineering_learning/data_engineering_learning/secrets/headers.json
2025-02-16 15:11:47,180 - utils - INFO - MAL Headers Loaded
2025-02-16 15:11:47,183 - utils - INFO - 
        SELECT date_pulled
        FROM `mal-data-engineering.my_anime_list.top_airing_anime`
        WHERE DATE(date_pulled) = CURRENT_DATE('Asia/Tokyo')
        
2025-02-16 15:11:48,782 - utils - INFO - Top Airing Anime not yet updated. Pulling from API
2025-02-16 15:11:50,717 - utils - INFO - Getting Keys. Current Working Directory: /__w/data_engineering_learning/data_engineering_learning
2025-02-16 15:11:50,717 - utils - INFO - Google Application Credentials Set
2025-02-16 15:11:50,717 - utils - INFO - /__w/data_engineering_learning/data_engineering_learning/secrets/headers.json
2025-02-16 15:11:50,717 - utils - INFO - MAL Headers Loaded
2025-02-16 15:11:50,726 - utils - INFO - Getting Keys. Current Working Directory: /__w/data_engineering_learning/data_engineering_learning
2025-02-16 15:11:50,726 - utils - INFO - Google Application Credentials Set
2025-02-16 15:11:50,726 - utils - INFO - /__w/data_engineering_learning/data_engineering_learning/secrets/headers.json
2025-02-16 15:11:50,726 - utils - INFO - MAL Headers Loaded
2025-02-16 15:11:50,729 - utils - INFO - 
        SELECT date_pulled
        FROM `mal-data-engineering.my_anime_list.top_airing_anime`
        WHERE DATE(date_pulled) = DATE('2025-02-17')
        
2025-02-16 15:11:51,895 - utils - INFO - Table exists
2025-02-16 15:11:55,895 - utils - INFO - Top Airing Anime updated
