2025-01-14 15:13:12,236 - utils - INFO - Getting Keys. Current Working Directory: /__w/data_engineering_learning/data_engineering_learning
2025-01-14 15:13:12,236 - utils - INFO - Google Application Credentials Set
2025-01-14 15:13:12,236 - utils - INFO - /__w/data_engineering_learning/data_engineering_learning/secrets/headers.json
2025-01-14 15:13:12,236 - utils - INFO - MAL Headers Loaded
2025-01-14 15:13:12,236 - utils - INFO - Getting Keys. Current Working Directory: /__w/data_engineering_learning/data_engineering_learning
2025-01-14 15:13:12,237 - utils - INFO - Google Application Credentials Set
2025-01-14 15:13:12,237 - utils - INFO - /__w/data_engineering_learning/data_engineering_learning/secrets/headers.json
2025-01-14 15:13:12,237 - utils - INFO - MAL Headers Loaded
2025-01-14 15:13:12,240 - utils - INFO - 
        SELECT date_pulled
        FROM `mal-data-engineering.my_anime_list.top_airing_anime`
        WHERE DATE(date_pulled) = CURRENT_DATE('Asia/Tokyo')
        
2025-01-14 15:13:13,574 - utils - INFO - Top Airing Anime not yet updated. Pulling from API
2025-01-14 15:13:16,074 - utils - INFO - Getting Keys. Current Working Directory: /__w/data_engineering_learning/data_engineering_learning
2025-01-14 15:13:16,074 - utils - INFO - Google Application Credentials Set
2025-01-14 15:13:16,074 - utils - INFO - /__w/data_engineering_learning/data_engineering_learning/secrets/headers.json
2025-01-14 15:13:16,074 - utils - INFO - MAL Headers Loaded
2025-01-14 15:13:16,083 - utils - INFO - Getting Keys. Current Working Directory: /__w/data_engineering_learning/data_engineering_learning
2025-01-14 15:13:16,083 - utils - INFO - Google Application Credentials Set
2025-01-14 15:13:16,083 - utils - INFO - /__w/data_engineering_learning/data_engineering_learning/secrets/headers.json
2025-01-14 15:13:16,084 - utils - INFO - MAL Headers Loaded
2025-01-14 15:13:16,086 - utils - INFO - 
        SELECT date_pulled
        FROM `mal-data-engineering.my_anime_list.top_airing_anime`
        WHERE DATE(date_pulled) = DATE('2025-01-15')
        
2025-01-14 15:13:17,615 - utils - INFO - Table exists
2025-01-14 15:13:22,286 - utils - INFO - Top Airing Anime updated
