2024-12-31 15:12:49,118 - utils - INFO - Getting Keys. Current Working Directory: /__w/data_engineering_learning/data_engineering_learning
2024-12-31 15:12:49,118 - utils - INFO - Google Application Credentials Set
2024-12-31 15:12:49,118 - utils - INFO - /__w/data_engineering_learning/data_engineering_learning/secrets/headers.json
2024-12-31 15:12:49,118 - utils - INFO - MAL Headers Loaded
2024-12-31 15:12:49,118 - utils - INFO - Getting Keys. Current Working Directory: /__w/data_engineering_learning/data_engineering_learning
2024-12-31 15:12:49,118 - utils - INFO - Google Application Credentials Set
2024-12-31 15:12:49,118 - utils - INFO - /__w/data_engineering_learning/data_engineering_learning/secrets/headers.json
2024-12-31 15:12:49,118 - utils - INFO - MAL Headers Loaded
2024-12-31 15:12:49,122 - utils - INFO - 
        SELECT date_pulled
        FROM `mal-data-engineering.my_anime_list.top_airing_anime`
        WHERE DATE(date_pulled) = CURRENT_DATE('Asia/Tokyo')
        
2024-12-31 15:12:52,174 - utils - INFO - Top Airing Anime not yet updated. Pulling from API
2024-12-31 15:12:54,405 - utils - INFO - Getting Keys. Current Working Directory: /__w/data_engineering_learning/data_engineering_learning
2024-12-31 15:12:54,405 - utils - INFO - Google Application Credentials Set
2024-12-31 15:12:54,405 - utils - INFO - /__w/data_engineering_learning/data_engineering_learning/secrets/headers.json
2024-12-31 15:12:54,406 - utils - INFO - MAL Headers Loaded
2024-12-31 15:12:54,414 - utils - INFO - Getting Keys. Current Working Directory: /__w/data_engineering_learning/data_engineering_learning
2024-12-31 15:12:54,415 - utils - INFO - Google Application Credentials Set
2024-12-31 15:12:54,415 - utils - INFO - /__w/data_engineering_learning/data_engineering_learning/secrets/headers.json
2024-12-31 15:12:54,415 - utils - INFO - MAL Headers Loaded
2024-12-31 15:12:54,417 - utils - INFO - 
        SELECT date_pulled
        FROM `mal-data-engineering.my_anime_list.top_airing_anime`
        WHERE DATE(date_pulled) = DATE('2025-01-01')
        
2024-12-31 15:12:55,731 - utils - INFO - Table exists
2024-12-31 15:12:59,500 - utils - INFO - Top Airing Anime updated
