2025-03-02 15:12:24,844 - utils - INFO - Getting Keys. Current Working Directory: /__w/data_engineering_learning/data_engineering_learning
2025-03-02 15:12:24,845 - utils - INFO - Google Application Credentials Set
2025-03-02 15:12:24,845 - utils - INFO - /__w/data_engineering_learning/data_engineering_learning/secrets/headers.json
2025-03-02 15:12:24,845 - utils - INFO - MAL Headers Loaded
2025-03-02 15:12:24,845 - utils - INFO - Getting Keys. Current Working Directory: /__w/data_engineering_learning/data_engineering_learning
2025-03-02 15:12:24,845 - utils - INFO - Google Application Credentials Set
2025-03-02 15:12:24,845 - utils - INFO - /__w/data_engineering_learning/data_engineering_learning/secrets/headers.json
2025-03-02 15:12:24,845 - utils - INFO - MAL Headers Loaded
2025-03-02 15:12:24,848 - utils - INFO - 
        SELECT date_pulled
        FROM `mal-data-engineering.my_anime_list.top_airing_anime`
        WHERE DATE(date_pulled) = CURRENT_DATE('Asia/Tokyo')
        
2025-03-02 15:12:26,195 - utils - INFO - Top Airing Anime not yet updated. Pulling from API
2025-03-02 15:12:28,154 - utils - INFO - Getting Keys. Current Working Directory: /__w/data_engineering_learning/data_engineering_learning
2025-03-02 15:12:28,154 - utils - INFO - Google Application Credentials Set
2025-03-02 15:12:28,154 - utils - INFO - /__w/data_engineering_learning/data_engineering_learning/secrets/headers.json
2025-03-02 15:12:28,154 - utils - INFO - MAL Headers Loaded
2025-03-02 15:12:28,163 - utils - INFO - Getting Keys. Current Working Directory: /__w/data_engineering_learning/data_engineering_learning
2025-03-02 15:12:28,163 - utils - INFO - Google Application Credentials Set
2025-03-02 15:12:28,163 - utils - INFO - /__w/data_engineering_learning/data_engineering_learning/secrets/headers.json
2025-03-02 15:12:28,163 - utils - INFO - MAL Headers Loaded
2025-03-02 15:12:28,165 - utils - INFO - 
        SELECT date_pulled
        FROM `mal-data-engineering.my_anime_list.top_airing_anime`
        WHERE DATE(date_pulled) = DATE('2025-03-03')
        
2025-03-02 15:12:29,434 - utils - INFO - Table exists
2025-03-02 15:12:33,057 - utils - INFO - Top Airing Anime updated
