2025-02-15 15:12:24,698 - utils - INFO - Getting Keys. Current Working Directory: /__w/data_engineering_learning/data_engineering_learning
2025-02-15 15:12:24,698 - utils - INFO - Google Application Credentials Set
2025-02-15 15:12:24,698 - utils - INFO - /__w/data_engineering_learning/data_engineering_learning/secrets/headers.json
2025-02-15 15:12:24,698 - utils - INFO - MAL Headers Loaded
2025-02-15 15:12:24,698 - utils - INFO - Getting Keys. Current Working Directory: /__w/data_engineering_learning/data_engineering_learning
2025-02-15 15:12:24,698 - utils - INFO - Google Application Credentials Set
2025-02-15 15:12:24,698 - utils - INFO - /__w/data_engineering_learning/data_engineering_learning/secrets/headers.json
2025-02-15 15:12:24,698 - utils - INFO - MAL Headers Loaded
2025-02-15 15:12:24,702 - utils - INFO - 
        SELECT date_pulled
        FROM `mal-data-engineering.my_anime_list.top_airing_anime`
        WHERE DATE(date_pulled) = CURRENT_DATE('Asia/Tokyo')
        
2025-02-15 15:12:26,282 - utils - INFO - Top Airing Anime not yet updated. Pulling from API
2025-02-15 15:12:28,946 - utils - INFO - Getting Keys. Current Working Directory: /__w/data_engineering_learning/data_engineering_learning
2025-02-15 15:12:28,946 - utils - INFO - Google Application Credentials Set
2025-02-15 15:12:28,946 - utils - INFO - /__w/data_engineering_learning/data_engineering_learning/secrets/headers.json
2025-02-15 15:12:28,946 - utils - INFO - MAL Headers Loaded
2025-02-15 15:12:28,957 - utils - INFO - Getting Keys. Current Working Directory: /__w/data_engineering_learning/data_engineering_learning
2025-02-15 15:12:28,957 - utils - INFO - Google Application Credentials Set
2025-02-15 15:12:28,957 - utils - INFO - /__w/data_engineering_learning/data_engineering_learning/secrets/headers.json
2025-02-15 15:12:28,957 - utils - INFO - MAL Headers Loaded
2025-02-15 15:12:28,960 - utils - INFO - 
        SELECT date_pulled
        FROM `mal-data-engineering.my_anime_list.top_airing_anime`
        WHERE DATE(date_pulled) = DATE('2025-02-16')
        
2025-02-15 15:12:30,223 - utils - INFO - Table exists
2025-02-15 15:12:33,074 - utils - INFO - Top Airing Anime updated
