2025-02-17 15:14:19,245 - utils - INFO - Getting Keys. Current Working Directory: /__w/data_engineering_learning/data_engineering_learning
2025-02-17 15:14:19,245 - utils - INFO - Google Application Credentials Set
2025-02-17 15:14:19,245 - utils - INFO - /__w/data_engineering_learning/data_engineering_learning/secrets/headers.json
2025-02-17 15:14:19,245 - utils - INFO - MAL Headers Loaded
2025-02-17 15:14:19,245 - utils - INFO - Getting Keys. Current Working Directory: /__w/data_engineering_learning/data_engineering_learning
2025-02-17 15:14:19,245 - utils - INFO - Google Application Credentials Set
2025-02-17 15:14:19,245 - utils - INFO - /__w/data_engineering_learning/data_engineering_learning/secrets/headers.json
2025-02-17 15:14:19,245 - utils - INFO - MAL Headers Loaded
2025-02-17 15:14:19,249 - utils - INFO - 
        SELECT date_pulled
        FROM `mal-data-engineering.my_anime_list.top_airing_anime`
        WHERE DATE(date_pulled) = CURRENT_DATE('Asia/Tokyo')
        
2025-02-17 15:14:20,732 - utils - INFO - Top Airing Anime not yet updated. Pulling from API
2025-02-17 15:14:22,722 - utils - INFO - Getting Keys. Current Working Directory: /__w/data_engineering_learning/data_engineering_learning
2025-02-17 15:14:22,722 - utils - INFO - Google Application Credentials Set
2025-02-17 15:14:22,722 - utils - INFO - /__w/data_engineering_learning/data_engineering_learning/secrets/headers.json
2025-02-17 15:14:22,722 - utils - INFO - MAL Headers Loaded
2025-02-17 15:14:22,731 - utils - INFO - Getting Keys. Current Working Directory: /__w/data_engineering_learning/data_engineering_learning
2025-02-17 15:14:22,731 - utils - INFO - Google Application Credentials Set
2025-02-17 15:14:22,731 - utils - INFO - /__w/data_engineering_learning/data_engineering_learning/secrets/headers.json
2025-02-17 15:14:22,731 - utils - INFO - MAL Headers Loaded
2025-02-17 15:14:22,733 - utils - INFO - 
        SELECT date_pulled
        FROM `mal-data-engineering.my_anime_list.top_airing_anime`
        WHERE DATE(date_pulled) = DATE('2025-02-18')
        
2025-02-17 15:14:23,907 - utils - INFO - Table exists
2025-02-17 15:14:27,847 - utils - INFO - Top Airing Anime updated
