2025-02-28 15:14:17,177 - utils - INFO - Getting Keys. Current Working Directory: /__w/data_engineering_learning/data_engineering_learning
2025-02-28 15:14:17,177 - utils - INFO - Google Application Credentials Set
2025-02-28 15:14:17,177 - utils - INFO - /__w/data_engineering_learning/data_engineering_learning/secrets/headers.json
2025-02-28 15:14:17,177 - utils - INFO - MAL Headers Loaded
2025-02-28 15:14:17,177 - utils - INFO - Getting Keys. Current Working Directory: /__w/data_engineering_learning/data_engineering_learning
2025-02-28 15:14:17,177 - utils - INFO - Google Application Credentials Set
2025-02-28 15:14:17,177 - utils - INFO - /__w/data_engineering_learning/data_engineering_learning/secrets/headers.json
2025-02-28 15:14:17,177 - utils - INFO - MAL Headers Loaded
2025-02-28 15:14:17,180 - utils - INFO - 
        SELECT date_pulled
        FROM `mal-data-engineering.my_anime_list.top_airing_anime`
        WHERE DATE(date_pulled) = CURRENT_DATE('Asia/Tokyo')
        
2025-02-28 15:14:18,761 - utils - INFO - Top Airing Anime not yet updated. Pulling from API
2025-02-28 15:14:21,505 - utils - INFO - Getting Keys. Current Working Directory: /__w/data_engineering_learning/data_engineering_learning
2025-02-28 15:14:21,506 - utils - INFO - Google Application Credentials Set
2025-02-28 15:14:21,506 - utils - INFO - /__w/data_engineering_learning/data_engineering_learning/secrets/headers.json
2025-02-28 15:14:21,506 - utils - INFO - MAL Headers Loaded
2025-02-28 15:14:21,514 - utils - INFO - Getting Keys. Current Working Directory: /__w/data_engineering_learning/data_engineering_learning
2025-02-28 15:14:21,514 - utils - INFO - Google Application Credentials Set
2025-02-28 15:14:21,514 - utils - INFO - /__w/data_engineering_learning/data_engineering_learning/secrets/headers.json
2025-02-28 15:14:21,515 - utils - INFO - MAL Headers Loaded
2025-02-28 15:14:21,517 - utils - INFO - 
        SELECT date_pulled
        FROM `mal-data-engineering.my_anime_list.top_airing_anime`
        WHERE DATE(date_pulled) = DATE('2025-03-01')
        
2025-02-28 15:14:22,927 - utils - INFO - Table exists
2025-02-28 15:14:27,246 - utils - INFO - Top Airing Anime updated
