2025-02-06 15:13:46,674 - utils - INFO - Getting Keys. Current Working Directory: /__w/data_engineering_learning/data_engineering_learning
2025-02-06 15:13:46,674 - utils - INFO - Google Application Credentials Set
2025-02-06 15:13:46,674 - utils - INFO - /__w/data_engineering_learning/data_engineering_learning/secrets/headers.json
2025-02-06 15:13:46,675 - utils - INFO - MAL Headers Loaded
2025-02-06 15:13:46,675 - utils - INFO - Getting Keys. Current Working Directory: /__w/data_engineering_learning/data_engineering_learning
2025-02-06 15:13:46,675 - utils - INFO - Google Application Credentials Set
2025-02-06 15:13:46,675 - utils - INFO - /__w/data_engineering_learning/data_engineering_learning/secrets/headers.json
2025-02-06 15:13:46,675 - utils - INFO - MAL Headers Loaded
2025-02-06 15:13:46,679 - utils - INFO - 
        SELECT date_pulled
        FROM `mal-data-engineering.my_anime_list.top_airing_anime`
        WHERE DATE(date_pulled) = CURRENT_DATE('Asia/Tokyo')
        
2025-02-06 15:13:48,021 - utils - INFO - Top Airing Anime not yet updated. Pulling from API
2025-02-06 15:13:50,754 - utils - INFO - Getting Keys. Current Working Directory: /__w/data_engineering_learning/data_engineering_learning
2025-02-06 15:13:50,754 - utils - INFO - Google Application Credentials Set
2025-02-06 15:13:50,754 - utils - INFO - /__w/data_engineering_learning/data_engineering_learning/secrets/headers.json
2025-02-06 15:13:50,754 - utils - INFO - MAL Headers Loaded
2025-02-06 15:13:50,763 - utils - INFO - Getting Keys. Current Working Directory: /__w/data_engineering_learning/data_engineering_learning
2025-02-06 15:13:50,763 - utils - INFO - Google Application Credentials Set
2025-02-06 15:13:50,764 - utils - INFO - /__w/data_engineering_learning/data_engineering_learning/secrets/headers.json
2025-02-06 15:13:50,764 - utils - INFO - MAL Headers Loaded
2025-02-06 15:13:50,766 - utils - INFO - 
        SELECT date_pulled
        FROM `mal-data-engineering.my_anime_list.top_airing_anime`
        WHERE DATE(date_pulled) = DATE('2025-02-07')
        
2025-02-06 15:13:52,602 - utils - INFO - Table exists
2025-02-06 15:13:57,169 - utils - INFO - Top Airing Anime updated
