2025-01-16 15:13:14,126 - utils - INFO - Getting Keys. Current Working Directory: /__w/data_engineering_learning/data_engineering_learning
2025-01-16 15:13:14,126 - utils - INFO - Google Application Credentials Set
2025-01-16 15:13:14,126 - utils - INFO - /__w/data_engineering_learning/data_engineering_learning/secrets/headers.json
2025-01-16 15:13:14,126 - utils - INFO - MAL Headers Loaded
2025-01-16 15:13:14,126 - utils - INFO - Getting Keys. Current Working Directory: /__w/data_engineering_learning/data_engineering_learning
2025-01-16 15:13:14,126 - utils - INFO - Google Application Credentials Set
2025-01-16 15:13:14,126 - utils - INFO - /__w/data_engineering_learning/data_engineering_learning/secrets/headers.json
2025-01-16 15:13:14,126 - utils - INFO - MAL Headers Loaded
2025-01-16 15:13:14,129 - utils - INFO - 
        SELECT date_pulled
        FROM `mal-data-engineering.my_anime_list.top_airing_anime`
        WHERE DATE(date_pulled) = CURRENT_DATE('Asia/Tokyo')
        
2025-01-16 15:13:15,493 - utils - INFO - Top Airing Anime not yet updated. Pulling from API
2025-01-16 15:13:17,861 - utils - INFO - Getting Keys. Current Working Directory: /__w/data_engineering_learning/data_engineering_learning
2025-01-16 15:13:17,861 - utils - INFO - Google Application Credentials Set
2025-01-16 15:13:17,861 - utils - INFO - /__w/data_engineering_learning/data_engineering_learning/secrets/headers.json
2025-01-16 15:13:17,861 - utils - INFO - MAL Headers Loaded
2025-01-16 15:13:17,870 - utils - INFO - Getting Keys. Current Working Directory: /__w/data_engineering_learning/data_engineering_learning
2025-01-16 15:13:17,870 - utils - INFO - Google Application Credentials Set
2025-01-16 15:13:17,870 - utils - INFO - /__w/data_engineering_learning/data_engineering_learning/secrets/headers.json
2025-01-16 15:13:17,870 - utils - INFO - MAL Headers Loaded
2025-01-16 15:13:17,872 - utils - INFO - 
        SELECT date_pulled
        FROM `mal-data-engineering.my_anime_list.top_airing_anime`
        WHERE DATE(date_pulled) = DATE('2025-01-17')
        
2025-01-16 15:13:19,311 - utils - INFO - Table exists
2025-01-16 15:13:22,409 - utils - INFO - Top Airing Anime updated
