2025-01-15 15:13:30,677 - utils - INFO - Getting Keys. Current Working Directory: /__w/data_engineering_learning/data_engineering_learning
2025-01-15 15:13:30,678 - utils - INFO - Google Application Credentials Set
2025-01-15 15:13:30,678 - utils - INFO - /__w/data_engineering_learning/data_engineering_learning/secrets/headers.json
2025-01-15 15:13:30,678 - utils - INFO - MAL Headers Loaded
2025-01-15 15:13:30,678 - utils - INFO - Getting Keys. Current Working Directory: /__w/data_engineering_learning/data_engineering_learning
2025-01-15 15:13:30,678 - utils - INFO - Google Application Credentials Set
2025-01-15 15:13:30,678 - utils - INFO - /__w/data_engineering_learning/data_engineering_learning/secrets/headers.json
2025-01-15 15:13:30,678 - utils - INFO - MAL Headers Loaded
2025-01-15 15:13:30,682 - utils - INFO - 
        SELECT date_pulled
        FROM `mal-data-engineering.my_anime_list.top_airing_anime`
        WHERE DATE(date_pulled) = CURRENT_DATE('Asia/Tokyo')
        
2025-01-15 15:13:32,323 - utils - INFO - Top Airing Anime not yet updated. Pulling from API
2025-01-15 15:13:34,757 - utils - INFO - Getting Keys. Current Working Directory: /__w/data_engineering_learning/data_engineering_learning
2025-01-15 15:13:34,757 - utils - INFO - Google Application Credentials Set
2025-01-15 15:13:34,757 - utils - INFO - /__w/data_engineering_learning/data_engineering_learning/secrets/headers.json
2025-01-15 15:13:34,757 - utils - INFO - MAL Headers Loaded
2025-01-15 15:13:34,768 - utils - INFO - Getting Keys. Current Working Directory: /__w/data_engineering_learning/data_engineering_learning
2025-01-15 15:13:34,768 - utils - INFO - Google Application Credentials Set
2025-01-15 15:13:34,768 - utils - INFO - /__w/data_engineering_learning/data_engineering_learning/secrets/headers.json
2025-01-15 15:13:34,768 - utils - INFO - MAL Headers Loaded
2025-01-15 15:13:34,770 - utils - INFO - 
        SELECT date_pulled
        FROM `mal-data-engineering.my_anime_list.top_airing_anime`
        WHERE DATE(date_pulled) = DATE('2025-01-16')
        
2025-01-15 15:13:36,029 - utils - INFO - Table exists
2025-01-15 15:13:43,912 - utils - INFO - Top Airing Anime updated
