2025-02-09 15:12:24,000 - utils - INFO - Getting Keys. Current Working Directory: /__w/data_engineering_learning/data_engineering_learning
2025-02-09 15:12:24,000 - utils - INFO - Google Application Credentials Set
2025-02-09 15:12:24,000 - utils - INFO - /__w/data_engineering_learning/data_engineering_learning/secrets/headers.json
2025-02-09 15:12:24,000 - utils - INFO - MAL Headers Loaded
2025-02-09 15:12:24,000 - utils - INFO - Getting Keys. Current Working Directory: /__w/data_engineering_learning/data_engineering_learning
2025-02-09 15:12:24,000 - utils - INFO - Google Application Credentials Set
2025-02-09 15:12:24,000 - utils - INFO - /__w/data_engineering_learning/data_engineering_learning/secrets/headers.json
2025-02-09 15:12:24,000 - utils - INFO - MAL Headers Loaded
2025-02-09 15:12:24,004 - utils - INFO - 
        SELECT date_pulled
        FROM `mal-data-engineering.my_anime_list.top_airing_anime`
        WHERE DATE(date_pulled) = CURRENT_DATE('Asia/Tokyo')
        
2025-02-09 15:12:25,460 - utils - INFO - Top Airing Anime not yet updated. Pulling from API
2025-02-09 15:12:27,582 - utils - INFO - Getting Keys. Current Working Directory: /__w/data_engineering_learning/data_engineering_learning
2025-02-09 15:12:27,582 - utils - INFO - Google Application Credentials Set
2025-02-09 15:12:27,582 - utils - INFO - /__w/data_engineering_learning/data_engineering_learning/secrets/headers.json
2025-02-09 15:12:27,582 - utils - INFO - MAL Headers Loaded
2025-02-09 15:12:27,590 - utils - INFO - Getting Keys. Current Working Directory: /__w/data_engineering_learning/data_engineering_learning
2025-02-09 15:12:27,590 - utils - INFO - Google Application Credentials Set
2025-02-09 15:12:27,590 - utils - INFO - /__w/data_engineering_learning/data_engineering_learning/secrets/headers.json
2025-02-09 15:12:27,590 - utils - INFO - MAL Headers Loaded
2025-02-09 15:12:27,593 - utils - INFO - 
        SELECT date_pulled
        FROM `mal-data-engineering.my_anime_list.top_airing_anime`
        WHERE DATE(date_pulled) = DATE('2025-02-10')
        
2025-02-09 15:12:28,741 - utils - INFO - Table exists
2025-02-09 15:12:32,197 - utils - INFO - Top Airing Anime updated
