2025-01-07 15:57:33,223 - utils - INFO - Getting Keys. Current Working Directory: /__w/data_engineering_learning/data_engineering_learning
2025-01-07 15:57:33,223 - utils - INFO - Google Application Credentials Set
2025-01-07 15:57:33,223 - utils - INFO - /__w/data_engineering_learning/data_engineering_learning/secrets/headers.json
2025-01-07 15:57:33,223 - utils - INFO - MAL Headers Loaded
2025-01-07 15:57:33,223 - utils - INFO - Getting Keys. Current Working Directory: /__w/data_engineering_learning/data_engineering_learning
2025-01-07 15:57:33,223 - utils - INFO - Google Application Credentials Set
2025-01-07 15:57:33,223 - utils - INFO - /__w/data_engineering_learning/data_engineering_learning/secrets/headers.json
2025-01-07 15:57:33,223 - utils - INFO - MAL Headers Loaded
2025-01-07 15:57:33,227 - utils - INFO - 
        SELECT date_pulled
        FROM `mal-data-engineering.my_anime_list.top_airing_anime`
        WHERE DATE(date_pulled) = CURRENT_DATE('Asia/Tokyo')
        
2025-01-07 15:57:34,518 - utils - INFO - Top Airing Anime not yet updated. Pulling from API
2025-01-07 15:57:35,152 - utils - INFO - Getting Keys. Current Working Directory: /__w/data_engineering_learning/data_engineering_learning
2025-01-07 15:57:35,152 - utils - INFO - Google Application Credentials Set
2025-01-07 15:57:35,152 - utils - INFO - /__w/data_engineering_learning/data_engineering_learning/secrets/headers.json
2025-01-07 15:57:35,152 - utils - INFO - MAL Headers Loaded
2025-01-07 15:57:35,161 - utils - INFO - Getting Keys. Current Working Directory: /__w/data_engineering_learning/data_engineering_learning
2025-01-07 15:57:35,162 - utils - INFO - Google Application Credentials Set
2025-01-07 15:57:35,162 - utils - INFO - /__w/data_engineering_learning/data_engineering_learning/secrets/headers.json
2025-01-07 15:57:35,162 - utils - INFO - MAL Headers Loaded
2025-01-07 15:57:35,164 - utils - INFO - 
        SELECT date_pulled
        FROM `mal-data-engineering.my_anime_list.top_airing_anime`
        WHERE DATE(date_pulled) = DATE('2025-01-08')
        
2025-01-07 15:57:36,408 - utils - INFO - Table exists
2025-01-07 15:57:39,407 - utils - INFO - Top Airing Anime updated
