2025-02-03 15:13:29,576 - utils - INFO - Getting Keys. Current Working Directory: /__w/data_engineering_learning/data_engineering_learning
2025-02-03 15:13:29,576 - utils - INFO - Google Application Credentials Set
2025-02-03 15:13:29,576 - utils - INFO - /__w/data_engineering_learning/data_engineering_learning/secrets/headers.json
2025-02-03 15:13:29,576 - utils - INFO - MAL Headers Loaded
2025-02-03 15:13:29,576 - utils - INFO - Getting Keys. Current Working Directory: /__w/data_engineering_learning/data_engineering_learning
2025-02-03 15:13:29,576 - utils - INFO - Google Application Credentials Set
2025-02-03 15:13:29,576 - utils - INFO - /__w/data_engineering_learning/data_engineering_learning/secrets/headers.json
2025-02-03 15:13:29,576 - utils - INFO - MAL Headers Loaded
2025-02-03 15:13:29,580 - utils - INFO - 
        SELECT date_pulled
        FROM `mal-data-engineering.my_anime_list.top_airing_anime`
        WHERE DATE(date_pulled) = CURRENT_DATE('Asia/Tokyo')
        
2025-02-03 15:13:31,279 - utils - INFO - Top Airing Anime not yet updated. Pulling from API
2025-02-03 15:13:33,532 - utils - INFO - Getting Keys. Current Working Directory: /__w/data_engineering_learning/data_engineering_learning
2025-02-03 15:13:33,532 - utils - INFO - Google Application Credentials Set
2025-02-03 15:13:33,532 - utils - INFO - /__w/data_engineering_learning/data_engineering_learning/secrets/headers.json
2025-02-03 15:13:33,532 - utils - INFO - MAL Headers Loaded
2025-02-03 15:13:33,541 - utils - INFO - Getting Keys. Current Working Directory: /__w/data_engineering_learning/data_engineering_learning
2025-02-03 15:13:33,541 - utils - INFO - Google Application Credentials Set
2025-02-03 15:13:33,541 - utils - INFO - /__w/data_engineering_learning/data_engineering_learning/secrets/headers.json
2025-02-03 15:13:33,542 - utils - INFO - MAL Headers Loaded
2025-02-03 15:13:33,544 - utils - INFO - 
        SELECT date_pulled
        FROM `mal-data-engineering.my_anime_list.top_airing_anime`
        WHERE DATE(date_pulled) = DATE('2025-02-04')
        
2025-02-03 15:13:35,043 - utils - INFO - Table exists
2025-02-03 15:13:39,205 - utils - INFO - Top Airing Anime updated
