2025-01-30 15:13:16,463 - utils - INFO - Getting Keys. Current Working Directory: /__w/data_engineering_learning/data_engineering_learning
2025-01-30 15:13:16,463 - utils - INFO - Google Application Credentials Set
2025-01-30 15:13:16,463 - utils - INFO - /__w/data_engineering_learning/data_engineering_learning/secrets/headers.json
2025-01-30 15:13:16,463 - utils - INFO - MAL Headers Loaded
2025-01-30 15:13:16,463 - utils - INFO - Getting Keys. Current Working Directory: /__w/data_engineering_learning/data_engineering_learning
2025-01-30 15:13:16,463 - utils - INFO - Google Application Credentials Set
2025-01-30 15:13:16,463 - utils - INFO - /__w/data_engineering_learning/data_engineering_learning/secrets/headers.json
2025-01-30 15:13:16,463 - utils - INFO - MAL Headers Loaded
2025-01-30 15:13:16,467 - utils - INFO - 
        SELECT date_pulled
        FROM `mal-data-engineering.my_anime_list.top_airing_anime`
        WHERE DATE(date_pulled) = CURRENT_DATE('Asia/Tokyo')
        
2025-01-30 15:13:17,740 - utils - INFO - Top Airing Anime not yet updated. Pulling from API
2025-01-30 15:13:20,003 - utils - INFO - Getting Keys. Current Working Directory: /__w/data_engineering_learning/data_engineering_learning
2025-01-30 15:13:20,003 - utils - INFO - Google Application Credentials Set
2025-01-30 15:13:20,003 - utils - INFO - /__w/data_engineering_learning/data_engineering_learning/secrets/headers.json
2025-01-30 15:13:20,003 - utils - INFO - MAL Headers Loaded
2025-01-30 15:13:20,012 - utils - INFO - Getting Keys. Current Working Directory: /__w/data_engineering_learning/data_engineering_learning
2025-01-30 15:13:20,012 - utils - INFO - Google Application Credentials Set
2025-01-30 15:13:20,012 - utils - INFO - /__w/data_engineering_learning/data_engineering_learning/secrets/headers.json
2025-01-30 15:13:20,012 - utils - INFO - MAL Headers Loaded
2025-01-30 15:13:20,014 - utils - INFO - 
        SELECT date_pulled
        FROM `mal-data-engineering.my_anime_list.top_airing_anime`
        WHERE DATE(date_pulled) = DATE('2025-01-31')
        
2025-01-30 15:13:21,317 - utils - INFO - Table exists
2025-01-30 15:13:24,953 - utils - INFO - Top Airing Anime updated
