2025-01-05 15:11:50,032 - utils - INFO - Getting Keys. Current Working Directory: /__w/data_engineering_learning/data_engineering_learning
2025-01-05 15:11:50,032 - utils - INFO - Google Application Credentials Set
2025-01-05 15:11:50,032 - utils - INFO - /__w/data_engineering_learning/data_engineering_learning/secrets/headers.json
2025-01-05 15:11:50,033 - utils - INFO - MAL Headers Loaded
2025-01-05 15:11:50,033 - utils - INFO - Getting Keys. Current Working Directory: /__w/data_engineering_learning/data_engineering_learning
2025-01-05 15:11:50,033 - utils - INFO - Google Application Credentials Set
2025-01-05 15:11:50,033 - utils - INFO - /__w/data_engineering_learning/data_engineering_learning/secrets/headers.json
2025-01-05 15:11:50,033 - utils - INFO - MAL Headers Loaded
2025-01-05 15:11:50,036 - utils - INFO - 
        SELECT date_pulled
        FROM `mal-data-engineering.my_anime_list.top_airing_anime`
        WHERE DATE(date_pulled) = CURRENT_DATE('Asia/Tokyo')
        
2025-01-05 15:11:51,578 - utils - INFO - Top Airing Anime not yet updated. Pulling from API
2025-01-05 15:11:52,925 - utils - INFO - Getting Keys. Current Working Directory: /__w/data_engineering_learning/data_engineering_learning
2025-01-05 15:11:52,925 - utils - INFO - Google Application Credentials Set
2025-01-05 15:11:52,925 - utils - INFO - /__w/data_engineering_learning/data_engineering_learning/secrets/headers.json
2025-01-05 15:11:52,925 - utils - INFO - MAL Headers Loaded
2025-01-05 15:11:52,934 - utils - INFO - Getting Keys. Current Working Directory: /__w/data_engineering_learning/data_engineering_learning
2025-01-05 15:11:52,934 - utils - INFO - Google Application Credentials Set
2025-01-05 15:11:52,935 - utils - INFO - /__w/data_engineering_learning/data_engineering_learning/secrets/headers.json
2025-01-05 15:11:52,935 - utils - INFO - MAL Headers Loaded
2025-01-05 15:11:52,937 - utils - INFO - 
        SELECT date_pulled
        FROM `mal-data-engineering.my_anime_list.top_airing_anime`
        WHERE DATE(date_pulled) = DATE('2025-01-06')
        
2025-01-05 15:11:54,416 - utils - INFO - Table exists
2025-01-05 15:11:58,175 - utils - INFO - Top Airing Anime updated
