2025-03-11 15:15:34,252 - utils - INFO - Getting Keys. Current Working Directory: /__w/data_engineering_learning/data_engineering_learning
2025-03-11 15:15:34,252 - utils - INFO - Google Application Credentials Set
2025-03-11 15:15:34,252 - utils - INFO - /__w/data_engineering_learning/data_engineering_learning/secrets/headers.json
2025-03-11 15:15:34,252 - utils - INFO - MAL Headers Loaded
2025-03-11 15:15:34,252 - utils - INFO - Getting Keys. Current Working Directory: /__w/data_engineering_learning/data_engineering_learning
2025-03-11 15:15:34,252 - utils - INFO - Google Application Credentials Set
2025-03-11 15:15:34,252 - utils - INFO - /__w/data_engineering_learning/data_engineering_learning/secrets/headers.json
2025-03-11 15:15:34,252 - utils - INFO - MAL Headers Loaded
2025-03-11 15:15:34,256 - utils - INFO - 
        SELECT date_pulled
        FROM `mal-data-engineering.my_anime_list.top_airing_anime`
        WHERE DATE(date_pulled) = CURRENT_DATE('Asia/Tokyo')
        
2025-03-11 15:15:35,755 - utils - INFO - Top Airing Anime not yet updated. Pulling from API
2025-03-11 15:15:38,346 - utils - INFO - Getting Keys. Current Working Directory: /__w/data_engineering_learning/data_engineering_learning
2025-03-11 15:15:38,347 - utils - INFO - Google Application Credentials Set
2025-03-11 15:15:38,347 - utils - INFO - /__w/data_engineering_learning/data_engineering_learning/secrets/headers.json
2025-03-11 15:15:38,347 - utils - INFO - MAL Headers Loaded
2025-03-11 15:15:38,355 - utils - INFO - Getting Keys. Current Working Directory: /__w/data_engineering_learning/data_engineering_learning
2025-03-11 15:15:38,355 - utils - INFO - Google Application Credentials Set
2025-03-11 15:15:38,356 - utils - INFO - /__w/data_engineering_learning/data_engineering_learning/secrets/headers.json
2025-03-11 15:15:38,356 - utils - INFO - MAL Headers Loaded
2025-03-11 15:15:38,358 - utils - INFO - 
        SELECT date_pulled
        FROM `mal-data-engineering.my_anime_list.top_airing_anime`
        WHERE DATE(date_pulled) = DATE('2025-03-12')
        
2025-03-11 15:15:39,883 - utils - INFO - Table exists
2025-03-11 15:15:44,307 - utils - INFO - Top Airing Anime updated
